builder: mozilla-esr52_win8_64-debug_test-web-platform-tests-7
slave: t-w864-ix-015
starttime: 1528501824.39
results: cancelled (6)
buildid: 20180608150819
builduid: b298b373e93d4f8dbf92436c9ed838a2
revision: cbfdf01aac455e0591471201c96b89dee98190b5

========= Started set props: master (results: 0, elapsed: 0 secs) (at 2018-06-08 16:50:24.385379) =========
master: http://buildbot-master111.bb.releng.scl3.mozilla.com:8201/
========= Finished set props: master (results: 0, elapsed: 0 secs) (at 2018-06-08 16:50:24.385910) =========

========= Started downloading to buildprops.json (results: 0, elapsed: 0 secs) (at 2018-06-08 16:50:24.386210) =========
========= Finished downloading to buildprops.json (results: 0, elapsed: 0 secs) (at 2018-06-08 16:50:24.463059) =========

========= Started 'bash -c ...' (results: 0, elapsed: 1 secs) (at 2018-06-08 16:50:24.463505) =========
'bash' '-c' 'wget -Oarchiver_client.py --no-check-certificate --tries=10 --waitretry=3 https://hg.mozilla.org/build/tools/raw-file/default/buildfarm/utils/archiver_client.py'
 in dir C:\slave\test\. (timeout 1200 secs)
 watching logfiles {}
 argv: ['bash', '-c', 'wget -Oarchiver_client.py --no-check-certificate --tries=10 --waitretry=3 https://hg.mozilla.org/build/tools/raw-file/default/buildfarm/utils/archiver_client.py']
 environment:
  ALLUSERSPROFILE=C:\ProgramData
  APPDATA=C:\Users\cltbld.T-W864-IX-015.001\AppData\Roaming
  COMMONPROGRAMFILES=C:\Program Files (x86)\Common Files
  COMMONPROGRAMFILES(X86)=C:\Program Files (x86)\Common Files
  COMMONPROGRAMW6432=C:\Program Files\Common Files
  COMPUTERNAME=T-W864-IX-015
  COMSPEC=C:\windows\system32\cmd.exe
  DCLOCATION=SCL3
  DNSSUFFIX=wintest.releng.scl3.mozilla.com
  FP_NO_HOST_CHECK=NO
  HOMEDRIVE=C:
  HOMEPATH=\Users\cltbld.T-W864-IX-015.001
  KTS_HOME=C:\Program Files\KTS
  KTS_VERSION=1.19c
  LOCALAPPDATA=C:\Users\cltbld.T-W864-IX-015.001\AppData\Local
  LOGONSERVER=\\T-W864-IX-015
  MONDIR=C:\Monitor_config\
  MOZBUILDDIR=C:\mozilla-build\
  NUMBER_OF_PROCESSORS=8
  OS=Windows_NT
  OURDRIVE=C:
  PATH=C:\Program Files (x86)\NVIDIA Corporation\PhysX\Common;C:\windows\system32;C:\windows;C:\windows\System32\Wbem;C:\windows\System32\WindowsPowerShell\v1.0\;C:\mozilla-build\python27;C:\mozilla-build\python27\Scripts;C:\mozilla-build\msys\bin;C:\mozilla-build\vim\vim72;C:\mozilla-build\wget;C:\mozilla-build\info-zip;C:\CoreUtils\bin;C:\mozilla-build\buildbotve\scripts;C:\mozilla-build\hg
  PATHEXT=.COM;.EXE;.BAT;.CMD;.VBS;.VBE;.JS;.JSE;.WSF;.WSH;.MSC
  PROCESSOR_ARCHITECTURE=x86
  PROCESSOR_ARCHITEW6432=AMD64
  PROCESSOR_IDENTIFIER=Intel64 Family 6 Model 30 Stepping 5, GenuineIntel
  PROCESSOR_LEVEL=6
  PROCESSOR_REVISION=1e05
  PROGRAMDATA=C:\ProgramData
  PROGRAMFILES=C:\Program Files (x86)
  PROGRAMFILES(X86)=C:\Program Files (x86)
  PROGRAMW6432=C:\Program Files
  PROMPT=$P$G
  PSMODULEPATH=C:\windows\system32\WindowsPowerShell\v1.0\Modules\
  PUBLIC=C:\Users\Public
  PWD=C:\slave\test
  RUNLOGFILE=C:\slave\\runslave.log
  SLAVEDIR=C:\slave\
  SYSTEMDRIVE=C:
  SYSTEMROOT=C:\windows
  TEMP=C:\Users\CLTBLD~1.001\AppData\Local\Temp
  TEST1=testie
  TMP=C:\Users\CLTBLD~1.001\AppData\Local\Temp
  USERDOMAIN=T-W864-IX-015
  USERDOMAIN_ROAMINGPROFILE=T-W864-IX-015
  USERNAME=cltbld
  USERPROFILE=C:\Users\cltbld.T-W864-IX-015.001
  WINDIR=C:\windows
 using PTY: False
--16:50:25--  https://hg.mozilla.org/build/tools/raw-file/default/buildfarm/utils/archiver_client.py
           => `archiver_client.py'
Resolving hg.mozilla.org... 63.245.215.102, 63.245.215.25
Connecting to hg.mozilla.org|63.245.215.102|:443... connected.
WARNING: Certificate verification error for hg.mozilla.org: certificate signature failure
HTTP request sent, awaiting response... 200 Script output follows
Length: 12,179 (12K) [text/x-python]

    0K .......... .                                          100%   21.64 MB/s

16:50:26 (21.64 MB/s) - `archiver_client.py' saved [12179/12179]

program finished with exit code 0
elapsedTime=1.864000
========= master_lag: 0.06 =========
========= Finished 'bash -c ...' (results: 0, elapsed: 1 secs) (at 2018-06-08 16:50:26.384189) =========

========= Started 'rm -rf ...' (results: 0, elapsed: 4 secs) (at 2018-06-08 16:50:26.384570) =========
'rm' '-rf' 'scripts' 'properties'
 in dir C:\slave\test\. (timeout 1200 secs)
 watching logfiles {}
 argv: ['rm', '-rf', 'scripts', 'properties']
 environment:
  ALLUSERSPROFILE=C:\ProgramData
  APPDATA=C:\Users\cltbld.T-W864-IX-015.001\AppData\Roaming
  COMMONPROGRAMFILES=C:\Program Files (x86)\Common Files
  COMMONPROGRAMFILES(X86)=C:\Program Files (x86)\Common Files
  COMMONPROGRAMW6432=C:\Program Files\Common Files
  COMPUTERNAME=T-W864-IX-015
  COMSPEC=C:\windows\system32\cmd.exe
  DCLOCATION=SCL3
  DNSSUFFIX=wintest.releng.scl3.mozilla.com
  FP_NO_HOST_CHECK=NO
  HOMEDRIVE=C:
  HOMEPATH=\Users\cltbld.T-W864-IX-015.001
  KTS_HOME=C:\Program Files\KTS
  KTS_VERSION=1.19c
  LOCALAPPDATA=C:\Users\cltbld.T-W864-IX-015.001\AppData\Local
  LOGONSERVER=\\T-W864-IX-015
  MONDIR=C:\Monitor_config\
  MOZBUILDDIR=C:\mozilla-build\
  NUMBER_OF_PROCESSORS=8
  OS=Windows_NT
  OURDRIVE=C:
  PATH=C:\Program Files (x86)\NVIDIA Corporation\PhysX\Common;C:\windows\system32;C:\windows;C:\windows\System32\Wbem;C:\windows\System32\WindowsPowerShell\v1.0\;C:\mozilla-build\python27;C:\mozilla-build\python27\Scripts;C:\mozilla-build\msys\bin;C:\mozilla-build\vim\vim72;C:\mozilla-build\wget;C:\mozilla-build\info-zip;C:\CoreUtils\bin;C:\mozilla-build\buildbotve\scripts;C:\mozilla-build\hg
  PATHEXT=.COM;.EXE;.BAT;.CMD;.VBS;.VBE;.JS;.JSE;.WSF;.WSH;.MSC
  PROCESSOR_ARCHITECTURE=x86
  PROCESSOR_ARCHITEW6432=AMD64
  PROCESSOR_IDENTIFIER=Intel64 Family 6 Model 30 Stepping 5, GenuineIntel
  PROCESSOR_LEVEL=6
  PROCESSOR_REVISION=1e05
  PROGRAMDATA=C:\ProgramData
  PROGRAMFILES=C:\Program Files (x86)
  PROGRAMFILES(X86)=C:\Program Files (x86)
  PROGRAMW6432=C:\Program Files
  PROMPT=$P$G
  PSMODULEPATH=C:\windows\system32\WindowsPowerShell\v1.0\Modules\
  PUBLIC=C:\Users\Public
  PWD=C:\slave\test
  RUNLOGFILE=C:\slave\\runslave.log
  SLAVEDIR=C:\slave\
  SYSTEMDRIVE=C:
  SYSTEMROOT=C:\windows
  TEMP=C:\Users\CLTBLD~1.001\AppData\Local\Temp
  TEST1=testie
  TMP=C:\Users\CLTBLD~1.001\AppData\Local\Temp
  USERDOMAIN=T-W864-IX-015
  USERDOMAIN_ROAMINGPROFILE=T-W864-IX-015
  USERNAME=cltbld
  USERPROFILE=C:\Users\cltbld.T-W864-IX-015.001
  WINDIR=C:\windows
 using PTY: False
program finished with exit code 0
elapsedTime=4.511000
========= master_lag: 0.01 =========
========= Finished 'rm -rf ...' (results: 0, elapsed: 4 secs) (at 2018-06-08 16:50:30.903733) =========

========= Started 'bash -c ...' (results: 0, elapsed: 1 secs) (at 2018-06-08 16:50:30.904168) =========
'bash' '-c' u'python archiver_client.py mozharness --repo releases/mozilla-esr52 --rev cbfdf01aac455e0591471201c96b89dee98190b5 --destination scripts --debug'
 in dir C:\slave\test\. (timeout 1200 secs)
 watching logfiles {}
 argv: ['bash', '-c', u'python archiver_client.py mozharness --repo releases/mozilla-esr52 --rev cbfdf01aac455e0591471201c96b89dee98190b5 --destination scripts --debug']
 environment:
  ALLUSERSPROFILE=C:\ProgramData
  APPDATA=C:\Users\cltbld.T-W864-IX-015.001\AppData\Roaming
  COMMONPROGRAMFILES=C:\Program Files (x86)\Common Files
  COMMONPROGRAMFILES(X86)=C:\Program Files (x86)\Common Files
  COMMONPROGRAMW6432=C:\Program Files\Common Files
  COMPUTERNAME=T-W864-IX-015
  COMSPEC=C:\windows\system32\cmd.exe
  DCLOCATION=SCL3
  DNSSUFFIX=wintest.releng.scl3.mozilla.com
  FP_NO_HOST_CHECK=NO
  HOMEDRIVE=C:
  HOMEPATH=\Users\cltbld.T-W864-IX-015.001
  KTS_HOME=C:\Program Files\KTS
  KTS_VERSION=1.19c
  LOCALAPPDATA=C:\Users\cltbld.T-W864-IX-015.001\AppData\Local
  LOGONSERVER=\\T-W864-IX-015
  MONDIR=C:\Monitor_config\
  MOZBUILDDIR=C:\mozilla-build\
  NUMBER_OF_PROCESSORS=8
  OS=Windows_NT
  OURDRIVE=C:
  PATH=C:\Program Files (x86)\NVIDIA Corporation\PhysX\Common;C:\windows\system32;C:\windows;C:\windows\System32\Wbem;C:\windows\System32\WindowsPowerShell\v1.0\;C:\mozilla-build\python27;C:\mozilla-build\python27\Scripts;C:\mozilla-build\msys\bin;C:\mozilla-build\vim\vim72;C:\mozilla-build\wget;C:\mozilla-build\info-zip;C:\CoreUtils\bin;C:\mozilla-build\buildbotve\scripts;C:\mozilla-build\hg
  PATHEXT=.COM;.EXE;.BAT;.CMD;.VBS;.VBE;.JS;.JSE;.WSF;.WSH;.MSC
  PROCESSOR_ARCHITECTURE=x86
  PROCESSOR_ARCHITEW6432=AMD64
  PROCESSOR_IDENTIFIER=Intel64 Family 6 Model 30 Stepping 5, GenuineIntel
  PROCESSOR_LEVEL=6
  PROCESSOR_REVISION=1e05
  PROGRAMDATA=C:\ProgramData
  PROGRAMFILES=C:\Program Files (x86)
  PROGRAMFILES(X86)=C:\Program Files (x86)
  PROGRAMW6432=C:\Program Files
  PROMPT=$P$G
  PSMODULEPATH=C:\windows\system32\WindowsPowerShell\v1.0\Modules\
  PUBLIC=C:\Users\Public
  PWD=C:\slave\test
  RUNLOGFILE=C:\slave\\runslave.log
  SLAVEDIR=C:\slave\
  SYSTEMDRIVE=C:
  SYSTEMROOT=C:\windows
  TEMP=C:\Users\CLTBLD~1.001\AppData\Local\Temp
  TEST1=testie
  TMP=C:\Users\CLTBLD~1.001\AppData\Local\Temp
  USERDOMAIN=T-W864-IX-015
  USERDOMAIN_ROAMINGPROFILE=T-W864-IX-015
  USERNAME=cltbld
  USERPROFILE=C:\Users\cltbld.T-W864-IX-015.001
  WINDIR=C:\windows
 using PTY: False
2018-06-08 16:50:31,142 truncating revision to first 12 chars
2018-06-08 16:50:31,142 Setting DEBUG logging.
2018-06-08 16:50:31,142 attempt 1/10
2018-06-08 16:50:31,142 Getting archive location from https://api.pub.build.mozilla.org/archiver/hgmo/releases/mozilla-esr52/cbfdf01aac45?&preferred_region=us-west-2&suffix=tar.gz&subdir=testing/mozharness
2018-06-08 16:50:31,676 unpacking tar archive at: mozilla-esr52-cbfdf01aac45/testing/mozharness/
2018-06-08 16:50:31,776 skipping symlink on windows: configs/single_locale/linux32.py
program finished with exit code 0
elapsedTime=1.478000
========= master_lag: 0.06 =========
========= Finished 'bash -c ...' (results: 0, elapsed: 1 secs) (at 2018-06-08 16:50:32.439514) =========

========= Started set props: script_repo_revision (results: 0, elapsed: 0 secs) (at 2018-06-08 16:50:32.439846) =========
script_repo_revision: cbfdf01aac455e0591471201c96b89dee98190b5
========= Finished set props: script_repo_revision (results: 0, elapsed: 0 secs) (at 2018-06-08 16:50:32.440617) =========

========= Started downloading to oauth.txt (results: 0, elapsed: 0 secs) (at 2018-06-08 16:50:32.441269) =========
========= Finished downloading to oauth.txt (results: 0, elapsed: 0 secs) (at 2018-06-08 16:50:32.452562) =========

========= Started 'c:/mozilla-build/python27/python -u ...' interrupted (results: 4, elapsed: 7 mins, 7 secs) (at 2018-06-08 16:50:32.453018) =========
'c:/mozilla-build/python27/python' '-u' 'scripts/scripts/web_platform_tests.py' '--cfg' 'web_platform_tests/prod_config_windows.py' '--test-type=testharness' '--total-chunks' '10' '--this-chunk' '7' '--blob-upload-branch' 'mozilla-esr52' '--download-symbols' 'true'
 in dir C:\slave\test\. (timeout 1800 secs) (maxTime 7200 secs)
 watching logfiles {}
 argv: ['c:/mozilla-build/python27/python', '-u', 'scripts/scripts/web_platform_tests.py', '--cfg', 'web_platform_tests/prod_config_windows.py', '--test-type=testharness', '--total-chunks', '10', '--this-chunk', '7', '--blob-upload-branch', 'mozilla-esr52', '--download-symbols', 'true']
 environment:
  ALLUSERSPROFILE=C:\ProgramData
  APPDATA=C:\Users\cltbld.T-W864-IX-015.001\AppData\Roaming
  COMMONPROGRAMFILES=C:\Program Files (x86)\Common Files
  COMMONPROGRAMFILES(X86)=C:\Program Files (x86)\Common Files
  COMMONPROGRAMW6432=C:\Program Files\Common Files
  COMPUTERNAME=T-W864-IX-015
  COMSPEC=C:\windows\system32\cmd.exe
  DCLOCATION=SCL3
  DNSSUFFIX=wintest.releng.scl3.mozilla.com
  FP_NO_HOST_CHECK=NO
  HOMEDRIVE=C:
  HOMEPATH=\Users\cltbld.T-W864-IX-015.001
  KTS_HOME=C:\Program Files\KTS
  KTS_VERSION=1.19c
  LOCALAPPDATA=C:\Users\cltbld.T-W864-IX-015.001\AppData\Local
  LOGONSERVER=\\T-W864-IX-015
  MONDIR=C:\Monitor_config\
  MOZBUILDDIR=C:\mozilla-build\
  MOZ_CRASHREPORTER_NO_REPORT=1
  MOZ_HIDE_RESULTS_TABLE=1
  MOZ_NO_REMOTE=1
  NO_EM_RESTART=1
  NO_FAIL_ON_TEST_ERRORS=1
  NUMBER_OF_PROCESSORS=8
  OS=Windows_NT
  OURDRIVE=C:
  PATH=C:\Program Files (x86)\NVIDIA Corporation\PhysX\Common;C:\windows\system32;C:\windows;C:\windows\System32\Wbem;C:\windows\System32\WindowsPowerShell\v1.0\;C:\mozilla-build\python27;C:\mozilla-build\python27\Scripts;C:\mozilla-build\msys\bin;C:\mozilla-build\vim\vim72;C:\mozilla-build\wget;C:\mozilla-build\info-zip;C:\CoreUtils\bin;C:\mozilla-build\buildbotve\scripts;C:\mozilla-build\hg
  PATHEXT=.COM;.EXE;.BAT;.CMD;.VBS;.VBE;.JS;.JSE;.WSF;.WSH;.MSC
  PROCESSOR_ARCHITECTURE=x86
  PROCESSOR_ARCHITEW6432=AMD64
  PROCESSOR_IDENTIFIER=Intel64 Family 6 Model 30 Stepping 5, GenuineIntel
  PROCESSOR_LEVEL=6
  PROCESSOR_REVISION=1e05
  PROGRAMDATA=C:\ProgramData
  PROGRAMFILES=C:\Program Files (x86)
  PROGRAMFILES(X86)=C:\Program Files (x86)
  PROGRAMW6432=C:\Program Files
  PROMPT=$P$G
  PROPERTIES_FILE=C:\slave\test/buildprops.json
  PSMODULEPATH=C:\windows\system32\WindowsPowerShell\v1.0\Modules\
  PUBLIC=C:\Users\Public
  PWD=C:\slave\test
  RUNLOGFILE=C:\slave\\runslave.log
  SLAVEDIR=C:\slave\
  SYSTEMDRIVE=C:
  SYSTEMROOT=C:\windows
  TEMP=C:\Users\CLTBLD~1.001\AppData\Local\Temp
  TEST1=testie
  TMP=C:\Users\CLTBLD~1.001\AppData\Local\Temp
  USERDOMAIN=T-W864-IX-015
  USERDOMAIN_ROAMINGPROFILE=T-W864-IX-015
  USERNAME=cltbld
  USERPROFILE=C:\Users\cltbld.T-W864-IX-015.001
  WINDIR=C:\windows
  XPCOM_DEBUG_BREAK=warn
 using PTY: False
16:50:32     INFO - MultiFileLogger online at 20180608 16:50:32 in C:\slave\test
16:50:32     INFO - Run as scripts/scripts/web_platform_tests.py --cfg web_platform_tests/prod_config_windows.py --test-type=testharness --total-chunks 10 --this-chunk 7 --blob-upload-branch mozilla-esr52 --download-symbols true
16:50:32     INFO - Dumping config to C:\slave\test\logs\localconfig.json.
16:50:32     INFO - {'allow_software_gl_layers': False,
16:50:32     INFO -  'append_to_log': False,
16:50:32     INFO -  'base_work_dir': 'C:\\slave\\test',
16:50:32     INFO -  'blob_upload_branch': 'mozilla-esr52',
16:50:32     INFO -  'blob_uploader_auth_file': 'C:\\slave\\test\\oauth.txt',
16:50:32     INFO -  'buildbot_json_path': 'buildprops.json',
16:50:32     INFO -  'config_files': ('web_platform_tests/prod_config_windows.py',),
16:50:32     INFO -  'default_blob_upload_servers': ('https://blobupload.elasticbeanstalk.com',),
16:50:32     INFO -  'download_minidump_stackwalk': True,
16:50:32     INFO -  'download_symbols': 'true',
16:50:32     INFO -  'e10s': False,
16:50:32     INFO -  'exes': {'hg': 'c:/mozilla-build/hg/hg',
16:50:32     INFO -           'mozinstall': ('C:\\slave\\test/build/venv/scripts/python',
16:50:32     INFO -                          'C:\\slave\\test/build/venv/scripts/mozinstall-script.py'),
16:50:32     INFO -           'python': 'c:\\mozilla-build\\python27\\python.exe',
16:50:32     INFO -           'tooltool.py': ('c:\\mozilla-build\\python27\\python.exe',
16:50:32     INFO -                           'C:/mozilla-build/tooltool.py'),
16:50:32     INFO -           'virtualenv': ('c:\\mozilla-build\\python27\\python.exe',
16:50:32     INFO -                          'c:/mozilla-build/buildbotve/virtualenv.py')},
16:50:32     INFO -  'find_links': ('http://pypi.pvt.build.mozilla.org/pub',
16:50:32     INFO -                 'http://pypi.pub.build.mozilla.org/pub'),
16:50:32     INFO -  'log_level': 'info',
16:50:32     INFO -  'log_to_console': True,
16:50:32     INFO -  'opt_config_files': (),
16:50:32     INFO -  'options': ('--prefs-root=%(test_path)s/prefs',
16:50:32     INFO -              '--processes=1',
16:50:32     INFO -              '--config=%(test_path)s/wptrunner.ini',
16:50:32     INFO -              '--ca-cert-path=%(test_path)s/certs/cacert.pem',
16:50:32     INFO -              '--host-key-path=%(test_path)s/certs/web-platform.test.key',
16:50:32     INFO -              '--host-cert-path=%(test_path)s/certs/web-platform.test.pem',
16:50:32     INFO -              '--certutil-binary=%(test_install_path)s/bin/certutil'),
16:50:32     INFO -  'pip_index': False,
16:50:32     INFO -  'require_test_zip': True,
16:50:32     INFO -  'test_type': ('testharness',),
16:50:32     INFO -  'this_chunk': '7',
16:50:32     INFO -  'total_chunks': '10',
16:50:32     INFO -  'virtualenv_path': 'venv',
16:50:32     INFO -  'volatile_config': {'actions': None, 'add_actions': None, 'no_actions': None},
16:50:32     INFO -  'work_dir': 'build'}
16:50:32     INFO - [mozharness: 2018-06-08 23:50:32.883000Z] Running clobber step.
16:50:32     INFO - Running pre-action listener: _resource_record_pre_action
16:50:32     INFO - Running main action method: clobber
16:50:32     INFO - rmtree: C:\slave\test\build
16:50:32     INFO - Using _rmtree_windows ...
16:50:32     INFO - retry: Calling _rmtree_windows with args: ('C:\\slave\\test\\build',), kwargs: {}, attempt #1
16:52:11     INFO - Running post-action listener: _resource_record_post_action
16:52:11     INFO - [mozharness: 2018-06-08 23:52:11.486000Z] Finished clobber step (success)
16:52:11     INFO - [mozharness: 2018-06-08 23:52:11.486000Z] Running read-buildbot-config step.
16:52:11     INFO - Running pre-action listener: _resource_record_pre_action
16:52:11     INFO - Running main action method: read_buildbot_config
16:52:11     INFO - Using buildbot properties:
16:52:11     INFO - {
16:52:11     INFO -     "project": "", 
16:52:11     INFO -     "product": "firefox", 
16:52:11     INFO -     "script_repo_revision": "production", 
16:52:11     INFO -     "scheduler": "tests-mozilla-esr52-win8_64-debug-unittest", 
16:52:11     INFO -     "repository": "", 
16:52:11     INFO -     "buildername": "Windows 8 64-bit mozilla-esr52 debug test web-platform-tests-7", 
16:52:11     INFO -     "buildid": "20180608150819", 
16:52:11     INFO -     "pgo_build": "False", 
16:52:11     INFO -     "basedir": "C:\\slave\\test", 
16:52:11     INFO -     "buildnumber": 20, 
16:52:11     INFO -     "slavename": "t-w864-ix-015", 
16:52:11     INFO -     "revision": "cbfdf01aac455e0591471201c96b89dee98190b5", 
16:52:11     INFO -     "master": "http://buildbot-master111.bb.releng.scl3.mozilla.com:8201/", 
16:52:11     INFO -     "platform": "win64", 
16:52:11     INFO -     "branch": "mozilla-esr52", 
16:52:11     INFO -     "repo_path": "releases/mozilla-esr52", 
16:52:11     INFO -     "moz_repo_path": "", 
16:52:11     INFO -     "stage_platform": "win64", 
16:52:11     INFO -     "builduid": "b298b373e93d4f8dbf92436c9ed838a2", 
16:52:11     INFO -     "slavebuilddir": "test"
16:52:11     INFO - }
16:52:11     INFO - Found a test packages url https://queue.taskcluster.net/v1/task/GYm6uScDR968YNKAqw8dYQ/artifacts/public/build/firefox-52.8.2.en-US.win64.test_packages.json.
16:52:11     INFO - Found installer url https://queue.taskcluster.net/v1/task/GYm6uScDR968YNKAqw8dYQ/artifacts/public/build/firefox-52.8.2.en-US.win64.zip.
16:52:11     INFO - Running post-action listener: _resource_record_post_action
16:52:11     INFO - [mozharness: 2018-06-08 23:52:11.490000Z] Finished read-buildbot-config step (success)
16:52:11     INFO - [mozharness: 2018-06-08 23:52:11.490000Z] Running download-and-extract step.
16:52:11     INFO - Running pre-action listener: _resource_record_pre_action
16:52:11     INFO - Running main action method: download_and_extract
16:52:11     INFO - mkdir: C:\slave\test\build\tests
16:52:11     INFO - Downloading https://queue.taskcluster.net/v1/task/GYm6uScDR968YNKAqw8dYQ/artifacts/public/build/firefox-52.8.2.en-US.win64.test_packages.json to C:\slave\test\build\firefox-52.8.2.en-US.win64.test_packages.json
16:52:11     INFO - retry: Calling _download_file with args: (), kwargs: {'url': 'https://queue.taskcluster.net/v1/task/GYm6uScDR968YNKAqw8dYQ/artifacts/public/build/firefox-52.8.2.en-US.win64.test_packages.json', 'file_name': 'C:\\slave\\test\\build\\firefox-52.8.2.en-US.win64.test_packages.json'}, attempt #1
16:52:12     INFO - Downloaded 1274 bytes.
16:52:12     INFO - Reading from file C:\slave\test\build\firefox-52.8.2.en-US.win64.test_packages.json
16:52:12     INFO - Using the following test package requirements:
16:52:12     INFO - {u'common': [u'firefox-52.8.2.en-US.win64.common.tests.zip'],
16:52:12     INFO -  u'cppunittest': [u'firefox-52.8.2.en-US.win64.common.tests.zip',
16:52:12     INFO -                   u'firefox-52.8.2.en-US.win64.cppunittest.tests.zip'],
16:52:12     INFO -  u'gtest': [u'firefox-52.8.2.en-US.win64.common.tests.zip',
16:52:12     INFO -             u'firefox-52.8.2.en-US.win64.gtest.tests.zip'],
16:52:12     INFO -  u'jittest': [u'firefox-52.8.2.en-US.win64.common.tests.zip',
16:52:12     INFO -               u'jsshell-win64.zip'],
16:52:12     INFO -  u'mochitest': [u'firefox-52.8.2.en-US.win64.common.tests.zip',
16:52:12     INFO -                 u'firefox-52.8.2.en-US.win64.mochitest.tests.zip'],
16:52:12     INFO -  u'mozbase': [u'firefox-52.8.2.en-US.win64.common.tests.zip'],
16:52:12     INFO -  u'reftest': [u'firefox-52.8.2.en-US.win64.common.tests.zip',
16:52:12     INFO -               u'firefox-52.8.2.en-US.win64.reftest.tests.zip'],
16:52:12     INFO -  u'talos': [u'firefox-52.8.2.en-US.win64.common.tests.zip',
16:52:12     INFO -             u'firefox-52.8.2.en-US.win64.talos.tests.zip'],
16:52:12     INFO -  u'web-platform': [u'firefox-52.8.2.en-US.win64.common.tests.zip',
16:52:12     INFO -                    u'firefox-52.8.2.en-US.win64.web-platform.tests.zip'],
16:52:12     INFO -  u'xpcshell': [u'firefox-52.8.2.en-US.win64.common.tests.zip',
16:52:12     INFO -                u'firefox-52.8.2.en-US.win64.xpcshell.tests.zip']}
16:52:12     INFO - Downloading packages: [u'firefox-52.8.2.en-US.win64.common.tests.zip', u'firefox-52.8.2.en-US.win64.web-platform.tests.zip'] for test suite category: web-platform
16:52:12     INFO - Adding 'mach' for extraction from common.tests zip file
16:52:12     INFO - Adding 'mozinfo.json' for extraction from common.tests zip file
16:52:12     INFO - Downloading and extracting to C:\slave\test\build\tests these dirs bin/*, config/*, mozbase/*, marionette/*, tools/wptserve/*, web-platform/*, mach, mozinfo.json from https://queue.taskcluster.net/v1/task/GYm6uScDR968YNKAqw8dYQ/artifacts/public/build/firefox-52.8.2.en-US.win64.common.tests.zip
16:52:12     INFO - retry: Calling fetch_url_into_memory with args: (), kwargs: {'url': u'https://queue.taskcluster.net/v1/task/GYm6uScDR968YNKAqw8dYQ/artifacts/public/build/firefox-52.8.2.en-US.win64.common.tests.zip'}, attempt #1
16:52:12     INFO - Fetch https://queue.taskcluster.net/v1/task/GYm6uScDR968YNKAqw8dYQ/artifacts/public/build/firefox-52.8.2.en-US.win64.common.tests.zip into memory
16:52:13     INFO - Http code: 200
16:52:13     INFO - via: 1.1 7db492e48a5d55351dcb787a8a14e113.cloudfront.net (CloudFront)
16:52:13     INFO - x-amz-cf-id: LNJXgsLK-FvkfkBww_j3zwmHMr6RHMMUppc-z49mcAxKyg7yJrJxeg==
16:52:13     INFO - x-amz-version-id: GXeUmcedjVSRuTwtJsxXIwtE5wM89o3K
16:52:13     INFO - Expected file size: 19457836
16:52:13     INFO - Obtained file size: 19457836
16:52:14     INFO - Downloading and extracting to C:\slave\test\build\tests these dirs bin/*, config/*, mozbase/*, marionette/*, tools/wptserve/*, web-platform/*, mach, mozinfo.json from https://queue.taskcluster.net/v1/task/GYm6uScDR968YNKAqw8dYQ/artifacts/public/build/firefox-52.8.2.en-US.win64.web-platform.tests.zip
16:52:14     INFO - retry: Calling fetch_url_into_memory with args: (), kwargs: {'url': u'https://queue.taskcluster.net/v1/task/GYm6uScDR968YNKAqw8dYQ/artifacts/public/build/firefox-52.8.2.en-US.win64.web-platform.tests.zip'}, attempt #1
16:52:14     INFO - Fetch https://queue.taskcluster.net/v1/task/GYm6uScDR968YNKAqw8dYQ/artifacts/public/build/firefox-52.8.2.en-US.win64.web-platform.tests.zip into memory
16:52:15     INFO - Http code: 200
16:52:15     INFO - via: 1.1 373880a309382d9266a9313233b86d25.cloudfront.net (CloudFront)
16:52:15     INFO - x-amz-cf-id: Mnh9dLz4P58yUiVtOZNSE7IlbIaLOdYeebHhvlG8i-KF1SZ_YnkEzw==
16:52:15     INFO - x-amz-version-id: t8LUDMRalAINifNMDsPl_7YYsyRq5l0j
16:52:15     INFO - Expected file size: 43270029
16:52:15     INFO - Obtained file size: 43270029
16:53:00     INFO - Downloading https://queue.taskcluster.net/v1/task/GYm6uScDR968YNKAqw8dYQ/artifacts/public/build/firefox-52.8.2.en-US.win64.zip to C:\slave\test\build\firefox-52.8.2.en-US.win64.zip
16:53:00     INFO - retry: Calling _download_file with args: (), kwargs: {'url': 'https://queue.taskcluster.net/v1/task/GYm6uScDR968YNKAqw8dYQ/artifacts/public/build/firefox-52.8.2.en-US.win64.zip', 'file_name': 'C:\\slave\\test\\build\\firefox-52.8.2.en-US.win64.zip'}, attempt #1
16:53:01     INFO - Downloaded 80512976 bytes.
16:53:01     INFO - Setting buildbot property build_url to https://queue.taskcluster.net/v1/task/GYm6uScDR968YNKAqw8dYQ/artifacts/public/build/firefox-52.8.2.en-US.win64.zip
16:53:01     INFO - mkdir: C:\slave\test\properties
16:53:01     INFO - Writing buildbot properties ['build_url'] to C:\slave\test\properties\build_url
16:53:01     INFO - Writing to file C:\slave\test\properties\build_url
16:53:01     INFO - Contents:
16:53:01     INFO -  build_url:https://queue.taskcluster.net/v1/task/GYm6uScDR968YNKAqw8dYQ/artifacts/public/build/firefox-52.8.2.en-US.win64.zip
16:53:01     INFO - retry: Calling query_symbols_url with args: (), kwargs: {'raise_on_failure': True}, attempt #1
16:53:02     INFO - Setting buildbot property symbols_url to https://queue.taskcluster.net/v1/task/GYm6uScDR968YNKAqw8dYQ/artifacts/public/build/firefox-52.8.2.en-US.win64.crashreporter-symbols.zip
16:53:02     INFO - Writing buildbot properties ['symbols_url'] to C:\slave\test\properties\symbols_url
16:53:02     INFO - Writing to file C:\slave\test\properties\symbols_url
16:53:02     INFO - Contents:
16:53:02     INFO -  symbols_url:https://queue.taskcluster.net/v1/task/GYm6uScDR968YNKAqw8dYQ/artifacts/public/build/firefox-52.8.2.en-US.win64.crashreporter-symbols.zip
16:53:02     INFO - Downloading and extracting to C:\slave\test\build\symbols these dirs * from https://queue.taskcluster.net/v1/task/GYm6uScDR968YNKAqw8dYQ/artifacts/public/build/firefox-52.8.2.en-US.win64.crashreporter-symbols.zip
16:53:02     INFO - retry: Calling fetch_url_into_memory with args: (), kwargs: {'url': 'https://queue.taskcluster.net/v1/task/GYm6uScDR968YNKAqw8dYQ/artifacts/public/build/firefox-52.8.2.en-US.win64.crashreporter-symbols.zip'}, attempt #1
16:53:02     INFO - Fetch https://queue.taskcluster.net/v1/task/GYm6uScDR968YNKAqw8dYQ/artifacts/public/build/firefox-52.8.2.en-US.win64.crashreporter-symbols.zip into memory
16:53:02     INFO - Http code: 200
16:53:02     INFO - via: 1.1 6e65abb04cb818a6ec78111935b507f7.cloudfront.net (CloudFront)
16:53:02     INFO - x-amz-cf-id: bw7vX9-ZdTf4UBdJzRJPz1HTKq3vhIYX4QvGAgOaeTY-ptaNtL7wGA==
16:53:02     INFO - x-amz-version-id: ulFZQ.LhR2x4mniqg2Yz5MgvXQwj83dP
16:53:03     INFO - Expected file size: 55003726
16:53:03     INFO - Obtained file size: 55003726
16:53:07     INFO - Running post-action listener: _resource_record_post_action
16:53:07     INFO - Running post-action listener: set_extra_try_arguments
16:53:07     INFO - [mozharness: 2018-06-08 23:53:07.992000Z] Finished download-and-extract step (success)
16:53:07     INFO - [mozharness: 2018-06-08 23:53:07.992000Z] Running fetch-geckodriver step.
16:53:07     INFO - Running pre-action listener: _resource_record_pre_action
16:53:07     INFO - Running main action method: fetch_geckodriver
16:53:07     INFO - Running post-action listener: _resource_record_post_action
16:53:07     INFO - [mozharness: 2018-06-08 23:53:07.993000Z] Finished fetch-geckodriver step (success)
16:53:07     INFO - [mozharness: 2018-06-08 23:53:07.993000Z] Running create-virtualenv step.
16:53:07     INFO - Running pre-action listener: _pre_create_virtualenv
16:53:07     INFO - Running pre-action listener: _resource_record_pre_action
16:53:07     INFO - Running main action method: create_virtualenv
16:53:07     INFO - Creating virtualenv C:\slave\test\build\venv
16:53:07     INFO - Running command: ['c:\\mozilla-build\\python27\\python.exe', 'C:\\slave\\test\\scripts\\external_tools\\virtualenv\\virtualenv.py', '--always-copy', 'C:\\slave\\test\\build\\venv'] in C:\slave\test\build
16:53:07     INFO - Copy/paste: c:\mozilla-build\python27\python.exe C:\slave\test\scripts\external_tools\virtualenv\virtualenv.py --always-copy C:\slave\test\build\venv
16:53:07     INFO - Using partial env: {'VIRTUALENV_NO_DOWNLOAD': '1'}
16:53:11     INFO -  New python executable in C:\slave\test\build\venv\Scripts\python.exe
16:53:22     INFO -  Installing setuptools, pip, wheel...done.
16:53:22     INFO - Return code: 0
16:53:22     INFO - Installing psutil>=3.1.1 into virtualenv C:\slave\test\build\venv
16:53:22     INFO - retry: Calling run_command with args: [['C:\\slave\\test\\build\\venv\\Scripts\\pip', 'install', '--timeout', '120', '--no-index', '--find-links', 'http://pypi.pvt.build.mozilla.org/pub', '--find-links', 'http://pypi.pub.build.mozilla.org/pub', '--trusted-host', 'pypi.pub.build.mozilla.org', '--trusted-host', 'pypi.pvt.build.mozilla.org', 'psutil>=3.1.1']], kwargs: {'error_level': 'warning', 'error_list': [{'substr': 'not found or a compiler error:', 'level': 'warning'}, {'regex': <_sre.SRE_Pattern object at 0x025AA250>, 'level': 'error'}, {'regex': <_sre.SRE_Pattern object at 0x025BE188>, 'level': 'warning'}, {'regex': <_sre.SRE_Pattern object at 0x02557260>, 'level': 'debug'}, {'substr': 'command not found', 'level': 'error'}, {'regex': <_sre.SRE_Pattern object at 0x004B8DE8>, 'level': 'warning'}, {'substr': 'Traceback (most recent call last)', 'level': 'error'}, {'substr': 'SyntaxError: ', 'level': 'error'}, {'substr': 'TypeError: ', 'level': 'error'}, {'substr': 'NameError: ', 'level': 'error'}, {'substr': 'ZeroDivisionError: ', 'level': 'error'}, {'regex': <_sre.SRE_Pattern object at 0x02525230>, 'level': 'critical'}, {'regex': <_sre.SRE_Pattern object at 0x025B2520>, 'level': 'critical'}], 'cwd': 'C:\\slave\\test\\build', 'env': {'TMP': 'C:\\Users\\CLTBLD~1.001\\AppData\\Local\\Temp', 'TEST1': 'testie', 'COMPUTERNAME': 'T-W864-IX-015', 'USERDOMAIN': 'T-W864-IX-015', 'KTS_VERSION': '1.19c', 'PSMODULEPATH': 'C:\\windows\\system32\\WindowsPowerShell\\v1.0\\Modules\\', 'COMMONPROGRAMFILES': 'C:\\Program Files (x86)\\Common Files', 'PROCESSOR_IDENTIFIER': 'Intel64 Family 6 Model 30 Stepping 5, GenuineIntel', 'PROGRAMFILES': 'C:\\Program Files (x86)', 'PROCESSOR_REVISION': '1e05', 'DNSSUFFIX': 'wintest.releng.scl3.mozilla.com', 'SYSTEMROOT': 'C:\\windows', 'NO_EM_RESTART': '1', 'PROGRAMFILES(X86)': 'C:\\Program Files (x86)', 'OURDRIVE': 'C:', 'MOZ_HIDE_RESULTS_TABLE': '1', 'XPCOM_DEBUG_BREAK': 'warn', 'MONDIR': 'C:\\Monitor_config\\', 'TEMP': 'C:\\Users\\CLTBLD~1.001\\AppData\\Local\\Temp', 'COMMONPROGRAMFILES(X86)': 'C:\\Program Files (x86)\\Common Files', 'RUNLOGFILE': 'C:\\slave\\\\runslave.log', 'PROCESSOR_ARCHITECTURE': 'x86', 'ALLUSERSPROFILE': 'C:\\ProgramData', 'USERPROFILE': 'C:\\Users\\cltbld.T-W864-IX-015.001', 'LOCALAPPDATA': 'C:\\Users\\cltbld.T-W864-IX-015.001\\AppData\\Local', 'HOMEPATH': '\\Users\\cltbld.T-W864-IX-015.001', 'USERDOMAIN_ROAMINGPROFILE': 'T-W864-IX-015', 'MOZBUILDDIR': 'C:\\mozilla-build\\', 'PROGRAMW6432': 'C:\\Program Files', 'USERNAME': 'cltbld', 'LOGONSERVER': '\\\\T-W864-IX-015', 'MOZ_NO_REMOTE': '1', 'COMSPEC': 'C:\\windows\\system32\\cmd.exe', 'PROGRAMDATA': 'C:\\ProgramData', 'PROPERTIES_FILE': 'C:\\slave\\test/buildprops.json', 'PATH': 'C:\\Program Files (x86)\\NVIDIA Corporation\\PhysX\\Common;C:\\windows\\system32;C:\\windows;C:\\windows\\System32\\Wbem;C:\\windows\\System32\\WindowsPowerShell\\v1.0\\;C:\\mozilla-build\\python27;C:\\mozilla-build\\python27\\Scripts;C:\\mozilla-build\\msys\\bin;C:\\mozilla-build\\vim\\vim72;C:\\mozilla-build\\wget;C:\\mozilla-build\\info-zip;C:\\CoreUtils\\bin;C:\\mozilla-build\\buildbotve\\scripts;C:\\mozilla-build\\hg', 'PROMPT': '$P$G', 'NO_FAIL_ON_TEST_ERRORS': '1', 'PATHEXT': '.COM;.EXE;.BAT;.CMD;.VBS;.VBE;.JS;.JSE;.WSF;.WSH;.MSC', 'FP_NO_HOST_CHECK': 'NO', 'DCLOCATION': 'SCL3', 'APPDATA': 'C:\\Users\\cltbld.T-W864-IX-015.001\\AppData\\Roaming', 'HOMEDRIVE': 'C:', 'SYSTEMDRIVE': 'C:', 'SLAVEDIR': 'C:\\slave\\', 'NUMBER_OF_PROCESSORS': '8', 'PWD': 'C:\\slave\\test', 'PROCESSOR_LEVEL': '6', 'KTS_HOME': 'C:\\Program Files\\KTS', 'PROCESSOR_ARCHITEW6432': 'AMD64', 'MOZ_CRASHREPORTER_NO_REPORT': '1', 'COMMONPROGRAMW6432': 'C:\\Program Files\\Common Files', 'OS': 'Windows_NT', 'PUBLIC': 'C:\\Users\\Public', 'WINDIR': 'C:\\windows'}}, attempt #1
16:53:22     INFO - Running command: ['C:\\slave\\test\\build\\venv\\Scripts\\pip', 'install', '--timeout', '120', '--no-index', '--find-links', 'http://pypi.pvt.build.mozilla.org/pub', '--find-links', 'http://pypi.pub.build.mozilla.org/pub', '--trusted-host', 'pypi.pub.build.mozilla.org', '--trusted-host', 'pypi.pvt.build.mozilla.org', 'psutil>=3.1.1'] in C:\slave\test\build
16:53:23     INFO - Copy/paste: C:\slave\test\build\venv\Scripts\pip install --timeout 120 --no-index --find-links http://pypi.pvt.build.mozilla.org/pub --find-links http://pypi.pub.build.mozilla.org/pub --trusted-host pypi.pub.build.mozilla.org --trusted-host pypi.pvt.build.mozilla.org psutil>=3.1.1
16:53:23     INFO - Using env: {'ALLUSERSPROFILE': 'C:\\ProgramData',
16:53:23     INFO -  'APPDATA': 'C:\\Users\\cltbld.T-W864-IX-015.001\\AppData\\Roaming',
16:53:23     INFO -  'COMMONPROGRAMFILES': 'C:\\Program Files (x86)\\Common Files',
16:53:23     INFO -  'COMMONPROGRAMFILES(X86)': 'C:\\Program Files (x86)\\Common Files',
16:53:23     INFO -  'COMMONPROGRAMW6432': 'C:\\Program Files\\Common Files',
16:53:23     INFO -  'COMPUTERNAME': 'T-W864-IX-015',
16:53:23     INFO -  'COMSPEC': 'C:\\windows\\system32\\cmd.exe',
16:53:23     INFO -  'DCLOCATION': 'SCL3',
16:53:23     INFO -  'DNSSUFFIX': 'wintest.releng.scl3.mozilla.com',
16:53:23     INFO -  'FP_NO_HOST_CHECK': 'NO',
16:53:23     INFO -  'HOMEDRIVE': 'C:',
16:53:23     INFO -  'HOMEPATH': '\\Users\\cltbld.T-W864-IX-015.001',
16:53:23     INFO -  'KTS_HOME': 'C:\\Program Files\\KTS',
16:53:23     INFO -  'KTS_VERSION': '1.19c',
16:53:23     INFO -  'LOCALAPPDATA': 'C:\\Users\\cltbld.T-W864-IX-015.001\\AppData\\Local',
16:53:23     INFO -  'LOGONSERVER': '\\\\T-W864-IX-015',
16:53:23     INFO -  'MONDIR': 'C:\\Monitor_config\\',
16:53:23     INFO -  'MOZBUILDDIR': 'C:\\mozilla-build\\',
16:53:23     INFO -  'MOZ_CRASHREPORTER_NO_REPORT': '1',
16:53:23     INFO -  'MOZ_HIDE_RESULTS_TABLE': '1',
16:53:23     INFO -  'MOZ_NO_REMOTE': '1',
16:53:23     INFO -  'NO_EM_RESTART': '1',
16:53:23     INFO -  'NO_FAIL_ON_TEST_ERRORS': '1',
16:53:23     INFO -  'NUMBER_OF_PROCESSORS': '8',
16:53:23     INFO -  'OS': 'Windows_NT',
16:53:23     INFO -  'OURDRIVE': 'C:',
16:53:23     INFO -  'PATH': 'C:\\Program Files (x86)\\NVIDIA Corporation\\PhysX\\Common;C:\\windows\\system32;C:\\windows;C:\\windows\\System32\\Wbem;C:\\windows\\System32\\WindowsPowerShell\\v1.0\\;C:\\mozilla-build\\python27;C:\\mozilla-build\\python27\\Scripts;C:\\mozilla-build\\msys\\bin;C:\\mozilla-build\\vim\\vim72;C:\\mozilla-build\\wget;C:\\mozilla-build\\info-zip;C:\\CoreUtils\\bin;C:\\mozilla-build\\buildbotve\\scripts;C:\\mozilla-build\\hg',
16:53:23     INFO -  'PATHEXT': '.COM;.EXE;.BAT;.CMD;.VBS;.VBE;.JS;.JSE;.WSF;.WSH;.MSC',
16:53:23     INFO -  'PROCESSOR_ARCHITECTURE': 'x86',
16:53:23     INFO -  'PROCESSOR_ARCHITEW6432': 'AMD64',
16:53:23     INFO -  'PROCESSOR_IDENTIFIER': 'Intel64 Family 6 Model 30 Stepping 5, GenuineIntel',
16:53:23     INFO -  'PROCESSOR_LEVEL': '6',
16:53:23     INFO -  'PROCESSOR_REVISION': '1e05',
16:53:23     INFO -  'PROGRAMDATA': 'C:\\ProgramData',
16:53:23     INFO -  'PROGRAMFILES': 'C:\\Program Files (x86)',
16:53:23     INFO -  'PROGRAMFILES(X86)': 'C:\\Program Files (x86)',
16:53:23     INFO -  'PROGRAMW6432': 'C:\\Program Files',
16:53:23     INFO -  'PROMPT': '$P$G',
16:53:23     INFO -  'PROPERTIES_FILE': 'C:\\slave\\test/buildprops.json',
16:53:23     INFO -  'PSMODULEPATH': 'C:\\windows\\system32\\WindowsPowerShell\\v1.0\\Modules\\',
16:53:23     INFO -  'PUBLIC': 'C:\\Users\\Public',
16:53:23     INFO -  'PWD': 'C:\\slave\\test',
16:53:23     INFO -  'RUNLOGFILE': 'C:\\slave\\\\runslave.log',
16:53:23     INFO -  'SLAVEDIR': 'C:\\slave\\',
16:53:23     INFO -  'SYSTEMDRIVE': 'C:',
16:53:23     INFO -  'SYSTEMROOT': 'C:\\windows',
16:53:23     INFO -  'TEMP': 'C:\\Users\\CLTBLD~1.001\\AppData\\Local\\Temp',
16:53:23     INFO -  'TEST1': 'testie',
16:53:23     INFO -  'TMP': 'C:\\Users\\CLTBLD~1.001\\AppData\\Local\\Temp',
16:53:23     INFO -  'USERDOMAIN': 'T-W864-IX-015',
16:53:23     INFO -  'USERDOMAIN_ROAMINGPROFILE': 'T-W864-IX-015',
16:53:23     INFO -  'USERNAME': 'cltbld',
16:53:23     INFO -  'USERPROFILE': 'C:\\Users\\cltbld.T-W864-IX-015.001',
16:53:23     INFO -  'WINDIR': 'C:\\windows',
16:53:23     INFO -  'XPCOM_DEBUG_BREAK': 'warn'}
16:53:23     INFO -  Ignoring indexes: https://pypi.python.org/simple
16:53:23     INFO -  Collecting psutil>=3.1.1
16:53:24     INFO -    Downloading http://pypi.pvt.build.mozilla.org/pub/psutil-5.4.3-cp27-none-win32.whl (220kB)
16:53:24     INFO -  Installing collected packages: psutil
16:53:24     INFO -  Successfully installed psutil-5.4.3
16:53:25     INFO - Return code: 0
16:53:25     INFO - Installing mozsystemmonitor==0.3 into virtualenv C:\slave\test\build\venv
16:53:25     INFO - retry: Calling run_command with args: [['C:\\slave\\test\\build\\venv\\Scripts\\pip', 'install', '--timeout', '120', '--no-index', '--find-links', 'http://pypi.pvt.build.mozilla.org/pub', '--find-links', 'http://pypi.pub.build.mozilla.org/pub', '--trusted-host', 'pypi.pub.build.mozilla.org', '--trusted-host', 'pypi.pvt.build.mozilla.org', 'mozsystemmonitor==0.3']], kwargs: {'error_level': 'warning', 'error_list': [{'substr': 'not found or a compiler error:', 'level': 'warning'}, {'regex': <_sre.SRE_Pattern object at 0x025AA250>, 'level': 'error'}, {'regex': <_sre.SRE_Pattern object at 0x025BE188>, 'level': 'warning'}, {'regex': <_sre.SRE_Pattern object at 0x02557260>, 'level': 'debug'}, {'substr': 'command not found', 'level': 'error'}, {'regex': <_sre.SRE_Pattern object at 0x004B8DE8>, 'level': 'warning'}, {'substr': 'Traceback (most recent call last)', 'level': 'error'}, {'substr': 'SyntaxError: ', 'level': 'error'}, {'substr': 'TypeError: ', 'level': 'error'}, {'substr': 'NameError: ', 'level': 'error'}, {'substr': 'ZeroDivisionError: ', 'level': 'error'}, {'regex': <_sre.SRE_Pattern object at 0x02525230>, 'level': 'critical'}, {'regex': <_sre.SRE_Pattern object at 0x025B2520>, 'level': 'critical'}], 'cwd': 'C:\\slave\\test\\build', 'env': {'TMP': 'C:\\Users\\CLTBLD~1.001\\AppData\\Local\\Temp', 'TEST1': 'testie', 'COMPUTERNAME': 'T-W864-IX-015', 'USERDOMAIN': 'T-W864-IX-015', 'KTS_VERSION': '1.19c', 'PSMODULEPATH': 'C:\\windows\\system32\\WindowsPowerShell\\v1.0\\Modules\\', 'COMMONPROGRAMFILES': 'C:\\Program Files (x86)\\Common Files', 'PROCESSOR_IDENTIFIER': 'Intel64 Family 6 Model 30 Stepping 5, GenuineIntel', 'PROGRAMFILES': 'C:\\Program Files (x86)', 'PROCESSOR_REVISION': '1e05', 'DNSSUFFIX': 'wintest.releng.scl3.mozilla.com', 'SYSTEMROOT': 'C:\\windows', 'NO_EM_RESTART': '1', 'PROGRAMFILES(X86)': 'C:\\Program Files (x86)', 'OURDRIVE': 'C:', 'MOZ_HIDE_RESULTS_TABLE': '1', 'XPCOM_DEBUG_BREAK': 'warn', 'MONDIR': 'C:\\Monitor_config\\', 'TEMP': 'C:\\Users\\CLTBLD~1.001\\AppData\\Local\\Temp', 'COMMONPROGRAMFILES(X86)': 'C:\\Program Files (x86)\\Common Files', 'RUNLOGFILE': 'C:\\slave\\\\runslave.log', 'PROCESSOR_ARCHITECTURE': 'x86', 'ALLUSERSPROFILE': 'C:\\ProgramData', 'USERPROFILE': 'C:\\Users\\cltbld.T-W864-IX-015.001', 'LOCALAPPDATA': 'C:\\Users\\cltbld.T-W864-IX-015.001\\AppData\\Local', 'HOMEPATH': '\\Users\\cltbld.T-W864-IX-015.001', 'USERDOMAIN_ROAMINGPROFILE': 'T-W864-IX-015', 'MOZBUILDDIR': 'C:\\mozilla-build\\', 'PROGRAMW6432': 'C:\\Program Files', 'USERNAME': 'cltbld', 'LOGONSERVER': '\\\\T-W864-IX-015', 'MOZ_NO_REMOTE': '1', 'COMSPEC': 'C:\\windows\\system32\\cmd.exe', 'PROGRAMDATA': 'C:\\ProgramData', 'PROPERTIES_FILE': 'C:\\slave\\test/buildprops.json', 'PATH': 'C:\\Program Files (x86)\\NVIDIA Corporation\\PhysX\\Common;C:\\windows\\system32;C:\\windows;C:\\windows\\System32\\Wbem;C:\\windows\\System32\\WindowsPowerShell\\v1.0\\;C:\\mozilla-build\\python27;C:\\mozilla-build\\python27\\Scripts;C:\\mozilla-build\\msys\\bin;C:\\mozilla-build\\vim\\vim72;C:\\mozilla-build\\wget;C:\\mozilla-build\\info-zip;C:\\CoreUtils\\bin;C:\\mozilla-build\\buildbotve\\scripts;C:\\mozilla-build\\hg', 'PROMPT': '$P$G', 'NO_FAIL_ON_TEST_ERRORS': '1', 'PATHEXT': '.COM;.EXE;.BAT;.CMD;.VBS;.VBE;.JS;.JSE;.WSF;.WSH;.MSC', 'FP_NO_HOST_CHECK': 'NO', 'DCLOCATION': 'SCL3', 'APPDATA': 'C:\\Users\\cltbld.T-W864-IX-015.001\\AppData\\Roaming', 'HOMEDRIVE': 'C:', 'SYSTEMDRIVE': 'C:', 'SLAVEDIR': 'C:\\slave\\', 'NUMBER_OF_PROCESSORS': '8', 'PWD': 'C:\\slave\\test', 'PROCESSOR_LEVEL': '6', 'KTS_HOME': 'C:\\Program Files\\KTS', 'PROCESSOR_ARCHITEW6432': 'AMD64', 'MOZ_CRASHREPORTER_NO_REPORT': '1', 'COMMONPROGRAMW6432': 'C:\\Program Files\\Common Files', 'OS': 'Windows_NT', 'PUBLIC': 'C:\\Users\\Public', 'WINDIR': 'C:\\windows'}}, attempt #1
16:53:25     INFO - Running command: ['C:\\slave\\test\\build\\venv\\Scripts\\pip', 'install', '--timeout', '120', '--no-index', '--find-links', 'http://pypi.pvt.build.mozilla.org/pub', '--find-links', 'http://pypi.pub.build.mozilla.org/pub', '--trusted-host', 'pypi.pub.build.mozilla.org', '--trusted-host', 'pypi.pvt.build.mozilla.org', 'mozsystemmonitor==0.3'] in C:\slave\test\build
16:53:25     INFO - Copy/paste: C:\slave\test\build\venv\Scripts\pip install --timeout 120 --no-index --find-links http://pypi.pvt.build.mozilla.org/pub --find-links http://pypi.pub.build.mozilla.org/pub --trusted-host pypi.pub.build.mozilla.org --trusted-host pypi.pvt.build.mozilla.org mozsystemmonitor==0.3
16:53:25     INFO - Using env: {'ALLUSERSPROFILE': 'C:\\ProgramData',
16:53:25     INFO -  'APPDATA': 'C:\\Users\\cltbld.T-W864-IX-015.001\\AppData\\Roaming',
16:53:25     INFO -  'COMMONPROGRAMFILES': 'C:\\Program Files (x86)\\Common Files',
16:53:25     INFO -  'COMMONPROGRAMFILES(X86)': 'C:\\Program Files (x86)\\Common Files',
16:53:25     INFO -  'COMMONPROGRAMW6432': 'C:\\Program Files\\Common Files',
16:53:25     INFO -  'COMPUTERNAME': 'T-W864-IX-015',
16:53:25     INFO -  'COMSPEC': 'C:\\windows\\system32\\cmd.exe',
16:53:25     INFO -  'DCLOCATION': 'SCL3',
16:53:25     INFO -  'DNSSUFFIX': 'wintest.releng.scl3.mozilla.com',
16:53:25     INFO -  'FP_NO_HOST_CHECK': 'NO',
16:53:25     INFO -  'HOMEDRIVE': 'C:',
16:53:25     INFO -  'HOMEPATH': '\\Users\\cltbld.T-W864-IX-015.001',
16:53:25     INFO -  'KTS_HOME': 'C:\\Program Files\\KTS',
16:53:25     INFO -  'KTS_VERSION': '1.19c',
16:53:25     INFO -  'LOCALAPPDATA': 'C:\\Users\\cltbld.T-W864-IX-015.001\\AppData\\Local',
16:53:25     INFO -  'LOGONSERVER': '\\\\T-W864-IX-015',
16:53:25     INFO -  'MONDIR': 'C:\\Monitor_config\\',
16:53:25     INFO -  'MOZBUILDDIR': 'C:\\mozilla-build\\',
16:53:25     INFO -  'MOZ_CRASHREPORTER_NO_REPORT': '1',
16:53:25     INFO -  'MOZ_HIDE_RESULTS_TABLE': '1',
16:53:25     INFO -  'MOZ_NO_REMOTE': '1',
16:53:25     INFO -  'NO_EM_RESTART': '1',
16:53:25     INFO -  'NO_FAIL_ON_TEST_ERRORS': '1',
16:53:25     INFO -  'NUMBER_OF_PROCESSORS': '8',
16:53:25     INFO -  'OS': 'Windows_NT',
16:53:25     INFO -  'OURDRIVE': 'C:',
16:53:25     INFO -  'PATH': 'C:\\Program Files (x86)\\NVIDIA Corporation\\PhysX\\Common;C:\\windows\\system32;C:\\windows;C:\\windows\\System32\\Wbem;C:\\windows\\System32\\WindowsPowerShell\\v1.0\\;C:\\mozilla-build\\python27;C:\\mozilla-build\\python27\\Scripts;C:\\mozilla-build\\msys\\bin;C:\\mozilla-build\\vim\\vim72;C:\\mozilla-build\\wget;C:\\mozilla-build\\info-zip;C:\\CoreUtils\\bin;C:\\mozilla-build\\buildbotve\\scripts;C:\\mozilla-build\\hg',
16:53:25     INFO -  'PATHEXT': '.COM;.EXE;.BAT;.CMD;.VBS;.VBE;.JS;.JSE;.WSF;.WSH;.MSC',
16:53:25     INFO -  'PROCESSOR_ARCHITECTURE': 'x86',
16:53:25     INFO -  'PROCESSOR_ARCHITEW6432': 'AMD64',
16:53:25     INFO -  'PROCESSOR_IDENTIFIER': 'Intel64 Family 6 Model 30 Stepping 5, GenuineIntel',
16:53:25     INFO -  'PROCESSOR_LEVEL': '6',
16:53:25     INFO -  'PROCESSOR_REVISION': '1e05',
16:53:25     INFO -  'PROGRAMDATA': 'C:\\ProgramData',
16:53:25     INFO -  'PROGRAMFILES': 'C:\\Program Files (x86)',
16:53:25     INFO -  'PROGRAMFILES(X86)': 'C:\\Program Files (x86)',
16:53:25     INFO -  'PROGRAMW6432': 'C:\\Program Files',
16:53:25     INFO -  'PROMPT': '$P$G',
16:53:25     INFO -  'PROPERTIES_FILE': 'C:\\slave\\test/buildprops.json',
16:53:25     INFO -  'PSMODULEPATH': 'C:\\windows\\system32\\WindowsPowerShell\\v1.0\\Modules\\',
16:53:25     INFO -  'PUBLIC': 'C:\\Users\\Public',
16:53:25     INFO -  'PWD': 'C:\\slave\\test',
16:53:25     INFO -  'RUNLOGFILE': 'C:\\slave\\\\runslave.log',
16:53:25     INFO -  'SLAVEDIR': 'C:\\slave\\',
16:53:25     INFO -  'SYSTEMDRIVE': 'C:',
16:53:25     INFO -  'SYSTEMROOT': 'C:\\windows',
16:53:25     INFO -  'TEMP': 'C:\\Users\\CLTBLD~1.001\\AppData\\Local\\Temp',
16:53:25     INFO -  'TEST1': 'testie',
16:53:25     INFO -  'TMP': 'C:\\Users\\CLTBLD~1.001\\AppData\\Local\\Temp',
16:53:25     INFO -  'USERDOMAIN': 'T-W864-IX-015',
16:53:25     INFO -  'USERDOMAIN_ROAMINGPROFILE': 'T-W864-IX-015',
16:53:25     INFO -  'USERNAME': 'cltbld',
16:53:25     INFO -  'USERPROFILE': 'C:\\Users\\cltbld.T-W864-IX-015.001',
16:53:25     INFO -  'WINDIR': 'C:\\windows',
16:53:25     INFO -  'XPCOM_DEBUG_BREAK': 'warn'}
16:53:25     INFO -  Ignoring indexes: https://pypi.python.org/simple
16:53:25     INFO -  Collecting mozsystemmonitor==0.3
16:53:26     INFO -  Requirement already satisfied (use --upgrade to upgrade): psutil>=3.1.1 in c:\slave\test\build\venv\lib\site-packages (from mozsystemmonitor==0.3)
16:53:26     INFO -  Installing collected packages: mozsystemmonitor
16:53:26     INFO -  Successfully installed mozsystemmonitor-0.3
16:53:27     INFO - Return code: 0
16:53:27     INFO - Installing jsonschema==2.5.1 into virtualenv C:\slave\test\build\venv
16:53:27     INFO - retry: Calling run_command with args: [['C:\\slave\\test\\build\\venv\\Scripts\\pip', 'install', '--timeout', '120', '--no-index', '--find-links', 'http://pypi.pvt.build.mozilla.org/pub', '--find-links', 'http://pypi.pub.build.mozilla.org/pub', '--trusted-host', 'pypi.pub.build.mozilla.org', '--trusted-host', 'pypi.pvt.build.mozilla.org', 'jsonschema==2.5.1']], kwargs: {'error_level': 'warning', 'error_list': [{'substr': 'not found or a compiler error:', 'level': 'warning'}, {'regex': <_sre.SRE_Pattern object at 0x025AA250>, 'level': 'error'}, {'regex': <_sre.SRE_Pattern object at 0x025BE188>, 'level': 'warning'}, {'regex': <_sre.SRE_Pattern object at 0x02557260>, 'level': 'debug'}, {'substr': 'command not found', 'level': 'error'}, {'regex': <_sre.SRE_Pattern object at 0x004B8DE8>, 'level': 'warning'}, {'substr': 'Traceback (most recent call last)', 'level': 'error'}, {'substr': 'SyntaxError: ', 'level': 'error'}, {'substr': 'TypeError: ', 'level': 'error'}, {'substr': 'NameError: ', 'level': 'error'}, {'substr': 'ZeroDivisionError: ', 'level': 'error'}, {'regex': <_sre.SRE_Pattern object at 0x02525230>, 'level': 'critical'}, {'regex': <_sre.SRE_Pattern object at 0x025B2520>, 'level': 'critical'}], 'cwd': 'C:\\slave\\test\\build', 'env': {'TMP': 'C:\\Users\\CLTBLD~1.001\\AppData\\Local\\Temp', 'TEST1': 'testie', 'COMPUTERNAME': 'T-W864-IX-015', 'USERDOMAIN': 'T-W864-IX-015', 'KTS_VERSION': '1.19c', 'PSMODULEPATH': 'C:\\windows\\system32\\WindowsPowerShell\\v1.0\\Modules\\', 'COMMONPROGRAMFILES': 'C:\\Program Files (x86)\\Common Files', 'PROCESSOR_IDENTIFIER': 'Intel64 Family 6 Model 30 Stepping 5, GenuineIntel', 'PROGRAMFILES': 'C:\\Program Files (x86)', 'PROCESSOR_REVISION': '1e05', 'DNSSUFFIX': 'wintest.releng.scl3.mozilla.com', 'SYSTEMROOT': 'C:\\windows', 'NO_EM_RESTART': '1', 'PROGRAMFILES(X86)': 'C:\\Program Files (x86)', 'OURDRIVE': 'C:', 'MOZ_HIDE_RESULTS_TABLE': '1', 'XPCOM_DEBUG_BREAK': 'warn', 'MONDIR': 'C:\\Monitor_config\\', 'TEMP': 'C:\\Users\\CLTBLD~1.001\\AppData\\Local\\Temp', 'COMMONPROGRAMFILES(X86)': 'C:\\Program Files (x86)\\Common Files', 'RUNLOGFILE': 'C:\\slave\\\\runslave.log', 'PROCESSOR_ARCHITECTURE': 'x86', 'ALLUSERSPROFILE': 'C:\\ProgramData', 'USERPROFILE': 'C:\\Users\\cltbld.T-W864-IX-015.001', 'LOCALAPPDATA': 'C:\\Users\\cltbld.T-W864-IX-015.001\\AppData\\Local', 'HOMEPATH': '\\Users\\cltbld.T-W864-IX-015.001', 'USERDOMAIN_ROAMINGPROFILE': 'T-W864-IX-015', 'MOZBUILDDIR': 'C:\\mozilla-build\\', 'PROGRAMW6432': 'C:\\Program Files', 'USERNAME': 'cltbld', 'LOGONSERVER': '\\\\T-W864-IX-015', 'MOZ_NO_REMOTE': '1', 'COMSPEC': 'C:\\windows\\system32\\cmd.exe', 'PROGRAMDATA': 'C:\\ProgramData', 'PROPERTIES_FILE': 'C:\\slave\\test/buildprops.json', 'PATH': 'C:\\Program Files (x86)\\NVIDIA Corporation\\PhysX\\Common;C:\\windows\\system32;C:\\windows;C:\\windows\\System32\\Wbem;C:\\windows\\System32\\WindowsPowerShell\\v1.0\\;C:\\mozilla-build\\python27;C:\\mozilla-build\\python27\\Scripts;C:\\mozilla-build\\msys\\bin;C:\\mozilla-build\\vim\\vim72;C:\\mozilla-build\\wget;C:\\mozilla-build\\info-zip;C:\\CoreUtils\\bin;C:\\mozilla-build\\buildbotve\\scripts;C:\\mozilla-build\\hg', 'PROMPT': '$P$G', 'NO_FAIL_ON_TEST_ERRORS': '1', 'PATHEXT': '.COM;.EXE;.BAT;.CMD;.VBS;.VBE;.JS;.JSE;.WSF;.WSH;.MSC', 'FP_NO_HOST_CHECK': 'NO', 'DCLOCATION': 'SCL3', 'APPDATA': 'C:\\Users\\cltbld.T-W864-IX-015.001\\AppData\\Roaming', 'HOMEDRIVE': 'C:', 'SYSTEMDRIVE': 'C:', 'SLAVEDIR': 'C:\\slave\\', 'NUMBER_OF_PROCESSORS': '8', 'PWD': 'C:\\slave\\test', 'PROCESSOR_LEVEL': '6', 'KTS_HOME': 'C:\\Program Files\\KTS', 'PROCESSOR_ARCHITEW6432': 'AMD64', 'MOZ_CRASHREPORTER_NO_REPORT': '1', 'COMMONPROGRAMW6432': 'C:\\Program Files\\Common Files', 'OS': 'Windows_NT', 'PUBLIC': 'C:\\Users\\Public', 'WINDIR': 'C:\\windows'}}, attempt #1
16:53:27     INFO - Running command: ['C:\\slave\\test\\build\\venv\\Scripts\\pip', 'install', '--timeout', '120', '--no-index', '--find-links', 'http://pypi.pvt.build.mozilla.org/pub', '--find-links', 'http://pypi.pub.build.mozilla.org/pub', '--trusted-host', 'pypi.pub.build.mozilla.org', '--trusted-host', 'pypi.pvt.build.mozilla.org', 'jsonschema==2.5.1'] in C:\slave\test\build
16:53:27     INFO - Copy/paste: C:\slave\test\build\venv\Scripts\pip install --timeout 120 --no-index --find-links http://pypi.pvt.build.mozilla.org/pub --find-links http://pypi.pub.build.mozilla.org/pub --trusted-host pypi.pub.build.mozilla.org --trusted-host pypi.pvt.build.mozilla.org jsonschema==2.5.1
16:53:27     INFO - Using env: {'ALLUSERSPROFILE': 'C:\\ProgramData',
16:53:27     INFO -  'APPDATA': 'C:\\Users\\cltbld.T-W864-IX-015.001\\AppData\\Roaming',
16:53:27     INFO -  'COMMONPROGRAMFILES': 'C:\\Program Files (x86)\\Common Files',
16:53:27     INFO -  'COMMONPROGRAMFILES(X86)': 'C:\\Program Files (x86)\\Common Files',
16:53:27     INFO -  'COMMONPROGRAMW6432': 'C:\\Program Files\\Common Files',
16:53:27     INFO -  'COMPUTERNAME': 'T-W864-IX-015',
16:53:27     INFO -  'COMSPEC': 'C:\\windows\\system32\\cmd.exe',
16:53:27     INFO -  'DCLOCATION': 'SCL3',
16:53:27     INFO -  'DNSSUFFIX': 'wintest.releng.scl3.mozilla.com',
16:53:27     INFO -  'FP_NO_HOST_CHECK': 'NO',
16:53:27     INFO -  'HOMEDRIVE': 'C:',
16:53:27     INFO -  'HOMEPATH': '\\Users\\cltbld.T-W864-IX-015.001',
16:53:27     INFO -  'KTS_HOME': 'C:\\Program Files\\KTS',
16:53:27     INFO -  'KTS_VERSION': '1.19c',
16:53:27     INFO -  'LOCALAPPDATA': 'C:\\Users\\cltbld.T-W864-IX-015.001\\AppData\\Local',
16:53:27     INFO -  'LOGONSERVER': '\\\\T-W864-IX-015',
16:53:27     INFO -  'MONDIR': 'C:\\Monitor_config\\',
16:53:27     INFO -  'MOZBUILDDIR': 'C:\\mozilla-build\\',
16:53:27     INFO -  'MOZ_CRASHREPORTER_NO_REPORT': '1',
16:53:27     INFO -  'MOZ_HIDE_RESULTS_TABLE': '1',
16:53:27     INFO -  'MOZ_NO_REMOTE': '1',
16:53:27     INFO -  'NO_EM_RESTART': '1',
16:53:27     INFO -  'NO_FAIL_ON_TEST_ERRORS': '1',
16:53:27     INFO -  'NUMBER_OF_PROCESSORS': '8',
16:53:27     INFO -  'OS': 'Windows_NT',
16:53:27     INFO -  'OURDRIVE': 'C:',
16:53:27     INFO -  'PATH': 'C:\\Program Files (x86)\\NVIDIA Corporation\\PhysX\\Common;C:\\windows\\system32;C:\\windows;C:\\windows\\System32\\Wbem;C:\\windows\\System32\\WindowsPowerShell\\v1.0\\;C:\\mozilla-build\\python27;C:\\mozilla-build\\python27\\Scripts;C:\\mozilla-build\\msys\\bin;C:\\mozilla-build\\vim\\vim72;C:\\mozilla-build\\wget;C:\\mozilla-build\\info-zip;C:\\CoreUtils\\bin;C:\\mozilla-build\\buildbotve\\scripts;C:\\mozilla-build\\hg',
16:53:27     INFO -  'PATHEXT': '.COM;.EXE;.BAT;.CMD;.VBS;.VBE;.JS;.JSE;.WSF;.WSH;.MSC',
16:53:27     INFO -  'PROCESSOR_ARCHITECTURE': 'x86',
16:53:27     INFO -  'PROCESSOR_ARCHITEW6432': 'AMD64',
16:53:27     INFO -  'PROCESSOR_IDENTIFIER': 'Intel64 Family 6 Model 30 Stepping 5, GenuineIntel',
16:53:27     INFO -  'PROCESSOR_LEVEL': '6',
16:53:27     INFO -  'PROCESSOR_REVISION': '1e05',
16:53:27     INFO -  'PROGRAMDATA': 'C:\\ProgramData',
16:53:27     INFO -  'PROGRAMFILES': 'C:\\Program Files (x86)',
16:53:27     INFO -  'PROGRAMFILES(X86)': 'C:\\Program Files (x86)',
16:53:27     INFO -  'PROGRAMW6432': 'C:\\Program Files',
16:53:27     INFO -  'PROMPT': '$P$G',
16:53:27     INFO -  'PROPERTIES_FILE': 'C:\\slave\\test/buildprops.json',
16:53:27     INFO -  'PSMODULEPATH': 'C:\\windows\\system32\\WindowsPowerShell\\v1.0\\Modules\\',
16:53:27     INFO -  'PUBLIC': 'C:\\Users\\Public',
16:53:27     INFO -  'PWD': 'C:\\slave\\test',
16:53:27     INFO -  'RUNLOGFILE': 'C:\\slave\\\\runslave.log',
16:53:27     INFO -  'SLAVEDIR': 'C:\\slave\\',
16:53:27     INFO -  'SYSTEMDRIVE': 'C:',
16:53:27     INFO -  'SYSTEMROOT': 'C:\\windows',
16:53:27     INFO -  'TEMP': 'C:\\Users\\CLTBLD~1.001\\AppData\\Local\\Temp',
16:53:27     INFO -  'TEST1': 'testie',
16:53:27     INFO -  'TMP': 'C:\\Users\\CLTBLD~1.001\\AppData\\Local\\Temp',
16:53:27     INFO -  'USERDOMAIN': 'T-W864-IX-015',
16:53:27     INFO -  'USERDOMAIN_ROAMINGPROFILE': 'T-W864-IX-015',
16:53:27     INFO -  'USERNAME': 'cltbld',
16:53:27     INFO -  'USERPROFILE': 'C:\\Users\\cltbld.T-W864-IX-015.001',
16:53:27     INFO -  'WINDIR': 'C:\\windows',
16:53:27     INFO -  'XPCOM_DEBUG_BREAK': 'warn'}
16:53:27     INFO -  Ignoring indexes: https://pypi.python.org/simple
16:53:27     INFO -  Collecting jsonschema==2.5.1
16:53:28     INFO -    Downloading http://pypi.pvt.build.mozilla.org/pub/jsonschema-2.5.1-py2.py3-none-any.whl
16:53:28     INFO -  Collecting functools32; python_version == "2.7" (from jsonschema==2.5.1)
16:53:29     INFO -  Installing collected packages: functools32, jsonschema
16:53:29     INFO -  Successfully installed functools32-3.2.3.post2 jsonschema-2.5.1
16:53:30     INFO - Return code: 0
16:53:30     INFO - Installing functools32==3.2.3-2 into virtualenv C:\slave\test\build\venv
16:53:30     INFO - retry: Calling run_command with args: [['C:\\slave\\test\\build\\venv\\Scripts\\pip', 'install', '--timeout', '120', '--no-index', '--find-links', 'http://pypi.pvt.build.mozilla.org/pub', '--find-links', 'http://pypi.pub.build.mozilla.org/pub', '--trusted-host', 'pypi.pub.build.mozilla.org', '--trusted-host', 'pypi.pvt.build.mozilla.org', 'functools32==3.2.3-2']], kwargs: {'error_level': 'warning', 'error_list': [{'substr': 'not found or a compiler error:', 'level': 'warning'}, {'regex': <_sre.SRE_Pattern object at 0x025AA250>, 'level': 'error'}, {'regex': <_sre.SRE_Pattern object at 0x025BE188>, 'level': 'warning'}, {'regex': <_sre.SRE_Pattern object at 0x02557260>, 'level': 'debug'}, {'substr': 'command not found', 'level': 'error'}, {'regex': <_sre.SRE_Pattern object at 0x004B8DE8>, 'level': 'warning'}, {'substr': 'Traceback (most recent call last)', 'level': 'error'}, {'substr': 'SyntaxError: ', 'level': 'error'}, {'substr': 'TypeError: ', 'level': 'error'}, {'substr': 'NameError: ', 'level': 'error'}, {'substr': 'ZeroDivisionError: ', 'level': 'error'}, {'regex': <_sre.SRE_Pattern object at 0x02525230>, 'level': 'critical'}, {'regex': <_sre.SRE_Pattern object at 0x025B2520>, 'level': 'critical'}], 'cwd': 'C:\\slave\\test\\build', 'env': {'TMP': 'C:\\Users\\CLTBLD~1.001\\AppData\\Local\\Temp', 'TEST1': 'testie', 'COMPUTERNAME': 'T-W864-IX-015', 'USERDOMAIN': 'T-W864-IX-015', 'KTS_VERSION': '1.19c', 'PSMODULEPATH': 'C:\\windows\\system32\\WindowsPowerShell\\v1.0\\Modules\\', 'COMMONPROGRAMFILES': 'C:\\Program Files (x86)\\Common Files', 'PROCESSOR_IDENTIFIER': 'Intel64 Family 6 Model 30 Stepping 5, GenuineIntel', 'PROGRAMFILES': 'C:\\Program Files (x86)', 'PROCESSOR_REVISION': '1e05', 'DNSSUFFIX': 'wintest.releng.scl3.mozilla.com', 'SYSTEMROOT': 'C:\\windows', 'NO_EM_RESTART': '1', 'PROGRAMFILES(X86)': 'C:\\Program Files (x86)', 'OURDRIVE': 'C:', 'MOZ_HIDE_RESULTS_TABLE': '1', 'XPCOM_DEBUG_BREAK': 'warn', 'MONDIR': 'C:\\Monitor_config\\', 'TEMP': 'C:\\Users\\CLTBLD~1.001\\AppData\\Local\\Temp', 'COMMONPROGRAMFILES(X86)': 'C:\\Program Files (x86)\\Common Files', 'RUNLOGFILE': 'C:\\slave\\\\runslave.log', 'PROCESSOR_ARCHITECTURE': 'x86', 'ALLUSERSPROFILE': 'C:\\ProgramData', 'USERPROFILE': 'C:\\Users\\cltbld.T-W864-IX-015.001', 'LOCALAPPDATA': 'C:\\Users\\cltbld.T-W864-IX-015.001\\AppData\\Local', 'HOMEPATH': '\\Users\\cltbld.T-W864-IX-015.001', 'USERDOMAIN_ROAMINGPROFILE': 'T-W864-IX-015', 'MOZBUILDDIR': 'C:\\mozilla-build\\', 'PROGRAMW6432': 'C:\\Program Files', 'USERNAME': 'cltbld', 'LOGONSERVER': '\\\\T-W864-IX-015', 'MOZ_NO_REMOTE': '1', 'COMSPEC': 'C:\\windows\\system32\\cmd.exe', 'PROGRAMDATA': 'C:\\ProgramData', 'PROPERTIES_FILE': 'C:\\slave\\test/buildprops.json', 'PATH': 'C:\\Program Files (x86)\\NVIDIA Corporation\\PhysX\\Common;C:\\windows\\system32;C:\\windows;C:\\windows\\System32\\Wbem;C:\\windows\\System32\\WindowsPowerShell\\v1.0\\;C:\\mozilla-build\\python27;C:\\mozilla-build\\python27\\Scripts;C:\\mozilla-build\\msys\\bin;C:\\mozilla-build\\vim\\vim72;C:\\mozilla-build\\wget;C:\\mozilla-build\\info-zip;C:\\CoreUtils\\bin;C:\\mozilla-build\\buildbotve\\scripts;C:\\mozilla-build\\hg', 'PROMPT': '$P$G', 'NO_FAIL_ON_TEST_ERRORS': '1', 'PATHEXT': '.COM;.EXE;.BAT;.CMD;.VBS;.VBE;.JS;.JSE;.WSF;.WSH;.MSC', 'FP_NO_HOST_CHECK': 'NO', 'DCLOCATION': 'SCL3', 'APPDATA': 'C:\\Users\\cltbld.T-W864-IX-015.001\\AppData\\Roaming', 'HOMEDRIVE': 'C:', 'SYSTEMDRIVE': 'C:', 'SLAVEDIR': 'C:\\slave\\', 'NUMBER_OF_PROCESSORS': '8', 'PWD': 'C:\\slave\\test', 'PROCESSOR_LEVEL': '6', 'KTS_HOME': 'C:\\Program Files\\KTS', 'PROCESSOR_ARCHITEW6432': 'AMD64', 'MOZ_CRASHREPORTER_NO_REPORT': '1', 'COMMONPROGRAMW6432': 'C:\\Program Files\\Common Files', 'OS': 'Windows_NT', 'PUBLIC': 'C:\\Users\\Public', 'WINDIR': 'C:\\windows'}}, attempt #1
16:53:30     INFO - Running command: ['C:\\slave\\test\\build\\venv\\Scripts\\pip', 'install', '--timeout', '120', '--no-index', '--find-links', 'http://pypi.pvt.build.mozilla.org/pub', '--find-links', 'http://pypi.pub.build.mozilla.org/pub', '--trusted-host', 'pypi.pub.build.mozilla.org', '--trusted-host', 'pypi.pvt.build.mozilla.org', 'functools32==3.2.3-2'] in C:\slave\test\build
16:53:30     INFO - Copy/paste: C:\slave\test\build\venv\Scripts\pip install --timeout 120 --no-index --find-links http://pypi.pvt.build.mozilla.org/pub --find-links http://pypi.pub.build.mozilla.org/pub --trusted-host pypi.pub.build.mozilla.org --trusted-host pypi.pvt.build.mozilla.org functools32==3.2.3-2
16:53:30     INFO - Using env: {'ALLUSERSPROFILE': 'C:\\ProgramData',
16:53:30     INFO -  'APPDATA': 'C:\\Users\\cltbld.T-W864-IX-015.001\\AppData\\Roaming',
16:53:30     INFO -  'COMMONPROGRAMFILES': 'C:\\Program Files (x86)\\Common Files',
16:53:30     INFO -  'COMMONPROGRAMFILES(X86)': 'C:\\Program Files (x86)\\Common Files',
16:53:30     INFO -  'COMMONPROGRAMW6432': 'C:\\Program Files\\Common Files',
16:53:30     INFO -  'COMPUTERNAME': 'T-W864-IX-015',
16:53:30     INFO -  'COMSPEC': 'C:\\windows\\system32\\cmd.exe',
16:53:30     INFO -  'DCLOCATION': 'SCL3',
16:53:30     INFO -  'DNSSUFFIX': 'wintest.releng.scl3.mozilla.com',
16:53:30     INFO -  'FP_NO_HOST_CHECK': 'NO',
16:53:30     INFO -  'HOMEDRIVE': 'C:',
16:53:30     INFO -  'HOMEPATH': '\\Users\\cltbld.T-W864-IX-015.001',
16:53:30     INFO -  'KTS_HOME': 'C:\\Program Files\\KTS',
16:53:30     INFO -  'KTS_VERSION': '1.19c',
16:53:30     INFO -  'LOCALAPPDATA': 'C:\\Users\\cltbld.T-W864-IX-015.001\\AppData\\Local',
16:53:30     INFO -  'LOGONSERVER': '\\\\T-W864-IX-015',
16:53:30     INFO -  'MONDIR': 'C:\\Monitor_config\\',
16:53:30     INFO -  'MOZBUILDDIR': 'C:\\mozilla-build\\',
16:53:30     INFO -  'MOZ_CRASHREPORTER_NO_REPORT': '1',
16:53:30     INFO -  'MOZ_HIDE_RESULTS_TABLE': '1',
16:53:30     INFO -  'MOZ_NO_REMOTE': '1',
16:53:30     INFO -  'NO_EM_RESTART': '1',
16:53:30     INFO -  'NO_FAIL_ON_TEST_ERRORS': '1',
16:53:30     INFO -  'NUMBER_OF_PROCESSORS': '8',
16:53:30     INFO -  'OS': 'Windows_NT',
16:53:30     INFO -  'OURDRIVE': 'C:',
16:53:30     INFO -  'PATH': 'C:\\Program Files (x86)\\NVIDIA Corporation\\PhysX\\Common;C:\\windows\\system32;C:\\windows;C:\\windows\\System32\\Wbem;C:\\windows\\System32\\WindowsPowerShell\\v1.0\\;C:\\mozilla-build\\python27;C:\\mozilla-build\\python27\\Scripts;C:\\mozilla-build\\msys\\bin;C:\\mozilla-build\\vim\\vim72;C:\\mozilla-build\\wget;C:\\mozilla-build\\info-zip;C:\\CoreUtils\\bin;C:\\mozilla-build\\buildbotve\\scripts;C:\\mozilla-build\\hg',
16:53:30     INFO -  'PATHEXT': '.COM;.EXE;.BAT;.CMD;.VBS;.VBE;.JS;.JSE;.WSF;.WSH;.MSC',
16:53:30     INFO -  'PROCESSOR_ARCHITECTURE': 'x86',
16:53:30     INFO -  'PROCESSOR_ARCHITEW6432': 'AMD64',
16:53:30     INFO -  'PROCESSOR_IDENTIFIER': 'Intel64 Family 6 Model 30 Stepping 5, GenuineIntel',
16:53:30     INFO -  'PROCESSOR_LEVEL': '6',
16:53:30     INFO -  'PROCESSOR_REVISION': '1e05',
16:53:30     INFO -  'PROGRAMDATA': 'C:\\ProgramData',
16:53:30     INFO -  'PROGRAMFILES': 'C:\\Program Files (x86)',
16:53:30     INFO -  'PROGRAMFILES(X86)': 'C:\\Program Files (x86)',
16:53:30     INFO -  'PROGRAMW6432': 'C:\\Program Files',
16:53:30     INFO -  'PROMPT': '$P$G',
16:53:30     INFO -  'PROPERTIES_FILE': 'C:\\slave\\test/buildprops.json',
16:53:30     INFO -  'PSMODULEPATH': 'C:\\windows\\system32\\WindowsPowerShell\\v1.0\\Modules\\',
16:53:30     INFO -  'PUBLIC': 'C:\\Users\\Public',
16:53:30     INFO -  'PWD': 'C:\\slave\\test',
16:53:30     INFO -  'RUNLOGFILE': 'C:\\slave\\\\runslave.log',
16:53:30     INFO -  'SLAVEDIR': 'C:\\slave\\',
16:53:30     INFO -  'SYSTEMDRIVE': 'C:',
16:53:30     INFO -  'SYSTEMROOT': 'C:\\windows',
16:53:30     INFO -  'TEMP': 'C:\\Users\\CLTBLD~1.001\\AppData\\Local\\Temp',
16:53:30     INFO -  'TEST1': 'testie',
16:53:30     INFO -  'TMP': 'C:\\Users\\CLTBLD~1.001\\AppData\\Local\\Temp',
16:53:30     INFO -  'USERDOMAIN': 'T-W864-IX-015',
16:53:30     INFO -  'USERDOMAIN_ROAMINGPROFILE': 'T-W864-IX-015',
16:53:30     INFO -  'USERNAME': 'cltbld',
16:53:30     INFO -  'USERPROFILE': 'C:\\Users\\cltbld.T-W864-IX-015.001',
16:53:30     INFO -  'WINDIR': 'C:\\windows',
16:53:30     INFO -  'XPCOM_DEBUG_BREAK': 'warn'}
16:53:30     INFO -  Ignoring indexes: https://pypi.python.org/simple
16:53:30     INFO -  Requirement already satisfied (use --upgrade to upgrade): functools32==3.2.3-2 in c:\slave\test\build\venv\lib\site-packages
16:53:30     INFO - Return code: 0
16:53:30     INFO - Installing blobuploader==1.2.4 into virtualenv C:\slave\test\build\venv
16:53:30     INFO - retry: Calling run_command with args: [['C:\\slave\\test\\build\\venv\\Scripts\\pip', 'install', '--timeout', '120', '--no-index', '--find-links', 'http://pypi.pvt.build.mozilla.org/pub', '--find-links', 'http://pypi.pub.build.mozilla.org/pub', '--trusted-host', 'pypi.pub.build.mozilla.org', '--trusted-host', 'pypi.pvt.build.mozilla.org', 'blobuploader==1.2.4']], kwargs: {'error_level': 'warning', 'error_list': [{'substr': 'not found or a compiler error:', 'level': 'warning'}, {'regex': <_sre.SRE_Pattern object at 0x025AA250>, 'level': 'error'}, {'regex': <_sre.SRE_Pattern object at 0x025BE188>, 'level': 'warning'}, {'regex': <_sre.SRE_Pattern object at 0x02557260>, 'level': 'debug'}, {'substr': 'command not found', 'level': 'error'}, {'regex': <_sre.SRE_Pattern object at 0x004B8DE8>, 'level': 'warning'}, {'substr': 'Traceback (most recent call last)', 'level': 'error'}, {'substr': 'SyntaxError: ', 'level': 'error'}, {'substr': 'TypeError: ', 'level': 'error'}, {'substr': 'NameError: ', 'level': 'error'}, {'substr': 'ZeroDivisionError: ', 'level': 'error'}, {'regex': <_sre.SRE_Pattern object at 0x02525230>, 'level': 'critical'}, {'regex': <_sre.SRE_Pattern object at 0x025B2520>, 'level': 'critical'}], 'cwd': 'C:\\slave\\test\\build', 'env': {'TMP': 'C:\\Users\\CLTBLD~1.001\\AppData\\Local\\Temp', 'TEST1': 'testie', 'COMPUTERNAME': 'T-W864-IX-015', 'USERDOMAIN': 'T-W864-IX-015', 'KTS_VERSION': '1.19c', 'PSMODULEPATH': 'C:\\windows\\system32\\WindowsPowerShell\\v1.0\\Modules\\', 'COMMONPROGRAMFILES': 'C:\\Program Files (x86)\\Common Files', 'PROCESSOR_IDENTIFIER': 'Intel64 Family 6 Model 30 Stepping 5, GenuineIntel', 'PROGRAMFILES': 'C:\\Program Files (x86)', 'PROCESSOR_REVISION': '1e05', 'DNSSUFFIX': 'wintest.releng.scl3.mozilla.com', 'SYSTEMROOT': 'C:\\windows', 'NO_EM_RESTART': '1', 'PROGRAMFILES(X86)': 'C:\\Program Files (x86)', 'OURDRIVE': 'C:', 'MOZ_HIDE_RESULTS_TABLE': '1', 'XPCOM_DEBUG_BREAK': 'warn', 'MONDIR': 'C:\\Monitor_config\\', 'TEMP': 'C:\\Users\\CLTBLD~1.001\\AppData\\Local\\Temp', 'COMMONPROGRAMFILES(X86)': 'C:\\Program Files (x86)\\Common Files', 'RUNLOGFILE': 'C:\\slave\\\\runslave.log', 'PROCESSOR_ARCHITECTURE': 'x86', 'ALLUSERSPROFILE': 'C:\\ProgramData', 'USERPROFILE': 'C:\\Users\\cltbld.T-W864-IX-015.001', 'LOCALAPPDATA': 'C:\\Users\\cltbld.T-W864-IX-015.001\\AppData\\Local', 'HOMEPATH': '\\Users\\cltbld.T-W864-IX-015.001', 'USERDOMAIN_ROAMINGPROFILE': 'T-W864-IX-015', 'MOZBUILDDIR': 'C:\\mozilla-build\\', 'PROGRAMW6432': 'C:\\Program Files', 'USERNAME': 'cltbld', 'LOGONSERVER': '\\\\T-W864-IX-015', 'MOZ_NO_REMOTE': '1', 'COMSPEC': 'C:\\windows\\system32\\cmd.exe', 'PROGRAMDATA': 'C:\\ProgramData', 'PROPERTIES_FILE': 'C:\\slave\\test/buildprops.json', 'PATH': 'C:\\Program Files (x86)\\NVIDIA Corporation\\PhysX\\Common;C:\\windows\\system32;C:\\windows;C:\\windows\\System32\\Wbem;C:\\windows\\System32\\WindowsPowerShell\\v1.0\\;C:\\mozilla-build\\python27;C:\\mozilla-build\\python27\\Scripts;C:\\mozilla-build\\msys\\bin;C:\\mozilla-build\\vim\\vim72;C:\\mozilla-build\\wget;C:\\mozilla-build\\info-zip;C:\\CoreUtils\\bin;C:\\mozilla-build\\buildbotve\\scripts;C:\\mozilla-build\\hg', 'PROMPT': '$P$G', 'NO_FAIL_ON_TEST_ERRORS': '1', 'PATHEXT': '.COM;.EXE;.BAT;.CMD;.VBS;.VBE;.JS;.JSE;.WSF;.WSH;.MSC', 'FP_NO_HOST_CHECK': 'NO', 'DCLOCATION': 'SCL3', 'APPDATA': 'C:\\Users\\cltbld.T-W864-IX-015.001\\AppData\\Roaming', 'HOMEDRIVE': 'C:', 'SYSTEMDRIVE': 'C:', 'SLAVEDIR': 'C:\\slave\\', 'NUMBER_OF_PROCESSORS': '8', 'PWD': 'C:\\slave\\test', 'PROCESSOR_LEVEL': '6', 'KTS_HOME': 'C:\\Program Files\\KTS', 'PROCESSOR_ARCHITEW6432': 'AMD64', 'MOZ_CRASHREPORTER_NO_REPORT': '1', 'COMMONPROGRAMW6432': 'C:\\Program Files\\Common Files', 'OS': 'Windows_NT', 'PUBLIC': 'C:\\Users\\Public', 'WINDIR': 'C:\\windows'}}, attempt #1
16:53:30     INFO - Running command: ['C:\\slave\\test\\build\\venv\\Scripts\\pip', 'install', '--timeout', '120', '--no-index', '--find-links', 'http://pypi.pvt.build.mozilla.org/pub', '--find-links', 'http://pypi.pub.build.mozilla.org/pub', '--trusted-host', 'pypi.pub.build.mozilla.org', '--trusted-host', 'pypi.pvt.build.mozilla.org', 'blobuploader==1.2.4'] in C:\slave\test\build
16:53:30     INFO - Copy/paste: C:\slave\test\build\venv\Scripts\pip install --timeout 120 --no-index --find-links http://pypi.pvt.build.mozilla.org/pub --find-links http://pypi.pub.build.mozilla.org/pub --trusted-host pypi.pub.build.mozilla.org --trusted-host pypi.pvt.build.mozilla.org blobuploader==1.2.4
16:53:30     INFO - Using env: {'ALLUSERSPROFILE': 'C:\\ProgramData',
16:53:30     INFO -  'APPDATA': 'C:\\Users\\cltbld.T-W864-IX-015.001\\AppData\\Roaming',
16:53:30     INFO -  'COMMONPROGRAMFILES': 'C:\\Program Files (x86)\\Common Files',
16:53:30     INFO -  'COMMONPROGRAMFILES(X86)': 'C:\\Program Files (x86)\\Common Files',
16:53:30     INFO -  'COMMONPROGRAMW6432': 'C:\\Program Files\\Common Files',
16:53:30     INFO -  'COMPUTERNAME': 'T-W864-IX-015',
16:53:30     INFO -  'COMSPEC': 'C:\\windows\\system32\\cmd.exe',
16:53:30     INFO -  'DCLOCATION': 'SCL3',
16:53:30     INFO -  'DNSSUFFIX': 'wintest.releng.scl3.mozilla.com',
16:53:30     INFO -  'FP_NO_HOST_CHECK': 'NO',
16:53:30     INFO -  'HOMEDRIVE': 'C:',
16:53:30     INFO -  'HOMEPATH': '\\Users\\cltbld.T-W864-IX-015.001',
16:53:30     INFO -  'KTS_HOME': 'C:\\Program Files\\KTS',
16:53:30     INFO -  'KTS_VERSION': '1.19c',
16:53:30     INFO -  'LOCALAPPDATA': 'C:\\Users\\cltbld.T-W864-IX-015.001\\AppData\\Local',
16:53:30     INFO -  'LOGONSERVER': '\\\\T-W864-IX-015',
16:53:30     INFO -  'MONDIR': 'C:\\Monitor_config\\',
16:53:30     INFO -  'MOZBUILDDIR': 'C:\\mozilla-build\\',
16:53:30     INFO -  'MOZ_CRASHREPORTER_NO_REPORT': '1',
16:53:30     INFO -  'MOZ_HIDE_RESULTS_TABLE': '1',
16:53:30     INFO -  'MOZ_NO_REMOTE': '1',
16:53:30     INFO -  'NO_EM_RESTART': '1',
16:53:30     INFO -  'NO_FAIL_ON_TEST_ERRORS': '1',
16:53:30     INFO -  'NUMBER_OF_PROCESSORS': '8',
16:53:30     INFO -  'OS': 'Windows_NT',
16:53:30     INFO -  'OURDRIVE': 'C:',
16:53:30     INFO -  'PATH': 'C:\\Program Files (x86)\\NVIDIA Corporation\\PhysX\\Common;C:\\windows\\system32;C:\\windows;C:\\windows\\System32\\Wbem;C:\\windows\\System32\\WindowsPowerShell\\v1.0\\;C:\\mozilla-build\\python27;C:\\mozilla-build\\python27\\Scripts;C:\\mozilla-build\\msys\\bin;C:\\mozilla-build\\vim\\vim72;C:\\mozilla-build\\wget;C:\\mozilla-build\\info-zip;C:\\CoreUtils\\bin;C:\\mozilla-build\\buildbotve\\scripts;C:\\mozilla-build\\hg',
16:53:30     INFO -  'PATHEXT': '.COM;.EXE;.BAT;.CMD;.VBS;.VBE;.JS;.JSE;.WSF;.WSH;.MSC',
16:53:30     INFO -  'PROCESSOR_ARCHITECTURE': 'x86',
16:53:30     INFO -  'PROCESSOR_ARCHITEW6432': 'AMD64',
16:53:30     INFO -  'PROCESSOR_IDENTIFIER': 'Intel64 Family 6 Model 30 Stepping 5, GenuineIntel',
16:53:30     INFO -  'PROCESSOR_LEVEL': '6',
16:53:30     INFO -  'PROCESSOR_REVISION': '1e05',
16:53:30     INFO -  'PROGRAMDATA': 'C:\\ProgramData',
16:53:30     INFO -  'PROGRAMFILES': 'C:\\Program Files (x86)',
16:53:30     INFO -  'PROGRAMFILES(X86)': 'C:\\Program Files (x86)',
16:53:30     INFO -  'PROGRAMW6432': 'C:\\Program Files',
16:53:30     INFO -  'PROMPT': '$P$G',
16:53:30     INFO -  'PROPERTIES_FILE': 'C:\\slave\\test/buildprops.json',
16:53:30     INFO -  'PSMODULEPATH': 'C:\\windows\\system32\\WindowsPowerShell\\v1.0\\Modules\\',
16:53:30     INFO -  'PUBLIC': 'C:\\Users\\Public',
16:53:30     INFO -  'PWD': 'C:\\slave\\test',
16:53:30     INFO -  'RUNLOGFILE': 'C:\\slave\\\\runslave.log',
16:53:30     INFO -  'SLAVEDIR': 'C:\\slave\\',
16:53:30     INFO -  'SYSTEMDRIVE': 'C:',
16:53:30     INFO -  'SYSTEMROOT': 'C:\\windows',
16:53:30     INFO -  'TEMP': 'C:\\Users\\CLTBLD~1.001\\AppData\\Local\\Temp',
16:53:30     INFO -  'TEST1': 'testie',
16:53:30     INFO -  'TMP': 'C:\\Users\\CLTBLD~1.001\\AppData\\Local\\Temp',
16:53:30     INFO -  'USERDOMAIN': 'T-W864-IX-015',
16:53:30     INFO -  'USERDOMAIN_ROAMINGPROFILE': 'T-W864-IX-015',
16:53:30     INFO -  'USERNAME': 'cltbld',
16:53:30     INFO -  'USERPROFILE': 'C:\\Users\\cltbld.T-W864-IX-015.001',
16:53:30     INFO -  'WINDIR': 'C:\\windows',
16:53:30     INFO -  'XPCOM_DEBUG_BREAK': 'warn'}
16:53:30     INFO -  Ignoring indexes: https://pypi.python.org/simple
16:53:30     INFO -  Collecting blobuploader==1.2.4
16:53:32     INFO -  Collecting docopt==0.6.1 (from blobuploader==1.2.4)
16:53:33     INFO -  Collecting requests==1.2.3. (from blobuploader==1.2.4)
16:53:34     INFO -  Installing collected packages: docopt, requests, blobuploader
16:53:35     INFO -  Successfully installed blobuploader-1.2.4 docopt-0.6.1 requests-1.2.3
16:53:36     INFO - Return code: 0
16:53:36     INFO - Installing None into virtualenv C:\slave\test\build\venv
16:53:36     INFO - retry: Calling run_command with args: [['C:\\slave\\test\\build\\venv\\Scripts\\pip', 'install', '--no-deps', '--timeout', '120', '-r', 'C:\\slave\\test\\build\\tests\\config\\marionette_requirements.txt', '--no-index', '--find-links', 'http://pypi.pvt.build.mozilla.org/pub', '--find-links', 'http://pypi.pub.build.mozilla.org/pub', '--trusted-host', 'pypi.pub.build.mozilla.org', '--trusted-host', 'pypi.pvt.build.mozilla.org']], kwargs: {'error_level': 'warning', 'error_list': [{'substr': 'not found or a compiler error:', 'level': 'warning'}, {'regex': <_sre.SRE_Pattern object at 0x025AA250>, 'level': 'error'}, {'regex': <_sre.SRE_Pattern object at 0x025BE188>, 'level': 'warning'}, {'regex': <_sre.SRE_Pattern object at 0x02557260>, 'level': 'debug'}, {'substr': 'command not found', 'level': 'error'}, {'regex': <_sre.SRE_Pattern object at 0x004B8DE8>, 'level': 'warning'}, {'substr': 'Traceback (most recent call last)', 'level': 'error'}, {'substr': 'SyntaxError: ', 'level': 'error'}, {'substr': 'TypeError: ', 'level': 'error'}, {'substr': 'NameError: ', 'level': 'error'}, {'substr': 'ZeroDivisionError: ', 'level': 'error'}, {'regex': <_sre.SRE_Pattern object at 0x02525230>, 'level': 'critical'}, {'regex': <_sre.SRE_Pattern object at 0x025B2520>, 'level': 'critical'}], 'cwd': 'C:\\slave\\test\\build\\tests\\config', 'env': {'TMP': 'C:\\Users\\CLTBLD~1.001\\AppData\\Local\\Temp', 'TEST1': 'testie', 'COMPUTERNAME': 'T-W864-IX-015', 'USERDOMAIN': 'T-W864-IX-015', 'KTS_VERSION': '1.19c', 'PSMODULEPATH': 'C:\\windows\\system32\\WindowsPowerShell\\v1.0\\Modules\\', 'COMMONPROGRAMFILES': 'C:\\Program Files (x86)\\Common Files', 'PROCESSOR_IDENTIFIER': 'Intel64 Family 6 Model 30 Stepping 5, GenuineIntel', 'PROGRAMFILES': 'C:\\Program Files (x86)', 'PROCESSOR_REVISION': '1e05', 'DNSSUFFIX': 'wintest.releng.scl3.mozilla.com', 'SYSTEMROOT': 'C:\\windows', 'NO_EM_RESTART': '1', 'PROGRAMFILES(X86)': 'C:\\Program Files (x86)', 'OURDRIVE': 'C:', 'MOZ_HIDE_RESULTS_TABLE': '1', 'XPCOM_DEBUG_BREAK': 'warn', 'MONDIR': 'C:\\Monitor_config\\', 'TEMP': 'C:\\Users\\CLTBLD~1.001\\AppData\\Local\\Temp', 'COMMONPROGRAMFILES(X86)': 'C:\\Program Files (x86)\\Common Files', 'RUNLOGFILE': 'C:\\slave\\\\runslave.log', 'PROCESSOR_ARCHITECTURE': 'x86', 'ALLUSERSPROFILE': 'C:\\ProgramData', 'USERPROFILE': 'C:\\Users\\cltbld.T-W864-IX-015.001', 'LOCALAPPDATA': 'C:\\Users\\cltbld.T-W864-IX-015.001\\AppData\\Local', 'HOMEPATH': '\\Users\\cltbld.T-W864-IX-015.001', 'USERDOMAIN_ROAMINGPROFILE': 'T-W864-IX-015', 'MOZBUILDDIR': 'C:\\mozilla-build\\', 'PROGRAMW6432': 'C:\\Program Files', 'USERNAME': 'cltbld', 'LOGONSERVER': '\\\\T-W864-IX-015', 'MOZ_NO_REMOTE': '1', 'COMSPEC': 'C:\\windows\\system32\\cmd.exe', 'PROGRAMDATA': 'C:\\ProgramData', 'PROPERTIES_FILE': 'C:\\slave\\test/buildprops.json', 'PATH': 'C:\\Program Files (x86)\\NVIDIA Corporation\\PhysX\\Common;C:\\windows\\system32;C:\\windows;C:\\windows\\System32\\Wbem;C:\\windows\\System32\\WindowsPowerShell\\v1.0\\;C:\\mozilla-build\\python27;C:\\mozilla-build\\python27\\Scripts;C:\\mozilla-build\\msys\\bin;C:\\mozilla-build\\vim\\vim72;C:\\mozilla-build\\wget;C:\\mozilla-build\\info-zip;C:\\CoreUtils\\bin;C:\\mozilla-build\\buildbotve\\scripts;C:\\mozilla-build\\hg', 'PROMPT': '$P$G', 'NO_FAIL_ON_TEST_ERRORS': '1', 'PATHEXT': '.COM;.EXE;.BAT;.CMD;.VBS;.VBE;.JS;.JSE;.WSF;.WSH;.MSC', 'FP_NO_HOST_CHECK': 'NO', 'DCLOCATION': 'SCL3', 'APPDATA': 'C:\\Users\\cltbld.T-W864-IX-015.001\\AppData\\Roaming', 'HOMEDRIVE': 'C:', 'SYSTEMDRIVE': 'C:', 'SLAVEDIR': 'C:\\slave\\', 'NUMBER_OF_PROCESSORS': '8', 'PWD': 'C:\\slave\\test', 'PROCESSOR_LEVEL': '6', 'KTS_HOME': 'C:\\Program Files\\KTS', 'PROCESSOR_ARCHITEW6432': 'AMD64', 'MOZ_CRASHREPORTER_NO_REPORT': '1', 'COMMONPROGRAMW6432': 'C:\\Program Files\\Common Files', 'OS': 'Windows_NT', 'PUBLIC': 'C:\\Users\\Public', 'WINDIR': 'C:\\windows'}}, attempt #1
16:53:36     INFO - Running command: ['C:\\slave\\test\\build\\venv\\Scripts\\pip', 'install', '--no-deps', '--timeout', '120', '-r', 'C:\\slave\\test\\build\\tests\\config\\marionette_requirements.txt', '--no-index', '--find-links', 'http://pypi.pvt.build.mozilla.org/pub', '--find-links', 'http://pypi.pub.build.mozilla.org/pub', '--trusted-host', 'pypi.pub.build.mozilla.org', '--trusted-host', 'pypi.pvt.build.mozilla.org'] in C:\slave\test\build\tests\config
16:53:36     INFO - Copy/paste: C:\slave\test\build\venv\Scripts\pip install --no-deps --timeout 120 -r C:\slave\test\build\tests\config\marionette_requirements.txt --no-index --find-links http://pypi.pvt.build.mozilla.org/pub --find-links http://pypi.pub.build.mozilla.org/pub --trusted-host pypi.pub.build.mozilla.org --trusted-host pypi.pvt.build.mozilla.org
16:53:36     INFO - Using env: {'ALLUSERSPROFILE': 'C:\\ProgramData',
16:53:36     INFO -  'APPDATA': 'C:\\Users\\cltbld.T-W864-IX-015.001\\AppData\\Roaming',
16:53:36     INFO -  'COMMONPROGRAMFILES': 'C:\\Program Files (x86)\\Common Files',
16:53:36     INFO -  'COMMONPROGRAMFILES(X86)': 'C:\\Program Files (x86)\\Common Files',
16:53:36     INFO -  'COMMONPROGRAMW6432': 'C:\\Program Files\\Common Files',
16:53:36     INFO -  'COMPUTERNAME': 'T-W864-IX-015',
16:53:36     INFO -  'COMSPEC': 'C:\\windows\\system32\\cmd.exe',
16:53:36     INFO -  'DCLOCATION': 'SCL3',
16:53:36     INFO -  'DNSSUFFIX': 'wintest.releng.scl3.mozilla.com',
16:53:36     INFO -  'FP_NO_HOST_CHECK': 'NO',
16:53:36     INFO -  'HOMEDRIVE': 'C:',
16:53:36     INFO -  'HOMEPATH': '\\Users\\cltbld.T-W864-IX-015.001',
16:53:36     INFO -  'KTS_HOME': 'C:\\Program Files\\KTS',
16:53:36     INFO -  'KTS_VERSION': '1.19c',
16:53:36     INFO -  'LOCALAPPDATA': 'C:\\Users\\cltbld.T-W864-IX-015.001\\AppData\\Local',
16:53:36     INFO -  'LOGONSERVER': '\\\\T-W864-IX-015',
16:53:36     INFO -  'MONDIR': 'C:\\Monitor_config\\',
16:53:36     INFO -  'MOZBUILDDIR': 'C:\\mozilla-build\\',
16:53:36     INFO -  'MOZ_CRASHREPORTER_NO_REPORT': '1',
16:53:36     INFO -  'MOZ_HIDE_RESULTS_TABLE': '1',
16:53:36     INFO -  'MOZ_NO_REMOTE': '1',
16:53:36     INFO -  'NO_EM_RESTART': '1',
16:53:36     INFO -  'NO_FAIL_ON_TEST_ERRORS': '1',
16:53:36     INFO -  'NUMBER_OF_PROCESSORS': '8',
16:53:36     INFO -  'OS': 'Windows_NT',
16:53:36     INFO -  'OURDRIVE': 'C:',
16:53:36     INFO -  'PATH': 'C:\\Program Files (x86)\\NVIDIA Corporation\\PhysX\\Common;C:\\windows\\system32;C:\\windows;C:\\windows\\System32\\Wbem;C:\\windows\\System32\\WindowsPowerShell\\v1.0\\;C:\\mozilla-build\\python27;C:\\mozilla-build\\python27\\Scripts;C:\\mozilla-build\\msys\\bin;C:\\mozilla-build\\vim\\vim72;C:\\mozilla-build\\wget;C:\\mozilla-build\\info-zip;C:\\CoreUtils\\bin;C:\\mozilla-build\\buildbotve\\scripts;C:\\mozilla-build\\hg',
16:53:36     INFO -  'PATHEXT': '.COM;.EXE;.BAT;.CMD;.VBS;.VBE;.JS;.JSE;.WSF;.WSH;.MSC',
16:53:36     INFO -  'PROCESSOR_ARCHITECTURE': 'x86',
16:53:36     INFO -  'PROCESSOR_ARCHITEW6432': 'AMD64',
16:53:36     INFO -  'PROCESSOR_IDENTIFIER': 'Intel64 Family 6 Model 30 Stepping 5, GenuineIntel',
16:53:36     INFO -  'PROCESSOR_LEVEL': '6',
16:53:36     INFO -  'PROCESSOR_REVISION': '1e05',
16:53:36     INFO -  'PROGRAMDATA': 'C:\\ProgramData',
16:53:36     INFO -  'PROGRAMFILES': 'C:\\Program Files (x86)',
16:53:36     INFO -  'PROGRAMFILES(X86)': 'C:\\Program Files (x86)',
16:53:36     INFO -  'PROGRAMW6432': 'C:\\Program Files',
16:53:36     INFO -  'PROMPT': '$P$G',
16:53:36     INFO -  'PROPERTIES_FILE': 'C:\\slave\\test/buildprops.json',
16:53:36     INFO -  'PSMODULEPATH': 'C:\\windows\\system32\\WindowsPowerShell\\v1.0\\Modules\\',
16:53:36     INFO -  'PUBLIC': 'C:\\Users\\Public',
16:53:36     INFO -  'PWD': 'C:\\slave\\test',
16:53:36     INFO -  'RUNLOGFILE': 'C:\\slave\\\\runslave.log',
16:53:36     INFO -  'SLAVEDIR': 'C:\\slave\\',
16:53:36     INFO -  'SYSTEMDRIVE': 'C:',
16:53:36     INFO -  'SYSTEMROOT': 'C:\\windows',
16:53:36     INFO -  'TEMP': 'C:\\Users\\CLTBLD~1.001\\AppData\\Local\\Temp',
16:53:36     INFO -  'TEST1': 'testie',
16:53:36     INFO -  'TMP': 'C:\\Users\\CLTBLD~1.001\\AppData\\Local\\Temp',
16:53:36     INFO -  'USERDOMAIN': 'T-W864-IX-015',
16:53:36     INFO -  'USERDOMAIN_ROAMINGPROFILE': 'T-W864-IX-015',
16:53:36     INFO -  'USERNAME': 'cltbld',
16:53:36     INFO -  'USERPROFILE': 'C:\\Users\\cltbld.T-W864-IX-015.001',
16:53:36     INFO -  'WINDIR': 'C:\\windows',
16:53:36     INFO -  'XPCOM_DEBUG_BREAK': 'warn'}
16:53:36     INFO -  Ignoring indexes: https://pypi.python.org/simple
16:53:36     INFO -  Processing c:\slave\test\build\tests\mozbase\manifestparser
16:53:37     INFO -  Processing c:\slave\test\build\tests\mozbase\mozcrash
16:53:37     INFO -  Processing c:\slave\test\build\tests\mozbase\mozdebug
16:53:37     INFO -  Processing c:\slave\test\build\tests\mozbase\mozdevice
16:53:37     INFO -  Processing c:\slave\test\build\tests\mozbase\mozfile
16:53:38     INFO -  Processing c:\slave\test\build\tests\mozbase\mozhttpd
16:53:38     INFO -  Processing c:\slave\test\build\tests\mozbase\mozinfo
16:53:38     INFO -  Processing c:\slave\test\build\tests\mozbase\mozinstall
16:53:38     INFO -  Processing c:\slave\test\build\tests\mozbase\mozleak
16:53:38     INFO -  Processing c:\slave\test\build\tests\mozbase\mozlog
16:53:39     INFO -  Processing c:\slave\test\build\tests\mozbase\moznetwork
16:53:39     INFO -  Processing c:\slave\test\build\tests\mozbase\mozprocess
16:53:39     INFO -  Processing c:\slave\test\build\tests\mozbase\mozprofile
16:53:39     INFO -  Processing c:\slave\test\build\tests\mozbase\mozrunner
16:53:40     INFO -  Processing c:\slave\test\build\tests\mozbase\mozscreenshot
16:53:40     INFO -  Processing c:\slave\test\build\tests\mozbase\moztest
16:53:40     INFO -  Processing c:\slave\test\build\tests\mozbase\mozversion
16:53:40     INFO -  Processing c:\slave\test\build\tests\tools\wptserve
16:53:41     INFO -  Processing c:\slave\test\build\tests\marionette\client
16:53:41     INFO -  Processing c:\slave\test\build\tests\marionette\harness\marionette_harness\runner\mixins\browsermob-proxy-py
16:53:41     INFO -  Processing c:\slave\test\build\tests\marionette\harness
16:53:42     INFO -  Processing c:\slave\test\build\tests\marionette\puppeteer\firefox
16:53:42     INFO -  Building wheels for collected packages: browsermob-proxy
16:53:42     INFO -    Running setup.py bdist_wheel for browsermob-proxy: started
16:53:43     INFO -    Running setup.py bdist_wheel for browsermob-proxy: finished with status 'done'
16:53:43     INFO -    Stored in directory: C:\Users\cltbld.T-W864-IX-015.001\AppData\Local\pip\Cache\wheels\08\c0\29\e3a3f32d6ca19470885c6032e6c0a54976e207f709e0326988
16:53:44     INFO -  Successfully built browsermob-proxy
16:53:44     INFO -  Installing collected packages: manifestparser, mozcrash, mozdebug, mozdevice, mozfile, mozhttpd, mozinfo, mozInstall, mozleak, mozlog, moznetwork, mozprocess, mozprofile, mozrunner, mozscreenshot, moztest, mozversion, wptserve, marionette-driver, browsermob-proxy, marionette-harness, firefox-puppeteer
16:53:44     INFO -    Running setup.py install for manifestparser: started
16:53:44     INFO -      Running setup.py install for manifestparser: finished with status 'done'
16:53:45     INFO -    Running setup.py install for mozcrash: started
16:53:45     INFO -      Running setup.py install for mozcrash: finished with status 'done'
16:53:45     INFO -    Running setup.py install for mozdebug: started
16:53:46     INFO -      Running setup.py install for mozdebug: finished with status 'done'
16:53:46     INFO -    Running setup.py install for mozdevice: started
16:53:46     INFO -      Running setup.py install for mozdevice: finished with status 'done'
16:53:46     INFO -    Running setup.py install for mozfile: started
16:53:47     INFO -      Running setup.py install for mozfile: finished with status 'done'
16:53:47     INFO -    Running setup.py install for mozhttpd: started
16:53:47     INFO -      Running setup.py install for mozhttpd: finished with status 'done'
16:53:48     INFO -    Running setup.py install for mozinfo: started
16:53:48     INFO -      Running setup.py install for mozinfo: finished with status 'done'
16:53:48     INFO -    Running setup.py install for mozInstall: started
16:53:48     INFO -      Running setup.py install for mozInstall: finished with status 'done'
16:53:49     INFO -    Running setup.py install for mozleak: started
16:53:49     INFO -      Running setup.py install for mozleak: finished with status 'done'
16:53:49     INFO -    Running setup.py install for mozlog: started
16:53:49     INFO -      Running setup.py install for mozlog: finished with status 'done'
16:53:50     INFO -    Running setup.py install for moznetwork: started
16:53:50     INFO -      Running setup.py install for moznetwork: finished with status 'done'
16:53:51     INFO -    Running setup.py install for mozprocess: started
16:53:51     INFO -      Running setup.py install for mozprocess: finished with status 'done'
16:53:51     INFO -    Running setup.py install for mozprofile: started
16:53:51     INFO -      Running setup.py install for mozprofile: finished with status 'done'
16:53:52     INFO -    Running setup.py install for mozrunner: started
16:53:52     INFO -      Running setup.py install for mozrunner: finished with status 'done'
16:53:53     INFO -    Running setup.py install for mozscreenshot: started
16:53:53     INFO -      Running setup.py install for mozscreenshot: finished with status 'done'
16:53:53     INFO -    Running setup.py install for moztest: started
16:53:54     INFO -      Running setup.py install for moztest: finished with status 'done'
16:53:54     INFO -    Running setup.py install for mozversion: started
16:53:54     INFO -      Running setup.py install for mozversion: finished with status 'done'
16:53:54     INFO -    Running setup.py install for wptserve: started
16:53:55     INFO -      Running setup.py install for wptserve: finished with status 'done'
16:53:55     INFO -    Running setup.py install for marionette-driver: started
16:53:55     INFO -      Running setup.py install for marionette-driver: finished with status 'done'
16:53:56     INFO -    Running setup.py install for marionette-harness: started
16:53:56     INFO -      Running setup.py install for marionette-harness: finished with status 'done'
16:53:57     INFO -    Running setup.py install for firefox-puppeteer: started
16:53:58     INFO -      Running setup.py install for firefox-puppeteer: finished with status 'done'
16:53:59     INFO -  Successfully installed browsermob-proxy-0.6.0 firefox-puppeteer-52.1.0 manifestparser-1.1 marionette-driver-2.2.0 marionette-harness-4.0.0 mozInstall-1.12 mozcrash-1.0 mozdebug-0.1 mozdevice-0.48 mozfile-1.2 mozhttpd-0.7 mozinfo-0.9 mozleak-0.1 mozlog-3.4 moznetwork-0.27 mozprocess-0.23 mozprofile-0.28 mozrunner-6.13 mozscreenshot-0.1 moztest-0.8 mozversion-1.4 wptserve-1.4.0
16:53:59     INFO - Return code: 0
16:53:59     INFO - Installing None into virtualenv C:\slave\test\build\venv
16:53:59     INFO - retry: Calling run_command with args: [['C:\\slave\\test\\build\\venv\\Scripts\\pip', 'install', '--timeout', '120', '-r', 'C:\\slave\\test\\build\\tests\\config\\marionette_requirements.txt', '--no-index', '--find-links', 'http://pypi.pvt.build.mozilla.org/pub', '--find-links', 'http://pypi.pub.build.mozilla.org/pub', '--trusted-host', 'pypi.pub.build.mozilla.org', '--trusted-host', 'pypi.pvt.build.mozilla.org']], kwargs: {'error_level': 'warning', 'error_list': [{'substr': 'not found or a compiler error:', 'level': 'warning'}, {'regex': <_sre.SRE_Pattern object at 0x025AA250>, 'level': 'error'}, {'regex': <_sre.SRE_Pattern object at 0x025BE188>, 'level': 'warning'}, {'regex': <_sre.SRE_Pattern object at 0x02557260>, 'level': 'debug'}, {'substr': 'command not found', 'level': 'error'}, {'regex': <_sre.SRE_Pattern object at 0x004B8DE8>, 'level': 'warning'}, {'substr': 'Traceback (most recent call last)', 'level': 'error'}, {'substr': 'SyntaxError: ', 'level': 'error'}, {'substr': 'TypeError: ', 'level': 'error'}, {'substr': 'NameError: ', 'level': 'error'}, {'substr': 'ZeroDivisionError: ', 'level': 'error'}, {'regex': <_sre.SRE_Pattern object at 0x02525230>, 'level': 'critical'}, {'regex': <_sre.SRE_Pattern object at 0x025B2520>, 'level': 'critical'}], 'cwd': 'C:\\slave\\test\\build\\tests\\config', 'env': {'TMP': 'C:\\Users\\CLTBLD~1.001\\AppData\\Local\\Temp', 'TEST1': 'testie', 'COMPUTERNAME': 'T-W864-IX-015', 'USERDOMAIN': 'T-W864-IX-015', 'KTS_VERSION': '1.19c', 'PSMODULEPATH': 'C:\\windows\\system32\\WindowsPowerShell\\v1.0\\Modules\\', 'COMMONPROGRAMFILES': 'C:\\Program Files (x86)\\Common Files', 'PROCESSOR_IDENTIFIER': 'Intel64 Family 6 Model 30 Stepping 5, GenuineIntel', 'PROGRAMFILES': 'C:\\Program Files (x86)', 'PROCESSOR_REVISION': '1e05', 'DNSSUFFIX': 'wintest.releng.scl3.mozilla.com', 'SYSTEMROOT': 'C:\\windows', 'NO_EM_RESTART': '1', 'PROGRAMFILES(X86)': 'C:\\Program Files (x86)', 'OURDRIVE': 'C:', 'MOZ_HIDE_RESULTS_TABLE': '1', 'XPCOM_DEBUG_BREAK': 'warn', 'MONDIR': 'C:\\Monitor_config\\', 'TEMP': 'C:\\Users\\CLTBLD~1.001\\AppData\\Local\\Temp', 'COMMONPROGRAMFILES(X86)': 'C:\\Program Files (x86)\\Common Files', 'RUNLOGFILE': 'C:\\slave\\\\runslave.log', 'PROCESSOR_ARCHITECTURE': 'x86', 'ALLUSERSPROFILE': 'C:\\ProgramData', 'USERPROFILE': 'C:\\Users\\cltbld.T-W864-IX-015.001', 'LOCALAPPDATA': 'C:\\Users\\cltbld.T-W864-IX-015.001\\AppData\\Local', 'HOMEPATH': '\\Users\\cltbld.T-W864-IX-015.001', 'USERDOMAIN_ROAMINGPROFILE': 'T-W864-IX-015', 'MOZBUILDDIR': 'C:\\mozilla-build\\', 'PROGRAMW6432': 'C:\\Program Files', 'USERNAME': 'cltbld', 'LOGONSERVER': '\\\\T-W864-IX-015', 'MOZ_NO_REMOTE': '1', 'COMSPEC': 'C:\\windows\\system32\\cmd.exe', 'PROGRAMDATA': 'C:\\ProgramData', 'PROPERTIES_FILE': 'C:\\slave\\test/buildprops.json', 'PATH': 'C:\\Program Files (x86)\\NVIDIA Corporation\\PhysX\\Common;C:\\windows\\system32;C:\\windows;C:\\windows\\System32\\Wbem;C:\\windows\\System32\\WindowsPowerShell\\v1.0\\;C:\\mozilla-build\\python27;C:\\mozilla-build\\python27\\Scripts;C:\\mozilla-build\\msys\\bin;C:\\mozilla-build\\vim\\vim72;C:\\mozilla-build\\wget;C:\\mozilla-build\\info-zip;C:\\CoreUtils\\bin;C:\\mozilla-build\\buildbotve\\scripts;C:\\mozilla-build\\hg', 'PROMPT': '$P$G', 'NO_FAIL_ON_TEST_ERRORS': '1', 'PATHEXT': '.COM;.EXE;.BAT;.CMD;.VBS;.VBE;.JS;.JSE;.WSF;.WSH;.MSC', 'FP_NO_HOST_CHECK': 'NO', 'DCLOCATION': 'SCL3', 'APPDATA': 'C:\\Users\\cltbld.T-W864-IX-015.001\\AppData\\Roaming', 'HOMEDRIVE': 'C:', 'SYSTEMDRIVE': 'C:', 'SLAVEDIR': 'C:\\slave\\', 'NUMBER_OF_PROCESSORS': '8', 'PWD': 'C:\\slave\\test', 'PROCESSOR_LEVEL': '6', 'KTS_HOME': 'C:\\Program Files\\KTS', 'PROCESSOR_ARCHITEW6432': 'AMD64', 'MOZ_CRASHREPORTER_NO_REPORT': '1', 'COMMONPROGRAMW6432': 'C:\\Program Files\\Common Files', 'OS': 'Windows_NT', 'PUBLIC': 'C:\\Users\\Public', 'WINDIR': 'C:\\windows'}}, attempt #1
16:53:59     INFO - Running command: ['C:\\slave\\test\\build\\venv\\Scripts\\pip', 'install', '--timeout', '120', '-r', 'C:\\slave\\test\\build\\tests\\config\\marionette_requirements.txt', '--no-index', '--find-links', 'http://pypi.pvt.build.mozilla.org/pub', '--find-links', 'http://pypi.pub.build.mozilla.org/pub', '--trusted-host', 'pypi.pub.build.mozilla.org', '--trusted-host', 'pypi.pvt.build.mozilla.org'] in C:\slave\test\build\tests\config
16:53:59     INFO - Copy/paste: C:\slave\test\build\venv\Scripts\pip install --timeout 120 -r C:\slave\test\build\tests\config\marionette_requirements.txt --no-index --find-links http://pypi.pvt.build.mozilla.org/pub --find-links http://pypi.pub.build.mozilla.org/pub --trusted-host pypi.pub.build.mozilla.org --trusted-host pypi.pvt.build.mozilla.org
16:53:59     INFO - Using env: {'ALLUSERSPROFILE': 'C:\\ProgramData',
16:53:59     INFO -  'APPDATA': 'C:\\Users\\cltbld.T-W864-IX-015.001\\AppData\\Roaming',
16:53:59     INFO -  'COMMONPROGRAMFILES': 'C:\\Program Files (x86)\\Common Files',
16:53:59     INFO -  'COMMONPROGRAMFILES(X86)': 'C:\\Program Files (x86)\\Common Files',
16:53:59     INFO -  'COMMONPROGRAMW6432': 'C:\\Program Files\\Common Files',
16:53:59     INFO -  'COMPUTERNAME': 'T-W864-IX-015',
16:53:59     INFO -  'COMSPEC': 'C:\\windows\\system32\\cmd.exe',
16:53:59     INFO -  'DCLOCATION': 'SCL3',
16:53:59     INFO -  'DNSSUFFIX': 'wintest.releng.scl3.mozilla.com',
16:53:59     INFO -  'FP_NO_HOST_CHECK': 'NO',
16:53:59     INFO -  'HOMEDRIVE': 'C:',
16:53:59     INFO -  'HOMEPATH': '\\Users\\cltbld.T-W864-IX-015.001',
16:53:59     INFO -  'KTS_HOME': 'C:\\Program Files\\KTS',
16:53:59     INFO -  'KTS_VERSION': '1.19c',
16:53:59     INFO -  'LOCALAPPDATA': 'C:\\Users\\cltbld.T-W864-IX-015.001\\AppData\\Local',
16:53:59     INFO -  'LOGONSERVER': '\\\\T-W864-IX-015',
16:53:59     INFO -  'MONDIR': 'C:\\Monitor_config\\',
16:53:59     INFO -  'MOZBUILDDIR': 'C:\\mozilla-build\\',
16:53:59     INFO -  'MOZ_CRASHREPORTER_NO_REPORT': '1',
16:53:59     INFO -  'MOZ_HIDE_RESULTS_TABLE': '1',
16:53:59     INFO -  'MOZ_NO_REMOTE': '1',
16:53:59     INFO -  'NO_EM_RESTART': '1',
16:53:59     INFO -  'NO_FAIL_ON_TEST_ERRORS': '1',
16:53:59     INFO -  'NUMBER_OF_PROCESSORS': '8',
16:53:59     INFO -  'OS': 'Windows_NT',
16:53:59     INFO -  'OURDRIVE': 'C:',
16:53:59     INFO -  'PATH': 'C:\\Program Files (x86)\\NVIDIA Corporation\\PhysX\\Common;C:\\windows\\system32;C:\\windows;C:\\windows\\System32\\Wbem;C:\\windows\\System32\\WindowsPowerShell\\v1.0\\;C:\\mozilla-build\\python27;C:\\mozilla-build\\python27\\Scripts;C:\\mozilla-build\\msys\\bin;C:\\mozilla-build\\vim\\vim72;C:\\mozilla-build\\wget;C:\\mozilla-build\\info-zip;C:\\CoreUtils\\bin;C:\\mozilla-build\\buildbotve\\scripts;C:\\mozilla-build\\hg',
16:53:59     INFO -  'PATHEXT': '.COM;.EXE;.BAT;.CMD;.VBS;.VBE;.JS;.JSE;.WSF;.WSH;.MSC',
16:53:59     INFO -  'PROCESSOR_ARCHITECTURE': 'x86',
16:53:59     INFO -  'PROCESSOR_ARCHITEW6432': 'AMD64',
16:53:59     INFO -  'PROCESSOR_IDENTIFIER': 'Intel64 Family 6 Model 30 Stepping 5, GenuineIntel',
16:53:59     INFO -  'PROCESSOR_LEVEL': '6',
16:53:59     INFO -  'PROCESSOR_REVISION': '1e05',
16:53:59     INFO -  'PROGRAMDATA': 'C:\\ProgramData',
16:53:59     INFO -  'PROGRAMFILES': 'C:\\Program Files (x86)',
16:53:59     INFO -  'PROGRAMFILES(X86)': 'C:\\Program Files (x86)',
16:53:59     INFO -  'PROGRAMW6432': 'C:\\Program Files',
16:53:59     INFO -  'PROMPT': '$P$G',
16:53:59     INFO -  'PROPERTIES_FILE': 'C:\\slave\\test/buildprops.json',
16:53:59     INFO -  'PSMODULEPATH': 'C:\\windows\\system32\\WindowsPowerShell\\v1.0\\Modules\\',
16:53:59     INFO -  'PUBLIC': 'C:\\Users\\Public',
16:53:59     INFO -  'PWD': 'C:\\slave\\test',
16:53:59     INFO -  'RUNLOGFILE': 'C:\\slave\\\\runslave.log',
16:53:59     INFO -  'SLAVEDIR': 'C:\\slave\\',
16:53:59     INFO -  'SYSTEMDRIVE': 'C:',
16:53:59     INFO -  'SYSTEMROOT': 'C:\\windows',
16:53:59     INFO -  'TEMP': 'C:\\Users\\CLTBLD~1.001\\AppData\\Local\\Temp',
16:53:59     INFO -  'TEST1': 'testie',
16:53:59     INFO -  'TMP': 'C:\\Users\\CLTBLD~1.001\\AppData\\Local\\Temp',
16:53:59     INFO -  'USERDOMAIN': 'T-W864-IX-015',
16:53:59     INFO -  'USERDOMAIN_ROAMINGPROFILE': 'T-W864-IX-015',
16:53:59     INFO -  'USERNAME': 'cltbld',
16:53:59     INFO -  'USERPROFILE': 'C:\\Users\\cltbld.T-W864-IX-015.001',
16:53:59     INFO -  'WINDIR': 'C:\\windows',
16:53:59     INFO -  'XPCOM_DEBUG_BREAK': 'warn'}
16:53:59     INFO -  Ignoring indexes: https://pypi.python.org/simple
16:53:59     INFO -  Processing c:\slave\test\build\tests\mozbase\manifestparser
16:53:59     INFO -    Requirement already satisfied (use --upgrade to upgrade): manifestparser==1.1 from file:///C:/slave/test/build/tests/mozbase/manifestparser in c:\slave\test\build\venv\lib\site-packages (from -r C:\slave\test\build\tests\config\mozbase_requirements.txt (line 1))
16:53:59     INFO -  Processing c:\slave\test\build\tests\mozbase\mozcrash
16:54:00     INFO -    Requirement already satisfied (use --upgrade to upgrade): mozcrash==1.0 from file:///C:/slave/test/build/tests/mozbase/mozcrash in c:\slave\test\build\venv\lib\site-packages (from -r C:\slave\test\build\tests\config\mozbase_requirements.txt (line 2))
16:54:00     INFO -  Processing c:\slave\test\build\tests\mozbase\mozdebug
16:54:00     INFO -    Requirement already satisfied (use --upgrade to upgrade): mozdebug==0.1 from file:///C:/slave/test/build/tests/mozbase/mozdebug in c:\slave\test\build\venv\lib\site-packages (from -r C:\slave\test\build\tests\config\mozbase_requirements.txt (line 3))
16:54:00     INFO -  Processing c:\slave\test\build\tests\mozbase\mozdevice
16:54:00     INFO -    Requirement already satisfied (use --upgrade to upgrade): mozdevice==0.48 from file:///C:/slave/test/build/tests/mozbase/mozdevice in c:\slave\test\build\venv\lib\site-packages (from -r C:\slave\test\build\tests\config\mozbase_requirements.txt (line 4))
16:54:00     INFO -  Processing c:\slave\test\build\tests\mozbase\mozfile
16:54:01     INFO -    Requirement already satisfied (use --upgrade to upgrade): mozfile==1.2 from file:///C:/slave/test/build/tests/mozbase/mozfile in c:\slave\test\build\venv\lib\site-packages (from -r C:\slave\test\build\tests\config\mozbase_requirements.txt (line 5))
16:54:01     INFO -  Processing c:\slave\test\build\tests\mozbase\mozhttpd
16:54:01     INFO -    Requirement already satisfied (use --upgrade to upgrade): mozhttpd==0.7 from file:///C:/slave/test/build/tests/mozbase/mozhttpd in c:\slave\test\build\venv\lib\site-packages (from -r C:\slave\test\build\tests\config\mozbase_requirements.txt (line 6))
16:54:01     INFO -  Processing c:\slave\test\build\tests\mozbase\mozinfo
16:54:01     INFO -    Requirement already satisfied (use --upgrade to upgrade): mozinfo==0.9 from file:///C:/slave/test/build/tests/mozbase/mozinfo in c:\slave\test\build\venv\lib\site-packages (from -r C:\slave\test\build\tests\config\mozbase_requirements.txt (line 7))
16:54:01     INFO -  Processing c:\slave\test\build\tests\mozbase\mozinstall
16:54:01     INFO -    Requirement already satisfied (use --upgrade to upgrade): mozInstall==1.12 from file:///C:/slave/test/build/tests/mozbase/mozinstall in c:\slave\test\build\venv\lib\site-packages (from -r C:\slave\test\build\tests\config\mozbase_requirements.txt (line 8))
16:54:01     INFO -  Processing c:\slave\test\build\tests\mozbase\mozleak
16:54:02     INFO -    Requirement already satisfied (use --upgrade to upgrade): mozleak==0.1 from file:///C:/slave/test/build/tests/mozbase/mozleak in c:\slave\test\build\venv\lib\site-packages (from -r C:\slave\test\build\tests\config\mozbase_requirements.txt (line 9))
16:54:02     INFO -  Processing c:\slave\test\build\tests\mozbase\mozlog
16:54:02     INFO -    Requirement already satisfied (use --upgrade to upgrade): mozlog==3.4 from file:///C:/slave/test/build/tests/mozbase/mozlog in c:\slave\test\build\venv\lib\site-packages (from -r C:\slave\test\build\tests\config\mozbase_requirements.txt (line 10))
16:54:02     INFO -  Processing c:\slave\test\build\tests\mozbase\moznetwork
16:54:02     INFO -    Requirement already satisfied (use --upgrade to upgrade): moznetwork==0.27 from file:///C:/slave/test/build/tests/mozbase/moznetwork in c:\slave\test\build\venv\lib\site-packages (from -r C:\slave\test\build\tests\config\mozbase_requirements.txt (line 11))
16:54:02     INFO -  Processing c:\slave\test\build\tests\mozbase\mozprocess
16:54:02     INFO -    Requirement already satisfied (use --upgrade to upgrade): mozprocess==0.23 from file:///C:/slave/test/build/tests/mozbase/mozprocess in c:\slave\test\build\venv\lib\site-packages (from -r C:\slave\test\build\tests\config\mozbase_requirements.txt (line 12))
16:54:02     INFO -  Processing c:\slave\test\build\tests\mozbase\mozprofile
16:54:03     INFO -    Requirement already satisfied (use --upgrade to upgrade): mozprofile==0.28 from file:///C:/slave/test/build/tests/mozbase/mozprofile in c:\slave\test\build\venv\lib\site-packages (from -r C:\slave\test\build\tests\config\mozbase_requirements.txt (line 13))
16:54:03     INFO -  Processing c:\slave\test\build\tests\mozbase\mozrunner
16:54:03     INFO -    Requirement already satisfied (use --upgrade to upgrade): mozrunner==6.13 from file:///C:/slave/test/build/tests/mozbase/mozrunner in c:\slave\test\build\venv\lib\site-packages (from -r C:\slave\test\build\tests\config\mozbase_requirements.txt (line 14))
16:54:03     INFO -  Processing c:\slave\test\build\tests\mozbase\mozscreenshot
16:54:03     INFO -    Requirement already satisfied (use --upgrade to upgrade): mozscreenshot==0.1 from file:///C:/slave/test/build/tests/mozbase/mozscreenshot in c:\slave\test\build\venv\lib\site-packages (from -r C:\slave\test\build\tests\config\mozbase_requirements.txt (line 15))
16:54:03     INFO -  Processing c:\slave\test\build\tests\mozbase\moztest
16:54:03     INFO -    Requirement already satisfied (use --upgrade to upgrade): moztest==0.8 from file:///C:/slave/test/build/tests/mozbase/moztest in c:\slave\test\build\venv\lib\site-packages (from -r C:\slave\test\build\tests\config\mozbase_requirements.txt (line 16))
16:54:03     INFO -  Processing c:\slave\test\build\tests\mozbase\mozversion
16:54:04     INFO -    Requirement already satisfied (use --upgrade to upgrade): mozversion==1.4 from file:///C:/slave/test/build/tests/mozbase/mozversion in c:\slave\test\build\venv\lib\site-packages (from -r C:\slave\test\build\tests\config\mozbase_requirements.txt (line 17))
16:54:04     INFO -  Processing c:\slave\test\build\tests\tools\wptserve
16:54:04     INFO -    Requirement already satisfied (use --upgrade to upgrade): wptserve==1.4.0 from file:///C:/slave/test/build/tests/tools/wptserve in c:\slave\test\build\venv\lib\site-packages (from -r C:\slave\test\build\tests\config\marionette_requirements.txt (line 3))
16:54:04     INFO -  Processing c:\slave\test\build\tests\marionette\client
16:54:04     INFO -    Requirement already satisfied (use --upgrade to upgrade): marionette-driver==2.2.0 from file:///C:/slave/test/build/tests/marionette/client in c:\slave\test\build\venv\lib\site-packages (from -r C:\slave\test\build\tests\config\marionette_requirements.txt (line 4))
16:54:04     INFO -  Processing c:\slave\test\build\tests\marionette\harness\marionette_harness\runner\mixins\browsermob-proxy-py
16:54:05     INFO -    Requirement already satisfied (use --upgrade to upgrade): browsermob-proxy==0.6.0 from file:///C:/slave/test/build/tests/marionette/harness/marionette_harness/runner/mixins/browsermob-proxy-py in c:\slave\test\build\venv\lib\site-packages (from -r C:\slave\test\build\tests\config\marionette_requirements.txt (line 5))
16:54:05     INFO -  Processing c:\slave\test\build\tests\marionette\harness
16:54:05     INFO -    Requirement already satisfied (use --upgrade to upgrade): marionette-harness==4.0.0 from file:///C:/slave/test/build/tests/marionette/harness in c:\slave\test\build\venv\lib\site-packages (from -r C:\slave\test\build\tests\config\marionette_requirements.txt (line 6))
16:54:05     INFO -  Processing c:\slave\test\build\tests\marionette\puppeteer\firefox
16:54:05     INFO -    Requirement already satisfied (use --upgrade to upgrade): firefox-puppeteer==52.1.0 from file:///C:/slave/test/build/tests/marionette/puppeteer/firefox in c:\slave\test\build\venv\lib\site-packages (from -r C:\slave\test\build\tests\config\marionette_requirements.txt (line 9))
16:54:05     INFO -  Requirement already satisfied (use --upgrade to upgrade): mozfile>=1.0 in c:\slave\test\build\venv\lib\site-packages (from mozcrash==1.0->-r C:\slave\test\build\tests\config\mozbase_requirements.txt (line 2))
16:54:05     INFO -  Requirement already satisfied (use --upgrade to upgrade): mozlog>=3.0 in c:\slave\test\build\venv\lib\site-packages (from mozcrash==1.0->-r C:\slave\test\build\tests\config\mozbase_requirements.txt (line 2))
16:54:05     INFO -  Requirement already satisfied (use --upgrade to upgrade): mozinfo in c:\slave\test\build\venv\lib\site-packages (from mozdebug==0.1->-r C:\slave\test\build\tests\config\mozbase_requirements.txt (line 3))
16:54:05     INFO -  Requirement already satisfied (use --upgrade to upgrade): moznetwork>=0.24 in c:\slave\test\build\venv\lib\site-packages (from mozdevice==0.48->-r C:\slave\test\build\tests\config\mozbase_requirements.txt (line 4))
16:54:05     INFO -  Requirement already satisfied (use --upgrade to upgrade): mozprocess>=0.19 in c:\slave\test\build\venv\lib\site-packages (from mozdevice==0.48->-r C:\slave\test\build\tests\config\mozbase_requirements.txt (line 4))
16:54:05     INFO -  Collecting blessings>=1.3 (from mozlog==3.4->-r C:\slave\test\build\tests\config\mozbase_requirements.txt (line 10))
16:54:07     INFO -  Requirement already satisfied (use --upgrade to upgrade): requests>=1.1.0 in c:\slave\test\build\venv\lib\site-packages (from browsermob-proxy==0.6.0->-r C:\slave\test\build\tests\config\marionette_requirements.txt (line 5))
16:54:07     INFO -  Building wheels for collected packages: browsermob-proxy
16:54:07     INFO -    Running setup.py bdist_wheel for browsermob-proxy: started
16:54:07     INFO -    Running setup.py bdist_wheel for browsermob-proxy: finished with status 'done'
16:54:07     INFO -    Stored in directory: C:\Users\cltbld.T-W864-IX-015.001\AppData\Local\pip\Cache\wheels\08\c0\29\e3a3f32d6ca19470885c6032e6c0a54976e207f709e0326988
16:54:07     INFO -  Successfully built browsermob-proxy
16:54:07     INFO -  Installing collected packages: blessings
16:54:07     INFO -  Successfully installed blessings-1.6
16:54:12     INFO - Return code: 0
16:54:12     INFO - Done creating virtualenv C:\slave\test\build\venv.
16:54:12     INFO - Getting output from command: ['C:\\slave\\test\\build\\venv\\Scripts\\pip', 'freeze']
16:54:12     INFO - Copy/paste: C:\slave\test\build\venv\Scripts\pip freeze
16:54:13     INFO - Reading from file tmpfile_stdout
16:54:13     INFO - Reading from file tmpfile_stderr
16:54:13     INFO - Using _rmtree_windows ...
16:54:13     INFO - Using _rmtree_windows ...
16:54:13     INFO - Current package versions:
16:54:13     INFO -   blessings == 1.6
16:54:13     INFO -   blobuploader == 1.2.4
16:54:13     INFO -   browsermob-proxy == 0.6.0
16:54:13     INFO -   docopt == 0.6.1
16:54:13     INFO -   firefox-puppeteer == 52.1.0
16:54:13     INFO -   functools32 == 3.2.3.post2
16:54:13     INFO -   jsonschema == 2.5.1
16:54:13     INFO -   manifestparser == 1.1
16:54:13     INFO -   marionette-driver == 2.2.0
16:54:13     INFO -   marionette-harness == 4.0.0
16:54:13     INFO -   mozInstall == 1.12
16:54:13     INFO -   mozcrash == 1.0
16:54:13     INFO -   mozdebug == 0.1
16:54:13     INFO -   mozdevice == 0.48
16:54:13     INFO -   mozfile == 1.2
16:54:13     INFO -   mozhttpd == 0.7
16:54:13     INFO -   mozinfo == 0.9
16:54:13     INFO -   mozleak == 0.1
16:54:13     INFO -   mozlog == 3.4
16:54:13     INFO -   moznetwork == 0.27
16:54:13     INFO -   mozprocess == 0.23
16:54:13     INFO -   mozprofile == 0.28
16:54:13     INFO -   mozrunner == 6.13
16:54:13     INFO -   mozscreenshot == 0.1
16:54:13     INFO -   mozsystemmonitor == 0.3
16:54:13     INFO -   moztest == 0.8
16:54:13     INFO -   mozversion == 1.4
16:54:13     INFO -   psutil == 5.4.3
16:54:13     INFO -   requests == 1.2.3
16:54:13     INFO -   wptserve == 1.4.0
16:54:13     INFO - Running post-action listener: _resource_record_post_action
16:54:13     INFO - Running post-action listener: _start_resource_monitoring
16:54:13     INFO - Starting resource monitoring.
16:54:13     INFO - [mozharness: 2018-06-08 23:54:13.858000Z] Finished create-virtualenv step (success)
16:54:13     INFO - [mozharness: 2018-06-08 23:54:13.858000Z] Running pull step.
16:54:13     INFO - Running pre-action listener: _resource_record_pre_action
16:54:13     INFO - Running main action method: pull
16:54:13     INFO - Pull has nothing to do!
16:54:13     INFO - Running post-action listener: _resource_record_post_action
16:54:13     INFO - [mozharness: 2018-06-08 23:54:13.858000Z] Finished pull step (success)
16:54:13     INFO - [mozharness: 2018-06-08 23:54:13.858000Z] Running install step.
16:54:13     INFO - Running pre-action listener: _resource_record_pre_action
16:54:13     INFO - Running main action method: install
16:54:13     INFO - Getting output from command: ['C:\\slave\\test\\build\\venv\\Scripts\\pip', 'freeze']
16:54:13     INFO - Copy/paste: C:\slave\test\build\venv\Scripts\pip freeze
16:54:14     INFO - Reading from file tmpfile_stdout
16:54:14     INFO - Reading from file tmpfile_stderr
16:54:14     INFO - Using _rmtree_windows ...
16:54:14     INFO - Using _rmtree_windows ...
16:54:14     INFO - Detecting whether we're running mozinstall >=1.0...
16:54:14     INFO - Getting output from command: ['C:\\slave\\test/build/venv/scripts/python', 'C:\\slave\\test/build/venv/scripts/mozinstall-script.py', '-h']
16:54:14     INFO - Copy/paste: C:\slave\test/build/venv/scripts/python C:\slave\test/build/venv/scripts/mozinstall-script.py -h
16:54:14     INFO - Reading from file tmpfile_stdout
16:54:14     INFO - Output received:
16:54:14     INFO -  Usage: mozinstall-script.py [options] installer
16:54:14     INFO -  Options:
16:54:14     INFO -    -h, --help            show this help message and exit
16:54:14     INFO -    -d DEST, --destination=DEST
16:54:14     INFO -                          Directory to install application into. [default:
16:54:14     INFO -                          "C:\slave\test"]
16:54:14     INFO -    --app=APP             Application being installed. [default: firefox]
16:54:14     INFO - Using _rmtree_windows ...
16:54:14     INFO - Using _rmtree_windows ...
16:54:14     INFO - mkdir: C:\slave\test\build\application
16:54:14     INFO - Getting output from command: ['C:\\slave\\test/build/venv/scripts/python', 'C:\\slave\\test/build/venv/scripts/mozinstall-script.py', 'C:\\slave\\test\\build\\firefox-52.8.2.en-US.win64.zip', '--destination', 'C:\\slave\\test\\build\\application']
16:54:14     INFO - Copy/paste: C:\slave\test/build/venv/scripts/python C:\slave\test/build/venv/scripts/mozinstall-script.py C:\slave\test\build\firefox-52.8.2.en-US.win64.zip --destination C:\slave\test\build\application
ProcessManager NOT managing child processes
16:54:17     INFO - Reading from file tmpfile_stdout
16:54:17     INFO - Output received:
16:54:17     INFO -  C:\slave\test\build\application\firefox\firefox.exe
16:54:17     INFO - Using _rmtree_windows ...
16:54:17     INFO - Using _rmtree_windows ...
16:54:17     INFO - Running post-action listener: _resource_record_post_action
16:54:17     INFO - [mozharness: 2018-06-08 23:54:17.422000Z] Finished install step (success)
16:54:17     INFO - [mozharness: 2018-06-08 23:54:17.422000Z] Running run-tests step.
16:54:17     INFO - Running pre-action listener: _resource_record_pre_action
16:54:17     INFO - Running main action method: run_tests
16:54:17     INFO - mkdir: C:\slave\test\build\blobber_upload_dir
16:54:17     INFO - Minidump filename unknown. Determining based upon platform and architecture.
16:54:17     INFO - Minidump tooltool manifest unknown. Determining based upon platform and architecture.
16:54:17     INFO - grabbing minidump binary from tooltool
16:54:17     INFO - retry: Calling run_command with args: (['c:\\mozilla-build\\python27\\python.exe', 'C:/mozilla-build/tooltool.py', '--url', 'https://api.pub.build.mozilla.org/tooltool/', '--authentication-file', 'c:\\builds\\relengapi.tok', 'fetch', '-m', 'C:\\slave\\test\\build\\tests\\config/tooltool-manifests/win32/releng.manifest', '-o'],), kwargs: {'output_timeout': 600, 'error_list': [{'substr': 'command not found', 'level': 'error'}, {'regex': <_sre.SRE_Pattern object at 0x004B8DE8>, 'level': 'warning'}, {'substr': 'Traceback (most recent call last)', 'level': 'error'}, {'substr': 'SyntaxError: ', 'level': 'error'}, {'substr': 'TypeError: ', 'level': 'error'}, {'substr': 'NameError: ', 'level': 'error'}, {'substr': 'ZeroDivisionError: ', 'level': 'error'}, {'regex': <_sre.SRE_Pattern object at 0x02525230>, 'level': 'critical'}, {'regex': <_sre.SRE_Pattern object at 0x025B2520>, 'level': 'critical'}, {'substr': 'ERROR - ', 'level': 'error'}], 'cwd': 'C:\\slave\\test\\build', 'privileged': False}, attempt #1
16:54:17     INFO - Running command: ['c:\\mozilla-build\\python27\\python.exe', 'C:/mozilla-build/tooltool.py', '--url', 'https://api.pub.build.mozilla.org/tooltool/', '--authentication-file', 'c:\\builds\\relengapi.tok', 'fetch', '-m', 'C:\\slave\\test\\build\\tests\\config/tooltool-manifests/win32/releng.manifest', '-o'] in C:\slave\test\build
16:54:17     INFO - Copy/paste: c:\mozilla-build\python27\python.exe C:/mozilla-build/tooltool.py --url https://api.pub.build.mozilla.org/tooltool/ --authentication-file c:\builds\relengapi.tok fetch -m C:\slave\test\build\tests\config/tooltool-manifests/win32/releng.manifest -o
16:54:17     INFO - Calling ['c:\\mozilla-build\\python27\\python.exe', 'C:/mozilla-build/tooltool.py', '--url', 'https://api.pub.build.mozilla.org/tooltool/', '--authentication-file', 'c:\\builds\\relengapi.tok', 'fetch', '-m', 'C:\\slave\\test\\build\\tests\\config/tooltool-manifests/win32/releng.manifest', '-o'] with output_timeout 600
ProcessManager UNABLE to use job objects to manage child processes
16:54:17     INFO -  INFO - Attempting to fetch from 'https://api.pub.build.mozilla.org/tooltool/'...
16:54:19     INFO -  INFO - File win32-minidump_stackwalk.exe fetched from https://api.pub.build.mozilla.org/tooltool/ as C:\slave\test\build\tmpmmmyar
16:54:19     INFO -  INFO - File integrity verified, renaming tmpmmmyar to win32-minidump_stackwalk.exe
16:54:19     INFO - Return code: 0
16:54:19     INFO - Chmoding C:\slave\test\build\win32-minidump_stackwalk.exe to 0755
16:54:19     INFO - ENV: MINIDUMP_SAVE_PATH is now C:\slave\test\build\blobber_upload_dir
16:54:19     INFO - Running command: ['C:\\slave\\test\\build\\venv\\Scripts\\python', '-u', 'C:\\slave\\test\\build\\tests\\web-platform\\runtests.py', '--log-raw=-', '--log-raw=C:\\slave\\test\\build\\blobber_upload_dir\\wpt_raw.log', '--log-errorsummary=C:\\slave\\test\\build\\blobber_upload_dir\\wpt_errorsummary.log', '--binary=C:\\slave\\test\\build\\application\\firefox\\firefox.exe', '--symbols-path=https://queue.taskcluster.net/v1/task/GYm6uScDR968YNKAqw8dYQ/artifacts/public/build/firefox-52.8.2.en-US.win64.crashreporter-symbols.zip', '--stackwalk-binary=C:\\slave\\test\\build\\win32-minidump_stackwalk.exe', '--stackfix-dir=C:\\slave\\test\\build\\tests\\bin', '--test-type=testharness', '--disable-e10s', '--total-chunks=10', '--this-chunk=7', '--prefs-root=C:\\slave\\test\\build\\tests\\web-platform/prefs', '--processes=1', '--config=C:\\slave\\test\\build\\tests\\web-platform/wptrunner.ini', '--ca-cert-path=C:\\slave\\test\\build\\tests\\web-platform/certs/cacert.pem', '--host-key-path=C:\\slave\\test\\build\\tests\\web-platform/certs/web-platform.test.key', '--host-cert-path=C:\\slave\\test\\build\\tests\\web-platform/certs/web-platform.test.pem', '--certutil-binary=C:\\slave\\test\\build\\tests/bin/certutil'] in C:\slave\test\build
16:54:19     INFO - Copy/paste: C:\slave\test\build\venv\Scripts\python -u C:\slave\test\build\tests\web-platform\runtests.py --log-raw=- --log-raw=C:\slave\test\build\blobber_upload_dir\wpt_raw.log --log-errorsummary=C:\slave\test\build\blobber_upload_dir\wpt_errorsummary.log --binary=C:\slave\test\build\application\firefox\firefox.exe --symbols-path=https://queue.taskcluster.net/v1/task/GYm6uScDR968YNKAqw8dYQ/artifacts/public/build/firefox-52.8.2.en-US.win64.crashreporter-symbols.zip --stackwalk-binary=C:\slave\test\build\win32-minidump_stackwalk.exe --stackfix-dir=C:\slave\test\build\tests\bin --test-type=testharness --disable-e10s --total-chunks=10 --this-chunk=7 --prefs-root=C:\slave\test\build\tests\web-platform/prefs --processes=1 --config=C:\slave\test\build\tests\web-platform/wptrunner.ini --ca-cert-path=C:\slave\test\build\tests\web-platform/certs/cacert.pem --host-key-path=C:\slave\test\build\tests\web-platform/certs/web-platform.test.key --host-cert-path=C:\slave\test\build\tests\web-platform/certs/web-platform.test.pem --certutil-binary=C:\slave\test\build\tests/bin/certutil
16:54:19     INFO - Using env: {'ALLUSERSPROFILE': 'C:\\ProgramData',
16:54:19     INFO -  'APPDATA': 'C:\\Users\\cltbld.T-W864-IX-015.001\\AppData\\Roaming',
16:54:19     INFO -  'COMMONPROGRAMFILES': 'C:\\Program Files (x86)\\Common Files',
16:54:19     INFO -  'COMMONPROGRAMFILES(X86)': 'C:\\Program Files (x86)\\Common Files',
16:54:19     INFO -  'COMMONPROGRAMW6432': 'C:\\Program Files\\Common Files',
16:54:19     INFO -  'COMPUTERNAME': 'T-W864-IX-015',
16:54:19     INFO -  'COMSPEC': 'C:\\windows\\system32\\cmd.exe',
16:54:19     INFO -  'DCLOCATION': 'SCL3',
16:54:19     INFO -  'DNSSUFFIX': 'wintest.releng.scl3.mozilla.com',
16:54:19     INFO -  'FP_NO_HOST_CHECK': 'NO',
16:54:19     INFO -  'HOMEDRIVE': 'C:',
16:54:19     INFO -  'HOMEPATH': '\\Users\\cltbld.T-W864-IX-015.001',
16:54:19     INFO -  'KTS_HOME': 'C:\\Program Files\\KTS',
16:54:19     INFO -  'KTS_VERSION': '1.19c',
16:54:19     INFO -  'LOCALAPPDATA': 'C:\\Users\\cltbld.T-W864-IX-015.001\\AppData\\Local',
16:54:19     INFO -  'LOGONSERVER': '\\\\T-W864-IX-015',
16:54:19     INFO -  'MINIDUMP_SAVE_PATH': 'C:\\slave\\test\\build\\blobber_upload_dir',
16:54:19     INFO -  'MONDIR': 'C:\\Monitor_config\\',
16:54:19     INFO -  'MOZBUILDDIR': 'C:\\mozilla-build\\',
16:54:19     INFO -  'MOZ_CRASHREPORTER_NO_REPORT': '1',
16:54:19     INFO -  'MOZ_HIDE_RESULTS_TABLE': '1',
16:54:19     INFO -  'MOZ_NO_REMOTE': '1',
16:54:19     INFO -  'NO_EM_RESTART': '1',
16:54:19     INFO -  'NO_FAIL_ON_TEST_ERRORS': '1',
16:54:19     INFO -  'NUMBER_OF_PROCESSORS': '8',
16:54:19     INFO -  'OS': 'Windows_NT',
16:54:19     INFO -  'OURDRIVE': 'C:',
16:54:19     INFO -  'PATH': 'C:\\slave\\test\\build\\venv\\Scripts;C:\\Program Files (x86)\\NVIDIA Corporation\\PhysX\\Common;C:\\windows\\system32;C:\\windows;C:\\windows\\System32\\Wbem;C:\\windows\\System32\\WindowsPowerShell\\v1.0\\;C:\\mozilla-build\\python27;C:\\mozilla-build\\python27\\Scripts;C:\\mozilla-build\\msys\\bin;C:\\mozilla-build\\vim\\vim72;C:\\mozilla-build\\wget;C:\\mozilla-build\\info-zip;C:\\CoreUtils\\bin;C:\\mozilla-build\\buildbotve\\scripts;C:\\mozilla-build\\hg',
16:54:19     INFO -  'PATHEXT': '.COM;.EXE;.BAT;.CMD;.VBS;.VBE;.JS;.JSE;.WSF;.WSH;.MSC',
16:54:19     INFO -  'PROCESSOR_ARCHITECTURE': 'x86',
16:54:19     INFO -  'PROCESSOR_ARCHITEW6432': 'AMD64',
16:54:19     INFO -  'PROCESSOR_IDENTIFIER': 'Intel64 Family 6 Model 30 Stepping 5, GenuineIntel',
16:54:19     INFO -  'PROCESSOR_LEVEL': '6',
16:54:19     INFO -  'PROCESSOR_REVISION': '1e05',
16:54:19     INFO -  'PROGRAMDATA': 'C:\\ProgramData',
16:54:19     INFO -  'PROGRAMFILES': 'C:\\Program Files (x86)',
16:54:19     INFO -  'PROGRAMFILES(X86)': 'C:\\Program Files (x86)',
16:54:19     INFO -  'PROGRAMW6432': 'C:\\Program Files',
16:54:19     INFO -  'PROMPT': '$P$G',
16:54:19     INFO -  'PROPERTIES_FILE': 'C:\\slave\\test/buildprops.json',
16:54:19     INFO -  'PSMODULEPATH': 'C:\\windows\\system32\\WindowsPowerShell\\v1.0\\Modules\\',
16:54:19     INFO -  'PUBLIC': 'C:\\Users\\Public',
16:54:19     INFO -  'PWD': 'C:\\slave\\test',
16:54:19     INFO -  'RUNLOGFILE': 'C:\\slave\\\\runslave.log',
16:54:19     INFO -  'SLAVEDIR': 'C:\\slave\\',
16:54:19     INFO -  'SYSTEMDRIVE': 'C:',
16:54:19     INFO -  'SYSTEMROOT': 'C:\\windows',
16:54:19     INFO -  'TEMP': 'C:\\Users\\CLTBLD~1.001\\AppData\\Local\\Temp',
16:54:19     INFO -  'TEST1': 'testie',
16:54:19     INFO -  'TMP': 'C:\\Users\\CLTBLD~1.001\\AppData\\Local\\Temp',
16:54:19     INFO -  'USERDOMAIN': 'T-W864-IX-015',
16:54:19     INFO -  'USERDOMAIN_ROAMINGPROFILE': 'T-W864-IX-015',
16:54:19     INFO -  'USERNAME': 'cltbld',
16:54:19     INFO -  'USERPROFILE': 'C:\\Users\\cltbld.T-W864-IX-015.001',
16:54:19     INFO -  'WINDIR': 'C:\\windows',
16:54:19     INFO -  'XPCOM_DEBUG_BREAK': 'warn'}
16:54:19     INFO - Calling ['C:\\slave\\test\\build\\venv\\Scripts\\python', '-u', 'C:\\slave\\test\\build\\tests\\web-platform\\runtests.py', '--log-raw=-', '--log-raw=C:\\slave\\test\\build\\blobber_upload_dir\\wpt_raw.log', '--log-errorsummary=C:\\slave\\test\\build\\blobber_upload_dir\\wpt_errorsummary.log', '--binary=C:\\slave\\test\\build\\application\\firefox\\firefox.exe', '--symbols-path=https://queue.taskcluster.net/v1/task/GYm6uScDR968YNKAqw8dYQ/artifacts/public/build/firefox-52.8.2.en-US.win64.crashreporter-symbols.zip', '--stackwalk-binary=C:\\slave\\test\\build\\win32-minidump_stackwalk.exe', '--stackfix-dir=C:\\slave\\test\\build\\tests\\bin', '--test-type=testharness', '--disable-e10s', '--total-chunks=10', '--this-chunk=7', '--prefs-root=C:\\slave\\test\\build\\tests\\web-platform/prefs', '--processes=1', '--config=C:\\slave\\test\\build\\tests\\web-platform/wptrunner.ini', '--ca-cert-path=C:\\slave\\test\\build\\tests\\web-platform/certs/cacert.pem', '--host-key-path=C:\\slave\\test\\build\\tests\\web-platform/certs/web-platform.test.key', '--host-cert-path=C:\\slave\\test\\build\\tests\\web-platform/certs/web-platform.test.pem', '--certutil-binary=C:\\slave\\test\\build\\tests/bin/certutil'] with output_timeout 1000
ProcessManager NOT managing child processes
ProcessManager UNABLE to use job objects to manage child processes
16:54:21     INFO - STDERR: Opening manifest at C:\slave\test\build\tests\web-platform\meta\MANIFEST.json
16:54:21     INFO - STDERR: Opening manifest at C:\slave\test\build\tests\web-platform\mozilla\meta\MANIFEST.json
16:54:26     INFO - Using 1 client processes
16:54:29     INFO - SUITE-START | Running 746 tests
16:54:29     INFO - Running testharness tests
16:54:29     INFO - TEST-START | /WebCryptoAPI/generateKey/test_failures.html
16:54:29     INFO - TEST-SKIP | /WebCryptoAPI/generateKey/test_failures.html | took 0ms
16:54:29     INFO - TEST-START | /WebCryptoAPI/generateKey/test_failures_RSA-OAEP.html
16:54:29     INFO - TEST-SKIP | /WebCryptoAPI/generateKey/test_failures_RSA-OAEP.html | took 0ms
16:54:29     INFO - TEST-START | /WebCryptoAPI/generateKey/test_failures_RSA-PSS.html
16:54:29     INFO - TEST-SKIP | /WebCryptoAPI/generateKey/test_failures_RSA-PSS.html | took 0ms
16:54:29     INFO - TEST-START | /WebCryptoAPI/generateKey/test_failures_RSASSA-PKCS1-v1_5.html
16:54:29     INFO - TEST-SKIP | /WebCryptoAPI/generateKey/test_failures_RSASSA-PKCS1-v1_5.html | took 0ms
16:54:29     INFO - TEST-START | /WebCryptoAPI/generateKey/test_successes.html
16:54:29     INFO - TEST-SKIP | /WebCryptoAPI/generateKey/test_successes.html | took 1ms
16:54:29     INFO - TEST-START | /WebCryptoAPI/generateKey/test_successes_AES-CBC.html
16:54:29     INFO - TEST-SKIP | /WebCryptoAPI/generateKey/test_successes_AES-CBC.html | took 0ms
16:54:29     INFO - TEST-START | /WebCryptoAPI/generateKey/test_successes_RSA-OAEP.html
16:54:29     INFO - TEST-SKIP | /WebCryptoAPI/generateKey/test_successes_RSA-OAEP.html | took 0ms
16:54:29     INFO - TEST-START | /WebCryptoAPI/generateKey/test_successes_RSA-PSS.html
16:54:29     INFO - TEST-SKIP | /WebCryptoAPI/generateKey/test_successes_RSA-PSS.html | took 0ms
16:54:29     INFO - TEST-START | /WebCryptoAPI/generateKey/test_successes_RSASSA-PKCS1-v1_5.html
16:54:29     INFO - TEST-SKIP | /WebCryptoAPI/generateKey/test_successes_RSASSA-PKCS1-v1_5.html | took 0ms
16:54:29     INFO - TEST-START | /content-security-policy/script-src/script-src-1_2.html
16:54:29     INFO - TEST-SKIP | /content-security-policy/script-src/script-src-1_2.html | took 0ms
16:54:29     INFO - TEST-START | /content-security-policy/script-src/script-src-1_2_1.html
16:54:29     INFO - TEST-SKIP | /content-security-policy/script-src/script-src-1_2_1.html | took 0ms
16:54:29     INFO - TEST-START | /content-security-policy/script-src/script-src-1_4_1.html
16:54:29     INFO - TEST-SKIP | /content-security-policy/script-src/script-src-1_4_1.html | took 0ms
16:54:29     INFO - TEST-START | /custom-elements/v0/creating-and-passing-registries/new-registry-test.html
16:54:29     INFO - TEST-SKIP | /custom-elements/v0/creating-and-passing-registries/new-registry-test.html | took 0ms
16:54:29     INFO - TEST-START | /custom-elements/v0/creating-and-passing-registries/no-registry-test.html
16:54:29     INFO - TEST-SKIP | /custom-elements/v0/creating-and-passing-registries/no-registry-test.html | took 0ms
16:54:29     INFO - TEST-START | /custom-elements/v0/creating-and-passing-registries/share-registry-create-document.html
16:54:29     INFO - TEST-SKIP | /custom-elements/v0/creating-and-passing-registries/share-registry-create-document.html | took 0ms
16:54:29     INFO - TEST-START | /custom-elements/v0/creating-and-passing-registries/share-registry-import-document.html
16:54:29     INFO - TEST-SKIP | /custom-elements/v0/creating-and-passing-registries/share-registry-import-document.html | took 1ms
16:54:29     INFO - TEST-START | /custom-elements/v0/registering/unresolved-element-pseudoclass/unresolved-element-pseudoclass-matching-query-selector-all.html
16:54:29     INFO - TEST-SKIP | /custom-elements/v0/registering/unresolved-element-pseudoclass/unresolved-element-pseudoclass-matching-query-selector-all.html | took 1ms
16:54:29     INFO - TEST-START | /custom-elements/v0/registering/unresolved-element-pseudoclass/unresolved-element-pseudoclass-matching-query-selector.html
16:54:29     INFO - TEST-SKIP | /custom-elements/v0/registering/unresolved-element-pseudoclass/unresolved-element-pseudoclass-matching-query-selector.html | took 0ms
16:54:29     INFO - TEST-START | /html/the-xhtml-syntax/parsing-xhtml-documents/xhtml-mathml-dtd-entity-support.htm
16:54:29     INFO - TEST-SKIP | /html/the-xhtml-syntax/parsing-xhtml-documents/xhtml-mathml-dtd-entity-support.htm | took 0ms
16:54:29     INFO - TEST-START | /mixed-content/blockable/http-csp/same-host-http/form-tag/top-level/swap-scheme-redirect/opt-in-blocks.https.html
16:54:29     INFO - TEST-SKIP | /mixed-content/blockable/http-csp/same-host-http/form-tag/top-level/swap-scheme-redirect/opt-in-blocks.https.html | took 0ms
16:54:29     INFO - TEST-START | /mixed-content/blockable/meta-csp/same-host-http/form-tag/top-level/no-redirect/opt-in-blocks.https.html
16:54:29     INFO - TEST-SKIP | /mixed-content/blockable/meta-csp/same-host-http/form-tag/top-level/no-redirect/opt-in-blocks.https.html | took 0ms
16:54:29     INFO - TEST-START | /mixed-content/blockable/no-opt-in/cross-origin-http/form-tag/top-level/keep-scheme-redirect/no-opt-in-blocks.https.html
16:54:29     INFO - TEST-SKIP | /mixed-content/blockable/no-opt-in/cross-origin-http/form-tag/top-level/keep-scheme-redirect/no-opt-in-blocks.https.html | took 1ms
16:54:29     INFO - TEST-START | /referrer-policy/origin-when-cross-origin/meta-referrer/same-origin/http-http/img-tag/same-origin-insecure.keep-origin-redirect.http.html
16:54:29     INFO - TEST-SKIP | /referrer-policy/origin-when-cross-origin/meta-referrer/same-origin/http-http/img-tag/same-origin-insecure.keep-origin-redirect.http.html | took 1ms
16:54:29     INFO - TEST-START | /referrer-policy/origin-when-cross-origin/meta-referrer/same-origin/http-http/img-tag/same-origin-insecure.no-redirect.http.html
16:54:29     INFO - TEST-SKIP | /referrer-policy/origin-when-cross-origin/meta-referrer/same-origin/http-http/img-tag/same-origin-insecure.no-redirect.http.html | took 0ms
16:54:29     INFO - TEST-START | /referrer-policy/origin-when-cross-origin/meta-referrer/same-origin/http-http/img-tag/same-origin-insecure.swap-origin-redirect.http.html
16:54:29     INFO - TEST-SKIP | /referrer-policy/origin-when-cross-origin/meta-referrer/same-origin/http-http/img-tag/same-origin-insecure.swap-origin-redirect.http.html | took 0ms
16:54:29     INFO - TEST-START | /resource-timing/resource-timing.html
16:54:29     INFO - TEST-SKIP | /resource-timing/resource-timing.html | took 0ms
16:54:29     INFO - TEST-START | /streams/byte-length-queuing-strategy.https.html
16:54:29     INFO - TEST-SKIP | /streams/byte-length-queuing-strategy.https.html | took 0ms
16:54:29     INFO - TEST-START | /streams/count-queuing-strategy.https.html
16:54:29     INFO - TEST-SKIP | /streams/count-queuing-strategy.https.html | took 0ms
16:54:29     INFO - TEST-START | /webgl/conformance-1.0.3/conformance/glsl/constructors/glsl-construct-bvec2.html
16:54:29     INFO - TEST-SKIP | /webgl/conformance-1.0.3/conformance/glsl/constructors/glsl-construct-bvec2.html | took 0ms
16:54:29     INFO - TEST-START | /webgl/conformance-1.0.3/conformance/glsl/constructors/glsl-construct-bvec3.html
16:54:29     INFO - TEST-SKIP | /webgl/conformance-1.0.3/conformance/glsl/constructors/glsl-construct-bvec3.html | took 0ms
16:54:29     INFO - TEST-START | /webgl/conformance-1.0.3/conformance/glsl/constructors/glsl-construct-bvec4.html
16:54:29     INFO - TEST-SKIP | /webgl/conformance-1.0.3/conformance/glsl/constructors/glsl-construct-bvec4.html | took 0ms
16:54:29     INFO - TEST-START | /webgl/conformance-1.0.3/conformance/glsl/constructors/glsl-construct-ivec2.html
16:54:29     INFO - TEST-SKIP | /webgl/conformance-1.0.3/conformance/glsl/constructors/glsl-construct-ivec2.html | took 1ms
16:54:29     INFO - TEST-START | /webgl/conformance-1.0.3/conformance/glsl/constructors/glsl-construct-ivec3.html
16:54:29     INFO - TEST-SKIP | /webgl/conformance-1.0.3/conformance/glsl/constructors/glsl-construct-ivec3.html | took 0ms
16:54:29     INFO - TEST-START | /webgl/conformance-1.0.3/conformance/glsl/constructors/glsl-construct-ivec4.html
16:54:29     INFO - TEST-SKIP | /webgl/conformance-1.0.3/conformance/glsl/constructors/glsl-construct-ivec4.html | took 1ms
16:54:29     INFO - TEST-START | /webgl/conformance-1.0.3/conformance/glsl/constructors/glsl-construct-mat2.html
16:54:29     INFO - TEST-SKIP | /webgl/conformance-1.0.3/conformance/glsl/constructors/glsl-construct-mat2.html | took 0ms
16:54:29     INFO - TEST-START | /webgl/conformance-1.0.3/conformance/glsl/constructors/glsl-construct-mat3.html
16:54:29     INFO - TEST-SKIP | /webgl/conformance-1.0.3/conformance/glsl/constructors/glsl-construct-mat3.html | took 1ms
16:54:29     INFO - TEST-START | /webgl/conformance-1.0.3/conformance/glsl/constructors/glsl-construct-mat4.html
16:54:29     INFO - TEST-SKIP | /webgl/conformance-1.0.3/conformance/glsl/constructors/glsl-construct-mat4.html | took 0ms
16:54:29     INFO - TEST-START | /webgl/conformance-1.0.3/conformance/glsl/constructors/glsl-construct-vec-mat-corner-cases.html
16:54:29     INFO - TEST-SKIP | /webgl/conformance-1.0.3/conformance/glsl/constructors/glsl-construct-vec-mat-corner-cases.html | took 0ms
16:54:29     INFO - TEST-START | /webgl/conformance-1.0.3/conformance/glsl/constructors/glsl-construct-vec-mat-index.html
16:54:29     INFO - TEST-SKIP | /webgl/conformance-1.0.3/conformance/glsl/constructors/glsl-construct-vec-mat-index.html | took 1ms
16:54:29     INFO - TEST-START | /webgl/conformance-1.0.3/conformance/glsl/constructors/glsl-construct-vec2.html
16:54:29     INFO - TEST-SKIP | /webgl/conformance-1.0.3/conformance/glsl/constructors/glsl-construct-vec2.html | took 0ms
16:54:29     INFO - TEST-START | /webgl/conformance-1.0.3/conformance/glsl/constructors/glsl-construct-vec3.html
16:54:29     INFO - TEST-SKIP | /webgl/conformance-1.0.3/conformance/glsl/constructors/glsl-construct-vec3.html | took 0ms
16:54:29     INFO - TEST-START | /webgl/conformance-1.0.3/conformance/glsl/constructors/glsl-construct-vec4.html
16:54:29     INFO - TEST-SKIP | /webgl/conformance-1.0.3/conformance/glsl/constructors/glsl-construct-vec4.html | took 1ms
16:54:29     INFO - TEST-START | /webgl/conformance-1.0.3/conformance/limits/gl-max-texture-dimensions.html
16:54:29     INFO - TEST-SKIP | /webgl/conformance-1.0.3/conformance/limits/gl-max-texture-dimensions.html | took 0ms
16:54:29     INFO - TEST-START | /webgl/conformance-1.0.3/conformance/limits/gl-min-attribs.html
16:54:29     INFO - TEST-SKIP | /webgl/conformance-1.0.3/conformance/limits/gl-min-attribs.html | took 0ms
16:54:29     INFO - TEST-START | /webgl/conformance-1.0.3/conformance/limits/gl-min-textures.html
16:54:29     INFO - TEST-SKIP | /webgl/conformance-1.0.3/conformance/limits/gl-min-textures.html | took 0ms
16:54:29     INFO - TEST-START | /webgl/conformance-1.0.3/conformance/limits/gl-min-uniforms.html
16:54:29     INFO - TEST-SKIP | /webgl/conformance-1.0.3/conformance/limits/gl-min-uniforms.html | took 0ms
16:54:29     INFO - TEST-START | /webgl/conformance-1.0.3/conformance/ogles/GL/acos/acos_001_to_006.html
16:54:29     INFO - TEST-SKIP | /webgl/conformance-1.0.3/conformance/ogles/GL/acos/acos_001_to_006.html | took 1ms
16:54:29     INFO - TEST-START | /webgl/conformance-1.0.3/conformance/ogles/GL/discard/discard_001_to_002.html
16:54:29     INFO - TEST-SKIP | /webgl/conformance-1.0.3/conformance/ogles/GL/discard/discard_001_to_002.html | took 0ms
16:54:29     INFO - TEST-START | /webgl/conformance-1.0.3/conformance/ogles/GL/greaterThanEqual/greaterThanEqual_001_to_008.html
16:54:29     INFO - TEST-SKIP | /webgl/conformance-1.0.3/conformance/ogles/GL/greaterThanEqual/greaterThanEqual_001_to_008.html | took 0ms
16:54:29     INFO - TEST-START | /webgl/conformance-1.0.3/conformance/ogles/GL/lessThan/lessThan_001_to_008.html
16:54:29     INFO - TEST-SKIP | /webgl/conformance-1.0.3/conformance/ogles/GL/lessThan/lessThan_001_to_008.html | took 1ms
16:54:29     INFO - TEST-START | /webgl/conformance-1.0.3/conformance/ogles/GL/max/max_001_to_006.html
16:54:29     INFO - TEST-SKIP | /webgl/conformance-1.0.3/conformance/ogles/GL/max/max_001_to_006.html | took 0ms
16:54:29     INFO - TEST-START | /webgl/conformance-1.0.3/conformance/ogles/GL/radians/radians_001_to_006.html
16:54:29     INFO - TEST-SKIP | /webgl/conformance-1.0.3/conformance/ogles/GL/radians/radians_001_to_006.html | took 0ms
16:54:29     INFO - TEST-START | /websockets/interfaces/WebSocket/url/001.html
16:54:29     INFO - TEST-SKIP | /websockets/interfaces/WebSocket/url/001.html | took 1ms
16:54:29     INFO - TEST-START | /websockets/interfaces/WebSocket/url/001.html?wss
16:54:29     INFO - TEST-SKIP | /websockets/interfaces/WebSocket/url/001.html?wss | took 0ms
16:54:29     INFO - TEST-START | /websockets/interfaces/WebSocket/url/002.html?wss
16:54:29     INFO - TEST-SKIP | /websockets/interfaces/WebSocket/url/002.html?wss | took 1ms
16:54:29     INFO - TEST-START | /websockets/interfaces/WebSocket/url/002.html
16:54:29     INFO - TEST-SKIP | /websockets/interfaces/WebSocket/url/002.html | took 0ms
16:54:29     INFO - TEST-START | /websockets/interfaces/WebSocket/url/003.html
16:54:29     INFO - TEST-SKIP | /websockets/interfaces/WebSocket/url/003.html | took 1ms
16:54:29     INFO - TEST-START | /websockets/interfaces/WebSocket/url/003.html?wss
16:54:29     INFO - TEST-SKIP | /websockets/interfaces/WebSocket/url/003.html?wss | took 0ms
16:54:29     INFO - TEST-START | /websockets/interfaces/WebSocket/url/004.html
16:54:29     INFO - TEST-SKIP | /websockets/interfaces/WebSocket/url/004.html | took 0ms
16:54:29     INFO - TEST-START | /websockets/interfaces/WebSocket/url/004.html?wss
16:54:29     INFO - TEST-SKIP | /websockets/interfaces/WebSocket/url/004.html?wss | took 0ms
16:54:29     INFO - TEST-START | /websockets/interfaces/WebSocket/url/005.html?wss
16:54:29     INFO - TEST-SKIP | /websockets/interfaces/WebSocket/url/005.html?wss | took 0ms
16:54:29     INFO - TEST-START | /websockets/interfaces/WebSocket/url/005.html
16:54:29     INFO - TEST-SKIP | /websockets/interfaces/WebSocket/url/005.html | took 1ms
16:54:29     INFO - TEST-START | /websockets/interfaces/WebSocket/url/006.html?wss
16:54:29     INFO - TEST-SKIP | /websockets/interfaces/WebSocket/url/006.html?wss | took 0ms
16:54:29     INFO - TEST-START | /websockets/interfaces/WebSocket/url/006.html
16:54:29     INFO - TEST-SKIP | /websockets/interfaces/WebSocket/url/006.html | took 1ms
16:54:29     INFO - TEST-START | /websockets/interfaces/WebSocket/url/resolve.html
16:54:29     INFO - TEST-SKIP | /websockets/interfaces/WebSocket/url/resolve.html | took 0ms
16:54:29     INFO - TEST-START | /websockets/interfaces/WebSocket/url/resolve.html?wss
16:54:29     INFO - TEST-SKIP | /websockets/interfaces/WebSocket/url/resolve.html?wss | took 0ms
16:54:29     INFO - Setting up ssl
16:54:30     INFO - PROCESS | certutil | 
16:54:30     INFO - PROCESS | certutil | 
16:54:30     INFO - PROCESS | certutil | 
16:54:30     INFO - Certificate Nickname                                         Trust Attributes
16:54:30     INFO -                                                              SSL,S/MIME,JAR/XPI
16:54:30     INFO - 
16:54:30     INFO - web-platform-tests                                           CT,, 
16:54:30     INFO - 
16:54:30     INFO - Application command: C:\slave\test\build\application\firefox\firefox.exe -marionette about:blank -profile c:\users\cltbld~1.001\appdata\local\temp\tmpt0mo5w.mozrunner
16:54:30     INFO - Starting runner
16:54:30     INFO - PROCESS | 2760 | [2760] WARNING: Failed to load startupcache file correctly, removing!: file c:/builds/moz2_slave/m-esr52-w64-d-0000000000000000/build/src/startupcache/StartupCache.cpp, line 219
16:54:30     INFO - PROCESS | 2760 | [2760] WARNING: NS_ENSURE_SUCCESS(rv, rv) failed with result 0x80004005: file c:/builds/moz2_slave/m-esr52-w64-d-0000000000000000/build/src/xpcom/base/nsSystemInfo.cpp, line 116
16:54:30     INFO - PROCESS | 2760 | [2760] WARNING: This method is lossy. Use GetCanonicalPath !: file c:/builds/moz2_slave/m-esr52-w64-d-0000000000000000/build/src/xpcom/io/nsLocalFileWin.cpp, line 3576
16:54:33     INFO - PROCESS | 2760 | ++DOCSHELL 000000140F641000 == 1 [pid = 2760] [id = 1]
16:54:33     INFO - PROCESS | 2760 | ++DOMWINDOW == 1 (000000141D3B2800) [pid = 2760] [serial = 1] [outer = 0000000000000000]
16:54:33     INFO - PROCESS | 2760 | ++DOMWINDOW == 2 (000000141D3B3800) [pid = 2760] [serial = 2] [outer = 000000141D3B2800]
16:54:34     INFO - PROCESS | 2760 | ++DOCSHELL 000000141DBDF000 == 2 [pid = 2760] [id = 2]
16:54:34     INFO - PROCESS | 2760 | ++DOMWINDOW == 3 (000000141DBDF800) [pid = 2760] [serial = 3] [outer = 0000000000000000]
16:54:34     INFO - PROCESS | 2760 | ++DOMWINDOW == 4 (000000141DBE0800) [pid = 2760] [serial = 4] [outer = 000000141DBDF800]
16:54:34     INFO - PROCESS | 2760 | 1528502074666	Marionette	INFO	Listening on port 2828
16:54:36     INFO - PROCESS | 2760 | ++DOCSHELL 0000001421B34800 == 3 [pid = 2760] [id = 3]
16:54:36     INFO - PROCESS | 2760 | ++DOMWINDOW == 5 (0000001421B43000) [pid = 2760] [serial = 5] [outer = 0000000000000000]
16:54:36     INFO - PROCESS | 2760 | ++DOMWINDOW == 6 (0000001421B44000) [pid = 2760] [serial = 6] [outer = 0000001421B43000]
16:54:36     INFO - PROCESS | 2760 | ++DOMWINDOW == 7 (0000001421D22000) [pid = 2760] [serial = 7] [outer = 000000141DBDF800]
16:54:37     INFO - PROCESS | 2760 | ++DOCSHELL 000000141D3B2000 == 4 [pid = 2760] [id = 4]
16:54:37     INFO - PROCESS | 2760 | ++DOMWINDOW == 8 (000000142326F800) [pid = 2760] [serial = 8] [outer = 0000000000000000]
16:54:37     INFO - PROCESS | 2760 | ++DOMWINDOW == 9 (0000001423280800) [pid = 2760] [serial = 9] [outer = 000000142326F800]
16:54:37     INFO - PROCESS | 2760 | ++DOMWINDOW == 10 (0000001425663800) [pid = 2760] [serial = 10] [outer = 000000142326F800]
16:54:38     INFO - PROCESS | 2760 | [2760] WARNING: attempt to modify an immutable nsStandardURL: file c:/builds/moz2_slave/m-esr52-w64-d-0000000000000000/build/src/netwerk/base/nsStandardURL.cpp, line 1573
16:54:38     INFO - PROCESS | 2760 | [2760] WARNING: attempt to modify an immutable nsStandardURL: file c:/builds/moz2_slave/m-esr52-w64-d-0000000000000000/build/src/netwerk/base/nsStandardURL.cpp, line 1573
16:54:38     INFO - PROCESS | 2760 | [2760] WARNING: Failed to retarget HTML data delivery to the parser thread.: file c:/builds/moz2_slave/m-esr52-w64-d-0000000000000000/build/src/parser/html/nsHtml5StreamParser.cpp, line 970
16:54:39     INFO - PROCESS | 2760 | [2760] WARNING: getting z level of unregistered window: file c:/builds/moz2_slave/m-esr52-w64-d-0000000000000000/build/src/xpfe/appshell/nsWindowMediator.cpp, line 623
16:54:39     INFO - PROCESS | 2760 | [2760] WARNING: getting z level of unregistered window: file c:/builds/moz2_slave/m-esr52-w64-d-0000000000000000/build/src/xpfe/appshell/nsWindowMediator.cpp, line 623
16:54:39     INFO - PROCESS | 2760 | [2760] WARNING: NS_ENSURE_TRUE(layerManager) failed: file c:/builds/moz2_slave/m-esr52-w64-d-0000000000000000/build/src/dom/media/MediaDecoder.cpp, line 303
16:54:39     INFO - PROCESS | 2760 | ++DOCSHELL 0000001428278800 == 5 [pid = 2760] [id = 5]
16:54:39     INFO - PROCESS | 2760 | ++DOMWINDOW == 11 (0000001428279000) [pid = 2760] [serial = 11] [outer = 0000000000000000]
16:54:39     INFO - PROCESS | 2760 | ++DOCSHELL 000000142827F800 == 6 [pid = 2760] [id = 6]
16:54:39     INFO - PROCESS | 2760 | ++DOMWINDOW == 12 (0000001428280000) [pid = 2760] [serial = 12] [outer = 0000000000000000]
16:54:40     INFO - PROCESS | 2760 | ++DOCSHELL 00000014296A3000 == 7 [pid = 2760] [id = 7]
16:54:40     INFO - PROCESS | 2760 | ++DOMWINDOW == 13 (00000014296A3800) [pid = 2760] [serial = 13] [outer = 0000000000000000]
16:54:40     INFO - PROCESS | 2760 | ++DOMWINDOW == 14 (00000014296B0000) [pid = 2760] [serial = 14] [outer = 00000014296A3800]
16:54:40     INFO - PROCESS | 2760 | ++DOMWINDOW == 15 (0000001429BD9800) [pid = 2760] [serial = 15] [outer = 0000001428279000]
16:54:40     INFO - PROCESS | 2760 | ++DOMWINDOW == 16 (0000001429BDC000) [pid = 2760] [serial = 16] [outer = 0000001428280000]
16:54:40     INFO - PROCESS | 2760 | ++DOMWINDOW == 17 (0000001429BE0800) [pid = 2760] [serial = 17] [outer = 00000014296A3800]
16:54:42     INFO - PROCESS | 2760 | ++DOMWINDOW == 18 (0000001421B30000) [pid = 2760] [serial = 18] [outer = 00000014296A3800]
16:54:44     INFO - PROCESS | 2760 | [2760] WARNING: Could not get disk status from nsIDiskSpaceWatcher: file c:/builds/moz2_slave/m-esr52-w64-d-0000000000000000/build/src/uriloader/prefetch/nsOfflineCacheUpdateService.cpp, line 283
16:54:44     INFO - PROCESS | 2760 | --DOCSHELL 000000140F641000 == 6 [pid = 2760] [id = 1]
16:54:45     INFO - PROCESS | 2760 | ++DOMWINDOW == 19 (00000014212AC000) [pid = 2760] [serial = 19] [outer = 00000014296A3800]
16:54:45     INFO - TEST-START | /2dcontext/line-styles/2d.line.cap.butt.html
16:54:45     INFO - PROCESS | 2760 | ++DOCSHELL 00000014227C1000 == 7 [pid = 2760] [id = 8]
16:54:45     INFO - PROCESS | 2760 | ++DOMWINDOW == 20 (00000014227C1800) [pid = 2760] [serial = 20] [outer = 0000000000000000]
16:54:45     INFO - PROCESS | 2760 | ++DOMWINDOW == 21 (00000014229D8800) [pid = 2760] [serial = 21] [outer = 00000014227C1800]
16:54:45     INFO - PROCESS | 2760 | ++DOMWINDOW == 22 (0000001426911000) [pid = 2760] [serial = 22] [outer = 00000014227C1800]
16:54:45     INFO - PROCESS | 2760 | ++DOCSHELL 00000014232CE800 == 8 [pid = 2760] [id = 9]
16:54:45     INFO - PROCESS | 2760 | ++DOMWINDOW == 23 (000000142566A800) [pid = 2760] [serial = 23] [outer = 0000000000000000]
16:54:45     INFO - PROCESS | 2760 | ++DOMWINDOW == 24 (0000001426918000) [pid = 2760] [serial = 24] [outer = 000000142566A800]
16:54:46     INFO - PROCESS | 2760 | ++DOMWINDOW == 25 (0000001428288000) [pid = 2760] [serial = 25] [outer = 000000142566A800]
16:54:46     INFO - .
16:54:46     INFO - TEST-OK | /2dcontext/line-styles/2d.line.cap.butt.html | took 1196ms
16:54:46     INFO - TEST-START | /2dcontext/line-styles/2d.line.cap.closed.html
16:54:47     INFO - PROCESS | 2760 | ++DOCSHELL 00000014296AB000 == 9 [pid = 2760] [id = 10]
16:54:47     INFO - PROCESS | 2760 | ++DOMWINDOW == 26 (00000014296B9800) [pid = 2760] [serial = 26] [outer = 0000000000000000]
16:54:47     INFO - PROCESS | 2760 | ++DOMWINDOW == 27 (0000001429AA0800) [pid = 2760] [serial = 27] [outer = 00000014296B9800]
16:54:47     INFO - PROCESS | 2760 | ++DOMWINDOW == 28 (000000142BACC000) [pid = 2760] [serial = 28] [outer = 00000014296B9800]
16:54:47     INFO - PROCESS | 2760 | ++DOCSHELL 000000142C204800 == 10 [pid = 2760] [id = 11]
16:54:47     INFO - PROCESS | 2760 | ++DOMWINDOW == 29 (000000142C205000) [pid = 2760] [serial = 29] [outer = 0000000000000000]
16:54:47     INFO - PROCESS | 2760 | ++DOMWINDOW == 30 (0000001429BD5800) [pid = 2760] [serial = 30] [outer = 000000142C205000]
16:54:47     INFO - PROCESS | 2760 | ++DOMWINDOW == 31 (000000141B398000) [pid = 2760] [serial = 31] [outer = 000000142C205000]
16:54:47     INFO - PROCESS | 2760 | ++DOCSHELL 000000141A5A2000 == 11 [pid = 2760] [id = 12]
16:54:47     INFO - PROCESS | 2760 | ++DOMWINDOW == 32 (000000141B529800) [pid = 2760] [serial = 32] [outer = 0000000000000000]
16:54:47     INFO - PROCESS | 2760 | ++DOMWINDOW == 33 (000000141B898800) [pid = 2760] [serial = 33] [outer = 000000141B529800]
16:54:48     INFO - PROCESS | 2760 | ++DOMWINDOW == 34 (000000141C45D000) [pid = 2760] [serial = 34] [outer = 000000141B529800]
16:54:48     INFO - PROCESS | 2760 | --DOCSHELL 000000141D3B2000 == 10 [pid = 2760] [id = 4]
16:54:48     INFO - .
16:54:48     INFO - TEST-OK | /2dcontext/line-styles/2d.line.cap.closed.html | took 1262ms
16:54:48     INFO - TEST-START | /2dcontext/line-styles/2d.line.cap.invalid.html
16:54:48     INFO - PROCESS | 2760 | ++DOCSHELL 000000141C46D000 == 11 [pid = 2760] [id = 13]
16:54:48     INFO - PROCESS | 2760 | ++DOMWINDOW == 35 (000000141C981800) [pid = 2760] [serial = 35] [outer = 0000000000000000]
16:54:48     INFO - PROCESS | 2760 | ++DOMWINDOW == 36 (000000141CC03000) [pid = 2760] [serial = 36] [outer = 000000141C981800]
16:54:48     INFO - PROCESS | 2760 | ++DOMWINDOW == 37 (0000001420BB1000) [pid = 2760] [serial = 37] [outer = 000000141C981800]
16:54:48     INFO - .
16:54:48     INFO - TEST-OK | /2dcontext/line-styles/2d.line.cap.invalid.html | took 690ms
16:54:48     INFO - TEST-START | /2dcontext/line-styles/2d.line.cap.open.html
16:54:49     INFO - PROCESS | 2760 | ++DOCSHELL 0000001421053000 == 12 [pid = 2760] [id = 14]
16:54:49     INFO - PROCESS | 2760 | ++DOMWINDOW == 38 (0000001421055000) [pid = 2760] [serial = 38] [outer = 0000000000000000]
16:54:49     INFO - PROCESS | 2760 | ++DOMWINDOW == 39 (000000142155A800) [pid = 2760] [serial = 39] [outer = 0000001421055000]
16:54:49     INFO - PROCESS | 2760 | ++DOMWINDOW == 40 (0000001421B2D800) [pid = 2760] [serial = 40] [outer = 0000001421055000]
16:54:49     INFO - .
16:54:49     INFO - TEST-OK | /2dcontext/line-styles/2d.line.cap.open.html | took 671ms
16:54:49     INFO - TEST-START | /2dcontext/line-styles/2d.line.cap.round.html
16:54:49     INFO - PROCESS | 2760 | ++DOCSHELL 00000014232D8800 == 13 [pid = 2760] [id = 15]
16:54:49     INFO - PROCESS | 2760 | ++DOMWINDOW == 41 (00000014232D9800) [pid = 2760] [serial = 41] [outer = 0000000000000000]
16:54:49     INFO - PROCESS | 2760 | ++DOMWINDOW == 42 (00000014232DD000) [pid = 2760] [serial = 42] [outer = 00000014232D9800]
16:54:49     INFO - PROCESS | 2760 | ++DOMWINDOW == 43 (0000001426918800) [pid = 2760] [serial = 43] [outer = 00000014232D9800]
16:54:50     INFO - .
16:54:50     INFO - TEST-OK | /2dcontext/line-styles/2d.line.cap.round.html | took 671ms
16:54:50     INFO - TEST-START | /2dcontext/line-styles/2d.line.cap.square.html
16:54:50     INFO - PROCESS | 2760 | ++DOCSHELL 0000001427546000 == 14 [pid = 2760] [id = 16]
16:54:50     INFO - PROCESS | 2760 | ++DOMWINDOW == 44 (000000142754B000) [pid = 2760] [serial = 44] [outer = 0000000000000000]
16:54:50     INFO - PROCESS | 2760 | ++DOMWINDOW == 45 (000000142806C000) [pid = 2760] [serial = 45] [outer = 000000142754B000]
16:54:50     INFO - PROCESS | 2760 | ++DOMWINDOW == 46 (000000142828C000) [pid = 2760] [serial = 46] [outer = 000000142754B000]
16:54:50     INFO - .
16:54:50     INFO - TEST-OK | /2dcontext/line-styles/2d.line.cap.square.html | took 630ms
16:54:50     INFO - TEST-START | /2dcontext/line-styles/2d.line.cap.valid.html
16:54:51     INFO - PROCESS | 2760 | ++DOCSHELL 0000001429297800 == 15 [pid = 2760] [id = 17]
16:54:51     INFO - PROCESS | 2760 | ++DOMWINDOW == 47 (000000142957E000) [pid = 2760] [serial = 47] [outer = 0000000000000000]
16:54:51     INFO - PROCESS | 2760 | ++DOMWINDOW == 48 (00000014296A0000) [pid = 2760] [serial = 48] [outer = 000000142957E000]
16:54:51     INFO - PROCESS | 2760 | ++DOMWINDOW == 49 (000000142A063000) [pid = 2760] [serial = 49] [outer = 000000142957E000]
16:54:51     INFO - .
16:54:51     INFO - TEST-OK | /2dcontext/line-styles/2d.line.cap.valid.html | took 670ms
16:54:51     INFO - TEST-START | /2dcontext/line-styles/2d.line.cross.html
16:54:51     INFO - PROCESS | 2760 | ++DOCSHELL 000000142CF8D000 == 16 [pid = 2760] [id = 18]
16:54:51     INFO - PROCESS | 2760 | ++DOMWINDOW == 50 (000000142CF8D800) [pid = 2760] [serial = 50] [outer = 0000000000000000]
16:54:51     INFO - PROCESS | 2760 | ++DOMWINDOW == 51 (000000142D019800) [pid = 2760] [serial = 51] [outer = 000000142CF8D800]
16:54:51     INFO - PROCESS | 2760 | ++DOMWINDOW == 52 (000000142D027800) [pid = 2760] [serial = 52] [outer = 000000142CF8D800]
16:54:52     INFO - .
16:54:52     INFO - TEST-OK | /2dcontext/line-styles/2d.line.cross.html | took 628ms
16:54:52     INFO - TEST-START | /2dcontext/line-styles/2d.line.defaults.html
16:54:52     INFO - PROCESS | 2760 | ++DOCSHELL 000000141CA90800 == 17 [pid = 2760] [id = 19]
16:54:52     INFO - PROCESS | 2760 | ++DOMWINDOW == 53 (000000141CA91000) [pid = 2760] [serial = 53] [outer = 0000000000000000]
16:54:52     INFO - PROCESS | 2760 | ++DOMWINDOW == 54 (000000141CA97800) [pid = 2760] [serial = 54] [outer = 000000141CA91000]
16:54:52     INFO - PROCESS | 2760 | ++DOMWINDOW == 55 (000000142CF98800) [pid = 2760] [serial = 55] [outer = 000000141CA91000]
16:54:52     INFO - .
16:54:52     INFO - TEST-OK | /2dcontext/line-styles/2d.line.defaults.html | took 587ms
16:54:52     INFO - TEST-START | /2dcontext/line-styles/2d.line.join.bevel.html
16:54:52     INFO - PROCESS | 2760 | ++DOCSHELL 000000142E85E000 == 18 [pid = 2760] [id = 20]
16:54:52     INFO - PROCESS | 2760 | ++DOMWINDOW == 56 (000000142E85E800) [pid = 2760] [serial = 56] [outer = 0000000000000000]
16:54:52     INFO - PROCESS | 2760 | ++DOMWINDOW == 57 (000000142E862800) [pid = 2760] [serial = 57] [outer = 000000142E85E800]
16:54:53     INFO - PROCESS | 2760 | ++DOMWINDOW == 58 (000000142E870000) [pid = 2760] [serial = 58] [outer = 000000142E85E800]
16:54:53     INFO - .
16:54:53     INFO - TEST-OK | /2dcontext/line-styles/2d.line.join.bevel.html | took 586ms
16:54:53     INFO - TEST-START | /2dcontext/line-styles/2d.line.join.closed.html
16:54:53     INFO - PROCESS | 2760 | ++DOCSHELL 000000142E86E800 == 19 [pid = 2760] [id = 21]
16:54:53     INFO - PROCESS | 2760 | ++DOMWINDOW == 59 (000000142E875800) [pid = 2760] [serial = 59] [outer = 0000000000000000]
16:54:53     INFO - PROCESS | 2760 | ++DOMWINDOW == 60 (000000142EA3B800) [pid = 2760] [serial = 60] [outer = 000000142E875800]
16:54:53     INFO - PROCESS | 2760 | ++DOMWINDOW == 61 (000000142EA49000) [pid = 2760] [serial = 61] [outer = 000000142E875800]
16:54:53     INFO - .
16:54:53     INFO - TEST-OK | /2dcontext/line-styles/2d.line.join.closed.html | took 587ms
16:54:53     INFO - TEST-START | /2dcontext/line-styles/2d.line.join.invalid.html
16:54:54     INFO - PROCESS | 2760 | ++DOCSHELL 000000142EA55000 == 20 [pid = 2760] [id = 22]
16:54:54     INFO - PROCESS | 2760 | ++DOMWINDOW == 62 (000000142EA55800) [pid = 2760] [serial = 62] [outer = 0000000000000000]
16:54:54     INFO - PROCESS | 2760 | ++DOMWINDOW == 63 (00000014301D3800) [pid = 2760] [serial = 63] [outer = 000000142EA55800]
16:54:54     INFO - PROCESS | 2760 | ++DOMWINDOW == 64 (00000014301DE800) [pid = 2760] [serial = 64] [outer = 000000142EA55800]
16:54:54     INFO - .
16:54:54     INFO - TEST-OK | /2dcontext/line-styles/2d.line.join.invalid.html | took 587ms
16:54:54     INFO - TEST-START | /2dcontext/line-styles/2d.line.join.miter.html
16:54:55     INFO - PROCESS | 2760 | --DOCSHELL 00000014227C1000 == 19 [pid = 2760] [id = 8]
16:54:55     INFO - PROCESS | 2760 | ++DOCSHELL 000000141CA81800 == 20 [pid = 2760] [id = 23]
16:54:55     INFO - PROCESS | 2760 | ++DOMWINDOW == 65 (000000141CA82000) [pid = 2760] [serial = 65] [outer = 0000000000000000]
16:54:55     INFO - PROCESS | 2760 | ++DOMWINDOW == 66 (000000141CA88000) [pid = 2760] [serial = 66] [outer = 000000141CA82000]
16:54:55     INFO - PROCESS | 2760 | ++DOMWINDOW == 67 (0000001420A59000) [pid = 2760] [serial = 67] [outer = 000000141CA82000]
16:54:56     INFO - .
16:54:56     INFO - TEST-OK | /2dcontext/line-styles/2d.line.join.miter.html | took 1634ms
16:54:56     INFO - TEST-START | /2dcontext/line-styles/2d.line.join.open.html
16:54:56     INFO - PROCESS | 2760 | ++DOCSHELL 000000142104F800 == 21 [pid = 2760] [id = 24]
16:54:56     INFO - PROCESS | 2760 | ++DOMWINDOW == 68 (0000001421051800) [pid = 2760] [serial = 68] [outer = 0000000000000000]
16:54:56     INFO - PROCESS | 2760 | ++DOMWINDOW == 69 (0000001421553800) [pid = 2760] [serial = 69] [outer = 0000001421051800]
16:54:56     INFO - PROCESS | 2760 | ++DOMWINDOW == 70 (0000001421D0C000) [pid = 2760] [serial = 70] [outer = 0000001421051800]
16:54:57     INFO - PROCESS | 2760 | [2760] WARNING: NS_ENSURE_TRUE(layerManager) failed: file c:/builds/moz2_slave/m-esr52-w64-d-0000000000000000/build/src/dom/media/MediaDecoder.cpp, line 303
16:54:57     INFO - PROCESS | 2760 | [2760] WARNING: NS_ENSURE_TRUE(layerManager) failed: file c:/builds/moz2_slave/m-esr52-w64-d-0000000000000000/build/src/dom/media/MediaDecoder.cpp, line 303
16:54:57     INFO - PROCESS | 2760 | --DOMWINDOW == 69 (000000142326F800) [pid = 2760] [serial = 8] [outer = 0000000000000000] [url = chrome://gfxsanity/content/sanitytest.html]
16:54:57     INFO - PROCESS | 2760 | --DOMWINDOW == 68 (000000141D3B2800) [pid = 2760] [serial = 1] [outer = 0000000000000000] [url = chrome://gfxsanity/content/sanityparent.html]
16:54:57     INFO - PROCESS | 2760 | --DOMWINDOW == 67 (00000014296B9800) [pid = 2760] [serial = 26] [outer = 0000000000000000] [url = http://web-platform.test:8000/2dcontext/line-styles/2d.line.cap.closed.html]
16:54:57     INFO - PROCESS | 2760 | --DOMWINDOW == 66 (000000141C981800) [pid = 2760] [serial = 35] [outer = 0000000000000000] [url = http://web-platform.test:8000/2dcontext/line-styles/2d.line.cap.invalid.html]
16:54:57     INFO - PROCESS | 2760 | --DOMWINDOW == 65 (0000001421055000) [pid = 2760] [serial = 38] [outer = 0000000000000000] [url = http://web-platform.test:8000/2dcontext/line-styles/2d.line.cap.open.html]
16:54:57     INFO - PROCESS | 2760 | --DOMWINDOW == 64 (00000014232D9800) [pid = 2760] [serial = 41] [outer = 0000000000000000] [url = http://web-platform.test:8000/2dcontext/line-styles/2d.line.cap.round.html]
16:54:57     INFO - PROCESS | 2760 | --DOMWINDOW == 63 (000000142754B000) [pid = 2760] [serial = 44] [outer = 0000000000000000] [url = http://web-platform.test:8000/2dcontext/line-styles/2d.line.cap.square.html]
16:54:57     INFO - PROCESS | 2760 | --DOMWINDOW == 62 (000000142957E000) [pid = 2760] [serial = 47] [outer = 0000000000000000] [url = http://web-platform.test:8000/2dcontext/line-styles/2d.line.cap.valid.html]
16:54:57     INFO - PROCESS | 2760 | --DOMWINDOW == 61 (000000142CF8D800) [pid = 2760] [serial = 50] [outer = 0000000000000000] [url = http://web-platform.test:8000/2dcontext/line-styles/2d.line.cross.html]
16:54:57     INFO - PROCESS | 2760 | --DOMWINDOW == 60 (000000141CA91000) [pid = 2760] [serial = 53] [outer = 0000000000000000] [url = http://web-platform.test:8000/2dcontext/line-styles/2d.line.defaults.html]
16:54:57     INFO - PROCESS | 2760 | --DOMWINDOW == 59 (000000142E85E800) [pid = 2760] [serial = 56] [outer = 0000000000000000] [url = http://web-platform.test:8000/2dcontext/line-styles/2d.line.join.bevel.html]
16:54:57     INFO - PROCESS | 2760 | --DOMWINDOW == 58 (00000014227C1800) [pid = 2760] [serial = 20] [outer = 0000000000000000] [url = http://web-platform.test:8000/2dcontext/line-styles/2d.line.cap.butt.html]
16:54:57     INFO - .
16:54:57     INFO - TEST-OK | /2dcontext/line-styles/2d.line.join.open.html | took 1076ms
16:54:57     INFO - TEST-START | /2dcontext/line-styles/2d.line.join.parallel.html
16:54:57     INFO - PROCESS | 2760 | ++DOCSHELL 00000014229DF800 == 22 [pid = 2760] [id = 25]
16:54:57     INFO - PROCESS | 2760 | ++DOMWINDOW == 59 (00000014229E0000) [pid = 2760] [serial = 71] [outer = 0000000000000000]
16:54:57     INFO - PROCESS | 2760 | ++DOMWINDOW == 60 (0000001423267000) [pid = 2760] [serial = 72] [outer = 00000014229E0000]
16:54:57     INFO - PROCESS | 2760 | ++DOMWINDOW == 61 (000000142566B000) [pid = 2760] [serial = 73] [outer = 00000014229E0000]
16:54:57     INFO - .
16:54:57     INFO - TEST-OK | /2dcontext/line-styles/2d.line.join.parallel.html | took 671ms
16:54:58     INFO - TEST-START | /2dcontext/line-styles/2d.line.join.round.html
16:54:58     INFO - PROCESS | 2760 | ++DOCSHELL 0000001427008000 == 23 [pid = 2760] [id = 26]
16:54:58     INFO - PROCESS | 2760 | ++DOMWINDOW == 62 (000000142700A000) [pid = 2760] [serial = 74] [outer = 0000000000000000]
16:54:58     INFO - PROCESS | 2760 | ++DOMWINDOW == 63 (0000001427540800) [pid = 2760] [serial = 75] [outer = 000000142700A000]
16:54:58     INFO - PROCESS | 2760 | ++DOMWINDOW == 64 (000000142828B000) [pid = 2760] [serial = 76] [outer = 000000142700A000]
16:54:58     INFO - .
16:54:58     INFO - TEST-OK | /2dcontext/line-styles/2d.line.join.round.html | took 630ms
16:54:58     INFO - TEST-START | /2dcontext/line-styles/2d.line.join.valid.html
16:54:58     INFO - PROCESS | 2760 | ++DOCSHELL 000000142A218800 == 24 [pid = 2760] [id = 27]
16:54:58     INFO - PROCESS | 2760 | ++DOMWINDOW == 65 (000000142A331000) [pid = 2760] [serial = 77] [outer = 0000000000000000]
16:54:58     INFO - PROCESS | 2760 | ++DOMWINDOW == 66 (000000142BACB000) [pid = 2760] [serial = 78] [outer = 000000142A331000]
16:54:58     INFO - PROCESS | 2760 | ++DOMWINDOW == 67 (000000142CD6D000) [pid = 2760] [serial = 79] [outer = 000000142A331000]
16:54:59     INFO - .
16:54:59     INFO - TEST-OK | /2dcontext/line-styles/2d.line.join.valid.html | took 671ms
16:54:59     INFO - TEST-START | /2dcontext/line-styles/2d.line.miter.acute.html
16:54:59     INFO - PROCESS | 2760 | ++DOCSHELL 0000001420DAE000 == 25 [pid = 2760] [id = 28]
16:54:59     INFO - PROCESS | 2760 | ++DOMWINDOW == 68 (00000014212AD000) [pid = 2760] [serial = 80] [outer = 0000000000000000]
16:54:59     INFO - PROCESS | 2760 | ++DOMWINDOW == 69 (00000014217B5000) [pid = 2760] [serial = 81] [outer = 00000014212AD000]
16:54:59     INFO - PROCESS | 2760 | ++DOMWINDOW == 70 (00000014232D9800) [pid = 2760] [serial = 82] [outer = 00000014212AD000]
16:55:00     INFO - .
16:55:00     INFO - TEST-OK | /2dcontext/line-styles/2d.line.miter.acute.html | took 881ms
16:55:00     INFO - TEST-START | /2dcontext/line-styles/2d.line.miter.exceeded.html
16:55:00     INFO - PROCESS | 2760 | ++DOCSHELL 00000014292A2800 == 26 [pid = 2760] [id = 29]
16:55:00     INFO - PROCESS | 2760 | ++DOMWINDOW == 71 (0000001429A9B000) [pid = 2760] [serial = 83] [outer = 0000000000000000]
16:55:00     INFO - PROCESS | 2760 | ++DOMWINDOW == 72 (000000142CD89800) [pid = 2760] [serial = 84] [outer = 0000001429A9B000]
16:55:00     INFO - PROCESS | 2760 | ++DOMWINDOW == 73 (000000142D02E000) [pid = 2760] [serial = 85] [outer = 0000001429A9B000]
16:55:01     INFO - .
16:55:01     INFO - TEST-OK | /2dcontext/line-styles/2d.line.miter.exceeded.html | took 839ms
16:55:01     INFO - TEST-START | /2dcontext/line-styles/2d.line.miter.invalid.html
16:55:01     INFO - PROCESS | 2760 | ++DOCSHELL 000000142EA37000 == 27 [pid = 2760] [id = 30]
16:55:01     INFO - PROCESS | 2760 | ++DOMWINDOW == 74 (000000142EA38800) [pid = 2760] [serial = 86] [outer = 0000000000000000]
16:55:01     INFO - PROCESS | 2760 | ++DOMWINDOW == 75 (000000142EA42800) [pid = 2760] [serial = 87] [outer = 000000142EA38800]
16:55:01     INFO - PROCESS | 2760 | ++DOMWINDOW == 76 (000000142EFD5000) [pid = 2760] [serial = 88] [outer = 000000142EA38800]
16:55:01     INFO - .
16:55:01     INFO - TEST-OK | /2dcontext/line-styles/2d.line.miter.invalid.html | took 839ms
16:55:01     INFO - TEST-START | /2dcontext/line-styles/2d.line.miter.lineedge.html
16:55:02     INFO - PROCESS | 2760 | ++DOCSHELL 000000142EFE7800 == 28 [pid = 2760] [id = 31]
16:55:02     INFO - PROCESS | 2760 | ++DOMWINDOW == 77 (000000142EFE8000) [pid = 2760] [serial = 89] [outer = 0000000000000000]
16:55:02     INFO - PROCESS | 2760 | ++DOMWINDOW == 78 (00000014301D4000) [pid = 2760] [serial = 90] [outer = 000000142EFE8000]
16:55:02     INFO - PROCESS | 2760 | ++DOMWINDOW == 79 (00000014301E6800) [pid = 2760] [serial = 91] [outer = 000000142EFE8000]
16:55:02     INFO - .
16:55:02     INFO - TEST-OK | /2dcontext/line-styles/2d.line.miter.lineedge.html | took 838ms
16:55:02     INFO - TEST-START | /2dcontext/line-styles/2d.line.miter.obtuse.html
16:55:02     INFO - PROCESS | 2760 | ++DOCSHELL 0000001427005800 == 29 [pid = 2760] [id = 32]
16:55:02     INFO - PROCESS | 2760 | ++DOMWINDOW == 80 (000000142E88D000) [pid = 2760] [serial = 92] [outer = 0000000000000000]
16:55:03     INFO - PROCESS | 2760 | ++DOMWINDOW == 81 (000000142E89A800) [pid = 2760] [serial = 93] [outer = 000000142E88D000]
16:55:03     INFO - PROCESS | 2760 | ++DOMWINDOW == 82 (000000142EFE9800) [pid = 2760] [serial = 94] [outer = 000000142E88D000]
16:55:03     INFO - .
16:55:03     INFO - TEST-OK | /2dcontext/line-styles/2d.line.miter.obtuse.html | took 776ms
16:55:03     INFO - TEST-START | /2dcontext/line-styles/2d.line.miter.rightangle.html
16:55:03     INFO - PROCESS | 2760 | ++DOCSHELL 000000142E8A4000 == 30 [pid = 2760] [id = 33]
16:55:03     INFO - PROCESS | 2760 | ++DOMWINDOW == 83 (0000001430180000) [pid = 2760] [serial = 95] [outer = 0000000000000000]
16:55:03     INFO - PROCESS | 2760 | ++DOMWINDOW == 84 (0000001430188000) [pid = 2760] [serial = 96] [outer = 0000001430180000]
16:55:03     INFO - PROCESS | 2760 | ++DOMWINDOW == 85 (0000001430197800) [pid = 2760] [serial = 97] [outer = 0000001430180000]
16:55:04     INFO - .
16:55:04     INFO - TEST-OK | /2dcontext/line-styles/2d.line.miter.rightangle.html | took 985ms
16:55:04     INFO - TEST-START | /2dcontext/line-styles/2d.line.miter.valid.html
16:55:04     INFO - PROCESS | 2760 | ++DOCSHELL 000000141C995800 == 31 [pid = 2760] [id = 34]
16:55:04     INFO - PROCESS | 2760 | ++DOMWINDOW == 86 (000000141C996000) [pid = 2760] [serial = 98] [outer = 0000000000000000]
16:55:04     INFO - PROCESS | 2760 | ++DOMWINDOW == 87 (0000001420BB0000) [pid = 2760] [serial = 99] [outer = 000000141C996000]
16:55:04     INFO - PROCESS | 2760 | ++DOMWINDOW == 88 (00000014229DE000) [pid = 2760] [serial = 100] [outer = 000000141C996000]
16:55:05     INFO - PROCESS | 2760 | --DOMWINDOW == 87 (0000001421B30000) [pid = 2760] [serial = 18] [outer = 0000000000000000] [url = about:blank]
16:55:05     INFO - PROCESS | 2760 | --DOMWINDOW == 86 (0000001429BD5800) [pid = 2760] [serial = 30] [outer = 0000000000000000] [url = about:blank]
16:55:05     INFO - PROCESS | 2760 | --DOMWINDOW == 85 (0000001426911000) [pid = 2760] [serial = 22] [outer = 0000000000000000] [url = about:blank]
16:55:05     INFO - PROCESS | 2760 | --DOMWINDOW == 84 (00000014229D8800) [pid = 2760] [serial = 21] [outer = 0000000000000000] [url = about:blank]
16:55:05     INFO - PROCESS | 2760 | --DOMWINDOW == 83 (000000142BACC000) [pid = 2760] [serial = 28] [outer = 0000000000000000] [url = about:blank]
16:55:05     INFO - PROCESS | 2760 | --DOMWINDOW == 82 (0000001429AA0800) [pid = 2760] [serial = 27] [outer = 0000000000000000] [url = about:blank]
16:55:05     INFO - PROCESS | 2760 | --DOMWINDOW == 81 (0000001420BB1000) [pid = 2760] [serial = 37] [outer = 0000000000000000] [url = about:blank]
16:55:05     INFO - PROCESS | 2760 | --DOMWINDOW == 80 (000000141CC03000) [pid = 2760] [serial = 36] [outer = 0000000000000000] [url = about:blank]
16:55:05     INFO - PROCESS | 2760 | --DOMWINDOW == 79 (0000001421B2D800) [pid = 2760] [serial = 40] [outer = 0000000000000000] [url = about:blank]
16:55:05     INFO - PROCESS | 2760 | --DOMWINDOW == 78 (000000142155A800) [pid = 2760] [serial = 39] [outer = 0000000000000000] [url = about:blank]
16:55:05     INFO - PROCESS | 2760 | --DOMWINDOW == 77 (0000001426918800) [pid = 2760] [serial = 43] [outer = 0000000000000000] [url = about:blank]
16:55:05     INFO - PROCESS | 2760 | --DOMWINDOW == 76 (00000014232DD000) [pid = 2760] [serial = 42] [outer = 0000000000000000] [url = about:blank]
16:55:05     INFO - PROCESS | 2760 | --DOMWINDOW == 75 (000000142828C000) [pid = 2760] [serial = 46] [outer = 0000000000000000] [url = about:blank]
16:55:05     INFO - PROCESS | 2760 | --DOMWINDOW == 74 (000000142806C000) [pid = 2760] [serial = 45] [outer = 0000000000000000] [url = about:blank]
16:55:05     INFO - PROCESS | 2760 | --DOMWINDOW == 73 (0000001429BE0800) [pid = 2760] [serial = 17] [outer = 0000000000000000] [url = about:blank]
16:55:05     INFO - PROCESS | 2760 | --DOMWINDOW == 72 (000000142A063000) [pid = 2760] [serial = 49] [outer = 0000000000000000] [url = about:blank]
16:55:05     INFO - PROCESS | 2760 | --DOMWINDOW == 71 (0000001426918000) [pid = 2760] [serial = 24] [outer = 0000000000000000] [url = about:blank]
16:55:05     INFO - PROCESS | 2760 | --DOMWINDOW == 70 (00000014296A0000) [pid = 2760] [serial = 48] [outer = 0000000000000000] [url = about:blank]
16:55:05     INFO - PROCESS | 2760 | --DOMWINDOW == 69 (00000014296B0000) [pid = 2760] [serial = 14] [outer = 0000000000000000] [url = about:blank]
16:55:05     INFO - PROCESS | 2760 | --DOMWINDOW == 68 (000000141B898800) [pid = 2760] [serial = 33] [outer = 0000000000000000] [url = about:blank]
16:55:05     INFO - PROCESS | 2760 | --DOMWINDOW == 67 (000000142D027800) [pid = 2760] [serial = 52] [outer = 0000000000000000] [url = about:blank]
16:55:05     INFO - PROCESS | 2760 | --DOMWINDOW == 66 (000000142D019800) [pid = 2760] [serial = 51] [outer = 0000000000000000] [url = about:blank]
16:55:05     INFO - PROCESS | 2760 | --DOMWINDOW == 65 (0000001423280800) [pid = 2760] [serial = 9] [outer = 0000000000000000] [url = about:blank]
16:55:05     INFO - PROCESS | 2760 | --DOMWINDOW == 64 (000000142CF98800) [pid = 2760] [serial = 55] [outer = 0000000000000000] [url = about:blank]
16:55:05     INFO - PROCESS | 2760 | --DOMWINDOW == 63 (000000141CA97800) [pid = 2760] [serial = 54] [outer = 0000000000000000] [url = about:blank]
16:55:05     INFO - PROCESS | 2760 | --DOMWINDOW == 62 (000000142E870000) [pid = 2760] [serial = 58] [outer = 0000000000000000] [url = about:blank]
16:55:05     INFO - PROCESS | 2760 | --DOMWINDOW == 61 (000000142E862800) [pid = 2760] [serial = 57] [outer = 0000000000000000] [url = about:blank]
16:55:05     INFO - PROCESS | 2760 | --DOMWINDOW == 60 (000000142EA3B800) [pid = 2760] [serial = 60] [outer = 0000000000000000] [url = about:blank]
16:55:05     INFO - PROCESS | 2760 | --DOMWINDOW == 59 (00000014301D3800) [pid = 2760] [serial = 63] [outer = 0000000000000000] [url = about:blank]
16:55:05     INFO - PROCESS | 2760 | --DOMWINDOW == 58 (0000001425663800) [pid = 2760] [serial = 10] [outer = 0000000000000000] [url = chrome://gfxsanity/content/sanitytest.html]
16:55:05     INFO - PROCESS | 2760 | --DOMWINDOW == 57 (000000141DBE0800) [pid = 2760] [serial = 4] [outer = 0000000000000000] [url = about:blank]
16:55:05     INFO - PROCESS | 2760 | --DOMWINDOW == 56 (000000141D3B3800) [pid = 2760] [serial = 2] [outer = 0000000000000000] [url = about:blank]
16:55:05     INFO - .
16:55:05     INFO - TEST-OK | /2dcontext/line-styles/2d.line.miter.valid.html | took 1384ms
16:55:05     INFO - TEST-START | /2dcontext/line-styles/2d.line.miter.within.html
16:55:06     INFO - PROCESS | 2760 | ++DOCSHELL 000000141DBE2000 == 32 [pid = 2760] [id = 35]
16:55:06     INFO - PROCESS | 2760 | ++DOMWINDOW == 57 (000000141DBE2800) [pid = 2760] [serial = 101] [outer = 0000000000000000]
16:55:06     INFO - PROCESS | 2760 | ++DOMWINDOW == 58 (0000001420B2F800) [pid = 2760] [serial = 102] [outer = 000000141DBE2800]
16:55:06     INFO - PROCESS | 2760 | ++DOMWINDOW == 59 (00000014212C0800) [pid = 2760] [serial = 103] [outer = 000000141DBE2800]
16:55:06     INFO - .
16:55:06     INFO - TEST-OK | /2dcontext/line-styles/2d.line.miter.within.html | took 733ms
16:55:06     INFO - TEST-START | /2dcontext/line-styles/2d.line.union.html
16:55:06     INFO - PROCESS | 2760 | ++DOCSHELL 00000014227BA000 == 33 [pid = 2760] [id = 36]
16:55:06     INFO - PROCESS | 2760 | ++DOMWINDOW == 60 (00000014227BB000) [pid = 2760] [serial = 104] [outer = 0000000000000000]
16:55:06     INFO - PROCESS | 2760 | ++DOMWINDOW == 61 (00000014229D6800) [pid = 2760] [serial = 105] [outer = 00000014227BB000]
16:55:07     INFO - PROCESS | 2760 | ++DOMWINDOW == 62 (000000142327B000) [pid = 2760] [serial = 106] [outer = 00000014227BB000]
16:55:07     INFO - .
16:55:07     INFO - TEST-OK | /2dcontext/line-styles/2d.line.union.html | took 671ms
16:55:07     INFO - TEST-START | /2dcontext/line-styles/2d.line.width.basic.html
16:55:07     INFO - PROCESS | 2760 | ++DOCSHELL 00000014260A1800 == 34 [pid = 2760] [id = 37]
16:55:07     INFO - PROCESS | 2760 | ++DOMWINDOW == 63 (00000014260A2800) [pid = 2760] [serial = 107] [outer = 0000000000000000]
16:55:07     INFO - PROCESS | 2760 | ++DOMWINDOW == 64 (00000014260A6000) [pid = 2760] [serial = 108] [outer = 00000014260A2800]
16:55:07     INFO - PROCESS | 2760 | ++DOMWINDOW == 65 (0000001426909000) [pid = 2760] [serial = 109] [outer = 00000014260A2800]
16:55:08     INFO - .
16:55:08     INFO - TEST-OK | /2dcontext/line-styles/2d.line.width.basic.html | took 671ms
16:55:08     INFO - TEST-START | /2dcontext/line-styles/2d.line.width.invalid.html
16:55:08     INFO - PROCESS | 2760 | ++DOCSHELL 000000142806B800 == 35 [pid = 2760] [id = 38]
16:55:08     INFO - PROCESS | 2760 | ++DOMWINDOW == 66 (000000142806C000) [pid = 2760] [serial = 110] [outer = 0000000000000000]
16:55:08     INFO - PROCESS | 2760 | ++DOMWINDOW == 67 (000000142807F800) [pid = 2760] [serial = 111] [outer = 000000142806C000]
16:55:08     INFO - PROCESS | 2760 | ++DOMWINDOW == 68 (00000014290A1000) [pid = 2760] [serial = 112] [outer = 000000142806C000]
16:55:08     INFO - .
16:55:08     INFO - TEST-OK | /2dcontext/line-styles/2d.line.width.invalid.html | took 670ms
16:55:08     INFO - TEST-START | /2dcontext/line-styles/2d.line.width.scaledefault.html
16:55:08     INFO - PROCESS | 2760 | ++DOCSHELL 00000014291CE800 == 36 [pid = 2760] [id = 39]
16:55:08     INFO - PROCESS | 2760 | ++DOMWINDOW == 69 (00000014291D0000) [pid = 2760] [serial = 113] [outer = 0000000000000000]
16:55:08     INFO - PROCESS | 2760 | ++DOMWINDOW == 70 (0000001429578000) [pid = 2760] [serial = 114] [outer = 00000014291D0000]
16:55:09     INFO - PROCESS | 2760 | ++DOMWINDOW == 71 (0000001429A90000) [pid = 2760] [serial = 115] [outer = 00000014291D0000]
16:55:09     INFO - .
16:55:09     INFO - TEST-OK | /2dcontext/line-styles/2d.line.width.scaledefault.html | took 671ms
16:55:09     INFO - TEST-START | /2dcontext/line-styles/2d.line.width.transformed.html
16:55:09     INFO - PROCESS | 2760 | ++DOCSHELL 0000001429BE3000 == 37 [pid = 2760] [id = 40]
16:55:09     INFO - PROCESS | 2760 | ++DOMWINDOW == 72 (0000001429BE3800) [pid = 2760] [serial = 116] [outer = 0000000000000000]
16:55:09     INFO - PROCESS | 2760 | ++DOMWINDOW == 73 (000000142A218000) [pid = 2760] [serial = 117] [outer = 0000001429BE3800]
16:55:09     INFO - PROCESS | 2760 | ++DOMWINDOW == 74 (000000142BFC8800) [pid = 2760] [serial = 118] [outer = 0000001429BE3800]
16:55:09     INFO - PROCESS | 2760 | --DOMWINDOW == 73 (000000142EA55800) [pid = 2760] [serial = 62] [outer = 0000000000000000] [url = http://web-platform.test:8000/2dcontext/line-styles/2d.line.join.invalid.html]
16:55:09     INFO - PROCESS | 2760 | --DOMWINDOW == 72 (000000142E875800) [pid = 2760] [serial = 59] [outer = 0000000000000000] [url = http://web-platform.test:8000/2dcontext/line-styles/2d.line.join.closed.html]
16:55:09     INFO - PROCESS | 2760 | --DOMWINDOW == 71 (000000142700A000) [pid = 2760] [serial = 74] [outer = 0000000000000000] [url = http://web-platform.test:8000/2dcontext/line-styles/2d.line.join.round.html]
16:55:09     INFO - PROCESS | 2760 | --DOMWINDOW == 70 (00000014229E0000) [pid = 2760] [serial = 71] [outer = 0000000000000000] [url = http://web-platform.test:8000/2dcontext/line-styles/2d.line.join.parallel.html]
16:55:09     INFO - PROCESS | 2760 | --DOMWINDOW == 69 (000000142A331000) [pid = 2760] [serial = 77] [outer = 0000000000000000] [url = http://web-platform.test:8000/2dcontext/line-styles/2d.line.join.valid.html]
16:55:09     INFO - PROCESS | 2760 | --DOMWINDOW == 68 (0000001421051800) [pid = 2760] [serial = 68] [outer = 0000000000000000] [url = http://web-platform.test:8000/2dcontext/line-styles/2d.line.join.open.html]
16:55:09     INFO - PROCESS | 2760 | --DOMWINDOW == 67 (000000141CA82000) [pid = 2760] [serial = 65] [outer = 0000000000000000] [url = http://web-platform.test:8000/2dcontext/line-styles/2d.line.join.miter.html]
16:55:10     INFO - .
16:55:10     INFO - TEST-OK | /2dcontext/line-styles/2d.line.width.transformed.html | took 734ms
16:55:10     INFO - TEST-START | /2dcontext/line-styles/2d.line.width.valid.html
16:55:10     INFO - PROCESS | 2760 | ++DOCSHELL 000000142C222800 == 38 [pid = 2760] [id = 41]
16:55:10     INFO - PROCESS | 2760 | ++DOMWINDOW == 68 (000000142CD69800) [pid = 2760] [serial = 119] [outer = 0000000000000000]
16:55:10     INFO - PROCESS | 2760 | ++DOMWINDOW == 69 (000000142CD75000) [pid = 2760] [serial = 120] [outer = 000000142CD69800]
16:55:10     INFO - PROCESS | 2760 | ++DOMWINDOW == 70 (000000142D01D800) [pid = 2760] [serial = 121] [outer = 000000142CD69800]
16:55:10     INFO - .
16:55:10     INFO - TEST-OK | /2dcontext/line-styles/2d.line.width.valid.html | took 586ms
16:55:10     INFO - TEST-START | /2dcontext/line-styles/setLineDash.html
16:55:10     INFO - PROCESS | 2760 | ++DOCSHELL 000000142D024000 == 39 [pid = 2760] [id = 42]
16:55:10     INFO - PROCESS | 2760 | ++DOMWINDOW == 71 (000000142D024800) [pid = 2760] [serial = 122] [outer = 0000000000000000]
16:55:10     INFO - PROCESS | 2760 | ++DOMWINDOW == 72 (000000142D033000) [pid = 2760] [serial = 123] [outer = 000000142D024800]
16:55:11     INFO - PROCESS | 2760 | ++DOMWINDOW == 73 (000000142E863800) [pid = 2760] [serial = 124] [outer = 000000142D024800]
16:55:11     INFO - ..
16:55:11     INFO - TEST-OK | /2dcontext/line-styles/setLineDash.html | took 733ms
16:55:11     INFO - TEST-START | /FileAPI/filelist-section/filelist.html
16:55:11     INFO - PROCESS | 2760 | ++DOCSHELL 00000014260A0000 == 40 [pid = 2760] [id = 43]
16:55:11     INFO - PROCESS | 2760 | ++DOMWINDOW == 74 (000000142E878000) [pid = 2760] [serial = 125] [outer = 0000000000000000]
16:55:11     INFO - PROCESS | 2760 | ++DOMWINDOW == 75 (000000142E891800) [pid = 2760] [serial = 126] [outer = 000000142E878000]
16:55:11     INFO - PROCESS | 2760 | ++DOMWINDOW == 76 (000000142EA3B000) [pid = 2760] [serial = 127] [outer = 000000142E878000]
16:55:12     INFO - .......
16:55:12     INFO - TEST-OK | /FileAPI/filelist-section/filelist.html | took 671ms
16:55:12     INFO - TEST-START | /WebCryptoAPI/generateKey/failures.worker
16:55:12     INFO - PROCESS | 2760 | ++DOCSHELL 0000001420D91000 == 41 [pid = 2760] [id = 44]
16:55:12     INFO - PROCESS | 2760 | ++DOMWINDOW == 77 (0000001420DA1000) [pid = 2760] [serial = 128] [outer = 0000000000000000]
16:55:12     INFO - PROCESS | 2760 | ++DOMWINDOW == 78 (000000142104C800) [pid = 2760] [serial = 129] [outer = 0000001420DA1000]
16:55:12     INFO - PROCESS | 2760 | ++DOMWINDOW == 79 (0000001423278000) [pid = 2760] [serial = 130] [outer = 0000001420DA1000]
16:55:12     INFO - PROCESS | 2760 | [2760] WARNING: Failed to retarget HTML data delivery to the parser thread.: file c:/builds/moz2_slave/m-esr52-w64-d-0000000000000000/build/src/parser/html/nsHtml5StreamParser.cpp, line 970
16:55:15     INFO - PROCESS | 2760 | --DOCSHELL 000000142D024000 == 40 [pid = 2760] [id = 42]
16:55:15     INFO - PROCESS | 2760 | --DOCSHELL 000000142C222800 == 39 [pid = 2760] [id = 41]
16:55:15     INFO - PROCESS | 2760 | --DOCSHELL 0000001429BE3000 == 38 [pid = 2760] [id = 40]
16:55:15     INFO - PROCESS | 2760 | --DOCSHELL 00000014291CE800 == 37 [pid = 2760] [id = 39]
16:55:15     INFO - PROCESS | 2760 | --DOCSHELL 000000142806B800 == 36 [pid = 2760] [id = 38]
16:55:15     INFO - PROCESS | 2760 | --DOCSHELL 00000014260A1800 == 35 [pid = 2760] [id = 37]
16:55:15     INFO - PROCESS | 2760 | --DOCSHELL 00000014227BA000 == 34 [pid = 2760] [id = 36]
16:55:15     INFO - PROCESS | 2760 | --DOCSHELL 000000141DBE2000 == 33 [pid = 2760] [id = 35]
16:55:15     INFO - PROCESS | 2760 | --DOCSHELL 000000141C995800 == 32 [pid = 2760] [id = 34]
16:55:15     INFO - PROCESS | 2760 | --DOMWINDOW == 78 (00000014301DE800) [pid = 2760] [serial = 64] [outer = 0000000000000000] [url = about:blank]
16:55:15     INFO - PROCESS | 2760 | --DOMWINDOW == 77 (000000142EA49000) [pid = 2760] [serial = 61] [outer = 0000000000000000] [url = about:blank]
16:55:15     INFO - PROCESS | 2760 | --DOMWINDOW == 76 (000000142BACB000) [pid = 2760] [serial = 78] [outer = 0000000000000000] [url = about:blank]
16:55:15     INFO - PROCESS | 2760 | --DOMWINDOW == 75 (000000142CD6D000) [pid = 2760] [serial = 79] [outer = 0000000000000000] [url = about:blank]
16:55:15     INFO - PROCESS | 2760 | --DOMWINDOW == 74 (0000001427540800) [pid = 2760] [serial = 75] [outer = 0000000000000000] [url = about:blank]
16:55:15     INFO - PROCESS | 2760 | --DOMWINDOW == 73 (000000142828B000) [pid = 2760] [serial = 76] [outer = 0000000000000000] [url = about:blank]
16:55:15     INFO - PROCESS | 2760 | --DOMWINDOW == 72 (000000142566B000) [pid = 2760] [serial = 73] [outer = 0000000000000000] [url = about:blank]
16:55:15     INFO - PROCESS | 2760 | --DOMWINDOW == 71 (0000001423267000) [pid = 2760] [serial = 72] [outer = 0000000000000000] [url = about:blank]
16:55:15     INFO - PROCESS | 2760 | --DOMWINDOW == 70 (0000001421553800) [pid = 2760] [serial = 69] [outer = 0000000000000000] [url = about:blank]
16:55:15     INFO - PROCESS | 2760 | --DOMWINDOW == 69 (0000001421D0C000) [pid = 2760] [serial = 70] [outer = 0000000000000000] [url = about:blank]
16:55:15     INFO - PROCESS | 2760 | --DOMWINDOW == 68 (000000141CA88000) [pid = 2760] [serial = 66] [outer = 0000000000000000] [url = about:blank]
16:55:15     INFO - PROCESS | 2760 | --DOMWINDOW == 67 (0000001420A59000) [pid = 2760] [serial = 67] [outer = 0000000000000000] [url = about:blank]
16:55:18     INFO - PROCESS | 2760 | ++DOMWINDOW == 68 (000000141A585000) [pid = 2760] [serial = 131] [outer = 000000141B529800]
16:55:19     INFO - PROCESS | 2760 | --DOMWINDOW == 67 (00000014212AD000) [pid = 2760] [serial = 80] [outer = 0000000000000000] [url = http://web-platform.test:8000/2dcontext/line-styles/2d.line.miter.acute.html]
16:55:19     INFO - PROCESS | 2760 | --DOMWINDOW == 66 (00000014291D0000) [pid = 2760] [serial = 113] [outer = 0000000000000000] [url = http://web-platform.test:8000/2dcontext/line-styles/2d.line.width.scaledefault.html]
16:55:19     INFO - PROCESS | 2760 | --DOMWINDOW == 65 (000000141DBE2800) [pid = 2760] [serial = 101] [outer = 0000000000000000] [url = http://web-platform.test:8000/2dcontext/line-styles/2d.line.miter.within.html]
16:55:19     INFO - PROCESS | 2760 | --DOMWINDOW == 64 (00000014260A2800) [pid = 2760] [serial = 107] [outer = 0000000000000000] [url = http://web-platform.test:8000/2dcontext/line-styles/2d.line.width.basic.html]
16:55:19     INFO - PROCESS | 2760 | --DOMWINDOW == 63 (000000142EA38800) [pid = 2760] [serial = 86] [outer = 0000000000000000] [url = http://web-platform.test:8000/2dcontext/line-styles/2d.line.miter.invalid.html]
16:55:19     INFO - PROCESS | 2760 | --DOMWINDOW == 62 (00000014227BB000) [pid = 2760] [serial = 104] [outer = 0000000000000000] [url = http://web-platform.test:8000/2dcontext/line-styles/2d.line.union.html]
16:55:19     INFO - PROCESS | 2760 | --DOMWINDOW == 61 (000000142D024800) [pid = 2760] [serial = 122] [outer = 0000000000000000] [url = http://web-platform.test:8000/2dcontext/line-styles/setLineDash.html]
16:55:19     INFO - PROCESS | 2760 | --DOMWINDOW == 60 (0000001429BE3800) [pid = 2760] [serial = 116] [outer = 0000000000000000] [url = http://web-platform.test:8000/2dcontext/line-styles/2d.line.width.transformed.html]
16:55:19     INFO - PROCESS | 2760 | --DOMWINDOW == 59 (000000142CD69800) [pid = 2760] [serial = 119] [outer = 0000000000000000] [url = http://web-platform.test:8000/2dcontext/line-styles/2d.line.width.valid.html]
16:55:19     INFO - PROCESS | 2760 | --DOMWINDOW == 58 (000000142EFE8000) [pid = 2760] [serial = 89] [outer = 0000000000000000] [url = http://web-platform.test:8000/2dcontext/line-styles/2d.line.miter.lineedge.html]
16:55:19     INFO - PROCESS | 2760 | --DOMWINDOW == 57 (000000142E88D000) [pid = 2760] [serial = 92] [outer = 0000000000000000] [url = http://web-platform.test:8000/2dcontext/line-styles/2d.line.miter.obtuse.html]
16:55:19     INFO - PROCESS | 2760 | --DOMWINDOW == 56 (0000001430180000) [pid = 2760] [serial = 95] [outer = 0000000000000000] [url = http://web-platform.test:8000/2dcontext/line-styles/2d.line.miter.rightangle.html]
16:55:19     INFO - PROCESS | 2760 | --DOMWINDOW == 55 (000000142806C000) [pid = 2760] [serial = 110] [outer = 0000000000000000] [url = http://web-platform.test:8000/2dcontext/line-styles/2d.line.width.invalid.html]
16:55:19     INFO - PROCESS | 2760 | --DOMWINDOW == 54 (0000001429A9B000) [pid = 2760] [serial = 83] [outer = 0000000000000000] [url = http://web-platform.test:8000/2dcontext/line-styles/2d.line.miter.exceeded.html]
16:55:23     INFO - PROCESS | 2760 | --DOCSHELL 000000142EFE7800 == 31 [pid = 2760] [id = 31]
16:55:23     INFO - PROCESS | 2760 | --DOCSHELL 0000001427005800 == 30 [pid = 2760] [id = 32]
16:55:23     INFO - PROCESS | 2760 | --DOCSHELL 00000014292A2800 == 29 [pid = 2760] [id = 29]
16:55:23     INFO - PROCESS | 2760 | --DOCSHELL 000000142CF8D000 == 28 [pid = 2760] [id = 18]
16:55:23     INFO - PROCESS | 2760 | --DOCSHELL 000000142E8A4000 == 27 [pid = 2760] [id = 33]
16:55:23     INFO - PROCESS | 2760 | --DOCSHELL 000000142E85E000 == 26 [pid = 2760] [id = 20]
16:55:23     INFO - PROCESS | 2760 | --DOCSHELL 0000001427008000 == 25 [pid = 2760] [id = 26]
16:55:23     INFO - PROCESS | 2760 | --DOCSHELL 000000142EA37000 == 24 [pid = 2760] [id = 30]
16:55:23     INFO - PROCESS | 2760 | --DOCSHELL 00000014296AB000 == 23 [pid = 2760] [id = 10]
16:55:23     INFO - PROCESS | 2760 | --DOCSHELL 0000001420DAE000 == 22 [pid = 2760] [id = 28]
16:55:23     INFO - PROCESS | 2760 | --DOCSHELL 000000142E86E800 == 21 [pid = 2760] [id = 21]
16:55:23     INFO - PROCESS | 2760 | --DOCSHELL 000000142EA55000 == 20 [pid = 2760] [id = 22]
16:55:23     INFO - PROCESS | 2760 | --DOCSHELL 000000142A218800 == 19 [pid = 2760] [id = 27]
16:55:23     INFO - PROCESS | 2760 | --DOCSHELL 000000141CA90800 == 18 [pid = 2760] [id = 19]
16:55:23     INFO - PROCESS | 2760 | --DOCSHELL 0000001421053000 == 17 [pid = 2760] [id = 14]
16:55:23     INFO - PROCESS | 2760 | --DOCSHELL 0000001427546000 == 16 [pid = 2760] [id = 16]
16:55:23     INFO - PROCESS | 2760 | --DOCSHELL 00000014229DF800 == 15 [pid = 2760] [id = 25]
16:55:23     INFO - PROCESS | 2760 | --DOCSHELL 0000001429297800 == 14 [pid = 2760] [id = 17]
16:55:23     INFO - PROCESS | 2760 | --DOCSHELL 00000014232D8800 == 13 [pid = 2760] [id = 15]
16:55:23     INFO - PROCESS | 2760 | --DOCSHELL 000000142104F800 == 12 [pid = 2760] [id = 24]
16:55:23     INFO - PROCESS | 2760 | --DOCSHELL 000000141CA81800 == 11 [pid = 2760] [id = 23]
16:55:23     INFO - PROCESS | 2760 | --DOCSHELL 000000141C46D000 == 10 [pid = 2760] [id = 13]
16:55:23     INFO - PROCESS | 2760 | --DOCSHELL 00000014260A0000 == 9 [pid = 2760] [id = 43]
16:55:23     INFO - PROCESS | 2760 | --DOMWINDOW == 53 (000000142D01D800) [pid = 2760] [serial = 121] [outer = 0000000000000000] [url = about:blank]
16:55:23     INFO - PROCESS | 2760 | --DOMWINDOW == 52 (000000142CD75000) [pid = 2760] [serial = 120] [outer = 0000000000000000] [url = about:blank]
16:55:23     INFO - PROCESS | 2760 | --DOMWINDOW == 51 (000000142E863800) [pid = 2760] [serial = 124] [outer = 0000000000000000] [url = about:blank]
16:55:23     INFO - PROCESS | 2760 | --DOMWINDOW == 50 (000000142D033000) [pid = 2760] [serial = 123] [outer = 0000000000000000] [url = about:blank]
16:55:23     INFO - PROCESS | 2760 | --DOMWINDOW == 49 (000000142A218000) [pid = 2760] [serial = 117] [outer = 0000000000000000] [url = about:blank]
16:55:23     INFO - PROCESS | 2760 | --DOMWINDOW == 48 (000000142BFC8800) [pid = 2760] [serial = 118] [outer = 0000000000000000] [url = about:blank]
16:55:23     INFO - PROCESS | 2760 | --DOMWINDOW == 47 (0000001429578000) [pid = 2760] [serial = 114] [outer = 0000000000000000] [url = about:blank]
16:55:23     INFO - PROCESS | 2760 | --DOMWINDOW == 46 (0000001429A90000) [pid = 2760] [serial = 115] [outer = 0000000000000000] [url = about:blank]
16:55:23     INFO - PROCESS | 2760 | --DOMWINDOW == 45 (000000142807F800) [pid = 2760] [serial = 111] [outer = 0000000000000000] [url = about:blank]
16:55:23     INFO - PROCESS | 2760 | --DOMWINDOW == 44 (00000014290A1000) [pid = 2760] [serial = 112] [outer = 0000000000000000] [url = about:blank]
16:55:23     INFO - PROCESS | 2760 | --DOMWINDOW == 43 (00000014260A6000) [pid = 2760] [serial = 108] [outer = 0000000000000000] [url = about:blank]
16:55:23     INFO - PROCESS | 2760 | --DOMWINDOW == 42 (0000001426909000) [pid = 2760] [serial = 109] [outer = 0000000000000000] [url = about:blank]
16:55:23     INFO - PROCESS | 2760 | --DOMWINDOW == 41 (00000014229D6800) [pid = 2760] [serial = 105] [outer = 0000000000000000] [url = about:blank]
16:55:23     INFO - PROCESS | 2760 | --DOMWINDOW == 40 (000000142327B000) [pid = 2760] [serial = 106] [outer = 0000000000000000] [url = about:blank]
16:55:23     INFO - PROCESS | 2760 | --DOMWINDOW == 39 (0000001420B2F800) [pid = 2760] [serial = 102] [outer = 0000000000000000] [url = about:blank]
16:55:23     INFO - PROCESS | 2760 | --DOMWINDOW == 38 (00000014212C0800) [pid = 2760] [serial = 103] [outer = 0000000000000000] [url = about:blank]
16:55:23     INFO - PROCESS | 2760 | --DOMWINDOW == 37 (0000001430188000) [pid = 2760] [serial = 96] [outer = 0000000000000000] [url = about:blank]
16:55:23     INFO - PROCESS | 2760 | --DOMWINDOW == 36 (0000001430197800) [pid = 2760] [serial = 97] [outer = 0000000000000000] [url = about:blank]
16:55:23     INFO - PROCESS | 2760 | --DOMWINDOW == 35 (000000142E89A800) [pid = 2760] [serial = 93] [outer = 0000000000000000] [url = about:blank]
16:55:23     INFO - PROCESS | 2760 | --DOMWINDOW == 34 (000000142EFE9800) [pid = 2760] [serial = 94] [outer = 0000000000000000] [url = about:blank]
16:55:23     INFO - PROCESS | 2760 | --DOMWINDOW == 33 (00000014301D4000) [pid = 2760] [serial = 90] [outer = 0000000000000000] [url = about:blank]
16:55:23     INFO - PROCESS | 2760 | --DOMWINDOW == 32 (00000014301E6800) [pid = 2760] [serial = 91] [outer = 0000000000000000] [url = about:blank]
16:55:23     INFO - PROCESS | 2760 | --DOMWINDOW == 31 (000000142EA42800) [pid = 2760] [serial = 87] [outer = 0000000000000000] [url = about:blank]
16:55:23     INFO - PROCESS | 2760 | --DOMWINDOW == 30 (000000142EFD5000) [pid = 2760] [serial = 88] [outer = 0000000000000000] [url = about:blank]
16:55:23     INFO - PROCESS | 2760 | --DOMWINDOW == 29 (000000142CD89800) [pid = 2760] [serial = 84] [outer = 0000000000000000] [url = about:blank]
16:55:23     INFO - PROCESS | 2760 | --DOMWINDOW == 28 (000000142D02E000) [pid = 2760] [serial = 85] [outer = 0000000000000000] [url = about:blank]
16:55:23     INFO - PROCESS | 2760 | --DOMWINDOW == 27 (00000014217B5000) [pid = 2760] [serial = 81] [outer = 0000000000000000] [url = about:blank]
16:55:23     INFO - PROCESS | 2760 | --DOMWINDOW == 26 (00000014232D9800) [pid = 2760] [serial = 82] [outer = 0000000000000000] [url = about:blank]
16:55:23     INFO - PROCESS | 2760 | --DOMWINDOW == 25 (0000001420BB0000) [pid = 2760] [serial = 99] [outer = 0000000000000000] [url = about:blank]
16:55:23     INFO - PROCESS | 2760 | --DOMWINDOW == 24 (000000142E891800) [pid = 2760] [serial = 126] [outer = 0000000000000000] [url = about:blank]
16:55:26     INFO - PROCESS | 2760 | --DOMWINDOW == 23 (000000142E878000) [pid = 2760] [serial = 125] [outer = 0000000000000000] [url = http://web-platform.test:8000/FileAPI/filelist-section/filelist.html]
16:55:26     INFO - PROCESS | 2760 | --DOMWINDOW == 22 (000000141C996000) [pid = 2760] [serial = 98] [outer = 0000000000000000] [url = http://web-platform.test:8000/2dcontext/line-styles/2d.line.miter.valid.html]
16:55:31     INFO - PROCESS | 2760 | --DOMWINDOW == 21 (000000142EA3B000) [pid = 2760] [serial = 127] [outer = 0000000000000000] [url = about:blank]
16:55:31     INFO - PROCESS | 2760 | --DOMWINDOW == 20 (00000014229DE000) [pid = 2760] [serial = 100] [outer = 0000000000000000] [url = about:blank]
16:55:31     INFO - PROCESS | 2760 | --DOMWINDOW == 19 (000000142104C800) [pid = 2760] [serial = 129] [outer = 0000000000000000] [url = about:blank]
16:55:31     INFO - PROCESS | 2760 | --DOMWINDOW == 18 (000000141C45D000) [pid = 2760] [serial = 34] [outer = 0000000000000000] [url = about:neterror?e=dnsNotFound&u=https%3A//%25%28server%29s/selfsupport-dummy/&c=UTF-8&f=regular&d=Firefox%20can%E2%80%99t%20find%20the%20server%20at%20%25%28server%29s.]
16:55:42     INFO - PROCESS | 2760 | MARIONETTE LOG: INFO: Timeout fired
16:55:42     INFO - TEST-ERROR | /WebCryptoAPI/generateKey/failures.worker | took 30613ms
16:55:42     INFO - TEST-START | /WebCryptoAPI/generateKey/failures_AES-CBC.worker
16:55:43     INFO - PROCESS | 2760 | ++DOCSHELL 000000141CC0F000 == 10 [pid = 2760] [id = 45]
16:55:43     INFO - PROCESS | 2760 | ++DOMWINDOW == 19 (000000141CC10000) [pid = 2760] [serial = 132] [outer = 0000000000000000]
16:55:43     INFO - PROCESS | 2760 | ++DOMWINDOW == 20 (000000141CC18800) [pid = 2760] [serial = 133] [outer = 000000141CC10000]
16:55:43     INFO - PROCESS | 2760 | ++DOMWINDOW == 21 (000000141DBC9800) [pid = 2760] [serial = 134] [outer = 000000141CC10000]
16:55:43     INFO - PROCESS | 2760 | [2760] WARNING: Failed to retarget HTML data delivery to the parser thread.: file c:/builds/moz2_slave/m-esr52-w64-d-0000000000000000/build/src/parser/html/nsHtml5StreamParser.cpp, line 970
16:55:53     INFO - PROCESS | 2760 | --DOCSHELL 0000001420D91000 == 9 [pid = 2760] [id = 44]
16:55:55     INFO - PROCESS | 2760 | --DOMWINDOW == 20 (0000001420DA1000) [pid = 2760] [serial = 128] [outer = 0000000000000000] [url = http://web-platform.test:8000/WebCryptoAPI/generateKey/failures.worker]
16:56:00     INFO - PROCESS | 2760 | --DOMWINDOW == 19 (0000001423278000) [pid = 2760] [serial = 130] [outer = 0000000000000000] [url = about:blank]
16:56:00     INFO - PROCESS | 2760 | --DOMWINDOW == 18 (000000141CC18800) [pid = 2760] [serial = 133] [outer = 0000000000000000] [url = about:blank]
16:56:18     INFO - PROCESS | 2760 | ++DOMWINDOW == 19 (000000141B391000) [pid = 2760] [serial = 135] [outer = 000000141B529800]
16:56:38     INFO - PROCESS | 2760 | --DOMWINDOW == 18 (000000141A585000) [pid = 2760] [serial = 131] [outer = 0000000000000000] [url = about:neterror?e=dnsNotFound&u=https%3A//%25%28server%29s/selfsupport-dummy/&c=UTF-8&f=regular&d=Firefox%20can%E2%80%99t%20find%20the%20server%20at%20%25%28server%29s.]

command interrupted, attempting to kill
program finished with exit code 1
elapsedTime=428.047000
The web-page 'stop build' button was pressed by 'rvandermeulen@mozilla.com': Cancelled via self-serve
========= master_lag: -0.10 =========
========= Finished 'c:/mozilla-build/python27/python -u ...' interrupted (results: 4, elapsed: 7 mins, 7 secs) (at 2018-06-08 16:57:40.397812) =========

========= Started set props: build_url symbols_url (results: 0, elapsed: 0 secs) (at 2018-06-08 16:57:40.404300) =========
'cmd' '/C' 'for' '%f' 'in' '(*)' 'do' '@type' '%f'
 in dir C:\slave\test\properties (timeout 1200 secs)
 watching logfiles {}
 argv: ['cmd', '/C', 'for', '%f', 'in', '(*)', 'do', '@type', '%f']
 environment:
  ALLUSERSPROFILE=C:\ProgramData
  APPDATA=C:\Users\cltbld.T-W864-IX-015.001\AppData\Roaming
  COMMONPROGRAMFILES=C:\Program Files (x86)\Common Files
  COMMONPROGRAMFILES(X86)=C:\Program Files (x86)\Common Files
  COMMONPROGRAMW6432=C:\Program Files\Common Files
  COMPUTERNAME=T-W864-IX-015
  COMSPEC=C:\windows\system32\cmd.exe
  DCLOCATION=SCL3
  DNSSUFFIX=wintest.releng.scl3.mozilla.com
  FP_NO_HOST_CHECK=NO
  HOMEDRIVE=C:
  HOMEPATH=\Users\cltbld.T-W864-IX-015.001
  KTS_HOME=C:\Program Files\KTS
  KTS_VERSION=1.19c
  LOCALAPPDATA=C:\Users\cltbld.T-W864-IX-015.001\AppData\Local
  LOGONSERVER=\\T-W864-IX-015
  MONDIR=C:\Monitor_config\
  MOZBUILDDIR=C:\mozilla-build\
  NUMBER_OF_PROCESSORS=8
  OS=Windows_NT
  OURDRIVE=C:
  PATH=C:\Program Files (x86)\NVIDIA Corporation\PhysX\Common;C:\windows\system32;C:\windows;C:\windows\System32\Wbem;C:\windows\System32\WindowsPowerShell\v1.0\;C:\mozilla-build\python27;C:\mozilla-build\python27\Scripts;C:\mozilla-build\msys\bin;C:\mozilla-build\vim\vim72;C:\mozilla-build\wget;C:\mozilla-build\info-zip;C:\CoreUtils\bin;C:\mozilla-build\buildbotve\scripts;C:\mozilla-build\hg
  PATHEXT=.COM;.EXE;.BAT;.CMD;.VBS;.VBE;.JS;.JSE;.WSF;.WSH;.MSC
  PROCESSOR_ARCHITECTURE=x86
  PROCESSOR_ARCHITEW6432=AMD64
  PROCESSOR_IDENTIFIER=Intel64 Family 6 Model 30 Stepping 5, GenuineIntel
  PROCESSOR_LEVEL=6
  PROCESSOR_REVISION=1e05
  PROGRAMDATA=C:\ProgramData
  PROGRAMFILES=C:\Program Files (x86)
  PROGRAMFILES(X86)=C:\Program Files (x86)
  PROGRAMW6432=C:\Program Files
  PROMPT=$P$G
  PSMODULEPATH=C:\windows\system32\WindowsPowerShell\v1.0\Modules\
  PUBLIC=C:\Users\Public
  PWD=C:\slave\test\properties
  RUNLOGFILE=C:\slave\\runslave.log
  SLAVEDIR=C:\slave\
  SYSTEMDRIVE=C:
  SYSTEMROOT=C:\windows
  TEMP=C:\Users\CLTBLD~1.001\AppData\Local\Temp
  TEST1=testie
  TMP=C:\Users\CLTBLD~1.001\AppData\Local\Temp
  USERDOMAIN=T-W864-IX-015
  USERDOMAIN_ROAMINGPROFILE=T-W864-IX-015
  USERNAME=cltbld
  USERPROFILE=C:\Users\cltbld.T-W864-IX-015.001
  WINDIR=C:\windows
 using PTY: False
build_url:https://queue.taskcluster.net/v1/task/GYm6uScDR968YNKAqw8dYQ/artifacts/public/build/firefox-52.8.2.en-US.win64.zip
symbols_url:https://queue.taskcluster.net/v1/task/GYm6uScDR968YNKAqw8dYQ/artifacts/public/build/firefox-52.8.2.en-US.win64.crashreporter-symbols.zip
program finished with exit code 0
elapsedTime=0.101000
build_url: 'https://queue.taskcluster.net/v1/task/GYm6uScDR968YNKAqw8dYQ/artifacts/public/build/firefox-52.8.2.en-US.win64.zip'
symbols_url: 'https://queue.taskcluster.net/v1/task/GYm6uScDR968YNKAqw8dYQ/artifacts/public/build/firefox-52.8.2.en-US.win64.crashreporter-symbols.zip'
========= master_lag: 0.01 =========
========= Finished set props: build_url symbols_url (results: 0, elapsed: 0 secs) (at 2018-06-08 16:57:40.516568) =========

========= Started 'rm -f ...' (results: 0, elapsed: 0 secs) (at 2018-06-08 16:57:40.516913) =========
'rm' '-f' 'oauth.txt'
 in dir C:\slave\test\. (timeout 1200 secs)
 watching logfiles {}
 argv: ['rm', '-f', 'oauth.txt']
 environment:
  ALLUSERSPROFILE=C:\ProgramData
  APPDATA=C:\Users\cltbld.T-W864-IX-015.001\AppData\Roaming
  COMMONPROGRAMFILES=C:\Program Files (x86)\Common Files
  COMMONPROGRAMFILES(X86)=C:\Program Files (x86)\Common Files
  COMMONPROGRAMW6432=C:\Program Files\Common Files
  COMPUTERNAME=T-W864-IX-015
  COMSPEC=C:\windows\system32\cmd.exe
  DCLOCATION=SCL3
  DNSSUFFIX=wintest.releng.scl3.mozilla.com
  FP_NO_HOST_CHECK=NO
  HOMEDRIVE=C:
  HOMEPATH=\Users\cltbld.T-W864-IX-015.001
  KTS_HOME=C:\Program Files\KTS
  KTS_VERSION=1.19c
  LOCALAPPDATA=C:\Users\cltbld.T-W864-IX-015.001\AppData\Local
  LOGONSERVER=\\T-W864-IX-015
  MONDIR=C:\Monitor_config\
  MOZBUILDDIR=C:\mozilla-build\
  NUMBER_OF_PROCESSORS=8
  OS=Windows_NT
  OURDRIVE=C:
  PATH=C:\Program Files (x86)\NVIDIA Corporation\PhysX\Common;C:\windows\system32;C:\windows;C:\windows\System32\Wbem;C:\windows\System32\WindowsPowerShell\v1.0\;C:\mozilla-build\python27;C:\mozilla-build\python27\Scripts;C:\mozilla-build\msys\bin;C:\mozilla-build\vim\vim72;C:\mozilla-build\wget;C:\mozilla-build\info-zip;C:\CoreUtils\bin;C:\mozilla-build\buildbotve\scripts;C:\mozilla-build\hg
  PATHEXT=.COM;.EXE;.BAT;.CMD;.VBS;.VBE;.JS;.JSE;.WSF;.WSH;.MSC
  PROCESSOR_ARCHITECTURE=x86
  PROCESSOR_ARCHITEW6432=AMD64
  PROCESSOR_IDENTIFIER=Intel64 Family 6 Model 30 Stepping 5, GenuineIntel
  PROCESSOR_LEVEL=6
  PROCESSOR_REVISION=1e05
  PROGRAMDATA=C:\ProgramData
  PROGRAMFILES=C:\Program Files (x86)
  PROGRAMFILES(X86)=C:\Program Files (x86)
  PROGRAMW6432=C:\Program Files
  PROMPT=$P$G
  PSMODULEPATH=C:\windows\system32\WindowsPowerShell\v1.0\Modules\
  PUBLIC=C:\Users\Public
  PWD=C:\slave\test
  RUNLOGFILE=C:\slave\\runslave.log
  SLAVEDIR=C:\slave\
  SYSTEMDRIVE=C:
  SYSTEMROOT=C:\windows
  TEMP=C:\Users\CLTBLD~1.001\AppData\Local\Temp
  TEST1=testie
  TMP=C:\Users\CLTBLD~1.001\AppData\Local\Temp
  USERDOMAIN=T-W864-IX-015
  USERDOMAIN_ROAMINGPROFILE=T-W864-IX-015
  USERNAME=cltbld
  USERPROFILE=C:\Users\cltbld.T-W864-IX-015.001
  WINDIR=C:\windows
 using PTY: False
program finished with exit code 0
elapsedTime=0.101000
========= master_lag: 0.01 =========
========= Finished 'rm -f ...' (results: 0, elapsed: 0 secs) (at 2018-06-08 16:57:40.628732) =========

========= Started reboot slave lost (results: 0, elapsed: 0 secs) (at 2018-06-08 16:57:40.629089) =========

========= Finished reboot slave lost (results: 0, elapsed: 0 secs) (at 2018-06-08 16:57:40.891952) =========

========= Total master_lag: 0.04 =========

