builder: mozilla-esr52_ubuntu32_vm-debug_test-marionette
slave: tst-linux32-spot-007
starttime: 1528499942.05
results: cancelled (6)
buildid: 20180608150819
builduid: b298b373e93d4f8dbf92436c9ed838a2
revision: cbfdf01aac455e0591471201c96b89dee98190b5

========= Started set props: master (results: 0, elapsed: 0 secs) (at 2018-06-08 16:19:02.050586) =========
master: http://buildbot-master02.bb.releng.use1.mozilla.com:8201/
========= Finished set props: master (results: 0, elapsed: 0 secs) (at 2018-06-08 16:19:02.051065) =========

========= Started downloading to buildprops.json (results: 0, elapsed: 0 secs) (at 2018-06-08 16:19:02.051363) =========
========= Finished downloading to buildprops.json (results: 0, elapsed: 0 secs) (at 2018-06-08 16:19:02.220601) =========

========= Started 'bash -c ...' (results: 0, elapsed: 0 secs) (at 2018-06-08 16:19:02.220930) =========
bash -c 'wget -Oarchiver_client.py --no-check-certificate --tries=10 --waitretry=3 https://hg.mozilla.org/build/tools/raw-file/default/buildfarm/utils/archiver_client.py'
 in dir /builds/slave/test/. (timeout 1200 secs)
 watching logfiles {}
 argv: ['bash', '-c', 'wget -Oarchiver_client.py --no-check-certificate --tries=10 --waitretry=3 https://hg.mozilla.org/build/tools/raw-file/default/buildfarm/utils/archiver_client.py']
 environment:
  HOME=/home/cltbld
  LANG=en_US.UTF-8
  LOGNAME=cltbld
  MAIL=/var/mail/cltbld
  NODE_PATH=/usr/lib/nodejs:/usr/lib/node_modules:/usr/share/javascript
  PATH=/usr/local/bin:/usr/local/bin:/usr/bin:/bin:/usr/local/games:/usr/games
  PWD=/builds/slave/test
  SHELL=/bin/bash
  SHLVL=1
  TERM=linux
  TMOUT=86400
  USER=cltbld
  XDG_SESSION_COOKIE=5a152710dd62cc268aad214e000002d8-1528499937.965764-477975367
  _=/tools/buildbot/bin/python
 using PTY: False
--2018-06-08 16:19:02--  https://hg.mozilla.org/build/tools/raw-file/default/buildfarm/utils/archiver_client.py
Resolving hg.mozilla.org (hg.mozilla.org)... 63.245.215.25, 63.245.215.102
Connecting to hg.mozilla.org (hg.mozilla.org)|63.245.215.25|:443... connected.
HTTP request sent, awaiting response... 200 Script output follows
Length: 12179 (12K) [text/x-python]
Saving to: `archiver_client.py'

     0K .......... .                                          100% 1.51M=0.008s

2018-06-08 16:19:03 (1.51 MB/s) - `archiver_client.py' saved [12179/12179]

program finished with exit code 0
elapsedTime=0.865378
========= master_lag: 0.03 =========
========= Finished 'bash -c ...' (results: 0, elapsed: 0 secs) (at 2018-06-08 16:19:03.113053) =========

========= Started 'rm -rf ...' (results: 0, elapsed: 0 secs) (at 2018-06-08 16:19:03.113404) =========
rm -rf scripts properties
 in dir /builds/slave/test/. (timeout 1200 secs)
 watching logfiles {}
 argv: ['rm', '-rf', 'scripts', 'properties']
 environment:
  HOME=/home/cltbld
  LANG=en_US.UTF-8
  LOGNAME=cltbld
  MAIL=/var/mail/cltbld
  NODE_PATH=/usr/lib/nodejs:/usr/lib/node_modules:/usr/share/javascript
  PATH=/usr/local/bin:/usr/local/bin:/usr/bin:/bin:/usr/local/games:/usr/games
  PWD=/builds/slave/test
  SHELL=/bin/bash
  SHLVL=1
  TERM=linux
  TMOUT=86400
  USER=cltbld
  XDG_SESSION_COOKIE=5a152710dd62cc268aad214e000002d8-1528499937.965764-477975367
  _=/tools/buildbot/bin/python
 using PTY: False
program finished with exit code 0
elapsedTime=0.145199
========= master_lag: 0.04 =========
========= Finished 'rm -rf ...' (results: 0, elapsed: 0 secs) (at 2018-06-08 16:19:03.297514) =========

========= Started 'bash -c ...' (results: 0, elapsed: 3 secs) (at 2018-06-08 16:19:03.297886) =========
bash -c 'python archiver_client.py mozharness --repo releases/mozilla-esr52 --rev cbfdf01aac455e0591471201c96b89dee98190b5 --destination scripts --debug'
 in dir /builds/slave/test/. (timeout 1200 secs)
 watching logfiles {}
 argv: ['bash', '-c', u'python archiver_client.py mozharness --repo releases/mozilla-esr52 --rev cbfdf01aac455e0591471201c96b89dee98190b5 --destination scripts --debug']
 environment:
  HOME=/home/cltbld
  LANG=en_US.UTF-8
  LOGNAME=cltbld
  MAIL=/var/mail/cltbld
  NODE_PATH=/usr/lib/nodejs:/usr/lib/node_modules:/usr/share/javascript
  PATH=/usr/local/bin:/usr/local/bin:/usr/bin:/bin:/usr/local/games:/usr/games
  PWD=/builds/slave/test
  SHELL=/bin/bash
  SHLVL=1
  TERM=linux
  TMOUT=86400
  USER=cltbld
  XDG_SESSION_COOKIE=5a152710dd62cc268aad214e000002d8-1528499937.965764-477975367
  _=/tools/buildbot/bin/python
 using PTY: False
2018-06-08 16:19:04,070 truncating revision to first 12 chars
2018-06-08 16:19:04,071 Setting DEBUG logging.
2018-06-08 16:19:04,072 attempt 1/10
2018-06-08 16:19:04,072 Getting archive location from https://api.pub.build.mozilla.org/archiver/hgmo/releases/mozilla-esr52/cbfdf01aac45?&preferred_region=us-west-2&suffix=tar.gz&subdir=testing/mozharness
2018-06-08 16:19:05,932 unpacking tar archive at: mozilla-esr52-cbfdf01aac45/testing/mozharness/
program finished with exit code 0
elapsedTime=3.629209
========= master_lag: 0.02 =========
========= Finished 'bash -c ...' (results: 0, elapsed: 3 secs) (at 2018-06-08 16:19:06.943263) =========

========= Started set props: script_repo_revision (results: 0, elapsed: 0 secs) (at 2018-06-08 16:19:06.943605) =========
script_repo_revision: cbfdf01aac455e0591471201c96b89dee98190b5
========= Finished set props: script_repo_revision (results: 0, elapsed: 0 secs) (at 2018-06-08 16:19:06.944031) =========

========= Started downloading to oauth.txt (results: 0, elapsed: 0 secs) (at 2018-06-08 16:19:06.944325) =========
========= Finished downloading to oauth.txt (results: 0, elapsed: 0 secs) (at 2018-06-08 16:19:06.957708) =========

========= Started '/tools/buildbot/bin/python -u ...' interrupted (results: 4, elapsed: 39 mins, 15 secs) (at 2018-06-08 16:19:06.958007) =========
/tools/buildbot/bin/python -u scripts/scripts/marionette.py --cfg marionette/prod_config.py --blob-upload-branch mozilla-esr52
 in dir /builds/slave/test/. (timeout 1800 secs) (maxTime 7200 secs)
 watching logfiles {}
 argv: ['/tools/buildbot/bin/python', '-u', 'scripts/scripts/marionette.py', '--cfg', 'marionette/prod_config.py', '--blob-upload-branch', 'mozilla-esr52']
 environment:
  CCACHE_DIR=/builds/ccache
  CCACHE_UMASK=002
  DISPLAY=:0
  HOME=/home/cltbld
  LANG=en_US.UTF-8
  LOGNAME=cltbld
  MAIL=/var/mail/cltbld
  MOZ_HIDE_RESULTS_TABLE=1
  MOZ_NODE_PATH=/usr/bin/node
  MOZ_NO_REMOTE=1
  NODE_PATH=/usr/lib/nodejs:/usr/lib/node_modules:/usr/share/javascript
  NO_FAIL_ON_TEST_ERRORS=1
  PATH=/usr/local/bin:/usr/local/bin:/usr/bin:/bin:/usr/local/games:/usr/games
  PROPERTIES_FILE=/builds/slave/test/buildprops.json
  PWD=/builds/slave/test
  SHELL=/bin/bash
  SHLVL=1
  TERM=linux
  TMOUT=86400
  USER=cltbld
  XDG_SESSION_COOKIE=5a152710dd62cc268aad214e000002d8-1528499937.965764-477975367
  _=/tools/buildbot/bin/python
 using PTY: False
16:19:07     INFO - MultiFileLogger online at 20180608 16:19:07 in /builds/slave/test
16:19:07     INFO - Run as scripts/scripts/marionette.py --cfg marionette/prod_config.py --blob-upload-branch mozilla-esr52
16:19:07     INFO - Dumping config to /builds/slave/test/logs/localconfig.json.
16:19:07     INFO - {'allow_software_gl_layers': False,
16:19:07     INFO -  'append_to_log': False,
16:19:07     INFO -  'base_work_dir': '/builds/slave/test',
16:19:07     INFO -  'blob_upload_branch': 'mozilla-esr52',
16:19:07     INFO -  'blob_uploader_auth_file': '/builds/slave/test/oauth.txt',
16:19:07     INFO -  'buildbot_json_path': 'buildprops.json',
16:19:07     INFO -  'config_files': ('marionette/prod_config.py',),
16:19:07     INFO -  'default_actions': ('clobber',
16:19:07     INFO -                      'read-buildbot-config',
16:19:07     INFO -                      'download-and-extract',
16:19:07     INFO -                      'create-virtualenv',
16:19:07     INFO -                      'install',
16:19:07     INFO -                      'run-tests'),
16:19:07     INFO -  'default_blob_upload_servers': ('https://blobupload.elasticbeanstalk.com',),
16:19:07     INFO -  'download_minidump_stackwalk': True,
16:19:07     INFO -  'download_symbols': 'ondemand',
16:19:07     INFO -  'e10s': False,
16:19:07     INFO -  'exes': {'python': '/tools/buildbot/bin/python',
16:19:07     INFO -           'tooltool.py': '/tools/tooltool.py',
16:19:07     INFO -           'virtualenv': ('/tools/buildbot/bin/python',
16:19:07     INFO -                          '/tools/misc-python/virtualenv.py')},
16:19:07     INFO -  'find_links': ('http://pypi.pvt.build.mozilla.org/pub',
16:19:07     INFO -                 'http://pypi.pub.build.mozilla.org/pub'),
16:19:07     INFO -  'log_level': 'info',
16:19:07     INFO -  'log_to_console': True,
16:19:07     INFO -  'marionette_address': 'localhost:2828',
16:19:07     INFO -  'opt_config_files': (),
16:19:07     INFO -  'pip_index': False,
16:19:07     INFO -  'require_test_zip': True,
16:19:07     INFO -  'structured_output': True,
16:19:07     INFO -  'suite_definitions': {'marionette_desktop': {'options': ('--log-raw=%(raw_log_file)s',
16:19:07     INFO -                                                           '--log-errorsummary=%(error_summary_file)s',
16:19:07     INFO -                                                           '--log-html=%(html_report_file)s',
16:19:07     INFO -                                                           '--binary=%(binary)s',
16:19:07     INFO -                                                           '--address=%(address)s',
16:19:07     INFO -                                                           '--symbols-path=%(symbols_path)s'),
16:19:07     INFO -                                               'run_filename': '',
16:19:07     INFO -                                               'testsdir': ''}},
16:19:07     INFO -  'test_manifest': 'unit-tests.ini',
16:19:07     INFO -  'tooltool_cache': '/builds/tooltool_cache',
16:19:07     INFO -  'vcs_share_base': '/builds/hg-shared',
16:19:07     INFO -  'virtualenv_path': 'venv',
16:19:07     INFO -  'volatile_config': {'actions': None, 'add_actions': None, 'no_actions': None},
16:19:07     INFO -  'work_dir': 'build'}
16:19:07     INFO - [mozharness: 2018-06-08 23:19:07.454420Z] Running clobber step.
16:19:07     INFO - Running pre-action listener: _resource_record_pre_action
16:19:07     INFO - Running main action method: clobber
16:19:07     INFO - rmtree: /builds/slave/test/build
16:19:07     INFO - Running post-action listener: _resource_record_post_action
16:19:07     INFO - [mozharness: 2018-06-08 23:19:07.522272Z] Finished clobber step (success)
16:19:07     INFO - [mozharness: 2018-06-08 23:19:07.523346Z] Running read-buildbot-config step.
16:19:07     INFO - Running pre-action listener: _resource_record_pre_action
16:19:07     INFO - Running main action method: read_buildbot_config
16:19:07     INFO - Using buildbot properties:
16:19:07     INFO - {
16:19:07     INFO -     "project": "", 
16:19:07     INFO -     "product": "firefox", 
16:19:07     INFO -     "script_repo_revision": "production", 
16:19:07     INFO -     "scheduler": "tests-mozilla-esr52-ubuntu32_vm-debug-unittest", 
16:19:07     INFO -     "repository": "", 
16:19:07     INFO -     "buildername": "Ubuntu VM 12.04 mozilla-esr52 debug test marionette", 
16:19:07     INFO -     "buildid": "20180608150819", 
16:19:07     INFO -     "pgo_build": "False", 
16:19:07     INFO -     "basedir": "/builds/slave/test", 
16:19:07     INFO -     "buildnumber": 27, 
16:19:07     INFO -     "slavename": "tst-linux32-spot-007", 
16:19:07     INFO -     "revision": "cbfdf01aac455e0591471201c96b89dee98190b5", 
16:19:07     INFO -     "master": "http://buildbot-master02.bb.releng.use1.mozilla.com:8201/", 
16:19:07     INFO -     "platform": "linux", 
16:19:07     INFO -     "branch": "mozilla-esr52", 
16:19:07     INFO -     "repo_path": "releases/mozilla-esr52", 
16:19:07     INFO -     "moz_repo_path": "", 
16:19:07     INFO -     "stage_platform": "linux", 
16:19:07     INFO -     "builduid": "b298b373e93d4f8dbf92436c9ed838a2", 
16:19:07     INFO -     "slavebuilddir": "test"
16:19:07     INFO - }
16:19:07     INFO - Found installer url https://queue.taskcluster.net/v1/task/bv_xmMnhRbGfcnUpn7xASQ/artifacts/public/build/firefox-52.8.2.en-US.linux-i686.tar.bz2.
16:19:07     INFO - Found a test packages url https://queue.taskcluster.net/v1/task/bv_xmMnhRbGfcnUpn7xASQ/artifacts/public/build/firefox-52.8.2.en-US.linux-i686.test_packages.json.
16:19:07     INFO - Running post-action listener: _resource_record_post_action
16:19:07     INFO - [mozharness: 2018-06-08 23:19:07.543806Z] Finished read-buildbot-config step (success)
16:19:07     INFO - [mozharness: 2018-06-08 23:19:07.544491Z] Skipping pull step.
16:19:07     INFO - [mozharness: 2018-06-08 23:19:07.545093Z] Running download-and-extract step.
16:19:07     INFO - Running pre-action listener: _resource_record_pre_action
16:19:07     INFO - Running main action method: download_and_extract
16:19:07     INFO - mkdir: /builds/slave/test/build/tests
16:19:07     INFO - Downloading https://queue.taskcluster.net/v1/task/bv_xmMnhRbGfcnUpn7xASQ/artifacts/public/build/firefox-52.8.2.en-US.linux-i686.test_packages.json to /builds/slave/test/build/firefox-52.8.2.en-US.linux-i686.test_packages.json
16:19:07     INFO - retry: Calling _download_file with args: (), kwargs: {'url': 'https://queue.taskcluster.net/v1/task/bv_xmMnhRbGfcnUpn7xASQ/artifacts/public/build/firefox-52.8.2.en-US.linux-i686.test_packages.json', 'file_name': '/builds/slave/test/build/firefox-52.8.2.en-US.linux-i686.test_packages.json'}, attempt #1
16:19:09     INFO - Downloaded 1325 bytes.
16:19:09     INFO - Reading from file /builds/slave/test/build/firefox-52.8.2.en-US.linux-i686.test_packages.json
16:19:09     INFO - Using the following test package requirements:
16:19:09     INFO - {u'common': [u'firefox-52.8.2.en-US.linux-i686.common.tests.zip'],
16:19:09     INFO -  u'cppunittest': [u'firefox-52.8.2.en-US.linux-i686.common.tests.zip',
16:19:09     INFO -                   u'firefox-52.8.2.en-US.linux-i686.cppunittest.tests.zip'],
16:19:09     INFO -  u'gtest': [u'firefox-52.8.2.en-US.linux-i686.common.tests.zip',
16:19:09     INFO -             u'firefox-52.8.2.en-US.linux-i686.gtest.tests.zip'],
16:19:09     INFO -  u'jittest': [u'firefox-52.8.2.en-US.linux-i686.common.tests.zip',
16:19:09     INFO -               u'jsshell-linux-i686.zip'],
16:19:09     INFO -  u'mochitest': [u'firefox-52.8.2.en-US.linux-i686.common.tests.zip',
16:19:09     INFO -                 u'firefox-52.8.2.en-US.linux-i686.mochitest.tests.zip'],
16:19:09     INFO -  u'mozbase': [u'firefox-52.8.2.en-US.linux-i686.common.tests.zip'],
16:19:09     INFO -  u'reftest': [u'firefox-52.8.2.en-US.linux-i686.common.tests.zip',
16:19:09     INFO -               u'firefox-52.8.2.en-US.linux-i686.reftest.tests.zip'],
16:19:09     INFO -  u'talos': [u'firefox-52.8.2.en-US.linux-i686.common.tests.zip',
16:19:09     INFO -             u'firefox-52.8.2.en-US.linux-i686.talos.tests.zip'],
16:19:09     INFO -  u'web-platform': [u'firefox-52.8.2.en-US.linux-i686.common.tests.zip',
16:19:09     INFO -                    u'firefox-52.8.2.en-US.linux-i686.web-platform.tests.zip'],
16:19:09     INFO -  u'xpcshell': [u'firefox-52.8.2.en-US.linux-i686.common.tests.zip',
16:19:09     INFO -                u'firefox-52.8.2.en-US.linux-i686.xpcshell.tests.zip']}
16:19:09     INFO - Downloading packages: [u'firefox-52.8.2.en-US.linux-i686.common.tests.zip'] for test suite category: common
16:19:09     INFO - Downloading and extracting to /builds/slave/test/build/tests these dirs * from https://queue.taskcluster.net/v1/task/bv_xmMnhRbGfcnUpn7xASQ/artifacts/public/build/firefox-52.8.2.en-US.linux-i686.common.tests.zip
16:19:09     INFO - retry: Calling fetch_url_into_memory with args: (), kwargs: {'url': u'https://queue.taskcluster.net/v1/task/bv_xmMnhRbGfcnUpn7xASQ/artifacts/public/build/firefox-52.8.2.en-US.linux-i686.common.tests.zip'}, attempt #1
16:19:09     INFO - Fetch https://queue.taskcluster.net/v1/task/bv_xmMnhRbGfcnUpn7xASQ/artifacts/public/build/firefox-52.8.2.en-US.linux-i686.common.tests.zip into memory
16:19:10     INFO - Http code: 200
16:19:10     INFO - via: 1.1 6be093c16fa776bbd432bbe9bd03f6af.cloudfront.net (CloudFront)
16:19:10     INFO - x-amz-cf-id: 0saBNqj81ypdG8rikqIsrnWPTU1SItuPNnAcuFf7NGysoQoDRfXx3A==
16:19:10     INFO - x-amz-version-id: HSN83KiMGL5ENJpdrwJpXo7KsX._WeFg
16:19:16     INFO - Expected file size: 20792478
16:19:16     INFO - Obtained file size: 20792478
16:19:33     INFO - Downloading https://queue.taskcluster.net/v1/task/bv_xmMnhRbGfcnUpn7xASQ/artifacts/public/build/firefox-52.8.2.en-US.linux-i686.tar.bz2 to /builds/slave/test/build/firefox-52.8.2.en-US.linux-i686.tar.bz2
16:19:33     INFO - retry: Calling _download_file with args: (), kwargs: {'url': 'https://queue.taskcluster.net/v1/task/bv_xmMnhRbGfcnUpn7xASQ/artifacts/public/build/firefox-52.8.2.en-US.linux-i686.tar.bz2', 'file_name': '/builds/slave/test/build/firefox-52.8.2.en-US.linux-i686.tar.bz2'}, attempt #1
16:19:55     INFO - Downloaded 71250696 bytes.
16:19:55     INFO - Setting buildbot property build_url to https://queue.taskcluster.net/v1/task/bv_xmMnhRbGfcnUpn7xASQ/artifacts/public/build/firefox-52.8.2.en-US.linux-i686.tar.bz2
16:19:55     INFO - mkdir: /builds/slave/test/properties
16:19:55     INFO - Writing buildbot properties ['build_url'] to /builds/slave/test/properties/build_url
16:19:55     INFO - Writing to file /builds/slave/test/properties/build_url
16:19:55     INFO - Contents:
16:19:55     INFO -  build_url:https://queue.taskcluster.net/v1/task/bv_xmMnhRbGfcnUpn7xASQ/artifacts/public/build/firefox-52.8.2.en-US.linux-i686.tar.bz2
16:19:57     INFO - Running post-action listener: _resource_record_post_action
16:19:57     INFO - Running post-action listener: set_extra_try_arguments
16:19:57     INFO - [mozharness: 2018-06-08 23:19:57.275591Z] Finished download-and-extract step (success)
16:19:57     INFO - [mozharness: 2018-06-08 23:19:57.276510Z] Running create-virtualenv step.
16:19:57     INFO - Running pre-action listener: _configure_marionette_virtualenv
16:19:57     INFO - Running pre-action listener: _resource_record_pre_action
16:19:57     INFO - Running main action method: create_virtualenv
16:19:57     INFO - Creating virtualenv /builds/slave/test/build/venv
16:19:57     INFO - Running command: ['/tools/buildbot/bin/python', '/builds/slave/test/scripts/external_tools/virtualenv/virtualenv.py', '--always-copy', '/builds/slave/test/build/venv'] in /builds/slave/test/build
16:19:57     INFO - Copy/paste: /tools/buildbot/bin/python /builds/slave/test/scripts/external_tools/virtualenv/virtualenv.py --always-copy /builds/slave/test/build/venv
16:19:57     INFO - Using partial env: {'VIRTUALENV_NO_DOWNLOAD': '1'}
16:20:03     INFO -  Using real prefix '/usr'
16:20:03     INFO -  New python executable in /builds/slave/test/build/venv/bin/python
16:20:07     INFO -  Installing setuptools, pip, wheel...done.
16:20:07     INFO - Return code: 0
16:20:07     INFO - Installing psutil>=3.1.1 into virtualenv /builds/slave/test/build/venv
16:20:07     INFO - retry: Calling run_command with args: [['/builds/slave/test/build/venv/bin/pip', 'install', '--timeout', '120', '--no-index', '--find-links', 'http://pypi.pvt.build.mozilla.org/pub', '--find-links', 'http://pypi.pub.build.mozilla.org/pub', '--trusted-host', 'pypi.pub.build.mozilla.org', '--trusted-host', 'pypi.pvt.build.mozilla.org', 'psutil>=3.1.1']], kwargs: {'error_level': 'warning', 'error_list': [{'substr': 'not found or a compiler error:', 'level': 'warning'}, {'regex': <_sre.SRE_Pattern object at 0xb72b9528>, 'level': 'error'}, {'regex': <_sre.SRE_Pattern object at 0xb7294b10>, 'level': 'warning'}, {'regex': <_sre.SRE_Pattern object at 0x99f9830>, 'level': 'debug'}, {'substr': 'command not found', 'level': 'error'}, {'regex': <_sre.SRE_Pattern object at 0x99ef5f0>, 'level': 'warning'}, {'substr': 'Traceback (most recent call last)', 'level': 'error'}, {'substr': 'SyntaxError: ', 'level': 'error'}, {'substr': 'TypeError: ', 'level': 'error'}, {'substr': 'NameError: ', 'level': 'error'}, {'substr': 'ZeroDivisionError: ', 'level': 'error'}, {'regex': <_sre.SRE_Pattern object at 0x99f38f0>, 'level': 'critical'}, {'regex': <_sre.SRE_Pattern object at 0x99e4f30>, 'level': 'critical'}], 'cwd': '/builds/slave/test/build', 'env': {'TMOUT': '86400', 'LOGNAME': 'cltbld', 'USER': 'cltbld', 'HOME': '/home/cltbld', 'PATH': '/usr/local/bin:/usr/local/bin:/usr/bin:/bin:/usr/local/games:/usr/games', 'DISPLAY': ':0', 'CCACHE_UMASK': '002', 'LANG': 'en_US.UTF-8', 'TERM': 'linux', 'SHELL': '/bin/bash', 'MOZ_NODE_PATH': '/usr/bin/node', 'XDG_SESSION_COOKIE': '5a152710dd62cc268aad214e000002d8-1528499937.965764-477975367', 'SHLVL': '1', 'NO_FAIL_ON_TEST_ERRORS': '1', 'MOZ_NO_REMOTE': '1', 'MOZ_HIDE_RESULTS_TABLE': '1', 'MAIL': '/var/mail/cltbld', '_': '/tools/buildbot/bin/python', 'NODE_PATH': '/usr/lib/nodejs:/usr/lib/node_modules:/usr/share/javascript', 'PWD': '/builds/slave/test', 'PROPERTIES_FILE': '/builds/slave/test/buildprops.json', 'CCACHE_DIR': '/builds/ccache'}}, attempt #1
16:20:07     INFO - Running command: ['/builds/slave/test/build/venv/bin/pip', 'install', '--timeout', '120', '--no-index', '--find-links', 'http://pypi.pvt.build.mozilla.org/pub', '--find-links', 'http://pypi.pub.build.mozilla.org/pub', '--trusted-host', 'pypi.pub.build.mozilla.org', '--trusted-host', 'pypi.pvt.build.mozilla.org', 'psutil>=3.1.1'] in /builds/slave/test/build
16:20:07     INFO - Copy/paste: /builds/slave/test/build/venv/bin/pip install --timeout 120 --no-index --find-links http://pypi.pvt.build.mozilla.org/pub --find-links http://pypi.pub.build.mozilla.org/pub --trusted-host pypi.pub.build.mozilla.org --trusted-host pypi.pvt.build.mozilla.org psutil>=3.1.1
16:20:07     INFO - Using env: {'CCACHE_DIR': '/builds/ccache',
16:20:07     INFO -  'CCACHE_UMASK': '002',
16:20:07     INFO -  'DISPLAY': ':0',
16:20:07     INFO -  'HOME': '/home/cltbld',
16:20:07     INFO -  'LANG': 'en_US.UTF-8',
16:20:07     INFO -  'LOGNAME': 'cltbld',
16:20:07     INFO -  'MAIL': '/var/mail/cltbld',
16:20:07     INFO -  'MOZ_HIDE_RESULTS_TABLE': '1',
16:20:07     INFO -  'MOZ_NODE_PATH': '/usr/bin/node',
16:20:07     INFO -  'MOZ_NO_REMOTE': '1',
16:20:07     INFO -  'NODE_PATH': '/usr/lib/nodejs:/usr/lib/node_modules:/usr/share/javascript',
16:20:07     INFO -  'NO_FAIL_ON_TEST_ERRORS': '1',
16:20:07     INFO -  'PATH': '/usr/local/bin:/usr/local/bin:/usr/bin:/bin:/usr/local/games:/usr/games',
16:20:07     INFO -  'PROPERTIES_FILE': '/builds/slave/test/buildprops.json',
16:20:07     INFO -  'PWD': '/builds/slave/test',
16:20:07     INFO -  'SHELL': '/bin/bash',
16:20:07     INFO -  'SHLVL': '1',
16:20:07     INFO -  'TERM': 'linux',
16:20:07     INFO -  'TMOUT': '86400',
16:20:07     INFO -  'USER': 'cltbld',
16:20:07     INFO -  'XDG_SESSION_COOKIE': '5a152710dd62cc268aad214e000002d8-1528499937.965764-477975367',
16:20:07     INFO -  '_': '/tools/buildbot/bin/python'}
16:20:09     INFO -  Ignoring indexes: https://pypi.python.org/simple
16:20:09     INFO -  Collecting psutil>=3.1.1
16:20:09     INFO -  /builds/slave/test/build/venv/lib/python2.7/site-packages/pip/_vendor/requests/packages/urllib3/util/ssl_.py:318: SNIMissingWarning: An HTTPS request has been made, but the SNI (Subject Name Indication) extension to TLS is not available on this platform. This may cause the server to present an incorrect TLS certificate, which can cause validation failures. You can upgrade to a newer version of Python to solve this. For more information, see https://urllib3.readthedocs.org/en/latest/security.html#snimissingwarning.
16:20:09     INFO -    SNIMissingWarning
16:20:09     INFO -  /builds/slave/test/build/venv/lib/python2.7/site-packages/pip/_vendor/requests/packages/urllib3/util/ssl_.py:122: InsecurePlatformWarning: A true SSLContext object is not available. This prevents urllib3 from configuring SSL appropriately and may cause certain SSL connections to fail. You can upgrade to a newer version of Python to solve this. For more information, see https://urllib3.readthedocs.org/en/latest/security.html#insecureplatformwarning.
16:20:09     INFO -    InsecurePlatformWarning
16:20:11     INFO -  /builds/slave/test/build/venv/lib/python2.7/site-packages/pip/_vendor/requests/packages/urllib3/util/ssl_.py:122: InsecurePlatformWarning: A true SSLContext object is not available. This prevents urllib3 from configuring SSL appropriately and may cause certain SSL connections to fail. You can upgrade to a newer version of Python to solve this. For more information, see https://urllib3.readthedocs.org/en/latest/security.html#insecureplatformwarning.
16:20:11     INFO -    InsecurePlatformWarning
16:20:17     INFO -    Downloading https://pypi.pvt.build.mozilla.org/pub/psutil-5.4.3.tar.gz (412kB)
16:20:19     INFO -  Building wheels for collected packages: psutil
16:20:19     INFO -    Running setup.py bdist_wheel for psutil: started
16:20:24     INFO -    Running setup.py bdist_wheel for psutil: finished with status 'done'
16:20:24     INFO -    Stored in directory: /home/cltbld/.cache/pip/wheels/30/c0/c3/5cdb2b64c0d47a81af9c62935a64d83948d2c2b3e7af3eeee2
16:20:24     INFO -  Successfully built psutil
16:20:24     INFO -  Installing collected packages: psutil
16:20:25     INFO -  Successfully installed psutil-5.4.3
16:20:25     INFO - Return code: 0
16:20:25     INFO - Installing mozsystemmonitor==0.3 into virtualenv /builds/slave/test/build/venv
16:20:25     INFO - retry: Calling run_command with args: [['/builds/slave/test/build/venv/bin/pip', 'install', '--timeout', '120', '--no-index', '--find-links', 'http://pypi.pvt.build.mozilla.org/pub', '--find-links', 'http://pypi.pub.build.mozilla.org/pub', '--trusted-host', 'pypi.pub.build.mozilla.org', '--trusted-host', 'pypi.pvt.build.mozilla.org', 'mozsystemmonitor==0.3']], kwargs: {'error_level': 'warning', 'error_list': [{'substr': 'not found or a compiler error:', 'level': 'warning'}, {'regex': <_sre.SRE_Pattern object at 0xb72b9528>, 'level': 'error'}, {'regex': <_sre.SRE_Pattern object at 0xb7294b10>, 'level': 'warning'}, {'regex': <_sre.SRE_Pattern object at 0x99f9830>, 'level': 'debug'}, {'substr': 'command not found', 'level': 'error'}, {'regex': <_sre.SRE_Pattern object at 0x99ef5f0>, 'level': 'warning'}, {'substr': 'Traceback (most recent call last)', 'level': 'error'}, {'substr': 'SyntaxError: ', 'level': 'error'}, {'substr': 'TypeError: ', 'level': 'error'}, {'substr': 'NameError: ', 'level': 'error'}, {'substr': 'ZeroDivisionError: ', 'level': 'error'}, {'regex': <_sre.SRE_Pattern object at 0x99f38f0>, 'level': 'critical'}, {'regex': <_sre.SRE_Pattern object at 0x99e4f30>, 'level': 'critical'}], 'cwd': '/builds/slave/test/build', 'env': {'TMOUT': '86400', 'LOGNAME': 'cltbld', 'USER': 'cltbld', 'HOME': '/home/cltbld', 'PATH': '/usr/local/bin:/usr/local/bin:/usr/bin:/bin:/usr/local/games:/usr/games', 'DISPLAY': ':0', 'CCACHE_UMASK': '002', 'LANG': 'en_US.UTF-8', 'TERM': 'linux', 'SHELL': '/bin/bash', 'MOZ_NODE_PATH': '/usr/bin/node', 'XDG_SESSION_COOKIE': '5a152710dd62cc268aad214e000002d8-1528499937.965764-477975367', 'SHLVL': '1', 'NO_FAIL_ON_TEST_ERRORS': '1', 'MOZ_NO_REMOTE': '1', 'MOZ_HIDE_RESULTS_TABLE': '1', 'MAIL': '/var/mail/cltbld', '_': '/tools/buildbot/bin/python', 'NODE_PATH': '/usr/lib/nodejs:/usr/lib/node_modules:/usr/share/javascript', 'PWD': '/builds/slave/test', 'PROPERTIES_FILE': '/builds/slave/test/buildprops.json', 'CCACHE_DIR': '/builds/ccache'}}, attempt #1
16:20:25     INFO - Running command: ['/builds/slave/test/build/venv/bin/pip', 'install', '--timeout', '120', '--no-index', '--find-links', 'http://pypi.pvt.build.mozilla.org/pub', '--find-links', 'http://pypi.pub.build.mozilla.org/pub', '--trusted-host', 'pypi.pub.build.mozilla.org', '--trusted-host', 'pypi.pvt.build.mozilla.org', 'mozsystemmonitor==0.3'] in /builds/slave/test/build
16:20:25     INFO - Copy/paste: /builds/slave/test/build/venv/bin/pip install --timeout 120 --no-index --find-links http://pypi.pvt.build.mozilla.org/pub --find-links http://pypi.pub.build.mozilla.org/pub --trusted-host pypi.pub.build.mozilla.org --trusted-host pypi.pvt.build.mozilla.org mozsystemmonitor==0.3
16:20:25     INFO - Using env: {'CCACHE_DIR': '/builds/ccache',
16:20:25     INFO -  'CCACHE_UMASK': '002',
16:20:25     INFO -  'DISPLAY': ':0',
16:20:25     INFO -  'HOME': '/home/cltbld',
16:20:25     INFO -  'LANG': 'en_US.UTF-8',
16:20:25     INFO -  'LOGNAME': 'cltbld',
16:20:25     INFO -  'MAIL': '/var/mail/cltbld',
16:20:25     INFO -  'MOZ_HIDE_RESULTS_TABLE': '1',
16:20:25     INFO -  'MOZ_NODE_PATH': '/usr/bin/node',
16:20:25     INFO -  'MOZ_NO_REMOTE': '1',
16:20:25     INFO -  'NODE_PATH': '/usr/lib/nodejs:/usr/lib/node_modules:/usr/share/javascript',
16:20:25     INFO -  'NO_FAIL_ON_TEST_ERRORS': '1',
16:20:25     INFO -  'PATH': '/usr/local/bin:/usr/local/bin:/usr/bin:/bin:/usr/local/games:/usr/games',
16:20:25     INFO -  'PROPERTIES_FILE': '/builds/slave/test/buildprops.json',
16:20:25     INFO -  'PWD': '/builds/slave/test',
16:20:25     INFO -  'SHELL': '/bin/bash',
16:20:25     INFO -  'SHLVL': '1',
16:20:25     INFO -  'TERM': 'linux',
16:20:25     INFO -  'TMOUT': '86400',
16:20:25     INFO -  'USER': 'cltbld',
16:20:25     INFO -  'XDG_SESSION_COOKIE': '5a152710dd62cc268aad214e000002d8-1528499937.965764-477975367',
16:20:25     INFO -  '_': '/tools/buildbot/bin/python'}
16:20:27     INFO -  Ignoring indexes: https://pypi.python.org/simple
16:20:27     INFO -  Collecting mozsystemmonitor==0.3
16:20:27     INFO -  /builds/slave/test/build/venv/lib/python2.7/site-packages/pip/_vendor/requests/packages/urllib3/util/ssl_.py:318: SNIMissingWarning: An HTTPS request has been made, but the SNI (Subject Name Indication) extension to TLS is not available on this platform. This may cause the server to present an incorrect TLS certificate, which can cause validation failures. You can upgrade to a newer version of Python to solve this. For more information, see https://urllib3.readthedocs.org/en/latest/security.html#snimissingwarning.
16:20:27     INFO -    SNIMissingWarning
16:20:27     INFO -  /builds/slave/test/build/venv/lib/python2.7/site-packages/pip/_vendor/requests/packages/urllib3/util/ssl_.py:122: InsecurePlatformWarning: A true SSLContext object is not available. This prevents urllib3 from configuring SSL appropriately and may cause certain SSL connections to fail. You can upgrade to a newer version of Python to solve this. For more information, see https://urllib3.readthedocs.org/en/latest/security.html#insecureplatformwarning.
16:20:27     INFO -    InsecurePlatformWarning
16:20:29     INFO -  /builds/slave/test/build/venv/lib/python2.7/site-packages/pip/_vendor/requests/packages/urllib3/util/ssl_.py:122: InsecurePlatformWarning: A true SSLContext object is not available. This prevents urllib3 from configuring SSL appropriately and may cause certain SSL connections to fail. You can upgrade to a newer version of Python to solve this. For more information, see https://urllib3.readthedocs.org/en/latest/security.html#insecureplatformwarning.
16:20:29     INFO -    InsecurePlatformWarning
16:20:34     INFO -    Downloading https://pypi.pvt.build.mozilla.org/pub/mozsystemmonitor-0.3.tar.gz
16:20:35     INFO -  Requirement already satisfied (use --upgrade to upgrade): psutil>=3.1.1 in ./venv/lib/python2.7/site-packages (from mozsystemmonitor==0.3)
16:20:35     INFO -  Building wheels for collected packages: mozsystemmonitor
16:20:35     INFO -    Running setup.py bdist_wheel for mozsystemmonitor: started
16:20:36     INFO -    Running setup.py bdist_wheel for mozsystemmonitor: finished with status 'done'
16:20:36     INFO -    Stored in directory: /home/cltbld/.cache/pip/wheels/f4/b7/9c/8a88c92aaad7c1d8bbd68513e1d91ad7f62b7465808c516aa8
16:20:36     INFO -  Successfully built mozsystemmonitor
16:20:36     INFO -  Installing collected packages: mozsystemmonitor
16:20:36     INFO -  Successfully installed mozsystemmonitor-0.3
16:20:36     INFO - Return code: 0
16:20:36     INFO - Installing jsonschema==2.5.1 into virtualenv /builds/slave/test/build/venv
16:20:36     INFO - retry: Calling run_command with args: [['/builds/slave/test/build/venv/bin/pip', 'install', '--timeout', '120', '--no-index', '--find-links', 'http://pypi.pvt.build.mozilla.org/pub', '--find-links', 'http://pypi.pub.build.mozilla.org/pub', '--trusted-host', 'pypi.pub.build.mozilla.org', '--trusted-host', 'pypi.pvt.build.mozilla.org', 'jsonschema==2.5.1']], kwargs: {'error_level': 'warning', 'error_list': [{'substr': 'not found or a compiler error:', 'level': 'warning'}, {'regex': <_sre.SRE_Pattern object at 0xb72b9528>, 'level': 'error'}, {'regex': <_sre.SRE_Pattern object at 0xb7294b10>, 'level': 'warning'}, {'regex': <_sre.SRE_Pattern object at 0x99f9830>, 'level': 'debug'}, {'substr': 'command not found', 'level': 'error'}, {'regex': <_sre.SRE_Pattern object at 0x99ef5f0>, 'level': 'warning'}, {'substr': 'Traceback (most recent call last)', 'level': 'error'}, {'substr': 'SyntaxError: ', 'level': 'error'}, {'substr': 'TypeError: ', 'level': 'error'}, {'substr': 'NameError: ', 'level': 'error'}, {'substr': 'ZeroDivisionError: ', 'level': 'error'}, {'regex': <_sre.SRE_Pattern object at 0x99f38f0>, 'level': 'critical'}, {'regex': <_sre.SRE_Pattern object at 0x99e4f30>, 'level': 'critical'}], 'cwd': '/builds/slave/test/build', 'env': {'TMOUT': '86400', 'LOGNAME': 'cltbld', 'USER': 'cltbld', 'HOME': '/home/cltbld', 'PATH': '/usr/local/bin:/usr/local/bin:/usr/bin:/bin:/usr/local/games:/usr/games', 'DISPLAY': ':0', 'CCACHE_UMASK': '002', 'LANG': 'en_US.UTF-8', 'TERM': 'linux', 'SHELL': '/bin/bash', 'MOZ_NODE_PATH': '/usr/bin/node', 'XDG_SESSION_COOKIE': '5a152710dd62cc268aad214e000002d8-1528499937.965764-477975367', 'SHLVL': '1', 'NO_FAIL_ON_TEST_ERRORS': '1', 'MOZ_NO_REMOTE': '1', 'MOZ_HIDE_RESULTS_TABLE': '1', 'MAIL': '/var/mail/cltbld', '_': '/tools/buildbot/bin/python', 'NODE_PATH': '/usr/lib/nodejs:/usr/lib/node_modules:/usr/share/javascript', 'PWD': '/builds/slave/test', 'PROPERTIES_FILE': '/builds/slave/test/buildprops.json', 'CCACHE_DIR': '/builds/ccache'}}, attempt #1
16:20:36     INFO - Running command: ['/builds/slave/test/build/venv/bin/pip', 'install', '--timeout', '120', '--no-index', '--find-links', 'http://pypi.pvt.build.mozilla.org/pub', '--find-links', 'http://pypi.pub.build.mozilla.org/pub', '--trusted-host', 'pypi.pub.build.mozilla.org', '--trusted-host', 'pypi.pvt.build.mozilla.org', 'jsonschema==2.5.1'] in /builds/slave/test/build
16:20:36     INFO - Copy/paste: /builds/slave/test/build/venv/bin/pip install --timeout 120 --no-index --find-links http://pypi.pvt.build.mozilla.org/pub --find-links http://pypi.pub.build.mozilla.org/pub --trusted-host pypi.pub.build.mozilla.org --trusted-host pypi.pvt.build.mozilla.org jsonschema==2.5.1
16:20:36     INFO - Using env: {'CCACHE_DIR': '/builds/ccache',
16:20:36     INFO -  'CCACHE_UMASK': '002',
16:20:36     INFO -  'DISPLAY': ':0',
16:20:36     INFO -  'HOME': '/home/cltbld',
16:20:36     INFO -  'LANG': 'en_US.UTF-8',
16:20:36     INFO -  'LOGNAME': 'cltbld',
16:20:36     INFO -  'MAIL': '/var/mail/cltbld',
16:20:36     INFO -  'MOZ_HIDE_RESULTS_TABLE': '1',
16:20:36     INFO -  'MOZ_NODE_PATH': '/usr/bin/node',
16:20:36     INFO -  'MOZ_NO_REMOTE': '1',
16:20:36     INFO -  'NODE_PATH': '/usr/lib/nodejs:/usr/lib/node_modules:/usr/share/javascript',
16:20:36     INFO -  'NO_FAIL_ON_TEST_ERRORS': '1',
16:20:36     INFO -  'PATH': '/usr/local/bin:/usr/local/bin:/usr/bin:/bin:/usr/local/games:/usr/games',
16:20:36     INFO -  'PROPERTIES_FILE': '/builds/slave/test/buildprops.json',
16:20:36     INFO -  'PWD': '/builds/slave/test',
16:20:36     INFO -  'SHELL': '/bin/bash',
16:20:36     INFO -  'SHLVL': '1',
16:20:36     INFO -  'TERM': 'linux',
16:20:36     INFO -  'TMOUT': '86400',
16:20:36     INFO -  'USER': 'cltbld',
16:20:36     INFO -  'XDG_SESSION_COOKIE': '5a152710dd62cc268aad214e000002d8-1528499937.965764-477975367',
16:20:36     INFO -  '_': '/tools/buildbot/bin/python'}
16:20:37     INFO -  Ignoring indexes: https://pypi.python.org/simple
16:20:37     INFO -  Collecting jsonschema==2.5.1
16:20:38     INFO -  /builds/slave/test/build/venv/lib/python2.7/site-packages/pip/_vendor/requests/packages/urllib3/util/ssl_.py:318: SNIMissingWarning: An HTTPS request has been made, but the SNI (Subject Name Indication) extension to TLS is not available on this platform. This may cause the server to present an incorrect TLS certificate, which can cause validation failures. You can upgrade to a newer version of Python to solve this. For more information, see https://urllib3.readthedocs.org/en/latest/security.html#snimissingwarning.
16:20:38     INFO -    SNIMissingWarning
16:20:38     INFO -  /builds/slave/test/build/venv/lib/python2.7/site-packages/pip/_vendor/requests/packages/urllib3/util/ssl_.py:122: InsecurePlatformWarning: A true SSLContext object is not available. This prevents urllib3 from configuring SSL appropriately and may cause certain SSL connections to fail. You can upgrade to a newer version of Python to solve this. For more information, see https://urllib3.readthedocs.org/en/latest/security.html#insecureplatformwarning.
16:20:38     INFO -    InsecurePlatformWarning
16:20:39     INFO -  /builds/slave/test/build/venv/lib/python2.7/site-packages/pip/_vendor/requests/packages/urllib3/util/ssl_.py:122: InsecurePlatformWarning: A true SSLContext object is not available. This prevents urllib3 from configuring SSL appropriately and may cause certain SSL connections to fail. You can upgrade to a newer version of Python to solve this. For more information, see https://urllib3.readthedocs.org/en/latest/security.html#insecureplatformwarning.
16:20:39     INFO -    InsecurePlatformWarning
16:20:44     INFO -    Downloading https://pypi.pvt.build.mozilla.org/pub/jsonschema-2.5.1-py2.py3-none-any.whl
16:20:45     INFO -  Collecting functools32; python_version == "2.7" (from jsonschema==2.5.1)
16:20:50     INFO -    Downloading https://pypi.pvt.build.mozilla.org/pub/functools32-3.2.3-2.tar.gz
16:20:51     INFO -  Building wheels for collected packages: functools32
16:20:51     INFO -    Running setup.py bdist_wheel for functools32: started
16:20:52     INFO -    Running setup.py bdist_wheel for functools32: finished with status 'done'
16:20:52     INFO -    Stored in directory: /home/cltbld/.cache/pip/wheels/60/8e/5c/cd0944700dbec48e57da97dbe11bcc84b1332f6b43bc89d9b7
16:20:52     INFO -  Successfully built functools32
16:20:52     INFO -  Installing collected packages: functools32, jsonschema
16:20:52     INFO -  Successfully installed functools32-3.2.3.post2 jsonschema-2.5.1
16:20:53     INFO - Return code: 0
16:20:53     INFO - Installing functools32==3.2.3-2 into virtualenv /builds/slave/test/build/venv
16:20:53     INFO - retry: Calling run_command with args: [['/builds/slave/test/build/venv/bin/pip', 'install', '--timeout', '120', '--no-index', '--find-links', 'http://pypi.pvt.build.mozilla.org/pub', '--find-links', 'http://pypi.pub.build.mozilla.org/pub', '--trusted-host', 'pypi.pub.build.mozilla.org', '--trusted-host', 'pypi.pvt.build.mozilla.org', 'functools32==3.2.3-2']], kwargs: {'error_level': 'warning', 'error_list': [{'substr': 'not found or a compiler error:', 'level': 'warning'}, {'regex': <_sre.SRE_Pattern object at 0xb72b9528>, 'level': 'error'}, {'regex': <_sre.SRE_Pattern object at 0xb7294b10>, 'level': 'warning'}, {'regex': <_sre.SRE_Pattern object at 0x99f9830>, 'level': 'debug'}, {'substr': 'command not found', 'level': 'error'}, {'regex': <_sre.SRE_Pattern object at 0x99ef5f0>, 'level': 'warning'}, {'substr': 'Traceback (most recent call last)', 'level': 'error'}, {'substr': 'SyntaxError: ', 'level': 'error'}, {'substr': 'TypeError: ', 'level': 'error'}, {'substr': 'NameError: ', 'level': 'error'}, {'substr': 'ZeroDivisionError: ', 'level': 'error'}, {'regex': <_sre.SRE_Pattern object at 0x99f38f0>, 'level': 'critical'}, {'regex': <_sre.SRE_Pattern object at 0x99e4f30>, 'level': 'critical'}], 'cwd': '/builds/slave/test/build', 'env': {'TMOUT': '86400', 'LOGNAME': 'cltbld', 'USER': 'cltbld', 'HOME': '/home/cltbld', 'PATH': '/usr/local/bin:/usr/local/bin:/usr/bin:/bin:/usr/local/games:/usr/games', 'DISPLAY': ':0', 'CCACHE_UMASK': '002', 'LANG': 'en_US.UTF-8', 'TERM': 'linux', 'SHELL': '/bin/bash', 'MOZ_NODE_PATH': '/usr/bin/node', 'XDG_SESSION_COOKIE': '5a152710dd62cc268aad214e000002d8-1528499937.965764-477975367', 'SHLVL': '1', 'NO_FAIL_ON_TEST_ERRORS': '1', 'MOZ_NO_REMOTE': '1', 'MOZ_HIDE_RESULTS_TABLE': '1', 'MAIL': '/var/mail/cltbld', '_': '/tools/buildbot/bin/python', 'NODE_PATH': '/usr/lib/nodejs:/usr/lib/node_modules:/usr/share/javascript', 'PWD': '/builds/slave/test', 'PROPERTIES_FILE': '/builds/slave/test/buildprops.json', 'CCACHE_DIR': '/builds/ccache'}}, attempt #1
16:20:53     INFO - Running command: ['/builds/slave/test/build/venv/bin/pip', 'install', '--timeout', '120', '--no-index', '--find-links', 'http://pypi.pvt.build.mozilla.org/pub', '--find-links', 'http://pypi.pub.build.mozilla.org/pub', '--trusted-host', 'pypi.pub.build.mozilla.org', '--trusted-host', 'pypi.pvt.build.mozilla.org', 'functools32==3.2.3-2'] in /builds/slave/test/build
16:20:53     INFO - Copy/paste: /builds/slave/test/build/venv/bin/pip install --timeout 120 --no-index --find-links http://pypi.pvt.build.mozilla.org/pub --find-links http://pypi.pub.build.mozilla.org/pub --trusted-host pypi.pub.build.mozilla.org --trusted-host pypi.pvt.build.mozilla.org functools32==3.2.3-2
16:20:53     INFO - Using env: {'CCACHE_DIR': '/builds/ccache',
16:20:53     INFO -  'CCACHE_UMASK': '002',
16:20:53     INFO -  'DISPLAY': ':0',
16:20:53     INFO -  'HOME': '/home/cltbld',
16:20:53     INFO -  'LANG': 'en_US.UTF-8',
16:20:53     INFO -  'LOGNAME': 'cltbld',
16:20:53     INFO -  'MAIL': '/var/mail/cltbld',
16:20:53     INFO -  'MOZ_HIDE_RESULTS_TABLE': '1',
16:20:53     INFO -  'MOZ_NODE_PATH': '/usr/bin/node',
16:20:53     INFO -  'MOZ_NO_REMOTE': '1',
16:20:53     INFO -  'NODE_PATH': '/usr/lib/nodejs:/usr/lib/node_modules:/usr/share/javascript',
16:20:53     INFO -  'NO_FAIL_ON_TEST_ERRORS': '1',
16:20:53     INFO -  'PATH': '/usr/local/bin:/usr/local/bin:/usr/bin:/bin:/usr/local/games:/usr/games',
16:20:53     INFO -  'PROPERTIES_FILE': '/builds/slave/test/buildprops.json',
16:20:53     INFO -  'PWD': '/builds/slave/test',
16:20:53     INFO -  'SHELL': '/bin/bash',
16:20:53     INFO -  'SHLVL': '1',
16:20:53     INFO -  'TERM': 'linux',
16:20:53     INFO -  'TMOUT': '86400',
16:20:53     INFO -  'USER': 'cltbld',
16:20:53     INFO -  'XDG_SESSION_COOKIE': '5a152710dd62cc268aad214e000002d8-1528499937.965764-477975367',
16:20:53     INFO -  '_': '/tools/buildbot/bin/python'}
16:20:54     INFO -  Ignoring indexes: https://pypi.python.org/simple
16:20:54     INFO -  Requirement already satisfied (use --upgrade to upgrade): functools32==3.2.3-2 in ./venv/lib/python2.7/site-packages
16:20:54     INFO - Return code: 0
16:20:54     INFO - Installing blobuploader==1.2.4 into virtualenv /builds/slave/test/build/venv
16:20:54     INFO - retry: Calling run_command with args: [['/builds/slave/test/build/venv/bin/pip', 'install', '--timeout', '120', '--no-index', '--find-links', 'http://pypi.pvt.build.mozilla.org/pub', '--find-links', 'http://pypi.pub.build.mozilla.org/pub', '--trusted-host', 'pypi.pub.build.mozilla.org', '--trusted-host', 'pypi.pvt.build.mozilla.org', 'blobuploader==1.2.4']], kwargs: {'error_level': 'warning', 'error_list': [{'substr': 'not found or a compiler error:', 'level': 'warning'}, {'regex': <_sre.SRE_Pattern object at 0xb72b9528>, 'level': 'error'}, {'regex': <_sre.SRE_Pattern object at 0xb7294b10>, 'level': 'warning'}, {'regex': <_sre.SRE_Pattern object at 0x99f9830>, 'level': 'debug'}, {'substr': 'command not found', 'level': 'error'}, {'regex': <_sre.SRE_Pattern object at 0x99ef5f0>, 'level': 'warning'}, {'substr': 'Traceback (most recent call last)', 'level': 'error'}, {'substr': 'SyntaxError: ', 'level': 'error'}, {'substr': 'TypeError: ', 'level': 'error'}, {'substr': 'NameError: ', 'level': 'error'}, {'substr': 'ZeroDivisionError: ', 'level': 'error'}, {'regex': <_sre.SRE_Pattern object at 0x99f38f0>, 'level': 'critical'}, {'regex': <_sre.SRE_Pattern object at 0x99e4f30>, 'level': 'critical'}], 'cwd': '/builds/slave/test/build', 'env': {'TMOUT': '86400', 'LOGNAME': 'cltbld', 'USER': 'cltbld', 'HOME': '/home/cltbld', 'PATH': '/usr/local/bin:/usr/local/bin:/usr/bin:/bin:/usr/local/games:/usr/games', 'DISPLAY': ':0', 'CCACHE_UMASK': '002', 'LANG': 'en_US.UTF-8', 'TERM': 'linux', 'SHELL': '/bin/bash', 'MOZ_NODE_PATH': '/usr/bin/node', 'XDG_SESSION_COOKIE': '5a152710dd62cc268aad214e000002d8-1528499937.965764-477975367', 'SHLVL': '1', 'NO_FAIL_ON_TEST_ERRORS': '1', 'MOZ_NO_REMOTE': '1', 'MOZ_HIDE_RESULTS_TABLE': '1', 'MAIL': '/var/mail/cltbld', '_': '/tools/buildbot/bin/python', 'NODE_PATH': '/usr/lib/nodejs:/usr/lib/node_modules:/usr/share/javascript', 'PWD': '/builds/slave/test', 'PROPERTIES_FILE': '/builds/slave/test/buildprops.json', 'CCACHE_DIR': '/builds/ccache'}}, attempt #1
16:20:54     INFO - Running command: ['/builds/slave/test/build/venv/bin/pip', 'install', '--timeout', '120', '--no-index', '--find-links', 'http://pypi.pvt.build.mozilla.org/pub', '--find-links', 'http://pypi.pub.build.mozilla.org/pub', '--trusted-host', 'pypi.pub.build.mozilla.org', '--trusted-host', 'pypi.pvt.build.mozilla.org', 'blobuploader==1.2.4'] in /builds/slave/test/build
16:20:54     INFO - Copy/paste: /builds/slave/test/build/venv/bin/pip install --timeout 120 --no-index --find-links http://pypi.pvt.build.mozilla.org/pub --find-links http://pypi.pub.build.mozilla.org/pub --trusted-host pypi.pub.build.mozilla.org --trusted-host pypi.pvt.build.mozilla.org blobuploader==1.2.4
16:20:54     INFO - Using env: {'CCACHE_DIR': '/builds/ccache',
16:20:54     INFO -  'CCACHE_UMASK': '002',
16:20:54     INFO -  'DISPLAY': ':0',
16:20:54     INFO -  'HOME': '/home/cltbld',
16:20:54     INFO -  'LANG': 'en_US.UTF-8',
16:20:54     INFO -  'LOGNAME': 'cltbld',
16:20:54     INFO -  'MAIL': '/var/mail/cltbld',
16:20:54     INFO -  'MOZ_HIDE_RESULTS_TABLE': '1',
16:20:54     INFO -  'MOZ_NODE_PATH': '/usr/bin/node',
16:20:54     INFO -  'MOZ_NO_REMOTE': '1',
16:20:54     INFO -  'NODE_PATH': '/usr/lib/nodejs:/usr/lib/node_modules:/usr/share/javascript',
16:20:54     INFO -  'NO_FAIL_ON_TEST_ERRORS': '1',
16:20:54     INFO -  'PATH': '/usr/local/bin:/usr/local/bin:/usr/bin:/bin:/usr/local/games:/usr/games',
16:20:54     INFO -  'PROPERTIES_FILE': '/builds/slave/test/buildprops.json',
16:20:54     INFO -  'PWD': '/builds/slave/test',
16:20:54     INFO -  'SHELL': '/bin/bash',
16:20:54     INFO -  'SHLVL': '1',
16:20:54     INFO -  'TERM': 'linux',
16:20:54     INFO -  'TMOUT': '86400',
16:20:54     INFO -  'USER': 'cltbld',
16:20:54     INFO -  'XDG_SESSION_COOKIE': '5a152710dd62cc268aad214e000002d8-1528499937.965764-477975367',
16:20:54     INFO -  '_': '/tools/buildbot/bin/python'}
16:20:55     INFO -  Ignoring indexes: https://pypi.python.org/simple
16:20:55     INFO -  Collecting blobuploader==1.2.4
16:20:56     INFO -  /builds/slave/test/build/venv/lib/python2.7/site-packages/pip/_vendor/requests/packages/urllib3/util/ssl_.py:318: SNIMissingWarning: An HTTPS request has been made, but the SNI (Subject Name Indication) extension to TLS is not available on this platform. This may cause the server to present an incorrect TLS certificate, which can cause validation failures. You can upgrade to a newer version of Python to solve this. For more information, see https://urllib3.readthedocs.org/en/latest/security.html#snimissingwarning.
16:20:56     INFO -    SNIMissingWarning
16:20:56     INFO -  /builds/slave/test/build/venv/lib/python2.7/site-packages/pip/_vendor/requests/packages/urllib3/util/ssl_.py:122: InsecurePlatformWarning: A true SSLContext object is not available. This prevents urllib3 from configuring SSL appropriately and may cause certain SSL connections to fail. You can upgrade to a newer version of Python to solve this. For more information, see https://urllib3.readthedocs.org/en/latest/security.html#insecureplatformwarning.
16:20:56     INFO -    InsecurePlatformWarning
16:20:58     INFO -  /builds/slave/test/build/venv/lib/python2.7/site-packages/pip/_vendor/requests/packages/urllib3/util/ssl_.py:122: InsecurePlatformWarning: A true SSLContext object is not available. This prevents urllib3 from configuring SSL appropriately and may cause certain SSL connections to fail. You can upgrade to a newer version of Python to solve this. For more information, see https://urllib3.readthedocs.org/en/latest/security.html#insecureplatformwarning.
16:20:58     INFO -    InsecurePlatformWarning
16:21:03     INFO -    Downloading https://pypi.pvt.build.mozilla.org/pub/blobuploader-1.2.4.tar.gz
16:21:04     INFO -  Collecting requests==1.2.3. (from blobuploader==1.2.4)
16:21:09     INFO -    Downloading https://pypi.pvt.build.mozilla.org/pub/requests-1.2.3.tar.gz (348kB)
16:21:11     INFO -  Collecting docopt==0.6.1 (from blobuploader==1.2.4)
16:21:16     INFO -    Downloading https://pypi.pvt.build.mozilla.org/pub/docopt-0.6.1.tar.gz
16:21:17     INFO -  Building wheels for collected packages: blobuploader, requests, docopt
16:21:17     INFO -    Running setup.py bdist_wheel for blobuploader: started
16:21:18     INFO -    Running setup.py bdist_wheel for blobuploader: finished with status 'done'
16:21:18     INFO -    Stored in directory: /home/cltbld/.cache/pip/wheels/a7/2a/47/2d3828e4129ffeb548a26f4a87889dc9bc1a58e201a0ff8655
16:21:18     INFO -    Running setup.py bdist_wheel for requests: started
16:21:20     INFO -    Running setup.py bdist_wheel for requests: finished with status 'done'
16:21:20     INFO -    Stored in directory: /home/cltbld/.cache/pip/wheels/65/bb/90/359b65a7043ffc879dde877c4ad827f452218808c6cccf2658
16:21:20     INFO -    Running setup.py bdist_wheel for docopt: started
16:21:21     INFO -    Running setup.py bdist_wheel for docopt: finished with status 'done'
16:21:21     INFO -    Stored in directory: /home/cltbld/.cache/pip/wheels/ac/8b/84/7dbe9ada02c48c352fa733c81648516f92c6436f9d5bffad41
16:21:21     INFO -  Successfully built blobuploader requests docopt
16:21:21     INFO -  Installing collected packages: requests, docopt, blobuploader
16:21:22     INFO -  Successfully installed blobuploader-1.2.4 docopt-0.6.1 requests-1.2.3
16:21:22     INFO - Return code: 0
16:21:22     INFO - Installing None into virtualenv /builds/slave/test/build/venv
16:21:23     INFO - retry: Calling run_command with args: [['/builds/slave/test/build/venv/bin/pip', 'install', '--no-deps', '--timeout', '120', '-r', '/builds/slave/test/build/tests/config/marionette_requirements.txt', '--no-index', '--find-links', 'http://pypi.pvt.build.mozilla.org/pub', '--find-links', 'http://pypi.pub.build.mozilla.org/pub', '--trusted-host', 'pypi.pub.build.mozilla.org', '--trusted-host', 'pypi.pvt.build.mozilla.org']], kwargs: {'error_level': 'warning', 'error_list': [{'substr': 'not found or a compiler error:', 'level': 'warning'}, {'regex': <_sre.SRE_Pattern object at 0xb72b9528>, 'level': 'error'}, {'regex': <_sre.SRE_Pattern object at 0xb7294b10>, 'level': 'warning'}, {'regex': <_sre.SRE_Pattern object at 0x99f9830>, 'level': 'debug'}, {'substr': 'command not found', 'level': 'error'}, {'regex': <_sre.SRE_Pattern object at 0x99ef5f0>, 'level': 'warning'}, {'substr': 'Traceback (most recent call last)', 'level': 'error'}, {'substr': 'SyntaxError: ', 'level': 'error'}, {'substr': 'TypeError: ', 'level': 'error'}, {'substr': 'NameError: ', 'level': 'error'}, {'substr': 'ZeroDivisionError: ', 'level': 'error'}, {'regex': <_sre.SRE_Pattern object at 0x99f38f0>, 'level': 'critical'}, {'regex': <_sre.SRE_Pattern object at 0x99e4f30>, 'level': 'critical'}], 'cwd': '/builds/slave/test/build/tests/config', 'env': {'TMOUT': '86400', 'LOGNAME': 'cltbld', 'USER': 'cltbld', 'HOME': '/home/cltbld', 'PATH': '/usr/local/bin:/usr/local/bin:/usr/bin:/bin:/usr/local/games:/usr/games', 'DISPLAY': ':0', 'CCACHE_UMASK': '002', 'LANG': 'en_US.UTF-8', 'TERM': 'linux', 'SHELL': '/bin/bash', 'MOZ_NODE_PATH': '/usr/bin/node', 'XDG_SESSION_COOKIE': '5a152710dd62cc268aad214e000002d8-1528499937.965764-477975367', 'SHLVL': '1', 'NO_FAIL_ON_TEST_ERRORS': '1', 'MOZ_NO_REMOTE': '1', 'MOZ_HIDE_RESULTS_TABLE': '1', 'MAIL': '/var/mail/cltbld', '_': '/tools/buildbot/bin/python', 'NODE_PATH': '/usr/lib/nodejs:/usr/lib/node_modules:/usr/share/javascript', 'PWD': '/builds/slave/test', 'PROPERTIES_FILE': '/builds/slave/test/buildprops.json', 'CCACHE_DIR': '/builds/ccache'}}, attempt #1
16:21:23     INFO - Running command: ['/builds/slave/test/build/venv/bin/pip', 'install', '--no-deps', '--timeout', '120', '-r', '/builds/slave/test/build/tests/config/marionette_requirements.txt', '--no-index', '--find-links', 'http://pypi.pvt.build.mozilla.org/pub', '--find-links', 'http://pypi.pub.build.mozilla.org/pub', '--trusted-host', 'pypi.pub.build.mozilla.org', '--trusted-host', 'pypi.pvt.build.mozilla.org'] in /builds/slave/test/build/tests/config
16:21:23     INFO - Copy/paste: /builds/slave/test/build/venv/bin/pip install --no-deps --timeout 120 -r /builds/slave/test/build/tests/config/marionette_requirements.txt --no-index --find-links http://pypi.pvt.build.mozilla.org/pub --find-links http://pypi.pub.build.mozilla.org/pub --trusted-host pypi.pub.build.mozilla.org --trusted-host pypi.pvt.build.mozilla.org
16:21:23     INFO - Using env: {'CCACHE_DIR': '/builds/ccache',
16:21:23     INFO -  'CCACHE_UMASK': '002',
16:21:23     INFO -  'DISPLAY': ':0',
16:21:23     INFO -  'HOME': '/home/cltbld',
16:21:23     INFO -  'LANG': 'en_US.UTF-8',
16:21:23     INFO -  'LOGNAME': 'cltbld',
16:21:23     INFO -  'MAIL': '/var/mail/cltbld',
16:21:23     INFO -  'MOZ_HIDE_RESULTS_TABLE': '1',
16:21:23     INFO -  'MOZ_NODE_PATH': '/usr/bin/node',
16:21:23     INFO -  'MOZ_NO_REMOTE': '1',
16:21:23     INFO -  'NODE_PATH': '/usr/lib/nodejs:/usr/lib/node_modules:/usr/share/javascript',
16:21:23     INFO -  'NO_FAIL_ON_TEST_ERRORS': '1',
16:21:23     INFO -  'PATH': '/usr/local/bin:/usr/local/bin:/usr/bin:/bin:/usr/local/games:/usr/games',
16:21:23     INFO -  'PROPERTIES_FILE': '/builds/slave/test/buildprops.json',
16:21:23     INFO -  'PWD': '/builds/slave/test',
16:21:23     INFO -  'SHELL': '/bin/bash',
16:21:23     INFO -  'SHLVL': '1',
16:21:23     INFO -  'TERM': 'linux',
16:21:23     INFO -  'TMOUT': '86400',
16:21:23     INFO -  'USER': 'cltbld',
16:21:23     INFO -  'XDG_SESSION_COOKIE': '5a152710dd62cc268aad214e000002d8-1528499937.965764-477975367',
16:21:23     INFO -  '_': '/tools/buildbot/bin/python'}
16:21:24     INFO -  Ignoring indexes: https://pypi.python.org/simple
16:21:24     INFO -  Processing /builds/slave/test/build/tests/mozbase/manifestparser
16:21:25     INFO -  Processing /builds/slave/test/build/tests/mozbase/mozcrash
16:21:25     INFO -  Processing /builds/slave/test/build/tests/mozbase/mozdebug
16:21:26     INFO -  Processing /builds/slave/test/build/tests/mozbase/mozdevice
16:21:27     INFO -  Processing /builds/slave/test/build/tests/mozbase/mozfile
16:21:27     INFO -  Processing /builds/slave/test/build/tests/mozbase/mozhttpd
16:21:28     INFO -  Processing /builds/slave/test/build/tests/mozbase/mozinfo
16:21:29     INFO -  Processing /builds/slave/test/build/tests/mozbase/mozinstall
16:21:29     INFO -  Processing /builds/slave/test/build/tests/mozbase/mozleak
16:21:30     INFO -  Processing /builds/slave/test/build/tests/mozbase/mozlog
16:21:31     INFO -  Processing /builds/slave/test/build/tests/mozbase/moznetwork
16:21:31     INFO -  Processing /builds/slave/test/build/tests/mozbase/mozprocess
16:21:32     INFO -  Processing /builds/slave/test/build/tests/mozbase/mozprofile
16:21:33     INFO -  Processing /builds/slave/test/build/tests/mozbase/mozrunner
16:21:33     INFO -  Processing /builds/slave/test/build/tests/mozbase/mozscreenshot
16:21:34     INFO -  Processing /builds/slave/test/build/tests/mozbase/moztest
16:21:35     INFO -  Processing /builds/slave/test/build/tests/mozbase/mozversion
16:21:35     INFO -  Processing /builds/slave/test/build/tests/tools/wptserve
16:21:36     INFO -  Processing /builds/slave/test/build/tests/marionette/client
16:21:37     INFO -  Processing /builds/slave/test/build/tests/marionette/harness/marionette_harness/runner/mixins/browsermob-proxy-py
16:21:37     INFO -  Processing /builds/slave/test/build/tests/marionette/harness
16:21:38     INFO -  Processing /builds/slave/test/build/tests/marionette/puppeteer/firefox
16:21:39     INFO -  Building wheels for collected packages: browsermob-proxy
16:21:39     INFO -    Running setup.py bdist_wheel for browsermob-proxy: started
16:21:40     INFO -    Running setup.py bdist_wheel for browsermob-proxy: finished with status 'done'
16:21:40     INFO -    Stored in directory: /home/cltbld/.cache/pip/wheels/10/00/c1/79bb793b6a7eb4dca9dfd244010f550ae5044951bcd23c261e
16:21:40     INFO -  Successfully built browsermob-proxy
16:21:40     INFO -  Installing collected packages: manifestparser, mozcrash, mozdebug, mozdevice, mozfile, mozhttpd, mozinfo, mozInstall, mozleak, mozlog, moznetwork, mozprocess, mozprofile, mozrunner, mozscreenshot, moztest, mozversion, wptserve, marionette-driver, browsermob-proxy, marionette-harness, firefox-puppeteer
16:21:40     INFO -    Running setup.py install for manifestparser: started
16:21:41     INFO -      Running setup.py install for manifestparser: finished with status 'done'
16:21:41     INFO -    Running setup.py install for mozcrash: started
16:21:41     INFO -      Running setup.py install for mozcrash: finished with status 'done'
16:21:41     INFO -    Running setup.py install for mozdebug: started
16:21:42     INFO -      Running setup.py install for mozdebug: finished with status 'done'
16:21:42     INFO -    Running setup.py install for mozdevice: started
16:21:43     INFO -      Running setup.py install for mozdevice: finished with status 'done'
16:21:43     INFO -    Running setup.py install for mozfile: started
16:21:44     INFO -      Running setup.py install for mozfile: finished with status 'done'
16:21:44     INFO -    Running setup.py install for mozhttpd: started
16:21:45     INFO -      Running setup.py install for mozhttpd: finished with status 'done'
16:21:45     INFO -    Running setup.py install for mozinfo: started
16:21:45     INFO -      Running setup.py install for mozinfo: finished with status 'done'
16:21:45     INFO -    Running setup.py install for mozInstall: started
16:21:46     INFO -      Running setup.py install for mozInstall: finished with status 'done'
16:21:46     INFO -    Running setup.py install for mozleak: started
16:21:47     INFO -      Running setup.py install for mozleak: finished with status 'done'
16:21:47     INFO -    Running setup.py install for mozlog: started
16:21:48     INFO -      Running setup.py install for mozlog: finished with status 'done'
16:21:48     INFO -    Running setup.py install for moznetwork: started
16:21:49     INFO -      Running setup.py install for moznetwork: finished with status 'done'
16:21:49     INFO -    Running setup.py install for mozprocess: started
16:21:50     INFO -      Running setup.py install for mozprocess: finished with status 'done'
16:21:50     INFO -    Running setup.py install for mozprofile: started
16:21:51     INFO -      Running setup.py install for mozprofile: finished with status 'done'
16:21:51     INFO -    Running setup.py install for mozrunner: started
16:21:52     INFO -      Running setup.py install for mozrunner: finished with status 'done'
16:21:52     INFO -    Running setup.py install for mozscreenshot: started
16:21:53     INFO -      Running setup.py install for mozscreenshot: finished with status 'done'
16:21:53     INFO -    Running setup.py install for moztest: started
16:21:54     INFO -      Running setup.py install for moztest: finished with status 'done'
16:21:54     INFO -    Running setup.py install for mozversion: started
16:21:54     INFO -      Running setup.py install for mozversion: finished with status 'done'
16:21:54     INFO -    Running setup.py install for wptserve: started
16:21:55     INFO -      Running setup.py install for wptserve: finished with status 'done'
16:21:55     INFO -    Running setup.py install for marionette-driver: started
16:21:56     INFO -      Running setup.py install for marionette-driver: finished with status 'done'
16:21:57     INFO -    Running setup.py install for marionette-harness: started
16:21:58     INFO -      Running setup.py install for marionette-harness: finished with status 'done'
16:21:59     INFO -    Running setup.py install for firefox-puppeteer: started
16:22:00     INFO -      Running setup.py install for firefox-puppeteer: finished with status 'done'
16:22:01     INFO -  Successfully installed browsermob-proxy-0.6.0 firefox-puppeteer-52.1.0 manifestparser-1.1 marionette-driver-2.2.0 marionette-harness-4.0.0 mozInstall-1.12 mozcrash-1.0 mozdebug-0.1 mozdevice-0.48 mozfile-1.2 mozhttpd-0.7 mozinfo-0.9 mozleak-0.1 mozlog-3.4 moznetwork-0.27 mozprocess-0.23 mozprofile-0.28 mozrunner-6.13 mozscreenshot-0.1 moztest-0.8 mozversion-1.4 wptserve-1.4.0
16:22:01     INFO - Return code: 0
16:22:01     INFO - Installing None into virtualenv /builds/slave/test/build/venv
16:22:02     INFO - retry: Calling run_command with args: [['/builds/slave/test/build/venv/bin/pip', 'install', '--timeout', '120', '-r', '/builds/slave/test/build/tests/config/marionette_requirements.txt', '--no-index', '--find-links', 'http://pypi.pvt.build.mozilla.org/pub', '--find-links', 'http://pypi.pub.build.mozilla.org/pub', '--trusted-host', 'pypi.pub.build.mozilla.org', '--trusted-host', 'pypi.pvt.build.mozilla.org']], kwargs: {'error_level': 'warning', 'error_list': [{'substr': 'not found or a compiler error:', 'level': 'warning'}, {'regex': <_sre.SRE_Pattern object at 0xb72b9528>, 'level': 'error'}, {'regex': <_sre.SRE_Pattern object at 0xb7294b10>, 'level': 'warning'}, {'regex': <_sre.SRE_Pattern object at 0x99f9830>, 'level': 'debug'}, {'substr': 'command not found', 'level': 'error'}, {'regex': <_sre.SRE_Pattern object at 0x99ef5f0>, 'level': 'warning'}, {'substr': 'Traceback (most recent call last)', 'level': 'error'}, {'substr': 'SyntaxError: ', 'level': 'error'}, {'substr': 'TypeError: ', 'level': 'error'}, {'substr': 'NameError: ', 'level': 'error'}, {'substr': 'ZeroDivisionError: ', 'level': 'error'}, {'regex': <_sre.SRE_Pattern object at 0x99f38f0>, 'level': 'critical'}, {'regex': <_sre.SRE_Pattern object at 0x99e4f30>, 'level': 'critical'}], 'cwd': '/builds/slave/test/build/tests/config', 'env': {'TMOUT': '86400', 'LOGNAME': 'cltbld', 'USER': 'cltbld', 'HOME': '/home/cltbld', 'PATH': '/usr/local/bin:/usr/local/bin:/usr/bin:/bin:/usr/local/games:/usr/games', 'DISPLAY': ':0', 'CCACHE_UMASK': '002', 'LANG': 'en_US.UTF-8', 'TERM': 'linux', 'SHELL': '/bin/bash', 'MOZ_NODE_PATH': '/usr/bin/node', 'XDG_SESSION_COOKIE': '5a152710dd62cc268aad214e000002d8-1528499937.965764-477975367', 'SHLVL': '1', 'NO_FAIL_ON_TEST_ERRORS': '1', 'MOZ_NO_REMOTE': '1', 'MOZ_HIDE_RESULTS_TABLE': '1', 'MAIL': '/var/mail/cltbld', '_': '/tools/buildbot/bin/python', 'NODE_PATH': '/usr/lib/nodejs:/usr/lib/node_modules:/usr/share/javascript', 'PWD': '/builds/slave/test', 'PROPERTIES_FILE': '/builds/slave/test/buildprops.json', 'CCACHE_DIR': '/builds/ccache'}}, attempt #1
16:22:02     INFO - Running command: ['/builds/slave/test/build/venv/bin/pip', 'install', '--timeout', '120', '-r', '/builds/slave/test/build/tests/config/marionette_requirements.txt', '--no-index', '--find-links', 'http://pypi.pvt.build.mozilla.org/pub', '--find-links', 'http://pypi.pub.build.mozilla.org/pub', '--trusted-host', 'pypi.pub.build.mozilla.org', '--trusted-host', 'pypi.pvt.build.mozilla.org'] in /builds/slave/test/build/tests/config
16:22:02     INFO - Copy/paste: /builds/slave/test/build/venv/bin/pip install --timeout 120 -r /builds/slave/test/build/tests/config/marionette_requirements.txt --no-index --find-links http://pypi.pvt.build.mozilla.org/pub --find-links http://pypi.pub.build.mozilla.org/pub --trusted-host pypi.pub.build.mozilla.org --trusted-host pypi.pvt.build.mozilla.org
16:22:02     INFO - Using env: {'CCACHE_DIR': '/builds/ccache',
16:22:02     INFO -  'CCACHE_UMASK': '002',
16:22:02     INFO -  'DISPLAY': ':0',
16:22:02     INFO -  'HOME': '/home/cltbld',
16:22:02     INFO -  'LANG': 'en_US.UTF-8',
16:22:02     INFO -  'LOGNAME': 'cltbld',
16:22:02     INFO -  'MAIL': '/var/mail/cltbld',
16:22:02     INFO -  'MOZ_HIDE_RESULTS_TABLE': '1',
16:22:02     INFO -  'MOZ_NODE_PATH': '/usr/bin/node',
16:22:02     INFO -  'MOZ_NO_REMOTE': '1',
16:22:02     INFO -  'NODE_PATH': '/usr/lib/nodejs:/usr/lib/node_modules:/usr/share/javascript',
16:22:02     INFO -  'NO_FAIL_ON_TEST_ERRORS': '1',
16:22:02     INFO -  'PATH': '/usr/local/bin:/usr/local/bin:/usr/bin:/bin:/usr/local/games:/usr/games',
16:22:02     INFO -  'PROPERTIES_FILE': '/builds/slave/test/buildprops.json',
16:22:02     INFO -  'PWD': '/builds/slave/test',
16:22:02     INFO -  'SHELL': '/bin/bash',
16:22:02     INFO -  'SHLVL': '1',
16:22:02     INFO -  'TERM': 'linux',
16:22:02     INFO -  'TMOUT': '86400',
16:22:02     INFO -  'USER': 'cltbld',
16:22:02     INFO -  'XDG_SESSION_COOKIE': '5a152710dd62cc268aad214e000002d8-1528499937.965764-477975367',
16:22:02     INFO -  '_': '/tools/buildbot/bin/python'}
16:22:03     INFO -  Ignoring indexes: https://pypi.python.org/simple
16:22:03     INFO -  Processing /builds/slave/test/build/tests/mozbase/manifestparser
16:22:04     INFO -    Requirement already satisfied (use --upgrade to upgrade): manifestparser==1.1 from file:///builds/slave/test/build/tests/mozbase/manifestparser in /builds/slave/test/build/venv/lib/python2.7/site-packages (from -r /builds/slave/test/build/tests/config/mozbase_requirements.txt (line 1))
16:22:04     INFO -  Processing /builds/slave/test/build/tests/mozbase/mozcrash
16:22:05     INFO -    Requirement already satisfied (use --upgrade to upgrade): mozcrash==1.0 from file:///builds/slave/test/build/tests/mozbase/mozcrash in /builds/slave/test/build/venv/lib/python2.7/site-packages (from -r /builds/slave/test/build/tests/config/mozbase_requirements.txt (line 2))
16:22:05     INFO -  Processing /builds/slave/test/build/tests/mozbase/mozdebug
16:22:05     INFO -    Requirement already satisfied (use --upgrade to upgrade): mozdebug==0.1 from file:///builds/slave/test/build/tests/mozbase/mozdebug in /builds/slave/test/build/venv/lib/python2.7/site-packages (from -r /builds/slave/test/build/tests/config/mozbase_requirements.txt (line 3))
16:22:05     INFO -  Processing /builds/slave/test/build/tests/mozbase/mozdevice
16:22:06     INFO -    Requirement already satisfied (use --upgrade to upgrade): mozdevice==0.48 from file:///builds/slave/test/build/tests/mozbase/mozdevice in /builds/slave/test/build/venv/lib/python2.7/site-packages (from -r /builds/slave/test/build/tests/config/mozbase_requirements.txt (line 4))
16:22:06     INFO -  Processing /builds/slave/test/build/tests/mozbase/mozfile
16:22:07     INFO -    Requirement already satisfied (use --upgrade to upgrade): mozfile==1.2 from file:///builds/slave/test/build/tests/mozbase/mozfile in /builds/slave/test/build/venv/lib/python2.7/site-packages (from -r /builds/slave/test/build/tests/config/mozbase_requirements.txt (line 5))
16:22:07     INFO -  Processing /builds/slave/test/build/tests/mozbase/mozhttpd
16:22:08     INFO -    Requirement already satisfied (use --upgrade to upgrade): mozhttpd==0.7 from file:///builds/slave/test/build/tests/mozbase/mozhttpd in /builds/slave/test/build/venv/lib/python2.7/site-packages (from -r /builds/slave/test/build/tests/config/mozbase_requirements.txt (line 6))
16:22:08     INFO -  Processing /builds/slave/test/build/tests/mozbase/mozinfo
16:22:08     INFO -    Requirement already satisfied (use --upgrade to upgrade): mozinfo==0.9 from file:///builds/slave/test/build/tests/mozbase/mozinfo in /builds/slave/test/build/venv/lib/python2.7/site-packages (from -r /builds/slave/test/build/tests/config/mozbase_requirements.txt (line 7))
16:22:08     INFO -  Processing /builds/slave/test/build/tests/mozbase/mozinstall
16:22:09     INFO -    Requirement already satisfied (use --upgrade to upgrade): mozInstall==1.12 from file:///builds/slave/test/build/tests/mozbase/mozinstall in /builds/slave/test/build/venv/lib/python2.7/site-packages (from -r /builds/slave/test/build/tests/config/mozbase_requirements.txt (line 8))
16:22:09     INFO -  Processing /builds/slave/test/build/tests/mozbase/mozleak
16:22:10     INFO -    Requirement already satisfied (use --upgrade to upgrade): mozleak==0.1 from file:///builds/slave/test/build/tests/mozbase/mozleak in /builds/slave/test/build/venv/lib/python2.7/site-packages (from -r /builds/slave/test/build/tests/config/mozbase_requirements.txt (line 9))
16:22:10     INFO -  Processing /builds/slave/test/build/tests/mozbase/mozlog
16:22:10     INFO -    Requirement already satisfied (use --upgrade to upgrade): mozlog==3.4 from file:///builds/slave/test/build/tests/mozbase/mozlog in /builds/slave/test/build/venv/lib/python2.7/site-packages (from -r /builds/slave/test/build/tests/config/mozbase_requirements.txt (line 10))
16:22:10     INFO -  Processing /builds/slave/test/build/tests/mozbase/moznetwork
16:22:11     INFO -    Requirement already satisfied (use --upgrade to upgrade): moznetwork==0.27 from file:///builds/slave/test/build/tests/mozbase/moznetwork in /builds/slave/test/build/venv/lib/python2.7/site-packages (from -r /builds/slave/test/build/tests/config/mozbase_requirements.txt (line 11))
16:22:11     INFO -  Processing /builds/slave/test/build/tests/mozbase/mozprocess
16:22:12     INFO -    Requirement already satisfied (use --upgrade to upgrade): mozprocess==0.23 from file:///builds/slave/test/build/tests/mozbase/mozprocess in /builds/slave/test/build/venv/lib/python2.7/site-packages (from -r /builds/slave/test/build/tests/config/mozbase_requirements.txt (line 12))
16:22:12     INFO -  Processing /builds/slave/test/build/tests/mozbase/mozprofile
16:22:13     INFO -    Requirement already satisfied (use --upgrade to upgrade): mozprofile==0.28 from file:///builds/slave/test/build/tests/mozbase/mozprofile in /builds/slave/test/build/venv/lib/python2.7/site-packages (from -r /builds/slave/test/build/tests/config/mozbase_requirements.txt (line 13))
16:22:13     INFO -  Processing /builds/slave/test/build/tests/mozbase/mozrunner
16:22:13     INFO -    Requirement already satisfied (use --upgrade to upgrade): mozrunner==6.13 from file:///builds/slave/test/build/tests/mozbase/mozrunner in /builds/slave/test/build/venv/lib/python2.7/site-packages (from -r /builds/slave/test/build/tests/config/mozbase_requirements.txt (line 14))
16:22:13     INFO -  Processing /builds/slave/test/build/tests/mozbase/mozscreenshot
16:22:14     INFO -    Requirement already satisfied (use --upgrade to upgrade): mozscreenshot==0.1 from file:///builds/slave/test/build/tests/mozbase/mozscreenshot in /builds/slave/test/build/venv/lib/python2.7/site-packages (from -r /builds/slave/test/build/tests/config/mozbase_requirements.txt (line 15))
16:22:14     INFO -  Processing /builds/slave/test/build/tests/mozbase/moztest
16:22:15     INFO -    Requirement already satisfied (use --upgrade to upgrade): moztest==0.8 from file:///builds/slave/test/build/tests/mozbase/moztest in /builds/slave/test/build/venv/lib/python2.7/site-packages (from -r /builds/slave/test/build/tests/config/mozbase_requirements.txt (line 16))
16:22:15     INFO -  Processing /builds/slave/test/build/tests/mozbase/mozversion
16:22:15     INFO -    Requirement already satisfied (use --upgrade to upgrade): mozversion==1.4 from file:///builds/slave/test/build/tests/mozbase/mozversion in /builds/slave/test/build/venv/lib/python2.7/site-packages (from -r /builds/slave/test/build/tests/config/mozbase_requirements.txt (line 17))
16:22:15     INFO -  Processing /builds/slave/test/build/tests/tools/wptserve
16:22:16     INFO -    Requirement already satisfied (use --upgrade to upgrade): wptserve==1.4.0 from file:///builds/slave/test/build/tests/tools/wptserve in /builds/slave/test/build/venv/lib/python2.7/site-packages (from -r /builds/slave/test/build/tests/config/marionette_requirements.txt (line 3))
16:22:16     INFO -  Processing /builds/slave/test/build/tests/marionette/client
16:22:17     INFO -    Requirement already satisfied (use --upgrade to upgrade): marionette-driver==2.2.0 from file:///builds/slave/test/build/tests/marionette/client in /builds/slave/test/build/venv/lib/python2.7/site-packages (from -r /builds/slave/test/build/tests/config/marionette_requirements.txt (line 4))
16:22:17     INFO -  Processing /builds/slave/test/build/tests/marionette/harness/marionette_harness/runner/mixins/browsermob-proxy-py
16:22:17     INFO -    Requirement already satisfied (use --upgrade to upgrade): browsermob-proxy==0.6.0 from file:///builds/slave/test/build/tests/marionette/harness/marionette_harness/runner/mixins/browsermob-proxy-py in /builds/slave/test/build/venv/lib/python2.7/site-packages (from -r /builds/slave/test/build/tests/config/marionette_requirements.txt (line 5))
16:22:17     INFO -  Processing /builds/slave/test/build/tests/marionette/harness
16:22:18     INFO -    Requirement already satisfied (use --upgrade to upgrade): marionette-harness==4.0.0 from file:///builds/slave/test/build/tests/marionette/harness in /builds/slave/test/build/venv/lib/python2.7/site-packages (from -r /builds/slave/test/build/tests/config/marionette_requirements.txt (line 6))
16:22:18     INFO -  Processing /builds/slave/test/build/tests/marionette/puppeteer/firefox
16:22:19     INFO -    Requirement already satisfied (use --upgrade to upgrade): firefox-puppeteer==52.1.0 from file:///builds/slave/test/build/tests/marionette/puppeteer/firefox in /builds/slave/test/build/venv/lib/python2.7/site-packages (from -r /builds/slave/test/build/tests/config/marionette_requirements.txt (line 9))
16:22:19     INFO -  Requirement already satisfied (use --upgrade to upgrade): mozfile>=1.0 in /builds/slave/test/build/venv/lib/python2.7/site-packages (from mozcrash==1.0->-r /builds/slave/test/build/tests/config/mozbase_requirements.txt (line 2))
16:22:19     INFO -  Requirement already satisfied (use --upgrade to upgrade): mozlog>=3.0 in /builds/slave/test/build/venv/lib/python2.7/site-packages (from mozcrash==1.0->-r /builds/slave/test/build/tests/config/mozbase_requirements.txt (line 2))
16:22:19     INFO -  Requirement already satisfied (use --upgrade to upgrade): mozinfo in /builds/slave/test/build/venv/lib/python2.7/site-packages (from mozdebug==0.1->-r /builds/slave/test/build/tests/config/mozbase_requirements.txt (line 3))
16:22:19     INFO -  Requirement already satisfied (use --upgrade to upgrade): moznetwork>=0.24 in /builds/slave/test/build/venv/lib/python2.7/site-packages (from mozdevice==0.48->-r /builds/slave/test/build/tests/config/mozbase_requirements.txt (line 4))
16:22:19     INFO -  Requirement already satisfied (use --upgrade to upgrade): mozprocess>=0.19 in /builds/slave/test/build/venv/lib/python2.7/site-packages (from mozdevice==0.48->-r /builds/slave/test/build/tests/config/mozbase_requirements.txt (line 4))
16:22:19     INFO -  Collecting blessings>=1.3 (from mozlog==3.4->-r /builds/slave/test/build/tests/config/mozbase_requirements.txt (line 10))
16:22:19     INFO -  /builds/slave/test/build/venv/lib/python2.7/site-packages/pip/_vendor/requests/packages/urllib3/util/ssl_.py:318: SNIMissingWarning: An HTTPS request has been made, but the SNI (Subject Name Indication) extension to TLS is not available on this platform. This may cause the server to present an incorrect TLS certificate, which can cause validation failures. You can upgrade to a newer version of Python to solve this. For more information, see https://urllib3.readthedocs.org/en/latest/security.html#snimissingwarning.
16:22:19     INFO -    SNIMissingWarning
16:22:19     INFO -  /builds/slave/test/build/venv/lib/python2.7/site-packages/pip/_vendor/requests/packages/urllib3/util/ssl_.py:122: InsecurePlatformWarning: A true SSLContext object is not available. This prevents urllib3 from configuring SSL appropriately and may cause certain SSL connections to fail. You can upgrade to a newer version of Python to solve this. For more information, see https://urllib3.readthedocs.org/en/latest/security.html#insecureplatformwarning.
16:22:19     INFO -    InsecurePlatformWarning
16:22:21     INFO -  /builds/slave/test/build/venv/lib/python2.7/site-packages/pip/_vendor/requests/packages/urllib3/util/ssl_.py:122: InsecurePlatformWarning: A true SSLContext object is not available. This prevents urllib3 from configuring SSL appropriately and may cause certain SSL connections to fail. You can upgrade to a newer version of Python to solve this. For more information, see https://urllib3.readthedocs.org/en/latest/security.html#insecureplatformwarning.
16:22:21     INFO -    InsecurePlatformWarning
16:22:27     INFO -    Downloading https://pypi.pvt.build.mozilla.org/pub/blessings-1.6.tar.gz
16:22:27     INFO -  Requirement already satisfied (use --upgrade to upgrade): requests>=1.1.0 in /builds/slave/test/build/venv/lib/python2.7/site-packages (from browsermob-proxy==0.6.0->-r /builds/slave/test/build/tests/config/marionette_requirements.txt (line 5))
16:22:27     INFO -  Building wheels for collected packages: blessings, browsermob-proxy
16:22:27     INFO -    Running setup.py bdist_wheel for blessings: started
16:22:28     INFO -    Running setup.py bdist_wheel for blessings: finished with status 'done'
16:22:28     INFO -    Stored in directory: /home/cltbld/.cache/pip/wheels/fb/37/ae/c6b15ed5da2ead5847df54c8319487050d4dcc950c9795eae9
16:22:28     INFO -    Running setup.py bdist_wheel for browsermob-proxy: started
16:22:29     INFO -    Running setup.py bdist_wheel for browsermob-proxy: finished with status 'done'
16:22:29     INFO -    Stored in directory: /home/cltbld/.cache/pip/wheels/10/00/c1/79bb793b6a7eb4dca9dfd244010f550ae5044951bcd23c261e
16:22:29     INFO -  Successfully built blessings browsermob-proxy
16:22:29     INFO -  Installing collected packages: blessings
16:22:29     INFO -  Successfully installed blessings-1.6
16:22:30     INFO - Return code: 0
16:22:30     INFO - Done creating virtualenv /builds/slave/test/build/venv.
16:22:30     INFO - Getting output from command: ['/builds/slave/test/build/venv/bin/pip', 'freeze']
16:22:30     INFO - Copy/paste: /builds/slave/test/build/venv/bin/pip freeze
16:22:32     INFO - Reading from file tmpfile_stdout
16:22:32     INFO - Reading from file tmpfile_stderr
16:22:32     INFO - Current package versions:
16:22:32     INFO -   blessings == 1.6
16:22:32     INFO -   blobuploader == 1.2.4
16:22:32     INFO -   browsermob-proxy == 0.6.0
16:22:32     INFO -   docopt == 0.6.1
16:22:32     INFO -   firefox-puppeteer == 52.1.0
16:22:32     INFO -   functools32 == 3.2.3.post2
16:22:32     INFO -   jsonschema == 2.5.1
16:22:32     INFO -   manifestparser == 1.1
16:22:32     INFO -   marionette-driver == 2.2.0
16:22:32     INFO -   marionette-harness == 4.0.0
16:22:32     INFO -   mozInstall == 1.12
16:22:32     INFO -   mozcrash == 1.0
16:22:32     INFO -   mozdebug == 0.1
16:22:32     INFO -   mozdevice == 0.48
16:22:32     INFO -   mozfile == 1.2
16:22:32     INFO -   mozhttpd == 0.7
16:22:32     INFO -   mozinfo == 0.9
16:22:32     INFO -   mozleak == 0.1
16:22:32     INFO -   mozlog == 3.4
16:22:32     INFO -   moznetwork == 0.27
16:22:32     INFO -   mozprocess == 0.23
16:22:32     INFO -   mozprofile == 0.28
16:22:32     INFO -   mozrunner == 6.13
16:22:32     INFO -   mozscreenshot == 0.1
16:22:32     INFO -   mozsystemmonitor == 0.3
16:22:32     INFO -   moztest == 0.8
16:22:32     INFO -   mozversion == 1.4
16:22:32     INFO -   psutil == 5.4.3
16:22:32     INFO -   requests == 1.2.3
16:22:32     INFO -   wptserve == 1.4.0
16:22:32     INFO - Running post-action listener: _resource_record_post_action
16:22:32     INFO - Running post-action listener: _start_resource_monitoring
16:22:32     INFO - Starting resource monitoring.
16:22:32     INFO - [mozharness: 2018-06-08 23:22:32.855838Z] Finished create-virtualenv step (success)
16:22:32     INFO - [mozharness: 2018-06-08 23:22:32.880161Z] Running install step.
16:22:32     INFO - Running pre-action listener: _resource_record_pre_action
16:22:32     INFO - Running main action method: install
16:22:32     INFO - Getting output from command: ['/builds/slave/test/build/venv/bin/pip', 'freeze']
16:22:32     INFO - Copy/paste: /builds/slave/test/build/venv/bin/pip freeze
16:22:34     INFO - Reading from file tmpfile_stdout
16:22:34     INFO - Reading from file tmpfile_stderr
16:22:34     INFO - Detecting whether we're running mozinstall >=1.0...
16:22:34     INFO - Getting output from command: ['/builds/slave/test/build/venv/bin/mozinstall', '-h']
16:22:34     INFO - Copy/paste: /builds/slave/test/build/venv/bin/mozinstall -h
16:22:34     INFO - Reading from file tmpfile_stdout
16:22:34     INFO - Output received:
16:22:34     INFO -  Usage: mozinstall [options] installer
16:22:34     INFO -  Options:
16:22:34     INFO -    -h, --help            show this help message and exit
16:22:34     INFO -    -d DEST, --destination=DEST
16:22:34     INFO -                          Directory to install application into. [default:
16:22:34     INFO -                          "/builds/slave/test"]
16:22:34     INFO -    --app=APP             Application being installed. [default: firefox]
16:22:34     INFO - mkdir: /builds/slave/test/build/application
16:22:34     INFO - Getting output from command: ['/builds/slave/test/build/venv/bin/mozinstall', '/builds/slave/test/build/firefox-52.8.2.en-US.linux-i686.tar.bz2', '--destination', '/builds/slave/test/build/application']
16:22:34     INFO - Copy/paste: /builds/slave/test/build/venv/bin/mozinstall /builds/slave/test/build/firefox-52.8.2.en-US.linux-i686.tar.bz2 --destination /builds/slave/test/build/application
16:23:09     INFO - Reading from file tmpfile_stdout
16:23:09     INFO - Output received:
16:23:09     INFO -  /builds/slave/test/build/application/firefox/firefox
16:23:09     INFO - Running post-action listener: _resource_record_post_action
16:23:09     INFO - [mozharness: 2018-06-08 23:23:09.940359Z] Finished install step (success)
16:23:09     INFO - [mozharness: 2018-06-08 23:23:09.941094Z] Running run-tests step.
16:23:09     INFO - Running pre-action listener: _resource_record_pre_action
16:23:09     INFO - Running main action method: run_tests
16:23:09     INFO - The emulator type: arm
16:23:09     INFO - mkdir: /builds/slave/test/build/blobber_upload_dir
16:23:09     INFO - Minidump filename unknown. Determining based upon platform and architecture.
16:23:10     INFO - Minidump tooltool manifest unknown. Determining based upon platform and architecture.
16:23:10     INFO - grabbing minidump binary from tooltool
16:23:10     INFO - retry: Calling run_command with args: (['/tools/tooltool.py', '--url', 'https://api.pub.build.mozilla.org/tooltool/', '--authentication-file', '/builds/relengapi.tok', 'fetch', '-m', '/builds/slave/test/build/tests/config/tooltool-manifests/linux32/releng.manifest', '-o', '-c', '/builds/tooltool_cache'],), kwargs: {'output_timeout': 600, 'error_list': [{'substr': 'command not found', 'level': 'error'}, {'regex': <_sre.SRE_Pattern object at 0x99ef5f0>, 'level': 'warning'}, {'substr': 'Traceback (most recent call last)', 'level': 'error'}, {'substr': 'SyntaxError: ', 'level': 'error'}, {'substr': 'TypeError: ', 'level': 'error'}, {'substr': 'NameError: ', 'level': 'error'}, {'substr': 'ZeroDivisionError: ', 'level': 'error'}, {'regex': <_sre.SRE_Pattern object at 0x99f38f0>, 'level': 'critical'}, {'regex': <_sre.SRE_Pattern object at 0x99e4f30>, 'level': 'critical'}, {'substr': 'ERROR - ', 'level': 'error'}], 'cwd': '/builds/slave/test/build', 'privileged': False}, attempt #1
16:23:10     INFO - Running command: ['/tools/tooltool.py', '--url', 'https://api.pub.build.mozilla.org/tooltool/', '--authentication-file', '/builds/relengapi.tok', 'fetch', '-m', '/builds/slave/test/build/tests/config/tooltool-manifests/linux32/releng.manifest', '-o', '-c', '/builds/tooltool_cache'] in /builds/slave/test/build
16:23:10     INFO - Copy/paste: /tools/tooltool.py --url https://api.pub.build.mozilla.org/tooltool/ --authentication-file /builds/relengapi.tok fetch -m /builds/slave/test/build/tests/config/tooltool-manifests/linux32/releng.manifest -o -c /builds/tooltool_cache
16:23:10     INFO - Calling ['/tools/tooltool.py', '--url', 'https://api.pub.build.mozilla.org/tooltool/', '--authentication-file', '/builds/relengapi.tok', 'fetch', '-m', '/builds/slave/test/build/tests/config/tooltool-manifests/linux32/releng.manifest', '-o', '-c', '/builds/tooltool_cache'] with output_timeout 600
16:23:10     INFO -  INFO - File linux32-minidump_stackwalk not present in local cache folder /builds/tooltool_cache
16:23:10     INFO -  INFO - Attempting to fetch from 'https://api.pub.build.mozilla.org/tooltool/'...
16:23:13     INFO -  INFO - File linux32-minidump_stackwalk fetched from https://api.pub.build.mozilla.org/tooltool/ as /builds/slave/test/build/tmpYrv9yb
16:23:13     INFO -  INFO - File integrity verified, renaming tmpYrv9yb to linux32-minidump_stackwalk
16:23:13     INFO -  INFO - Updating local cache /builds/tooltool_cache...
16:23:13     INFO -  INFO - Local cache /builds/tooltool_cache updated with linux32-minidump_stackwalk
16:23:13     INFO - Return code: 0
16:23:13     INFO - Chmoding /builds/slave/test/build/linux32-minidump_stackwalk to 0755
16:23:13     INFO - Running command: ['/builds/slave/test/build/venv/bin/python', '-u', '/builds/slave/test/build/tests/marionette/harness/marionette_harness/runtests.py', '--disable-e10s', '--gecko-log=/builds/slave/test/build/blobber_upload_dir/gecko.log', '--log-raw=-', '--log-raw=/builds/slave/test/build/blobber_upload_dir/marionette_raw.log', '--log-errorsummary=/builds/slave/test/build/blobber_upload_dir/marionette_errorsummary.log', '--log-html=/builds/slave/test/build/blobber_upload_dir/report.html', '--binary=/builds/slave/test/build/application/firefox/firefox', '--address=localhost:2828', '--symbols-path=https://queue.taskcluster.net/v1/task/bv_xmMnhRbGfcnUpn7xASQ/artifacts/public/build/firefox-52.8.2.en-US.linux-i686.crashreporter-symbols.zip', '/builds/slave/test/build/tests/marionette/tests/testing/marionette/harness/marionette_harness/tests/unit-tests.ini']
16:23:13     INFO - Copy/paste: /builds/slave/test/build/venv/bin/python -u /builds/slave/test/build/tests/marionette/harness/marionette_harness/runtests.py --disable-e10s --gecko-log=/builds/slave/test/build/blobber_upload_dir/gecko.log --log-raw=- --log-raw=/builds/slave/test/build/blobber_upload_dir/marionette_raw.log --log-errorsummary=/builds/slave/test/build/blobber_upload_dir/marionette_errorsummary.log --log-html=/builds/slave/test/build/blobber_upload_dir/report.html --binary=/builds/slave/test/build/application/firefox/firefox --address=localhost:2828 --symbols-path=https://queue.taskcluster.net/v1/task/bv_xmMnhRbGfcnUpn7xASQ/artifacts/public/build/firefox-52.8.2.en-US.linux-i686.crashreporter-symbols.zip /builds/slave/test/build/tests/marionette/tests/testing/marionette/harness/marionette_harness/tests/unit-tests.ini
16:23:13     INFO - Using env: {'CCACHE_DIR': '/builds/ccache',
16:23:13     INFO -  'CCACHE_UMASK': '002',
16:23:13     INFO -  'DISPLAY': ':0',
16:23:13     INFO -  'HOME': '/home/cltbld',
16:23:13     INFO -  'LANG': 'en_US.UTF-8',
16:23:13     INFO -  'LOGNAME': 'cltbld',
16:23:13     INFO -  'MAIL': '/var/mail/cltbld',
16:23:13     INFO -  'MINIDUMP_SAVE_PATH': '/builds/slave/test/build/blobber_upload_dir',
16:23:13     INFO -  'MINIDUMP_STACKWALK': '/builds/slave/test/build/linux32-minidump_stackwalk',
16:23:13     INFO -  'MOZ_HIDE_RESULTS_TABLE': '1',
16:23:13     INFO -  'MOZ_NODE_PATH': '/usr/bin/node',
16:23:13     INFO -  'MOZ_NO_REMOTE': '1',
16:23:13     INFO -  'MOZ_UPLOAD_DIR': '/builds/slave/test/build/blobber_upload_dir',
16:23:13     INFO -  'NODE_PATH': '/usr/lib/nodejs:/usr/lib/node_modules:/usr/share/javascript',
16:23:13     INFO -  'NO_FAIL_ON_TEST_ERRORS': '1',
16:23:13     INFO -  'PATH': '/builds/slave/test/build/venv/bin:/usr/local/bin:/usr/local/bin:/usr/bin:/bin:/usr/local/games:/usr/games',
16:23:13     INFO -  'PROPERTIES_FILE': '/builds/slave/test/buildprops.json',
16:23:13     INFO -  'PWD': '/builds/slave/test',
16:23:13     INFO -  'SHELL': '/bin/bash',
16:23:13     INFO -  'SHLVL': '1',
16:23:13     INFO -  'TERM': 'linux',
16:23:13     INFO -  'TMOUT': '86400',
16:23:13     INFO -  'USER': 'cltbld',
16:23:13     INFO -  'XDG_SESSION_COOKIE': '5a152710dd62cc268aad214e000002d8-1528499937.965764-477975367',
16:23:13     INFO -  '_': '/tools/buildbot/bin/python'}
16:23:13     INFO - Calling ['/builds/slave/test/build/venv/bin/python', '-u', '/builds/slave/test/build/tests/marionette/harness/marionette_harness/runtests.py', '--disable-e10s', '--gecko-log=/builds/slave/test/build/blobber_upload_dir/gecko.log', '--log-raw=-', '--log-raw=/builds/slave/test/build/blobber_upload_dir/marionette_raw.log', '--log-errorsummary=/builds/slave/test/build/blobber_upload_dir/marionette_errorsummary.log', '--log-html=/builds/slave/test/build/blobber_upload_dir/report.html', '--binary=/builds/slave/test/build/application/firefox/firefox', '--address=localhost:2828', '--symbols-path=https://queue.taskcluster.net/v1/task/bv_xmMnhRbGfcnUpn7xASQ/artifacts/public/build/firefox-52.8.2.en-US.linux-i686.crashreporter-symbols.zip', '/builds/slave/test/build/tests/marionette/tests/testing/marionette/harness/marionette_harness/tests/unit-tests.ini'] with output_timeout 1000
16:23:14     INFO - Using workspace for temporary data: "/builds/slave/test"
16:23:14     INFO - mozversion application_buildid: 20180608150819
16:23:14     INFO - mozversion application_changeset: cbfdf01aac455e0591471201c96b89dee98190b5
16:23:14     INFO - mozversion application_display_name: Nightly
16:23:14     INFO - mozversion application_id: {ec8030f7-c20a-464f-9b0e-13a3a9e97384}
16:23:14     INFO - mozversion application_name: Firefox
16:23:14     INFO - mozversion application_remotingname: firefox
16:23:14     INFO - mozversion application_repository: https://hg.mozilla.org/releases/mozilla-esr52
16:23:14     INFO - mozversion application_vendor: Mozilla
16:23:14     INFO - mozversion application_version: 52.8.2
16:23:14     INFO - mozversion platform_buildid: 20180608150819
16:23:14     INFO - mozversion platform_changeset: cbfdf01aac455e0591471201c96b89dee98190b5
16:23:14     INFO - mozversion platform_repository: https://hg.mozilla.org/releases/mozilla-esr52
16:23:14     INFO - mozversion platform_version: 52.8.2
16:23:14     INFO - Application command: /builds/slave/test/build/application/firefox/firefox -no-remote -marionette -profile /tmp/tmpIOdZhh.mozrunner
16:23:23     INFO - Profile path is /tmp/tmpIOdZhh.mozrunner
16:23:23     INFO - Starting fixture servers
16:23:33     INFO - Fixture server listening on http://127.0.0.1:34717/
16:23:33     INFO - Fixture server listening on https://127.0.0.1:59303/
16:23:33     INFO - mozinfo updated from: /builds/slave/test/build/tests/mozinfo.json
16:23:33     INFO - mozinfo is: {u'bin_suffix': u'', u'pgo': False, u'sync': True, u'buildapp': u'browser', u'crashreporter': True, u'addon_signing': True, u'require_signing': False, u'release_or_beta': True, u'appname': u'firefox', u'mozconfig': u'/builds/slave/m-esr52-lx-d-00000000000000000/build/src/.mozconfig', u'topsrcdir': u'/builds/slave/m-esr52-lx-d-00000000000000000/build/src', u'telemetry': False, 'os_version': StringVersion ('12.04'), 'version': 'Ubuntu 12.04', u'datareporting': True, u'buildtype_guess': u'debug', 'bits': 32, 'has_sandbox': True, u'sm_promise': True, u'toolkit': u'gtk3', u'healthreport': True, u'asan': False, u'platform_guess': u'linux', u'tests_enabled': True, 'linux_distro': 'Ubuntu', u'official': True, u'tsan': False, u'nightly_build': False, u'debug': True, 'os': u'linux', 'processor': u'x86'}
16:23:34     INFO - e10s is disabled
16:23:34     INFO - mozversion application_buildid: 20180608150819
16:23:34     INFO - mozversion application_changeset: cbfdf01aac455e0591471201c96b89dee98190b5
16:23:34     INFO - mozversion application_display_name: Nightly
16:23:34     INFO - mozversion application_id: {ec8030f7-c20a-464f-9b0e-13a3a9e97384}
16:23:34     INFO - mozversion application_name: Firefox
16:23:34     INFO - mozversion application_remotingname: firefox
16:23:34     INFO - mozversion application_repository: https://hg.mozilla.org/releases/mozilla-esr52
16:23:34     INFO - mozversion application_vendor: Mozilla
16:23:34     INFO - mozversion application_version: 52.8.2
16:23:34     INFO - mozversion platform_buildid: 20180608150819
16:23:34     INFO - mozversion platform_changeset: cbfdf01aac455e0591471201c96b89dee98190b5
16:23:34     INFO - mozversion platform_repository: https://hg.mozilla.org/releases/mozilla-esr52
16:23:34     INFO - mozversion platform_version: 52.8.2
16:23:34     INFO - SUITE-START | Running 87 tests
16:23:34     INFO - TEST-START | test_text_chrome.py
16:23:34     INFO - TEST-SKIP | test_text_chrome.py | took 0ms
16:23:34     INFO - TEST-START | test_getactiveframe_oop.py
16:23:34     INFO - TEST-SKIP | test_getactiveframe_oop.py | took 0ms
16:23:34     INFO - TEST-START | test_set_window_size.py
16:23:34     INFO - TEST-SKIP | test_set_window_size.py | took 0ms
16:23:34     INFO - TEST-START | test_marionette.py TestMarionette.test_correct_test_name
16:23:36     INFO - TEST-PASS | test_marionette.py TestMarionette.test_correct_test_name | took 1903ms
16:23:36     INFO - TEST-START | test_marionette.py TestMarionette.test_wait_for_port_non_existing_process
16:23:38     INFO - Application command: /builds/slave/test/build/application/firefox/firefox -no-remote -marionette -profile /tmp/tmpGviXUM.mozrunner
16:23:58     INFO - TEST-PASS | test_marionette.py TestMarionette.test_wait_for_port_non_existing_process | took 21271ms
16:23:58     INFO - TEST-START | test_marionette.py TestProtocol2Errors.test_known_error_status
16:24:00     INFO - TEST-PASS | test_marionette.py TestProtocol2Errors.test_known_error_status | took 2468ms
16:24:00     INFO - TEST-START | test_marionette.py TestProtocol2Errors.test_malformed_packet
16:24:02     INFO - TEST-PASS | test_marionette.py TestProtocol2Errors.test_malformed_packet | took 2100ms
16:24:02     INFO - TEST-START | test_marionette.py TestProtocol2Errors.test_unknown_error_status
16:24:03     INFO - TEST-PASS | test_marionette.py TestProtocol2Errors.test_unknown_error_status | took 787ms
16:24:03     INFO - TEST-START | test_geckoinstance.py TestGeckoInstance.test_create
16:24:03     INFO - TEST-PASS | test_geckoinstance.py TestGeckoInstance.test_create | took 387ms
16:24:03     INFO - TEST-START | test_data_driven.py TestDataDriven.test_marionette_test_case_is_parameterizable
16:24:04     INFO - TEST-PASS | test_data_driven.py TestDataDriven.test_marionette_test_case_is_parameterizable | took 613ms
16:24:04     INFO - TEST-START | test_data_driven.py TestDataDriven.test_parameterized
16:24:04     INFO - TEST-PASS | test_data_driven.py TestDataDriven.test_parameterized | took 319ms
16:24:04     INFO - TEST-START | test_data_driven.py TestDataDriven.test_parameterized_same_name_raises_error
16:24:05     INFO - TEST-PASS | test_data_driven.py TestDataDriven.test_parameterized_same_name_raises_error | took 488ms
16:24:05     INFO - TEST-START | test_data_driven.py TestDataDriven.test_with_parameters
16:24:05     INFO - TEST-PASS | test_data_driven.py TestDataDriven.test_with_parameters | took 419ms
16:24:05     INFO - TEST-START | test_session.py TestSession.test_get_session_id
16:24:06     INFO - TEST-PASS | test_session.py TestSession.test_get_session_id | took 434ms
16:24:06     INFO - TEST-START | test_session.py TestSession.test_new_session_returns_capabilities
16:24:06     INFO - TEST-PASS | test_session.py TestSession.test_new_session_returns_capabilities | took 581ms
16:24:06     INFO - TEST-START | test_session.py TestSession.test_no_session
16:24:07     INFO - TEST-PASS | test_session.py TestSession.test_no_session | took 598ms
16:24:07     INFO - TEST-START | test_session.py TestSession.test_session_already_started
16:24:07     INFO - TEST-PASS | test_session.py TestSession.test_session_already_started | took 494ms
16:24:07     INFO - TEST-START | test_session.py TestSession.test_set_the_session_id
16:24:08     INFO - TEST-PASS | test_session.py TestSession.test_set_the_session_id | took 507ms
16:24:08     INFO - TEST-START | test_capabilities.py TestCapabilities.test_additional_capabilities
16:24:08     INFO - TEST-PASS | test_capabilities.py TestCapabilities.test_additional_capabilities | took 398ms
16:24:08     INFO - TEST-START | test_capabilities.py TestCapabilities.test_capability_types
16:24:09     INFO -  testing value
16:24:09     INFO -    with desiredCapabilities
16:24:09     INFO -    with requiredCapabilities
16:24:09     INFO -  testing value invalid
16:24:09     INFO -    with desiredCapabilities
16:24:09     INFO -    with requiredCapabilities
16:24:09     INFO -  testing value True
16:24:09     INFO -    with desiredCapabilities
16:24:09     INFO -    with requiredCapabilities
16:24:09     INFO -  testing value 42
16:24:09     INFO -    with desiredCapabilities
16:24:09     INFO -    with requiredCapabilities
16:24:09     INFO -  testing value []
16:24:09     INFO -    with desiredCapabilities
16:24:09     INFO -    with requiredCapabilities
16:24:10     INFO - TEST-PASS | test_capabilities.py TestCapabilities.test_capability_types | took 1195ms
16:24:10     INFO - TEST-START | test_capabilities.py TestCapabilities.test_mandated_capabilities
16:24:10     INFO - TEST-PASS | test_capabilities.py TestCapabilities.test_mandated_capabilities | took 400ms
16:24:10     INFO - TEST-START | test_capabilities.py TestCapabilities.test_set_specification_level
16:24:11     INFO - TEST-PASS | test_capabilities.py TestCapabilities.test_set_specification_level | took 797ms
16:24:11     INFO - TEST-START | test_capabilities.py TestCapabilities.test_supported_features
16:24:11     INFO - TEST-PASS | test_capabilities.py TestCapabilities.test_supported_features | took 412ms
16:24:11     INFO - TEST-START | test_capabilities.py TestCapabilities.test_we_can_pass_in_required_capabilities_on_session_start
16:24:12     INFO - TEST-PASS | test_capabilities.py TestCapabilities.test_we_can_pass_in_required_capabilities_on_session_start | took 803ms
16:24:12     INFO - TEST-START | test_capabilities.py TestCapabilities.test_we_get_valid_uuid4_when_creating_a_session
16:24:12     INFO - TEST-PASS | test_capabilities.py TestCapabilities.test_we_get_valid_uuid4_when_creating_a_session | took 496ms
16:24:12     INFO - TEST-START | test_capabilities.py TestCapabilityMatching.test_accept_insecure_certs
16:24:13     INFO -  testing desiredCapabilities
16:24:13     INFO -    type <type 'str'>
16:24:13     INFO -    type <type 'int'>
16:24:13     INFO -    type <type 'dict'>
16:24:13     INFO -    type <type 'list'>
16:24:13     INFO -  testing requiredCapabilities
16:24:13     INFO -    type <type 'str'>
16:24:13     INFO -    type <type 'int'>
16:24:13     INFO -    type <type 'dict'>
16:24:13     INFO -    type <type 'list'>
16:24:13     INFO - TEST-PASS | test_capabilities.py TestCapabilityMatching.test_accept_insecure_certs | took 1074ms
16:24:13     INFO - TEST-START | test_capabilities.py TestCapabilityMatching.test_browser_name_desired
16:24:14     INFO - TEST-PASS | test_capabilities.py TestCapabilityMatching.test_browser_name_desired | took 525ms
16:24:14     INFO - TEST-START | test_capabilities.py TestCapabilityMatching.test_browser_name_desired_allowed_types
16:24:15     INFO - TEST-PASS | test_capabilities.py TestCapabilityMatching.test_browser_name_desired_allowed_types | took 1110ms
16:24:15     INFO - TEST-START | test_capabilities.py TestCapabilityMatching.test_browser_name_desired_disallowed_types
16:24:16     INFO - TEST-PASS | test_capabilities.py TestCapabilityMatching.test_browser_name_desired_disallowed_types | took 1286ms
16:24:16     INFO - TEST-START | test_capabilities.py TestCapabilityMatching.test_browser_name_error_on_invalid_required
16:24:18     INFO - TEST-PASS | test_capabilities.py TestCapabilityMatching.test_browser_name_error_on_invalid_required | took 2035ms
16:24:18     INFO - TEST-START | test_capabilities.py TestCapabilityMatching.test_browser_name_prefers_required
16:24:19     INFO - TEST-PASS | test_capabilities.py TestCapabilityMatching.test_browser_name_prefers_required | took 939ms
16:24:19     INFO - TEST-START | test_capabilities.py TestCapabilityMatching.test_browser_name_required
16:24:20     INFO - TEST-PASS | test_capabilities.py TestCapabilityMatching.test_browser_name_required | took 598ms
16:24:20     INFO - TEST-START | test_capabilities.py TestCapabilityMatching.test_browser_name_required_allowed_types
16:24:21     INFO - TEST-PASS | test_capabilities.py TestCapabilityMatching.test_browser_name_required_allowed_types | took 880ms
16:24:21     INFO - TEST-START | test_capabilities.py TestCapabilityMatching.test_browser_name_requried_disallowed_types
16:24:22     INFO - TEST-PASS | test_capabilities.py TestCapabilityMatching.test_browser_name_requried_disallowed_types | took 709ms
16:24:22     INFO - TEST-START | test_capabilities.py TestCapabilityMatching.test_page_load_strategy
16:24:22     INFO -  valid strategy none
16:24:22     INFO -  valid strategy eager
16:24:22     INFO -  valid strategy normal
16:24:22     INFO -  invalid strategy
16:24:23     INFO -  invalid strategy EAGER
16:24:23     INFO -  invalid strategy True
16:24:23     INFO -  invalid strategy 42
16:24:23     INFO -  invalid strategy {}
16:24:23     INFO -  invalid strategy []
16:24:23     INFO - TEST-PASS | test_capabilities.py TestCapabilityMatching.test_page_load_strategy | took 1288ms
16:24:23     INFO - TEST-START | test_capabilities.py TestCapabilityMatching.test_platform_name_desired
16:24:24     INFO - TEST-PASS | test_capabilities.py TestCapabilityMatching.test_platform_name_desired | took 898ms
16:24:24     INFO - TEST-START | test_capabilities.py TestCapabilityMatching.test_platform_name_desired_allowed_types
16:24:24     INFO - TEST-PASS | test_capabilities.py TestCapabilityMatching.test_platform_name_desired_allowed_types | took 676ms
16:24:24     INFO - TEST-START | test_capabilities.py TestCapabilityMatching.test_platform_name_desired_disallowed_types
16:24:26     INFO - TEST-PASS | test_capabilities.py TestCapabilityMatching.test_platform_name_desired_disallowed_types | took 1317ms
16:24:26     INFO - TEST-START | test_capabilities.py TestCapabilityMatching.test_platform_name_error_on_invalid_required
16:24:27     INFO - TEST-PASS | test_capabilities.py TestCapabilityMatching.test_platform_name_error_on_invalid_required | took 857ms
16:24:27     INFO - TEST-START | test_capabilities.py TestCapabilityMatching.test_platform_name_prefers_required
16:24:28     INFO - TEST-PASS | test_capabilities.py TestCapabilityMatching.test_platform_name_prefers_required | took 1001ms
16:24:28     INFO - TEST-START | test_capabilities.py TestCapabilityMatching.test_platform_name_required
16:24:28     INFO - TEST-PASS | test_capabilities.py TestCapabilityMatching.test_platform_name_required | took 643ms
16:24:28     INFO - TEST-START | test_capabilities.py TestCapabilityMatching.test_platform_name_required_allowed_types
16:24:29     INFO - TEST-PASS | test_capabilities.py TestCapabilityMatching.test_platform_name_required_allowed_types | took 940ms
16:24:29     INFO - TEST-START | test_capabilities.py TestCapabilityMatching.test_platform_name_requried_disallowed_types
16:24:30     INFO - TEST-PASS | test_capabilities.py TestCapabilityMatching.test_platform_name_requried_disallowed_types | took 868ms
16:24:30     INFO - TEST-START | test_capabilities.py TestCapabilityMatching.test_proxy_default
16:24:31     INFO - TEST-PASS | test_capabilities.py TestCapabilityMatching.test_proxy_default | took 449ms
16:24:31     INFO - TEST-START | test_capabilities.py TestCapabilityMatching.test_proxy_desired
16:24:31     INFO - TEST-PASS | test_capabilities.py TestCapabilityMatching.test_proxy_desired | took 651ms
16:24:31     INFO - TEST-START | test_capabilities.py TestCapabilityMatching.test_proxy_required
16:24:32     INFO - TEST-PASS | test_capabilities.py TestCapabilityMatching.test_proxy_required | took 664ms
16:24:32     INFO - TEST-START | test_capabilities.py TestCapabilityMatching.test_timeouts
16:24:32     INFO - TEST-PASS | test_capabilities.py TestCapabilityMatching.test_timeouts | took 468ms
16:24:32     INFO - TEST-START | test_accessibility.py TestAccessibility.test_click_raises_element_not_accessible
16:24:37     INFO - TEST-PASS | test_accessibility.py TestAccessibility.test_click_raises_element_not_accessible | took 4222ms
16:24:37     INFO - TEST-START | test_accessibility.py TestAccessibility.test_click_raises_no_exceptions
16:24:39     INFO - TEST-PASS | test_accessibility.py TestAccessibility.test_click_raises_no_exceptions | took 2736ms
16:24:39     INFO - TEST-START | test_accessibility.py TestAccessibility.test_element_is_enabled_to_accessibility
16:24:41     INFO - TEST-PASS | test_accessibility.py TestAccessibility.test_element_is_enabled_to_accessibility | took 2047ms
16:24:41     INFO - TEST-START | test_accessibility.py TestAccessibility.test_element_is_not_enabled_to_accessbility
16:24:47     INFO - TEST-PASS | test_accessibility.py TestAccessibility.test_element_is_not_enabled_to_accessbility | took 5484ms
16:24:47     INFO - TEST-START | test_accessibility.py TestAccessibility.test_element_is_visible_to_accessibility
16:24:51     INFO - TEST-PASS | test_accessibility.py TestAccessibility.test_element_is_visible_to_accessibility | took 3766ms
16:24:51     INFO - TEST-START | test_accessibility.py TestAccessibility.test_element_visible_but_not_visible_to_accessbility
16:24:53     INFO - TEST-PASS | test_accessibility.py TestAccessibility.test_element_visible_but_not_visible_to_accessbility | took 2031ms
16:24:53     INFO - TEST-START | test_accessibility.py TestAccessibility.test_is_selected_raises_no_exception
16:24:55     INFO - TEST-PASS | test_accessibility.py TestAccessibility.test_is_selected_raises_no_exception | took 2535ms
16:24:55     INFO - TEST-START | test_accessibility.py TestAccessibility.test_send_keys_raises_element_not_accessible
16:24:58     INFO - TEST-PASS | test_accessibility.py TestAccessibility.test_send_keys_raises_element_not_accessible | took 3202ms
16:24:58     INFO - TEST-START | test_accessibility.py TestAccessibility.test_send_keys_raises_no_exception
16:25:03     INFO - TEST-PASS | test_accessibility.py TestAccessibility.test_send_keys_raises_no_exception | took 4870ms
16:25:03     INFO - TEST-START | test_accessibility.py TestAccessibility.test_single_tap_raises_element_not_accessible
16:25:10     INFO - TEST-PASS | test_accessibility.py TestAccessibility.test_single_tap_raises_element_not_accessible | took 7028ms
16:25:10     INFO - TEST-START | test_accessibility.py TestAccessibility.test_single_tap_raises_no_exceptions
16:25:15     INFO - TEST-PASS | test_accessibility.py TestAccessibility.test_single_tap_raises_no_exceptions | took 4477ms
16:25:15     INFO - TEST-START | test_accessibility.py TestAccessibility.test_valid_click
16:25:18     INFO - TEST-PASS | test_accessibility.py TestAccessibility.test_valid_click | took 3759ms
16:25:18     INFO - TEST-START | test_accessibility.py TestAccessibility.test_valid_single_tap
16:25:26     INFO - TEST-PASS | test_accessibility.py TestAccessibility.test_valid_single_tap | took 7197ms
16:25:26     INFO - TEST-START | test_expectedfail.py TestFail.test_fails
16:25:27     INFO - TEST-FAIL | test_expectedfail.py TestFail.test_fails | took 1140ms
16:25:27     INFO - TEST-START | test_import_script.py TestImportScriptChrome.test_clear_scripts_in_other_context
16:25:28     INFO - TEST-PASS | test_import_script.py TestImportScriptChrome.test_clear_scripts_in_other_context | took 751ms
16:25:28     INFO - TEST-START | test_import_script.py TestImportScriptChrome.test_import_script
16:25:29     INFO - TEST-PASS | test_import_script.py TestImportScriptChrome.test_import_script | took 1094ms
16:25:29     INFO - TEST-START | test_import_script.py TestImportScriptChrome.test_import_script_and_clear
16:25:30     INFO - TEST-PASS | test_import_script.py TestImportScriptChrome.test_import_script_and_clear | took 749ms
16:25:30     INFO - TEST-START | test_import_script.py TestImportScriptChrome.test_import_script_twice
16:25:30     INFO - TEST-PASS | test_import_script.py TestImportScriptChrome.test_import_script_twice | took 757ms
16:25:30     INFO - TEST-START | test_import_script.py TestImportScriptChrome.test_imports_apply_globally
16:25:31     INFO - TEST-SKIP | test_import_script.py TestImportScriptChrome.test_imports_apply_globally | took 496ms
16:25:31     INFO - TEST-START | test_import_script.py TestImportScriptChrome.test_multiple_imports
16:25:32     INFO - TEST-PASS | test_import_script.py TestImportScriptChrome.test_multiple_imports | took 586ms
16:25:32     INFO - TEST-START | test_import_script.py TestImportScriptContent.test_clear_scripts_in_other_context
16:25:33     INFO - TEST-PASS | test_import_script.py TestImportScriptContent.test_clear_scripts_in_other_context | took 1508ms
16:25:33     INFO - TEST-START | test_import_script.py TestImportScriptContent.test_import_script
16:25:35     INFO - TEST-PASS | test_import_script.py TestImportScriptContent.test_import_script | took 1456ms
16:25:35     INFO - TEST-START | test_import_script.py TestImportScriptContent.test_import_script_and_clear
16:25:36     INFO - TEST-PASS | test_import_script.py TestImportScriptContent.test_import_script_and_clear | took 1419ms
16:25:36     INFO - TEST-START | test_import_script.py TestImportScriptContent.test_import_script_twice
16:25:39     INFO - TEST-PASS | test_import_script.py TestImportScriptContent.test_import_script_twice | took 2946ms
16:25:39     INFO - TEST-START | test_import_script.py TestImportScriptContent.test_imports_apply_globally
16:25:45     INFO - TEST-PASS | test_import_script.py TestImportScriptContent.test_imports_apply_globally | took 6458ms
16:25:45     INFO - TEST-START | test_import_script.py TestImportScriptContent.test_multiple_imports
16:25:47     INFO - TEST-PASS | test_import_script.py TestImportScriptContent.test_multiple_imports | took 1576ms
16:25:47     INFO - TEST-START | test_click.py TestClick.test_centre_outside_viewport
16:25:50     INFO - TEST-PASS | test_click.py TestClick.test_centre_outside_viewport | took 2724ms
16:25:50     INFO - TEST-START | test_click.py TestClick.test_centre_outside_viewport_horizontally
16:25:53     INFO - TEST-PASS | test_click.py TestClick.test_centre_outside_viewport_horizontally | took 2736ms
16:25:53     INFO - TEST-START | test_click.py TestClick.test_centre_outside_viewport_vertically
16:25:55     INFO - TEST-PASS | test_click.py TestClick.test_centre_outside_viewport_vertically | took 2747ms
16:25:55     INFO - TEST-START | test_click.py TestClick.test_click
16:25:58     INFO - TEST-PASS | test_click.py TestClick.test_click | took 2442ms
16:25:58     INFO - TEST-START | test_click.py TestClick.test_click_element_obscured_by_absolute_positioned_element
16:26:00     INFO - TEST-PASS | test_click.py TestClick.test_click_element_obscured_by_absolute_positioned_element | took 2197ms
16:26:00     INFO - TEST-START | test_click.py TestClick.test_click_number_link
16:26:05     INFO - TEST-PASS | test_click.py TestClick.test_click_number_link | took 4858ms
16:26:05     INFO - TEST-START | test_click.py TestClick.test_clicking_an_element_that_is_not_displayed_raises
16:26:07     INFO - TEST-PASS | test_click.py TestClick.test_clicking_an_element_that_is_not_displayed_raises | took 2671ms
16:26:07     INFO - TEST-START | test_click.py TestClick.test_clicking_on_a_multiline_link
16:26:12     INFO - TEST-PASS | test_click.py TestClick.test_clicking_on_a_multiline_link | took 4458ms
16:26:12     INFO - TEST-START | test_click.py TestClick.test_container_element
16:26:15     INFO - TEST-PASS | test_click.py TestClick.test_container_element | took 3059ms
16:26:15     INFO - TEST-START | test_click.py TestClick.test_container_element_outside_view
16:26:17     INFO - TEST-PASS | test_click.py TestClick.test_container_element_outside_view | took 2250ms
16:26:17     INFO - TEST-START | test_click.py TestClick.test_css_transforms
16:26:19     INFO - TEST-PASS | test_click.py TestClick.test_css_transforms | took 1944ms
16:26:19     INFO - TEST-START | test_click.py TestClick.test_input_file
16:26:22     INFO - TEST-PASS | test_click.py TestClick.test_input_file | took 2971ms
16:26:22     INFO - TEST-START | test_click.py TestClick.test_obscured_element
16:26:25     INFO - TEST-PASS | test_click.py TestClick.test_obscured_element | took 3329ms
16:26:25     INFO - TEST-START | test_click.py TestClick.test_scroll_into_view_near_end
16:26:28     INFO - TEST-PASS | test_click.py TestClick.test_scroll_into_view_near_end | took 2975ms
16:26:28     INFO - TEST-START | test_click.py TestLegacyClick.test_click
16:26:34     INFO - TEST-PASS | test_click.py TestLegacyClick.test_click | took 5176ms
16:26:34     INFO - TEST-START | test_click.py TestLegacyClick.test_click_number_link
16:26:38     INFO - TEST-PASS | test_click.py TestLegacyClick.test_click_number_link | took 3958ms
16:26:38     INFO - TEST-START | test_click.py TestLegacyClick.test_clicking_an_element_that_is_not_displayed_raises
16:26:40     INFO - TEST-PASS | test_click.py TestLegacyClick.test_clicking_an_element_that_is_not_displayed_raises | took 2634ms
16:26:40     INFO - TEST-START | test_click.py TestLegacyClick.test_clicking_on_a_multiline_link
16:26:44     INFO - TEST-PASS | test_click.py TestLegacyClick.test_clicking_on_a_multiline_link | took 3616ms
16:26:44     INFO - TEST-START | test_click.py TestLegacyClick.test_scroll_into_view_near_end
16:26:47     INFO - TEST-PASS | test_click.py TestLegacyClick.test_scroll_into_view_near_end | took 3183ms
16:26:47     INFO - TEST-START | test_click_chrome.py TestClickChrome.test_click
16:26:50     INFO - TEST-PASS | test_click_chrome.py TestClickChrome.test_click | took 2839ms
16:26:50     INFO - TEST-START | test_checkbox.py TestCheckbox.test_selected
16:26:53     INFO - TEST-PASS | test_checkbox.py TestCheckbox.test_selected | took 2685ms
16:26:53     INFO - TEST-START | test_checkbox_chrome.py TestSelectedChrome.test_selected
16:27:00     INFO - TEST-PASS | test_checkbox_chrome.py TestSelectedChrome.test_selected | took 6992ms
16:27:00     INFO - TEST-START | test_elementsize.py TestElementSize.testShouldReturnTheSizeOfALink
16:27:02     INFO - TEST-PASS | test_elementsize.py TestElementSize.testShouldReturnTheSizeOfALink | took 2200ms
16:27:02     INFO - TEST-START | test_elementsize_chrome.py TestElementSizeChrome.testShouldReturnTheSizeOfAnInput
16:27:04     INFO - TEST-PASS | test_elementsize_chrome.py TestElementSizeChrome.testShouldReturnTheSizeOfAnInput | took 1985ms
16:27:04     INFO - TEST-START | test_position.py TestPosition.test_should_get_element_position_back
16:27:06     INFO - TEST-PASS | test_position.py TestPosition.test_should_get_element_position_back | took 1925ms
16:27:06     INFO - TEST-START | test_rendered_element.py RenderedElementTests.testWeCanGetComputedStyleValueOnElement
16:27:08     INFO - TEST-PASS | test_rendered_element.py RenderedElementTests.testWeCanGetComputedStyleValueOnElement | took 2751ms
16:27:08     INFO - TEST-START | test_chrome_element_css.py TestChromeElementCSS.test_we_can_get_css_value_on_chrome_element
16:27:10     INFO - TEST-PASS | test_chrome_element_css.py TestChromeElementCSS.test_we_can_get_css_value_on_chrome_element | took 1815ms
16:27:10     INFO - TEST-START | test_element_state.py TestGetElementAttribute.test_boolean_attributes
16:27:11     INFO -  testing boolean attribute <textarea autofocus>
16:27:12     INFO -  testing boolean attribute <textarea disabled>
16:27:13     INFO -  testing boolean attribute <textarea readonly>
16:27:14     INFO -  testing boolean attribute <textarea required>
16:27:16     INFO -  testing boolean attribute <object typemustmatch>
16:27:16     INFO -  testing boolean attribute <fieldset disabled>
16:27:17     INFO -  testing boolean attribute <iframe allowfullscreen>
16:27:18     INFO -  testing boolean attribute <form novalidate>
16:27:19     INFO -  testing boolean attribute <script async>
16:27:21     INFO -  testing boolean attribute <script defer>
16:27:22     INFO -  testing boolean attribute <track default>
16:27:23     INFO -  testing boolean attribute <button autofocus>
16:27:28     INFO -  testing boolean attribute <button disabled>
16:27:29     INFO -  testing boolean attribute <button formnovalidate>
16:27:30     INFO -  testing boolean attribute <img ismap>
16:27:31     INFO -  testing boolean attribute <optgroup disabled>
16:27:32     INFO -  testing boolean attribute <ol reversed>
16:27:33     INFO -  testing boolean attribute <video autoplay>
16:27:33     INFO -  testing boolean attribute <video controls>
16:27:35     INFO -  testing boolean attribute <video loop>
16:27:37     INFO -  testing boolean attribute <video muted>
16:27:38     INFO -  testing boolean attribute <details open>
16:27:39     INFO -  testing boolean attribute <dialog open>
16:27:40     INFO -  testing boolean attribute <menuitem checked>
16:27:41     INFO -  testing boolean attribute <menuitem default>
16:27:42     INFO -  testing boolean attribute <menuitem disabled>
16:27:42     INFO -  testing boolean attribute <input autofocus>
16:27:43     INFO -  testing boolean attribute <input checked>
16:27:44     INFO -  testing boolean attribute <input disabled>
16:27:45     INFO -  testing boolean attribute <input formnovalidate>
16:27:47     INFO -  testing boolean attribute <input multiple>
16:27:48     INFO -  testing boolean attribute <input readonly>
16:27:49     INFO -  testing boolean attribute <input required>
16:27:50     INFO -  testing boolean attribute <audio autoplay>
16:27:51     INFO -  testing boolean attribute <audio controls>
16:27:52     INFO -  testing boolean attribute <audio loop>
16:27:53     INFO -  testing boolean attribute <audio muted>
16:27:54     INFO -  testing boolean attribute <select autofocus>
16:27:55     INFO -  testing boolean attribute <select disabled>
16:27:56     INFO -  testing boolean attribute <select multiple>
16:27:58     INFO -  testing boolean attribute <select required>
16:27:59     INFO -  testing boolean attribute <option disabled>
16:28:00     INFO -  testing boolean attribute <option selected>
16:28:01     INFO - TEST-PASS | test_element_state.py TestGetElementAttribute.test_boolean_attributes | took 50452ms
16:28:01     INFO - TEST-START | test_element_state.py TestGetElementAttribute.test_global_boolean_attributes
16:28:13     INFO - TEST-PASS | test_element_state.py TestGetElementAttribute.test_global_boolean_attributes | took 12211ms
16:28:13     INFO - TEST-START | test_element_state.py TestGetElementAttribute.test_normal_attribute
16:28:15     INFO - TEST-PASS | test_element_state.py TestGetElementAttribute.test_normal_attribute | took 2114ms
16:28:15     INFO - TEST-START | test_element_state.py TestGetElementAttribute.test_xhtml
16:28:17     INFO - TEST-PASS | test_element_state.py TestGetElementAttribute.test_xhtml | took 1795ms
16:28:17     INFO - TEST-START | test_element_state.py TestGetElementProperty.test_attribute_not_returned
16:28:19     INFO - TEST-PASS | test_element_state.py TestGetElementProperty.test_attribute_not_returned | took 1702ms
16:28:19     INFO - TEST-START | test_element_state.py TestGetElementProperty.test_get
16:28:20     INFO - TEST-PASS | test_element_state.py TestGetElementProperty.test_get | took 1787ms
16:28:20     INFO - TEST-START | test_element_state.py TestGetElementProperty.test_manipulated_element
16:28:23     INFO - TEST-PASS | test_element_state.py TestGetElementProperty.test_manipulated_element | took 2734ms
16:28:23     INFO - TEST-START | test_element_state.py TestGetElementProperty.test_missing_property_returns_default
16:28:25     INFO - TEST-PASS | test_element_state.py TestGetElementProperty.test_missing_property_returns_default | took 1856ms
16:28:25     INFO - TEST-START | test_element_state.py TestIsElementDisplayed.test_is_displayed
16:28:28     INFO - TEST-PASS | test_element_state.py TestIsElementDisplayed.test_is_displayed | took 2625ms
16:28:28     INFO - TEST-START | test_element_state.py TestIsElementEnabled.test_is_enabled
16:28:30     INFO - TEST-PASS | test_element_state.py TestIsElementEnabled.test_is_enabled | took 2222ms
16:28:30     INFO - TEST-START | test_element_state_chrome.py TestGetElementAttributeChrome.test_get
16:28:32     INFO - TEST-PASS | test_element_state_chrome.py TestGetElementAttributeChrome.test_get | took 2572ms
16:28:32     INFO - TEST-START | test_element_state_chrome.py TestGetElementProperty.test_get
16:28:38     INFO - TEST-PASS | test_element_state_chrome.py TestGetElementProperty.test_get | took 6054ms
16:28:38     INFO - TEST-START | test_element_state_chrome.py TestIsElementDisplayed.test_isDisplayed
16:28:38     INFO - TEST-SKIP | test_element_state_chrome.py TestIsElementDisplayed.test_isDisplayed | took 2ms
16:28:38     INFO - TEST-START | test_element_state_chrome.py TestIsElementEnabledChrome.test_can_get_element_rect
16:28:41     INFO - TEST-PASS | test_element_state_chrome.py TestIsElementEnabledChrome.test_can_get_element_rect | took 2534ms
16:28:41     INFO - TEST-START | test_element_state_chrome.py TestIsElementEnabledChrome.test_enabled
16:28:44     INFO - TEST-PASS | test_element_state_chrome.py TestIsElementEnabledChrome.test_enabled | took 3254ms
16:28:44     INFO - TEST-START | test_text.py TestText.testNumericNonShiftKeys
16:28:47     INFO - TEST-PASS | test_text.py TestText.testNumericNonShiftKeys | took 2796ms
16:28:47     INFO - TEST-START | test_text.py TestText.testShouldTypeAnInteger
16:28:50     INFO - TEST-PASS | test_text.py TestText.testShouldTypeAnInteger | took 2918ms
16:28:50     INFO - TEST-START | test_text.py TestText.test_arrow_keys_are_not_printable
16:28:52     INFO - TEST-PASS | test_text.py TestText.test_arrow_keys_are_not_printable | took 2548ms
16:28:52     INFO - TEST-START | test_text.py TestText.test_clearText
16:28:55     INFO - TEST-PASS | test_text.py TestText.test_clearText | took 2584ms
16:28:55     INFO - TEST-START | test_text.py TestText.test_getText
16:28:57     INFO - TEST-PASS | test_text.py TestText.test_getText | took 1886ms
16:28:57     INFO - TEST-START | test_text.py TestText.test_sendKeys
16:29:00     INFO - TEST-PASS | test_text.py TestText.test_sendKeys | took 3084ms
16:29:00     INFO - TEST-START | test_text.py TestText.test_send_keys_to_type_input
16:29:07     INFO - TEST-PASS | test_text.py TestText.test_send_keys_to_type_input | took 6630ms
16:29:07     INFO - TEST-START | test_text.py TestText.test_should_fire_key_down_events
16:29:10     INFO - TEST-PASS | test_text.py TestText.test_should_fire_key_down_events | took 3092ms
16:29:10     INFO - TEST-START | test_text.py TestText.test_should_fire_key_press_events
16:29:13     INFO - TEST-PASS | test_text.py TestText.test_should_fire_key_press_events | took 3150ms
16:29:13     INFO - TEST-START | test_text.py TestText.test_should_fire_key_up_events
16:29:16     INFO - TEST-PASS | test_text.py TestText.test_should_fire_key_up_events | took 2709ms
16:29:16     INFO - TEST-START | test_text.py TestText.test_should_report_key_code_of_arrow_keys_up_down_events
16:29:21     INFO - TEST-PASS | test_text.py TestText.test_should_report_key_code_of_arrow_keys_up_down_events | took 5051ms
16:29:21     INFO - TEST-START | test_text.py TestText.test_should_type_a_mix_of_upper_and_lower_case_character
16:29:24     INFO - TEST-PASS | test_text.py TestText.test_should_type_a_mix_of_upper_and_lower_case_character | took 2912ms
16:29:24     INFO - TEST-START | test_text.py TestText.test_should_type_a_quote_characters
16:29:26     INFO - TEST-PASS | test_text.py TestText.test_should_type_a_quote_characters | took 2618ms
16:29:26     INFO - TEST-START | test_text.py TestText.test_should_type_an_at_character
16:29:32     INFO - TEST-PASS | test_text.py TestText.test_should_type_an_at_character | took 5994ms
16:29:32     INFO - TEST-START | test_text.py TestText.test_should_type_lowercase_characters
16:29:35     INFO - TEST-PASS | test_text.py TestText.test_should_type_lowercase_characters | took 3065ms
16:29:35     INFO - TEST-START | test_text.py TestText.test_should_type_uppercase_characters
16:29:38     INFO - TEST-PASS | test_text.py TestText.test_should_type_uppercase_characters | took 3185ms
16:29:38     INFO - TEST-START | test_text.py TestText.test_will_simulate_a_key_down_when_entering_text_into_input_elements
16:29:41     INFO - TEST-PASS | test_text.py TestText.test_will_simulate_a_key_down_when_entering_text_into_input_elements | took 2680ms
16:29:41     INFO - TEST-START | test_text.py TestText.test_will_simulate_a_key_press_when_entering_text_into_input_elements
16:29:44     INFO - TEST-PASS | test_text.py TestText.test_will_simulate_a_key_press_when_entering_text_into_input_elements | took 3265ms
16:29:44     INFO - TEST-START | test_text.py TestText.test_will_simulate_a_key_up_when_entering_text_into_input_elements
16:29:47     INFO - TEST-PASS | test_text.py TestText.test_will_simulate_a_key_up_when_entering_text_into_input_elements | took 2954ms
16:29:47     INFO - TEST-START | test_text.py TestText.test_will_simulate_a_keydown_when_entering_text_into_textareas
16:29:51     INFO - TEST-PASS | test_text.py TestText.test_will_simulate_a_keydown_when_entering_text_into_textareas | took 3148ms
16:29:51     INFO - TEST-START | test_text.py TestText.test_will_simulate_a_keypress_when_entering_text_into_textareas
16:29:54     INFO - TEST-PASS | test_text.py TestText.test_will_simulate_a_keypress_when_entering_text_into_textareas | took 3142ms
16:29:54     INFO - TEST-START | test_text.py TestText.test_will_simulate_a_keyup_when_entering_text_into_textareas
16:29:57     INFO - TEST-PASS | test_text.py TestText.test_will_simulate_a_keyup_when_entering_text_into_textareas | took 3216ms
16:29:57     INFO - TEST-START | test_clearing.py TestClear.testContentEditableAreaShouldClear
16:30:05     INFO - TEST-PASS | test_clearing.py TestClear.testContentEditableAreaShouldClear | took 7749ms
16:30:05     INFO - TEST-START | test_clearing.py TestClear.testTextAreaShouldNotClearWhenDisabled
16:30:06     INFO - TEST-PASS | test_clearing.py TestClear.testTextAreaShouldNotClearWhenDisabled | took 1340ms
16:30:06     INFO - TEST-START | test_clearing.py TestClear.testTextAreaShouldNotClearWhenReadOnly
16:30:09     INFO - TEST-PASS | test_clearing.py TestClear.testTextAreaShouldNotClearWhenReadOnly | took 2874ms
16:30:09     INFO - TEST-START | test_clearing.py TestClear.testTextInputShouldNotClearWhenDisabled
16:30:11     INFO - TEST-PASS | test_clearing.py TestClear.testTextInputShouldNotClearWhenDisabled | took 2403ms
16:30:11     INFO - TEST-START | test_clearing.py TestClear.testTextInputShouldNotClearWhenReadOnly
16:30:13     INFO - TEST-PASS | test_clearing.py TestClear.testTextInputShouldNotClearWhenReadOnly | took 1949ms
16:30:13     INFO - TEST-START | test_clearing.py TestClear.testWritableTextAreaShouldClear
16:30:16     INFO - TEST-PASS | test_clearing.py TestClear.testWritableTextAreaShouldClear | took 2492ms
16:30:16     INFO - TEST-START | test_clearing.py TestClear.testWriteableTextInputShouldClear
16:30:18     INFO - TEST-PASS | test_clearing.py TestClear.testWriteableTextInputShouldClear | took 2339ms
16:30:18     INFO - TEST-START | test_typing.py TestTypingChrome.test_cut_and_paste_shortcuts
16:30:24     INFO - TEST-PASS | test_typing.py TestTypingChrome.test_cut_and_paste_shortcuts | took 5571ms
16:30:24     INFO - TEST-START | test_typing.py TestTypingContent.testAllPrintableKeys
16:30:24     INFO - TEST-SKIP | test_typing.py TestTypingContent.testAllPrintableKeys | took 1ms
16:30:24     INFO - TEST-START | test_typing.py TestTypingContent.testArrowKeysShouldNotBePrintable
16:30:31     INFO - TEST-PASS | test_typing.py TestTypingContent.testArrowKeysShouldNotBePrintable | took 7764ms
16:30:31     INFO - TEST-START | test_typing.py TestTypingContent.testCutAndPasteShortcuts
16:30:36     INFO - TEST-PASS | test_typing.py TestTypingContent.testCutAndPasteShortcuts | took 4488ms
16:30:36     INFO - TEST-START | test_typing.py TestTypingContent.testLowerCaseAlphaKeys
16:30:39     INFO - TEST-PASS | test_typing.py TestTypingContent.testLowerCaseAlphaKeys | took 3085ms
16:30:39     INFO - TEST-START | test_typing.py TestTypingContent.testNumericShiftKeys
16:30:39     INFO - TEST-SKIP | test_typing.py TestTypingContent.testNumericShiftKeys | took 0ms
16:30:39     INFO - TEST-START | test_typing.py TestTypingContent.testShouldBeAbleToMixUpperAndLowerCaseLetters
16:30:42     INFO - TEST-PASS | test_typing.py TestTypingContent.testShouldBeAbleToMixUpperAndLowerCaseLetters | took 2775ms
16:30:42     INFO - TEST-START | test_typing.py TestTypingContent.testShouldBeAbleToTypeCapitalLetters
16:30:44     INFO - TEST-PASS | test_typing.py TestTypingContent.testShouldBeAbleToTypeCapitalLetters | took 2632ms
16:30:44     INFO - TEST-START | test_typing.py TestTypingContent.testShouldBeAbleToTypeQuoteMarks
16:30:47     INFO - TEST-PASS | test_typing.py TestTypingContent.testShouldBeAbleToTypeQuoteMarks | took 2564ms
16:30:47     INFO - TEST-START | test_typing.py TestTypingContent.testShouldBeAbleToTypeTheAtCharacter
16:30:50     INFO - TEST-PASS | test_typing.py TestTypingContent.testShouldBeAbleToTypeTheAtCharacter | took 3001ms
16:30:50     INFO - TEST-START | test_typing.py TestTypingContent.testShouldFireKeyDownEvents
16:30:57     INFO - TEST-PASS | test_typing.py TestTypingContent.testShouldFireKeyDownEvents | took 7216ms
16:30:57     INFO - TEST-START | test_typing.py TestTypingContent.testShouldFireKeyPressEvents
16:31:00     INFO - TEST-PASS | test_typing.py TestTypingContent.testShouldFireKeyPressEvents | took 2856ms
16:31:00     INFO - TEST-START | test_typing.py TestTypingContent.testShouldFireKeyUpEvents
16:31:03     INFO - TEST-PASS | test_typing.py TestTypingContent.testShouldFireKeyUpEvents | took 3106ms
16:31:03     INFO - TEST-START | test_typing.py TestTypingContent.testShouldReportKeyCodeOfArrowKeysUpDownEvents
16:31:08     INFO - TEST-PASS | test_typing.py TestTypingContent.testShouldReportKeyCodeOfArrowKeysUpDownEvents | took 4957ms
16:31:08     INFO - TEST-START | test_typing.py TestTypingContent.testShouldSendKeysToElementsWithoutTheValueAttribute
16:31:11     INFO - TEST-PASS | test_typing.py TestTypingContent.testShouldSendKeysToElementsWithoutTheValueAttribute | took 2528ms
16:31:11     INFO - TEST-START | test_typing.py TestTypingContent.testShouldTypeAnInteger
16:31:13     INFO - TEST-PASS | test_typing.py TestTypingContent.testShouldTypeAnInteger | took 2746ms
16:31:13     INFO - TEST-START | test_typing.py TestTypingContent.testShouldTypeLowerCaseLetters
16:31:21     INFO - TEST-PASS | test_typing.py TestTypingContent.testShouldTypeLowerCaseLetters | took 7700ms
16:31:21     INFO - TEST-START | test_typing.py TestTypingContent.testSpecialSpaceKeys
16:31:21     INFO - TEST-SKIP | test_typing.py TestTypingContent.testSpecialSpaceKeys | took 0ms
16:31:21     INFO - TEST-START | test_typing.py TestTypingContent.testUppercaseAlphaKeys
16:31:21     INFO - TEST-SKIP | test_typing.py TestTypingContent.testUppercaseAlphaKeys | took 0ms
16:31:21     INFO - TEST-START | test_typing.py TestTypingContent.testWillSimulateAKeyDownWhenEnteringTextIntoInputElements
16:31:24     INFO - TEST-PASS | test_typing.py TestTypingContent.testWillSimulateAKeyDownWhenEnteringTextIntoInputElements | took 3278ms
16:31:24     INFO - TEST-START | test_typing.py TestTypingContent.testWillSimulateAKeyDownWhenEnteringTextIntoTextAreas
16:31:28     INFO - TEST-PASS | test_typing.py TestTypingContent.testWillSimulateAKeyDownWhenEnteringTextIntoTextAreas | took 3261ms
16:31:28     INFO - TEST-START | test_typing.py TestTypingContent.testWillSimulateAKeyPressWhenEnteringTextIntoInputElements
16:31:31     INFO - TEST-PASS | test_typing.py TestTypingContent.testWillSimulateAKeyPressWhenEnteringTextIntoInputElements | took 2972ms
16:31:31     INFO - TEST-START | test_typing.py TestTypingContent.testWillSimulateAKeyPressWhenEnteringTextIntoTextAreas
16:31:34     INFO - TEST-PASS | test_typing.py TestTypingContent.testWillSimulateAKeyPressWhenEnteringTextIntoTextAreas | took 2941ms
16:31:34     INFO - TEST-START | test_typing.py TestTypingContent.testWillSimulateAKeyUpWhenEnteringTextIntoInputElements
16:31:37     INFO - TEST-PASS | test_typing.py TestTypingContent.testWillSimulateAKeyUpWhenEnteringTextIntoInputElements | took 3128ms
16:31:37     INFO - TEST-START | test_typing.py TestTypingContent.testWillSimulateAKeyUpWhenEnteringTextIntoTextAreas
16:31:40     INFO - TEST-PASS | test_typing.py TestTypingContent.testWillSimulateAKeyUpWhenEnteringTextIntoTextAreas | took 3379ms
16:31:40     INFO - TEST-START | test_typing.py TestTypingContent.test_appends_to_input_text
16:31:43     INFO - TEST-PASS | test_typing.py TestTypingContent.test_appends_to_input_text | took 3137ms
16:31:43     INFO - TEST-START | test_typing.py TestTypingContent.test_appends_to_textarea
16:31:50     INFO - TEST-PASS | test_typing.py TestTypingContent.test_appends_to_textarea | took 6813ms
16:31:50     INFO - TEST-START | test_typing.py TestTypingContent.test_not_interactable_if_hidden
16:31:53     INFO - TEST-PASS | test_typing.py TestTypingContent.test_not_interactable_if_hidden | took 2523ms
16:31:53     INFO - TEST-START | test_log.py TestLog.test_clear
16:31:53     INFO - TEST-PASS | test_log.py TestLog.test_clear | took 938ms
16:31:53     INFO - TEST-START | test_log.py TestLog.test_log
16:31:54     INFO - TEST-PASS | test_log.py TestLog.test_log | took 829ms
16:31:54     INFO - TEST-START | test_log.py TestLog.test_log_from_async_script
16:31:55     INFO - TEST-PASS | test_log.py TestLog.test_log_from_async_script | took 829ms
16:31:55     INFO - TEST-START | test_log.py TestLog.test_log_from_async_script_variable_arguments
16:31:56     INFO - TEST-PASS | test_log.py TestLog.test_log_from_async_script_variable_arguments | took 820ms
16:31:56     INFO - TEST-START | test_log.py TestLog.test_log_from_sync_script
16:31:57     INFO - TEST-PASS | test_log.py TestLog.test_log_from_sync_script | took 1063ms
16:31:57     INFO - TEST-START | test_log.py TestLog.test_log_from_sync_script_level
16:31:58     INFO - TEST-PASS | test_log.py TestLog.test_log_from_sync_script_level | took 982ms
16:31:58     INFO - TEST-START | test_log.py TestLog.test_log_level
16:31:59     INFO - TEST-PASS | test_log.py TestLog.test_log_level | took 796ms
16:31:59     INFO - TEST-START | test_log.py TestLog.test_multiple_entries
16:32:00     INFO - TEST-PASS | test_log.py TestLog.test_multiple_entries | took 778ms
16:32:00     INFO - TEST-START | test_log.py TestLogChrome.test_clear
16:32:00     INFO - TEST-PASS | test_log.py TestLogChrome.test_clear | took 778ms
16:32:00     INFO - TEST-START | test_log.py TestLogChrome.test_log
16:32:02     INFO - TEST-PASS | test_log.py TestLogChrome.test_log | took 1146ms
16:32:02     INFO - TEST-START | test_log.py TestLogChrome.test_log_from_async_script
16:32:03     INFO - TEST-PASS | test_log.py TestLogChrome.test_log_from_async_script | took 1012ms
16:32:03     INFO - TEST-START | test_log.py TestLogChrome.test_log_from_async_script_variable_arguments
16:32:07     INFO - TEST-PASS | test_log.py TestLogChrome.test_log_from_async_script_variable_arguments | took 4171ms
16:32:07     INFO - TEST-START | test_log.py TestLogChrome.test_log_from_sync_script
16:32:07     INFO - TEST-PASS | test_log.py TestLogChrome.test_log_from_sync_script | took 592ms
16:32:07     INFO - TEST-START | test_log.py TestLogChrome.test_log_from_sync_script_level
16:32:08     INFO - TEST-PASS | test_log.py TestLogChrome.test_log_from_sync_script_level | took 537ms
16:32:08     INFO - TEST-START | test_log.py TestLogChrome.test_log_level
16:32:08     INFO - TEST-PASS | test_log.py TestLogChrome.test_log_level | took 557ms
16:32:08     INFO - TEST-START | test_log.py TestLogChrome.test_multiple_entries
16:32:09     INFO - TEST-PASS | test_log.py TestLogChrome.test_multiple_entries | took 586ms
16:32:09     INFO - TEST-START | test_about_pages.py TestAboutPages.test_back_forward
16:32:20     INFO - TEST-PASS | test_about_pages.py TestAboutPages.test_back_forward | took 10637ms
16:32:20     INFO - TEST-START | test_about_pages.py TestAboutPages.test_hang
16:32:25     INFO - TEST-PASS | test_about_pages.py TestAboutPages.test_hang | took 5354ms
16:32:25     INFO - TEST-START | test_about_pages.py TestAboutPages.test_navigate_non_remote_about_pages
16:32:36     INFO - TEST-PASS | test_about_pages.py TestAboutPages.test_navigate_non_remote_about_pages | took 11251ms
16:32:36     INFO - TEST-START | test_about_pages.py TestAboutPages.test_navigate_shortcut_key
16:32:40     INFO - TEST-PASS | test_about_pages.py TestAboutPages.test_navigate_shortcut_key | took 4107ms
16:32:40     INFO - TEST-START | test_about_pages.py TestAboutPages.test_type_to_non_remote_tab
16:32:40     INFO - TEST-SKIP | test_about_pages.py TestAboutPages.test_type_to_non_remote_tab | took 1ms
16:32:40     INFO - TEST-START | test_about_pages.py TestAboutPages.test_type_to_remote_tab
16:32:47     INFO - TEST-PASS | test_about_pages.py TestAboutPages.test_type_to_remote_tab | took 6663ms
16:32:47     INFO - TEST-START | test_execute_async_script.py TestExecuteAsyncChrome.test_check_window
16:32:48     INFO - TEST-PASS | test_execute_async_script.py TestExecuteAsyncChrome.test_check_window | took 974ms
16:32:48     INFO - TEST-START | test_execute_async_script.py TestExecuteAsyncChrome.test_execute_async_js_exception
16:32:49     INFO - TEST-PASS | test_execute_async_script.py TestExecuteAsyncChrome.test_execute_async_js_exception | took 1448ms
16:32:49     INFO - TEST-START | test_execute_async_script.py TestExecuteAsyncChrome.test_execute_async_ours
16:32:50     INFO - TEST-PASS | test_execute_async_script.py TestExecuteAsyncChrome.test_execute_async_ours | took 788ms
16:32:50     INFO - TEST-START | test_execute_async_script.py TestExecuteAsyncChrome.test_execute_async_simple
16:32:51     INFO - TEST-PASS | test_execute_async_script.py TestExecuteAsyncChrome.test_execute_async_simple | took 888ms
16:32:51     INFO - TEST-START | test_execute_async_script.py TestExecuteAsyncChrome.test_execute_async_timeout
16:32:53     INFO - TEST-PASS | test_execute_async_script.py TestExecuteAsyncChrome.test_execute_async_timeout | took 1965ms
16:32:53     INFO - TEST-START | test_execute_async_script.py TestExecuteAsyncChrome.test_execute_async_unique_timeout
16:32:57     INFO - TEST-PASS | test_execute_async_script.py TestExecuteAsyncChrome.test_execute_async_unique_timeout | took 3926ms
16:32:57     INFO - TEST-START | test_execute_async_script.py TestExecuteAsyncChrome.test_execute_async_unload
16:32:58     INFO - TEST-PASS | test_execute_async_script.py TestExecuteAsyncChrome.test_execute_async_unload | took 542ms
16:32:58     INFO - TEST-START | test_execute_async_script.py TestExecuteAsyncChrome.test_execute_js_exception
16:32:58     INFO - TEST-PASS | test_execute_async_script.py TestExecuteAsyncChrome.test_execute_js_exception | took 803ms
16:32:58     INFO - TEST-START | test_execute_async_script.py TestExecuteAsyncChrome.test_execute_no_return
16:32:59     INFO - TEST-PASS | test_execute_async_script.py TestExecuteAsyncChrome.test_execute_no_return | took 458ms
16:32:59     INFO - TEST-START | test_execute_async_script.py TestExecuteAsyncChrome.test_execute_permission
16:33:00     INFO - TEST-PASS | test_execute_async_script.py TestExecuteAsyncChrome.test_execute_permission | took 1080ms
16:33:00     INFO - TEST-START | test_execute_async_script.py TestExecuteAsyncChrome.test_introspection_of_arguments
16:33:01     INFO - TEST-PASS | test_execute_async_script.py TestExecuteAsyncChrome.test_introspection_of_arguments | took 991ms
16:33:01     INFO - TEST-START | test_execute_async_script.py TestExecuteAsyncChrome.test_no_timeout
16:33:02     INFO - TEST-PASS | test_execute_async_script.py TestExecuteAsyncChrome.test_no_timeout | took 1533ms
16:33:02     INFO - TEST-START | test_execute_async_script.py TestExecuteAsyncChrome.test_same_context
16:33:03     INFO - TEST-PASS | test_execute_async_script.py TestExecuteAsyncChrome.test_same_context | took 995ms
16:33:03     INFO - TEST-START | test_execute_async_script.py TestExecuteAsyncChrome.test_sandbox_refresh_arguments
16:33:04     INFO - TEST-PASS | test_execute_async_script.py TestExecuteAsyncChrome.test_sandbox_refresh_arguments | took 939ms
16:33:04     INFO - TEST-START | test_execute_async_script.py TestExecuteAsyncChrome.test_sandbox_reuse
16:33:05     INFO - TEST-PASS | test_execute_async_script.py TestExecuteAsyncChrome.test_sandbox_reuse | took 1154ms
16:33:06     INFO - TEST-START | test_execute_async_script.py TestExecuteAsyncChrome.test_script_finished
16:33:06     INFO - TEST-PASS | test_execute_async_script.py TestExecuteAsyncChrome.test_script_finished | took 949ms
16:33:06     INFO - TEST-START | test_execute_async_script.py TestExecuteAsyncContent.test_check_window
16:33:13     INFO - TEST-PASS | test_execute_async_script.py TestExecuteAsyncContent.test_check_window | took 6929ms
16:33:13     INFO - TEST-START | test_execute_async_script.py TestExecuteAsyncContent.test_execute_async_js_exception
16:33:14     INFO - TEST-PASS | test_execute_async_script.py TestExecuteAsyncContent.test_execute_async_js_exception | took 755ms
16:33:14     INFO - TEST-START | test_execute_async_script.py TestExecuteAsyncContent.test_execute_async_ours
16:33:15     INFO - TEST-PASS | test_execute_async_script.py TestExecuteAsyncContent.test_execute_async_ours | took 645ms
16:33:15     INFO - TEST-START | test_execute_async_script.py TestExecuteAsyncContent.test_execute_async_simple
16:33:16     INFO - TEST-PASS | test_execute_async_script.py TestExecuteAsyncContent.test_execute_async_simple | took 920ms
16:33:16     INFO - TEST-START | test_execute_async_script.py TestExecuteAsyncContent.test_execute_async_timeout
16:33:18     INFO - TEST-PASS | test_execute_async_script.py TestExecuteAsyncContent.test_execute_async_timeout | took 2072ms
16:33:18     INFO - TEST-START | test_execute_async_script.py TestExecuteAsyncContent.test_execute_async_unique_timeout
16:33:24     INFO - TEST-PASS | test_execute_async_script.py TestExecuteAsyncContent.test_execute_async_unique_timeout | took 5834ms
16:33:24     INFO - TEST-START | test_execute_async_script.py TestExecuteAsyncContent.test_execute_async_unload
16:33:25     INFO - TEST-PASS | test_execute_async_script.py TestExecuteAsyncContent.test_execute_async_unload | took 1131ms
16:33:25     INFO - TEST-START | test_execute_async_script.py TestExecuteAsyncContent.test_execute_js_exception
16:33:26     INFO - TEST-PASS | test_execute_async_script.py TestExecuteAsyncContent.test_execute_js_exception | took 995ms
16:33:26     INFO - TEST-START | test_execute_async_script.py TestExecuteAsyncContent.test_execute_no_return
16:33:26     INFO - TEST-PASS | test_execute_async_script.py TestExecuteAsyncContent.test_execute_no_return | took 669ms
16:33:26     INFO - TEST-START | test_execute_async_script.py TestExecuteAsyncContent.test_execute_permission
16:33:28     INFO - TEST-PASS | test_execute_async_script.py TestExecuteAsyncContent.test_execute_permission | took 1484ms
16:33:28     INFO - TEST-START | test_execute_async_script.py TestExecuteAsyncContent.test_introspection_of_arguments
16:33:29     INFO - TEST-PASS | test_execute_async_script.py TestExecuteAsyncContent.test_introspection_of_arguments | took 668ms
16:33:29     INFO - TEST-START | test_execute_async_script.py TestExecuteAsyncContent.test_no_timeout
16:33:30     INFO - TEST-PASS | test_execute_async_script.py TestExecuteAsyncContent.test_no_timeout | took 1350ms
16:33:30     INFO - TEST-START | test_execute_async_script.py TestExecuteAsyncContent.test_same_context
16:33:31     INFO - TEST-PASS | test_execute_async_script.py TestExecuteAsyncContent.test_same_context | took 1144ms
16:33:31     INFO - TEST-START | test_execute_async_script.py TestExecuteAsyncContent.test_sandbox_refresh_arguments
16:33:32     INFO - TEST-PASS | test_execute_async_script.py TestExecuteAsyncContent.test_sandbox_refresh_arguments | took 1149ms
16:33:32     INFO - TEST-START | test_execute_async_script.py TestExecuteAsyncContent.test_sandbox_reuse
16:33:33     INFO - TEST-PASS | test_execute_async_script.py TestExecuteAsyncContent.test_sandbox_reuse | took 1162ms
16:33:33     INFO - TEST-START | test_execute_async_script.py TestExecuteAsyncContent.test_script_finished
16:33:34     INFO - TEST-PASS | test_execute_async_script.py TestExecuteAsyncContent.test_script_finished | took 937ms
16:33:34     INFO - TEST-START | test_execute_script.py TestElementCollections.test_array
16:33:36     INFO - TEST-PASS | test_execute_script.py TestElementCollections.test_array | took 1572ms
16:33:36     INFO - TEST-START | test_execute_script.py TestElementCollections.test_html_all_collection
16:33:38     INFO - TEST-PASS | test_execute_script.py TestElementCollections.test_html_all_collection | took 1876ms
16:33:38     INFO - TEST-START | test_execute_script.py TestElementCollections.test_html_collection
16:33:40     INFO - TEST-PASS | test_execute_script.py TestElementCollections.test_html_collection | took 2439ms
16:33:40     INFO - TEST-START | test_execute_script.py TestElementCollections.test_html_form_controls_collection
16:33:42     INFO - TEST-PASS | test_execute_script.py TestElementCollections.test_html_form_controls_collection | took 1843ms
16:33:42     INFO - TEST-START | test_execute_script.py TestElementCollections.test_html_options_collection
16:33:44     INFO - TEST-PASS | test_execute_script.py TestElementCollections.test_html_options_collection | took 1627ms
16:33:44     INFO - TEST-START | test_execute_script.py TestElementCollections.test_node_list
16:33:45     INFO - TEST-PASS | test_execute_script.py TestElementCollections.test_node_list | took 1640ms
16:33:45     INFO - TEST-START | test_execute_script.py TestExecuteChrome.test_argument_array
16:33:47     INFO - TEST-PASS | test_execute_script.py TestExecuteChrome.test_argument_array | took 1458ms
16:33:47     INFO - TEST-START | test_execute_script.py TestExecuteChrome.test_argument_boolean
16:33:48     INFO - TEST-PASS | test_execute_script.py TestExecuteChrome.test_argument_boolean | took 782ms
16:33:48     INFO - TEST-START | test_execute_script.py TestExecuteChrome.test_argument_null
16:33:48     INFO - TEST-PASS | test_execute_script.py TestExecuteChrome.test_argument_null | took 873ms
16:33:48     INFO - TEST-START | test_execute_script.py TestExecuteChrome.test_argument_number
16:33:50     INFO - TEST-PASS | test_execute_script.py TestExecuteChrome.test_argument_number | took 1267ms
16:33:50     INFO - TEST-START | test_execute_script.py TestExecuteChrome.test_argument_object
16:33:51     INFO - TEST-PASS | test_execute_script.py TestExecuteChrome.test_argument_object | took 1236ms
16:33:51     INFO - TEST-START | test_execute_script.py TestExecuteChrome.test_argument_string
16:33:52     INFO - TEST-PASS | test_execute_script.py TestExecuteChrome.test_argument_string | took 1156ms
16:33:52     INFO - TEST-START | test_execute_script.py TestExecuteChrome.test_async_script_timeout
16:33:53     INFO - TEST-PASS | test_execute_script.py TestExecuteChrome.test_async_script_timeout | took 1183ms
16:33:53     INFO - TEST-START | test_execute_script.py TestExecuteChrome.test_exception
16:33:54     INFO - TEST-PASS | test_execute_script.py TestExecuteChrome.test_exception | took 1170ms
16:33:54     INFO - TEST-START | test_execute_script.py TestExecuteChrome.test_globals
16:33:56     INFO - TEST-PASS | test_execute_script.py TestExecuteChrome.test_globals | took 1545ms
16:33:56     INFO - TEST-START | test_execute_script.py TestExecuteChrome.test_invalid_chrome_handle
16:34:08     INFO - TEST-PASS | test_execute_script.py TestExecuteChrome.test_invalid_chrome_handle | took 12265ms
16:34:08     INFO - TEST-START | test_execute_script.py TestExecuteChrome.test_lasting_side_effects
16:34:09     INFO - TEST-PASS | test_execute_script.py TestExecuteChrome.test_lasting_side_effects | took 593ms
16:34:09     INFO - TEST-START | test_execute_script.py TestExecuteChrome.test_no_callback
16:34:09     INFO - TEST-PASS | test_execute_script.py TestExecuteChrome.test_no_callback | took 588ms
16:34:09     INFO - TEST-START | test_execute_script.py TestExecuteChrome.test_no_return_value
16:34:11     INFO - TEST-PASS | test_execute_script.py TestExecuteChrome.test_no_return_value | took 1319ms
16:34:11     INFO - TEST-START | test_execute_script.py TestExecuteChrome.test_permission
16:34:12     INFO - TEST-PASS | test_execute_script.py TestExecuteChrome.test_permission | took 1309ms
16:34:12     INFO - TEST-START | test_execute_script.py TestExecuteChrome.test_privileged_code_inspection
16:34:13     INFO - TEST-PASS | test_execute_script.py TestExecuteChrome.test_privileged_code_inspection | took 1094ms
16:34:13     INFO - TEST-START | test_execute_script.py TestExecuteChrome.test_return_array
16:34:15     INFO - TEST-PASS | test_execute_script.py TestExecuteChrome.test_return_array | took 1354ms
16:34:15     INFO - TEST-START | test_execute_script.py TestExecuteChrome.test_return_boolean
16:34:16     INFO - TEST-PASS | test_execute_script.py TestExecuteChrome.test_return_boolean | took 1553ms
16:34:16     INFO - TEST-START | test_execute_script.py TestExecuteChrome.test_return_number
16:34:21     INFO - TEST-PASS | test_execute_script.py TestExecuteChrome.test_return_number | took 4646ms
16:34:21     INFO - TEST-START | test_execute_script.py TestExecuteChrome.test_return_object
16:34:22     INFO - TEST-PASS | test_execute_script.py TestExecuteChrome.test_return_object | took 1307ms
16:34:22     INFO - TEST-START | test_execute_script.py TestExecuteChrome.test_return_string
16:34:23     INFO - TEST-PASS | test_execute_script.py TestExecuteChrome.test_return_string | took 1081ms
16:34:23     INFO - TEST-START | test_execute_script.py TestExecuteChrome.test_return_web_element
16:34:24     INFO - TEST-PASS | test_execute_script.py TestExecuteChrome.test_return_web_element | took 1050ms
16:34:24     INFO - TEST-START | test_execute_script.py TestExecuteChrome.test_return_web_element_array
16:34:25     INFO - TEST-PASS | test_execute_script.py TestExecuteChrome.test_return_web_element_array | took 1072ms
16:34:25     INFO - TEST-START | test_execute_script.py TestExecuteChrome.test_return_web_element_nodelist
16:34:33     INFO - TEST-PASS | test_execute_script.py TestExecuteChrome.test_return_web_element_nodelist | took 7794ms
16:34:33     INFO - TEST-START | test_execute_script.py TestExecuteChrome.test_sandbox_refresh_arguments
16:34:34     INFO - TEST-PASS | test_execute_script.py TestExecuteChrome.test_sandbox_refresh_arguments | took 652ms
16:34:34     INFO - TEST-START | test_execute_script.py TestExecuteChrome.test_sandbox_reuse
16:34:34     INFO - TEST-PASS | test_execute_script.py TestExecuteChrome.test_sandbox_reuse | took 588ms
16:34:34     INFO - TEST-START | test_execute_script.py TestExecuteChrome.test_stacktrace
16:34:36     INFO - TEST-PASS | test_execute_script.py TestExecuteChrome.test_stacktrace | took 1471ms
16:34:36     INFO - TEST-START | test_execute_script.py TestExecuteChrome.test_system_dead_object
16:34:37     INFO - TEST-PASS | test_execute_script.py TestExecuteChrome.test_system_dead_object | took 1484ms
16:34:37     INFO - TEST-START | test_execute_script.py TestExecuteChrome.test_system_globals
16:34:39     INFO - TEST-PASS | test_execute_script.py TestExecuteChrome.test_system_globals | took 1510ms
16:34:39     INFO - TEST-START | test_execute_script.py TestExecuteChrome.test_system_sandbox_wrappedjsobject
16:34:40     INFO - TEST-PASS | test_execute_script.py TestExecuteChrome.test_system_sandbox_wrappedjsobject | took 1303ms
16:34:40     INFO - TEST-START | test_execute_script.py TestExecuteChrome.test_unmarshal_element_collection
16:34:44     INFO - TEST-PASS | test_execute_script.py TestExecuteChrome.test_unmarshal_element_collection | took 3776ms
16:34:44     INFO - TEST-START | test_execute_script.py TestExecuteChrome.test_window_set_timeout_is_not_cancelled
16:34:45     INFO - TEST-PASS | test_execute_script.py TestExecuteChrome.test_window_set_timeout_is_not_cancelled | took 842ms
16:34:45     INFO - TEST-START | test_execute_script.py TestExecuteChrome.test_wrappedjsobject
16:34:46     INFO - TEST-PASS | test_execute_script.py TestExecuteChrome.test_wrappedjsobject | took 914ms
16:34:46     INFO - TEST-START | test_execute_script.py TestExecuteContent.test_argument_array
16:34:46     INFO - TEST-PASS | test_execute_script.py TestExecuteContent.test_argument_array | took 780ms
16:34:46     INFO - TEST-START | test_execute_script.py TestExecuteContent.test_argument_boolean
16:34:47     INFO - TEST-PASS | test_execute_script.py TestExecuteContent.test_argument_boolean | took 835ms
16:34:47     INFO - TEST-START | test_execute_script.py TestExecuteContent.test_argument_null
16:34:49     INFO - TEST-PASS | test_execute_script.py TestExecuteContent.test_argument_null | took 1431ms
16:34:49     INFO - TEST-START | test_execute_script.py TestExecuteContent.test_argument_number
16:34:49     INFO - TEST-PASS | test_execute_script.py TestExecuteContent.test_argument_number | took 712ms
16:34:49     INFO - TEST-START | test_execute_script.py TestExecuteContent.test_argument_object
16:34:50     INFO - TEST-PASS | test_execute_script.py TestExecuteContent.test_argument_object | took 715ms
16:34:50     INFO - TEST-START | test_execute_script.py TestExecuteContent.test_argument_string
16:34:51     INFO - TEST-PASS | test_execute_script.py TestExecuteContent.test_argument_string | took 1206ms
16:34:51     INFO - TEST-START | test_execute_script.py TestExecuteContent.test_exception
16:34:52     INFO - TEST-PASS | test_execute_script.py TestExecuteContent.test_exception | took 1167ms
16:34:52     INFO - TEST-START | test_execute_script.py TestExecuteContent.test_globals
16:34:54     INFO - TEST-PASS | test_execute_script.py TestExecuteContent.test_globals | took 1746ms
16:34:54     INFO - TEST-START | test_execute_script.py TestExecuteContent.test_lasting_side_effects
16:34:56     INFO - TEST-PASS | test_execute_script.py TestExecuteContent.test_lasting_side_effects | took 1617ms
16:34:56     INFO - TEST-START | test_execute_script.py TestExecuteContent.test_no_callback
16:34:57     INFO - TEST-PASS | test_execute_script.py TestExecuteContent.test_no_callback | took 1123ms
16:34:57     INFO - TEST-START | test_execute_script.py TestExecuteContent.test_no_return_value
16:34:58     INFO - TEST-PASS | test_execute_script.py TestExecuteContent.test_no_return_value | took 1152ms
16:34:58     INFO - TEST-START | test_execute_script.py TestExecuteContent.test_permission
16:34:59     INFO - TEST-PASS | test_execute_script.py TestExecuteContent.test_permission | took 1116ms
16:34:59     INFO - TEST-START | test_execute_script.py TestExecuteContent.test_privileged_code_inspection
16:35:03     INFO - TEST-PASS | test_execute_script.py TestExecuteContent.test_privileged_code_inspection | took 3458ms
16:35:03     INFO - TEST-START | test_execute_script.py TestExecuteContent.test_return_array
16:35:04     INFO - TEST-PASS | test_execute_script.py TestExecuteContent.test_return_array | took 1324ms
16:35:04     INFO - TEST-START | test_execute_script.py TestExecuteContent.test_return_boolean
16:35:05     INFO - TEST-PASS | test_execute_script.py TestExecuteContent.test_return_boolean | took 1114ms
16:35:05     INFO - TEST-START | test_execute_script.py TestExecuteContent.test_return_number
16:35:06     INFO - TEST-PASS | test_execute_script.py TestExecuteContent.test_return_number | took 1174ms
16:35:06     INFO - TEST-START | test_execute_script.py TestExecuteContent.test_return_object
16:35:09     INFO - TEST-PASS | test_execute_script.py TestExecuteContent.test_return_object | took 2488ms
16:35:09     INFO - TEST-START | test_execute_script.py TestExecuteContent.test_return_string
16:35:09     INFO - TEST-PASS | test_execute_script.py TestExecuteContent.test_return_string | took 631ms
16:35:09     INFO - TEST-START | test_execute_script.py TestExecuteContent.test_return_web_element
16:35:11     INFO - TEST-PASS | test_execute_script.py TestExecuteContent.test_return_web_element | took 1257ms
16:35:11     INFO - TEST-START | test_execute_script.py TestExecuteContent.test_return_web_element_array
16:35:13     INFO - TEST-PASS | test_execute_script.py TestExecuteContent.test_return_web_element_array | took 2140ms
16:35:13     INFO - TEST-START | test_execute_script.py TestExecuteContent.test_return_web_element_nodelist
16:35:15     INFO - TEST-PASS | test_execute_script.py TestExecuteContent.test_return_web_element_nodelist | took 1836ms
16:35:15     INFO - TEST-START | test_execute_script.py TestExecuteContent.test_sandbox_refresh_arguments
16:35:16     INFO - TEST-PASS | test_execute_script.py TestExecuteContent.test_sandbox_refresh_arguments | took 1213ms
16:35:16     INFO - TEST-START | test_execute_script.py TestExecuteContent.test_sandbox_reuse
16:35:17     INFO - TEST-PASS | test_execute_script.py TestExecuteContent.test_sandbox_reuse | took 1306ms
16:35:17     INFO - TEST-START | test_execute_script.py TestExecuteContent.test_stacktrace
16:35:18     INFO - TEST-PASS | test_execute_script.py TestExecuteContent.test_stacktrace | took 1204ms
16:35:18     INFO - TEST-START | test_execute_script.py TestExecuteContent.test_system_dead_object
16:35:20     INFO - TEST-PASS | test_execute_script.py TestExecuteContent.test_system_dead_object | took 1405ms
16:35:20     INFO - TEST-START | test_execute_script.py TestExecuteContent.test_system_globals
16:35:23     INFO - TEST-PASS | test_execute_script.py TestExecuteContent.test_system_globals | took 2765ms
16:35:23     INFO - TEST-START | test_execute_script.py TestExecuteContent.test_system_sandbox_wrappedjsobject
16:35:24     INFO - TEST-PASS | test_execute_script.py TestExecuteContent.test_system_sandbox_wrappedjsobject | took 1278ms
16:35:24     INFO - TEST-START | test_execute_script.py TestExecuteContent.test_window_set_timeout_is_not_cancelled
16:35:29     INFO - TEST-PASS | test_execute_script.py TestExecuteContent.test_window_set_timeout_is_not_cancelled | took 5518ms
16:35:29     INFO - TEST-START | test_execute_script.py TestExecuteContent.test_wrappedjsobject
16:35:30     INFO - TEST-PASS | test_execute_script.py TestExecuteContent.test_wrappedjsobject | took 800ms
16:35:30     INFO - TEST-START | test_execute_script.py TestExecuteSimpleTestContent.test_stack_trace
16:35:31     INFO - TEST-PASS | test_execute_script.py TestExecuteSimpleTestContent.test_stack_trace | took 684ms
16:35:31     INFO - TEST-START | test_element_retrieval.py TestFindElementHTML.test_by_name
16:35:33     INFO - TEST-PASS | test_element_retrieval.py TestFindElementHTML.test_by_name | took 1760ms
16:35:33     INFO - TEST-START | test_element_retrieval.py TestFindElementHTML.test_child_element
16:35:35     INFO - TEST-PASS | test_element_retrieval.py TestFindElementHTML.test_child_element | took 2357ms
16:35:35     INFO - TEST-START | test_element_retrieval.py TestFindElementHTML.test_class_name
16:35:37     INFO - TEST-PASS | test_element_retrieval.py TestFindElementHTML.test_class_name | took 1793ms
16:35:37     INFO - TEST-START | test_element_retrieval.py TestFindElementHTML.test_css_selector
16:35:39     INFO - TEST-PASS | test_element_retrieval.py TestFindElementHTML.test_css_selector | took 1714ms
16:35:39     INFO - TEST-START | test_element_retrieval.py TestFindElementHTML.test_css_selector_scope_doesnt_start_at_rootnode
16:35:41     INFO - TEST-PASS | test_element_retrieval.py TestFindElementHTML.test_css_selector_scope_doesnt_start_at_rootnode | took 2154ms
16:35:41     INFO - TEST-START | test_element_retrieval.py TestFindElementHTML.test_element_id_is_valid_uuid
16:35:42     INFO - TEST-PASS | test_element_retrieval.py TestFindElementHTML.test_element_id_is_valid_uuid | took 1637ms
16:35:42     INFO - TEST-START | test_element_retrieval.py TestFindElementHTML.test_finding_active_element_returns_element
16:35:45     INFO - TEST-PASS | test_element_retrieval.py TestFindElementHTML.test_finding_active_element_returns_element | took 2683ms
16:35:45     INFO - TEST-START | test_element_retrieval.py TestFindElementHTML.test_id
16:35:52     INFO - TEST-PASS | test_element_retrieval.py TestFindElementHTML.test_id | took 7202ms
16:35:52     INFO - TEST-START | test_element_retrieval.py TestFindElementHTML.test_invalid_css_selector
16:35:53     INFO - TEST-PASS | test_element_retrieval.py TestFindElementHTML.test_invalid_css_selector | took 1145ms
16:35:53     INFO - TEST-START | test_element_retrieval.py TestFindElementHTML.test_invalid_css_selector_should_throw
16:35:54     INFO - TEST-PASS | test_element_retrieval.py TestFindElementHTML.test_invalid_css_selector_should_throw | took 1128ms
16:35:54     INFO - TEST-START | test_element_retrieval.py TestFindElementHTML.test_invalid_xpath_selector
16:35:56     INFO - TEST-PASS | test_element_retrieval.py TestFindElementHTML.test_invalid_xpath_selector | took 1336ms
16:35:56     INFO - TEST-START | test_element_retrieval.py TestFindElementHTML.test_link_text
16:35:58     INFO - TEST-PASS | test_element_retrieval.py TestFindElementHTML.test_link_text | took 1757ms
16:35:58     INFO - TEST-START | test_element_retrieval.py TestFindElementHTML.test_link_text_with_trailing_space
16:36:00     INFO - TEST-PASS | test_element_retrieval.py TestFindElementHTML.test_link_text_with_trailing_space | took 2101ms
16:36:00     INFO - TEST-START | test_element_retrieval.py TestFindElementHTML.test_not_found
16:36:01     INFO - TEST-PASS | test_element_retrieval.py TestFindElementHTML.test_not_found | took 1499ms
16:36:01     INFO - TEST-START | test_element_retrieval.py TestFindElementHTML.test_not_found_from_element
16:36:05     INFO - TEST-PASS | test_element_retrieval.py TestFindElementHTML.test_not_found_from_element | took 3542ms
16:36:05     INFO - TEST-START | test_element_retrieval.py TestFindElementHTML.test_not_found_implicit_wait
16:36:17     INFO - TEST-PASS | test_element_retrieval.py TestFindElementHTML.test_not_found_implicit_wait | took 11839ms
16:36:17     INFO - TEST-START | test_element_retrieval.py TestFindElementHTML.test_not_found_implicit_wait_from_element
16:36:24     INFO - TEST-PASS | test_element_retrieval.py TestFindElementHTML.test_not_found_implicit_wait_from_element | took 7335ms
16:36:24     INFO - TEST-START | test_element_retrieval.py TestFindElementHTML.test_partial_link_text
16:36:26     INFO - TEST-PASS | test_element_retrieval.py TestFindElementHTML.test_partial_link_text | took 1924ms
16:36:26     INFO - TEST-START | test_element_retrieval.py TestFindElementHTML.test_tag_name
16:36:28     INFO - TEST-PASS | test_element_retrieval.py TestFindElementHTML.test_tag_name | took 2272ms
16:36:28     INFO - TEST-START | test_element_retrieval.py TestFindElementHTML.test_unknown_selector
16:36:29     INFO - TEST-PASS | test_element_retrieval.py TestFindElementHTML.test_unknown_selector | took 1022ms
16:36:29     INFO - TEST-START | test_element_retrieval.py TestFindElementHTML.test_xpath
16:36:37     INFO - TEST-PASS | test_element_retrieval.py TestFindElementHTML.test_xpath | took 8320ms
16:36:37     INFO - TEST-START | test_element_retrieval.py TestFindElementXHTML.test_active_element
16:36:39     INFO - TEST-PASS | test_element_retrieval.py TestFindElementXHTML.test_active_element | took 1365ms
16:36:39     INFO - TEST-START | test_element_retrieval.py TestFindElementXHTML.test_by_name
16:36:41     INFO - TEST-PASS | test_element_retrieval.py TestFindElementXHTML.test_by_name | took 1807ms
16:36:41     INFO - TEST-START | test_element_retrieval.py TestFindElementXHTML.test_child_element
16:36:43     INFO - TEST-PASS | test_element_retrieval.py TestFindElementXHTML.test_child_element | took 2408ms
16:36:43     INFO - TEST-START | test_element_retrieval.py TestFindElementXHTML.test_class_name
16:36:45     INFO - TEST-PASS | test_element_retrieval.py TestFindElementXHTML.test_class_name | took 1596ms
16:36:45     INFO - TEST-START | test_element_retrieval.py TestFindElementXHTML.test_css_selector
16:36:46     INFO - TEST-PASS | test_element_retrieval.py TestFindElementXHTML.test_css_selector | took 1811ms
16:36:46     INFO - TEST-START | test_element_retrieval.py TestFindElementXHTML.test_css_selector_scope_does_not_start_at_rootnode
16:36:49     INFO - TEST-PASS | test_element_retrieval.py TestFindElementXHTML.test_css_selector_scope_does_not_start_at_rootnode | took 2200ms
16:36:49     INFO - TEST-START | test_element_retrieval.py TestFindElementXHTML.test_id
16:36:50     INFO - TEST-PASS | test_element_retrieval.py TestFindElementXHTML.test_id | took 1751ms
16:36:50     INFO - TEST-START | test_element_retrieval.py TestFindElementXHTML.test_link_text
16:36:52     INFO - TEST-PASS | test_element_retrieval.py TestFindElementXHTML.test_link_text | took 1814ms
16:36:52     INFO - TEST-START | test_element_retrieval.py TestFindElementXHTML.test_partial_link_text
16:37:01     INFO - TEST-PASS | test_element_retrieval.py TestFindElementXHTML.test_partial_link_text | took 8948ms
16:37:01     INFO - TEST-START | test_element_retrieval.py TestFindElementXHTML.test_tag_name
16:37:03     INFO - TEST-PASS | test_element_retrieval.py TestFindElementXHTML.test_tag_name | took 1596ms
16:37:03     INFO - TEST-START | test_element_retrieval.py TestFindElementXHTML.test_xpath
16:37:05     INFO - TEST-PASS | test_element_retrieval.py TestFindElementXHTML.test_xpath | took 1920ms
16:37:05     INFO - TEST-START | test_element_retrieval.py TestFindElementsHTML.test_by_name
16:37:06     INFO - TEST-PASS | test_element_retrieval.py TestFindElementsHTML.test_by_name | took 1789ms
16:37:06     INFO - TEST-START | test_element_retrieval.py TestFindElementsHTML.test_child_elements
16:37:09     INFO - TEST-PASS | test_element_retrieval.py TestFindElementsHTML.test_child_elements | took 2353ms
16:37:09     INFO - TEST-START | test_element_retrieval.py TestFindElementsHTML.test_class_name
16:37:11     INFO - TEST-PASS | test_element_retrieval.py TestFindElementsHTML.test_class_name | took 1962ms
16:37:11     INFO - TEST-START | test_element_retrieval.py TestFindElementsHTML.test_css_selector
16:37:13     INFO - TEST-PASS | test_element_retrieval.py TestFindElementsHTML.test_css_selector | took 1818ms
16:37:13     INFO - TEST-START | test_element_retrieval.py TestFindElementsHTML.test_css_selector_scope_doesnt_start_at_rootnode
16:37:15     INFO - TEST-PASS | test_element_retrieval.py TestFindElementsHTML.test_css_selector_scope_doesnt_start_at_rootnode | took 2470ms
16:37:15     INFO - TEST-START | test_element_retrieval.py TestFindElementsHTML.test_element_id_is_valid_uuid
16:37:17     INFO - TEST-PASS | test_element_retrieval.py TestFindElementsHTML.test_element_id_is_valid_uuid | took 1554ms
16:37:17     INFO - TEST-START | test_element_retrieval.py TestFindElementsHTML.test_invalid_css_selector
16:37:19     INFO - TEST-PASS | test_element_retrieval.py TestFindElementsHTML.test_invalid_css_selector | took 2567ms
16:37:19     INFO - TEST-START | test_element_retrieval.py TestFindElementsHTML.test_invalid_css_selector_should_throw
16:37:27     INFO - TEST-PASS | test_element_retrieval.py TestFindElementsHTML.test_invalid_css_selector_should_throw | took 7792ms
16:37:27     INFO - TEST-START | test_element_retrieval.py TestFindElementsHTML.test_invalid_xpath_selector
16:37:28     INFO - TEST-PASS | test_element_retrieval.py TestFindElementsHTML.test_invalid_xpath_selector | took 986ms
16:37:28     INFO - TEST-START | test_element_retrieval.py TestFindElementsHTML.test_link_text
16:37:30     INFO - TEST-PASS | test_element_retrieval.py TestFindElementsHTML.test_link_text | took 1804ms
16:37:30     INFO - TEST-START | test_element_retrieval.py TestFindElementsHTML.test_link_text_with_trailing_space
16:37:32     INFO - TEST-PASS | test_element_retrieval.py TestFindElementsHTML.test_link_text_with_trailing_space | took 2248ms
16:37:32     INFO - TEST-START | test_element_retrieval.py TestFindElementsHTML.test_partial_link_text
16:37:34     INFO - TEST-PASS | test_element_retrieval.py TestFindElementsHTML.test_partial_link_text | took 1895ms
16:37:34     INFO - TEST-START | test_element_retrieval.py TestFindElementsHTML.test_tag_name
16:37:36     INFO - TEST-PASS | test_element_retrieval.py TestFindElementsHTML.test_tag_name | took 1977ms
16:37:36     INFO - TEST-START | test_element_retrieval.py TestFindElementsHTML.test_unknown_selector
16:37:37     INFO - TEST-PASS | test_element_retrieval.py TestFindElementsHTML.test_unknown_selector | took 1203ms
16:37:37     INFO - TEST-START | test_element_retrieval.py TestFindElementsHTML.test_xpath
16:37:39     INFO - TEST-PASS | test_element_retrieval.py TestFindElementsHTML.test_xpath | took 1971ms
16:37:39     INFO - TEST-START | test_element_retrieval.py TestFindElementsXHTML.test_by_name
16:37:41     INFO - TEST-PASS | test_element_retrieval.py TestFindElementsXHTML.test_by_name | took 1903ms
16:37:41     INFO - TEST-START | test_element_retrieval.py TestFindElementsXHTML.test_child_elements
16:37:44     INFO - TEST-PASS | test_element_retrieval.py TestFindElementsXHTML.test_child_elements | took 3316ms
16:37:44     INFO - TEST-START | test_element_retrieval.py TestFindElementsXHTML.test_class_name
16:37:52     INFO - TEST-PASS | test_element_retrieval.py TestFindElementsXHTML.test_class_name | took 7694ms
16:37:52     INFO - TEST-START | test_element_retrieval.py TestFindElementsXHTML.test_css_selector
16:37:54     INFO - TEST-PASS | test_element_retrieval.py TestFindElementsXHTML.test_css_selector | took 1773ms
16:37:54     INFO - TEST-START | test_element_retrieval.py TestFindElementsXHTML.test_css_selector_scope_doesnt_start_at_rootnode
16:37:56     INFO - TEST-PASS | test_element_retrieval.py TestFindElementsXHTML.test_css_selector_scope_doesnt_start_at_rootnode | took 2424ms
16:37:56     INFO - TEST-START | test_element_retrieval.py TestFindElementsXHTML.test_link_text
16:37:58     INFO - TEST-PASS | test_element_retrieval.py TestFindElementsXHTML.test_link_text | took 1918ms
16:37:58     INFO - TEST-START | test_element_retrieval.py TestFindElementsXHTML.test_partial_link_text
16:38:00     INFO - TEST-PASS | test_element_retrieval.py TestFindElementsXHTML.test_partial_link_text | took 1947ms
16:38:00     INFO - TEST-START | test_element_retrieval.py TestFindElementsXHTML.test_tag_name
16:38:02     INFO - TEST-PASS | test_element_retrieval.py TestFindElementsXHTML.test_tag_name | took 2188ms
16:38:02     INFO - TEST-START | test_element_retrieval.py TestFindElementsXHTML.test_xpath
16:38:02     INFO - TEST-SKIP | test_element_retrieval.py TestFindElementsXHTML.test_xpath | took 2ms
16:38:02     INFO - TEST-START | test_findelement_chrome.py TestElementsChrome.test_child_element
16:38:06     INFO - TEST-PASS | test_findelement_chrome.py TestElementsChrome.test_child_element | took 3503ms
16:38:06     INFO - TEST-START | test_findelement_chrome.py TestElementsChrome.test_child_elements
16:38:09     INFO - TEST-PASS | test_findelement_chrome.py TestElementsChrome.test_child_elements | took 3393ms
16:38:09     INFO - TEST-START | test_findelement_chrome.py TestElementsChrome.test_class_name
16:38:13     INFO - TEST-PASS | test_findelement_chrome.py TestElementsChrome.test_class_name | took 4000ms
16:38:13     INFO - TEST-START | test_findelement_chrome.py TestElementsChrome.test_id
16:38:21     INFO - TEST-PASS | test_findelement_chrome.py TestElementsChrome.test_id | took 8063ms
16:38:21     INFO - TEST-START | test_findelement_chrome.py TestElementsChrome.test_not_found
16:38:25     INFO - TEST-PASS | test_findelement_chrome.py TestElementsChrome.test_not_found | took 4034ms
16:38:25     INFO - TEST-START | test_findelement_chrome.py TestElementsChrome.test_tag_name
16:38:29     INFO - TEST-PASS | test_findelement_chrome.py TestElementsChrome.test_tag_name | took 3363ms
16:38:29     INFO - TEST-START | test_findelement_chrome.py TestElementsChrome.test_that_we_can_find_elements_from_css_selectors
16:38:32     INFO - TEST-PASS | test_findelement_chrome.py TestElementsChrome.test_that_we_can_find_elements_from_css_selectors | took 2949ms
16:38:32     INFO - TEST-START | test_findelement_chrome.py TestElementsChrome.test_timeout
16:38:36     INFO - TEST-PASS | test_findelement_chrome.py TestElementsChrome.test_timeout | took 3983ms
16:38:36     INFO - TEST-START | test_findelement_chrome.py TestElementsChrome.test_xpath
16:38:39     INFO - TEST-PASS | test_findelement_chrome.py TestElementsChrome.test_xpath | took 3050ms
16:38:39     INFO - TEST-START | test_navigation.py TestBackForwardNavigation.test_certificate_error
16:39:01     INFO - TEST-PASS | test_navigation.py TestBackForwardNavigation.test_certificate_error | took 22040ms
16:39:01     INFO - TEST-START | test_navigation.py TestBackForwardNavigation.test_data_urls
16:39:13     INFO - TEST-PASS | test_navigation.py TestBackForwardNavigation.test_data_urls | took 12293ms
16:39:13     INFO - TEST-START | test_navigation.py TestBackForwardNavigation.test_frameset
16:39:13     INFO - TEST-SKIP | test_navigation.py TestBackForwardNavigation.test_frameset | took 0ms
16:39:13     INFO - TEST-START | test_navigation.py TestBackForwardNavigation.test_frameset_after_navigating_in_frame
16:39:40     INFO - TEST-PASS | test_navigation.py TestBackForwardNavigation.test_frameset_after_navigating_in_frame | took 26993ms
16:39:40     INFO - TEST-START | test_navigation.py TestBackForwardNavigation.test_image_document_to_html
16:39:52     INFO - TEST-PASS | test_navigation.py TestBackForwardNavigation.test_image_document_to_html | took 12433ms
16:39:52     INFO - TEST-START | test_navigation.py TestBackForwardNavigation.test_image_document_to_image_document
16:40:02     INFO - TEST-PASS | test_navigation.py TestBackForwardNavigation.test_image_document_to_image_document | took 9246ms
16:40:02     INFO - TEST-START | test_navigation.py TestBackForwardNavigation.test_navigate_to_requested_about_page_after_error_page
16:40:24     INFO - TEST-PASS | test_navigation.py TestBackForwardNavigation.test_navigate_to_requested_about_page_after_error_page | took 22350ms
16:40:24     INFO - TEST-START | test_navigation.py TestBackForwardNavigation.test_no_history_items
16:40:29     INFO - TEST-PASS | test_navigation.py TestBackForwardNavigation.test_no_history_items | took 5516ms
16:40:29     INFO - TEST-START | test_navigation.py TestBackForwardNavigation.test_remoteness_change
16:40:33     INFO - TEST-SKIP | test_navigation.py TestBackForwardNavigation.test_remoteness_change | took 3948ms
16:40:35     INFO - TEST-START | test_navigation.py TestBackForwardNavigation.test_same_document_hash_change
16:40:46     INFO - TEST-PASS | test_navigation.py TestBackForwardNavigation.test_same_document_hash_change | took 10603ms
16:40:46     INFO - TEST-START | test_navigation.py TestBackForwardNavigation.test_timeout_error
16:41:17     INFO - TEST-PASS | test_navigation.py TestBackForwardNavigation.test_timeout_error | took 30820ms
16:41:17     INFO - TEST-START | test_navigation.py TestNavigate.test_about_blank_for_new_docshell
16:41:23     INFO - TEST-PASS | test_navigation.py TestNavigate.test_about_blank_for_new_docshell | took 6235ms
16:41:23     INFO - TEST-START | test_navigation.py TestNavigate.test_error_when_exceeding_page_load_timeout
16:41:26     INFO - TEST-PASS | test_navigation.py TestNavigate.test_error_when_exceeding_page_load_timeout | took 3178ms
16:41:26     INFO - TEST-START | test_navigation.py TestNavigate.test_find_element_state_complete
16:41:36     INFO - TEST-PASS | test_navigation.py TestNavigate.test_find_element_state_complete | took 10140ms
16:41:36     INFO - TEST-START | test_navigation.py TestNavigate.test_focus_after_navigation
16:41:36     INFO - TEST-SKIP | test_navigation.py TestNavigate.test_focus_after_navigation | took 1ms
16:41:36     INFO - TEST-START | test_navigation.py TestNavigate.test_get_current_url
16:41:40     INFO - TEST-PASS | test_navigation.py TestNavigate.test_get_current_url | took 3901ms
16:41:40     INFO - TEST-START | test_navigation.py TestNavigate.test_get_current_url_returns_top_level_browsing_context_url
16:41:45     INFO - TEST-PASS | test_navigation.py TestNavigate.test_get_current_url_returns_top_level_browsing_context_url | took 4562ms
16:41:45     INFO - TEST-START | test_navigation.py TestNavigate.test_invalid_protocol
16:41:48     INFO - TEST-PASS | test_navigation.py TestNavigate.test_invalid_protocol | took 3188ms
16:41:48     INFO - TEST-START | test_navigation.py TestNavigate.test_navigate_chrome_error
16:41:50     INFO - TEST-PASS | test_navigation.py TestNavigate.test_navigate_chrome_error | took 2642ms
16:41:50     INFO - TEST-START | test_navigation.py TestNavigate.test_navigate_hash_change
16:41:53     INFO - TEST-PASS | test_navigation.py TestNavigate.test_navigate_hash_change | took 2945ms
16:41:53     INFO - TEST-START | test_navigation.py TestNavigate.test_navigate_in_child_frame_changes_to_top
16:42:03     INFO - TEST-PASS | test_navigation.py TestNavigate.test_navigate_in_child_frame_changes_to_top | took 9776ms
16:42:03     INFO - TEST-START | test_navigation.py TestNavigate.test_navigate_to_same_image_document_twice
16:42:16     INFO - TEST-PASS | test_navigation.py TestNavigate.test_navigate_to_same_image_document_twice | took 12902ms
16:42:16     INFO - TEST-START | test_navigation.py TestNavigate.test_refresh
16:42:21     INFO - TEST-PASS | test_navigation.py TestNavigate.test_refresh | took 5100ms
16:42:21     INFO - TEST-START | test_navigation.py TestNavigate.test_set_location_through_execute_script
16:42:24     INFO - TEST-PASS | test_navigation.py TestNavigate.test_set_location_through_execute_script | took 3082ms
16:42:24     INFO - TEST-START | test_navigation.py TestTLSNavigation.test_deactivation
16:42:26     INFO -  with safe session
16:42:29     INFO -  with unsafe session
16:42:31     INFO -  with safe session again
16:42:34     INFO - TEST-PASS | test_navigation.py TestTLSNavigation.test_deactivation | took 9402ms
16:42:34     INFO - TEST-START | test_navigation.py TestTLSNavigation.test_navigate_by_click
16:42:39     INFO - TEST-PASS | test_navigation.py TestTLSNavigation.test_navigate_by_click | took 5427ms
16:42:39     INFO - TEST-START | test_navigation.py TestTLSNavigation.test_navigate_by_command
16:42:52     INFO - TEST-PASS | test_navigation.py TestTLSNavigation.test_navigate_by_command | took 12967ms
16:42:52     INFO - TEST-START | test_timeouts.py TestTimeouts.test_compat_input_types
16:42:53     INFO - TEST-PASS | test_timeouts.py TestTimeouts.test_compat_input_types | took 564ms
16:42:53     INFO - TEST-START | test_timeouts.py TestTimeouts.test_deprecated_set_page_load_timeout
16:42:53     INFO - TEST-PASS | test_timeouts.py TestTimeouts.test_deprecated_set_page_load_timeout | took 545ms
16:42:53     INFO - TEST-START | test_timeouts.py TestTimeouts.test_deprecated_set_script_timeout
16:42:55     INFO - TEST-PASS | test_timeouts.py TestTimeouts.test_deprecated_set_script_timeout | took 1922ms
16:42:55     INFO - TEST-START | test_timeouts.py TestTimeouts.test_deprecated_set_search_timeout
16:42:56     INFO - TEST-PASS | test_timeouts.py TestTimeouts.test_deprecated_set_search_timeout | took 1278ms
16:42:56     INFO - TEST-START | test_timeouts.py TestTimeouts.test_deprecated_set_timeouts_command
16:42:58     INFO - TEST-PASS | test_timeouts.py TestTimeouts.test_deprecated_set_timeouts_command | took 1176ms
16:42:58     INFO - TEST-START | test_timeouts.py TestTimeouts.test_execute_async_timeout_settimeout
16:43:01     INFO - TEST-PASS | test_timeouts.py TestTimeouts.test_execute_async_timeout_settimeout | took 3182ms
16:43:01     INFO - TEST-START | test_timeouts.py TestTimeouts.test_no_timeout_settimeout
16:43:03     INFO - TEST-PASS | test_timeouts.py TestTimeouts.test_no_timeout_settimeout | took 2602ms
16:43:03     INFO - TEST-START | test_timeouts.py TestTimeouts.test_page_timeout_fail
16:43:05     INFO - TEST-PASS | test_timeouts.py TestTimeouts.test_page_timeout_fail | took 2068ms
16:43:05     INFO - TEST-START | test_timeouts.py TestTimeouts.test_page_timeout_notdefinetimeout_pass
16:43:08     INFO - TEST-PASS | test_timeouts.py TestTimeouts.test_page_timeout_notdefinetimeout_pass | took 2224ms
16:43:08     INFO - TEST-START | test_timeouts.py TestTimeouts.test_page_timeout_pass
16:43:10     INFO - TEST-PASS | test_timeouts.py TestTimeouts.test_page_timeout_pass | took 2143ms
16:43:10     INFO - TEST-START | test_timeouts.py TestTimeouts.test_reset_timeout
16:43:13     INFO - Application command: /builds/slave/test/build/application/firefox/firefox -no-remote -marionette -profile /tmp/tmpGviXUM.mozrunner
16:43:29     INFO - Application command: /builds/slave/test/build/application/firefox/firefox -no-remote -marionette -profile /tmp/tmpDde4Nk.mozrunner
16:43:49     INFO - TEST-PASS | test_timeouts.py TestTimeouts.test_reset_timeout | took 39738ms
16:43:49     INFO - TEST-START | test_timeouts.py TestTimeouts.test_search_timeout_found
16:43:54     INFO - TEST-PASS | test_timeouts.py TestTimeouts.test_search_timeout_found | took 4973ms
16:43:54     INFO - TEST-START | test_timeouts.py TestTimeouts.test_search_timeout_found_settimeout
16:43:58     INFO - TEST-PASS | test_timeouts.py TestTimeouts.test_search_timeout_found_settimeout | took 4026ms
16:43:58     INFO - TEST-START | test_timeouts.py TestTimeouts.test_search_timeout_notfound_settimeout
16:44:01     INFO - TEST-PASS | test_timeouts.py TestTimeouts.test_search_timeout_notfound_settimeout | took 2254ms
16:44:01     INFO - TEST-START | test_single_finger_desktop.py testSingleFingerMouse.test_chain
16:44:07     INFO - TEST-PASS | test_single_finger_desktop.py testSingleFingerMouse.test_chain | took 5877ms
16:44:07     INFO - TEST-START | test_single_finger_desktop.py testSingleFingerMouse.test_chain_flick
16:44:08     INFO - TEST-PASS | test_single_finger_desktop.py testSingleFingerMouse.test_chain_flick | took 1606ms
16:44:08     INFO - TEST-START | test_single_finger_desktop.py testSingleFingerMouse.test_context_menu
16:44:08     INFO - TEST-SKIP | test_single_finger_desktop.py testSingleFingerMouse.test_context_menu | took 0ms
16:44:08     INFO - TEST-START | test_single_finger_desktop.py testSingleFingerMouse.test_double_tap
16:44:10     INFO - TEST-PASS | test_single_finger_desktop.py testSingleFingerMouse.test_double_tap | took 2070ms
16:44:10     INFO - TEST-START | test_single_finger_desktop.py testSingleFingerMouse.test_long_press_action
16:44:10     INFO - TEST-SKIP | test_single_finger_desktop.py testSingleFingerMouse.test_long_press_action | took 1ms
16:44:10     INFO - TEST-START | test_single_finger_desktop.py testSingleFingerMouse.test_long_press_fail
16:44:10     INFO - TEST-SKIP | test_single_finger_desktop.py testSingleFingerMouse.test_long_press_fail | took 1ms
16:44:10     INFO - TEST-START | test_single_finger_desktop.py testSingleFingerMouse.test_long_press_on_xy_action
16:44:10     INFO - TEST-SKIP | test_single_finger_desktop.py testSingleFingerMouse.test_long_press_on_xy_action | took 8ms
16:44:10     INFO - TEST-START | test_single_finger_desktop.py testSingleFingerMouse.test_move_by_offset
16:44:12     INFO - TEST-PASS | test_single_finger_desktop.py testSingleFingerMouse.test_move_by_offset | took 2132ms
16:44:12     INFO - TEST-START | test_single_finger_desktop.py testSingleFingerMouse.test_move_element
16:44:15     INFO - TEST-PASS | test_single_finger_desktop.py testSingleFingerMouse.test_move_element | took 2407ms
16:44:15     INFO - TEST-START | test_single_finger_desktop.py testSingleFingerMouse.test_press_release
16:44:19     INFO - TEST-PASS | test_single_finger_desktop.py testSingleFingerMouse.test_press_release | took 3635ms
16:44:19     INFO - TEST-START | test_single_finger_desktop.py testSingleFingerMouse.test_press_release_twice
16:44:20     INFO - TEST-PASS | test_single_finger_desktop.py testSingleFingerMouse.test_press_release_twice | took 1957ms
16:44:20     INFO - TEST-START | test_single_finger_desktop.py testSingleFingerMouse.test_single_tap
16:44:23     INFO - TEST-PASS | test_single_finger_desktop.py testSingleFingerMouse.test_single_tap | took 2135ms
16:44:23     INFO - TEST-START | test_single_finger_desktop.py testSingleFingerMouse.test_wait
16:44:24     INFO - TEST-PASS | test_single_finger_desktop.py testSingleFingerMouse.test_wait | took 1739ms
16:44:24     INFO - TEST-START | test_single_finger_desktop.py testSingleFingerMouse.test_wait_with_value
16:44:26     INFO - TEST-PASS | test_single_finger_desktop.py testSingleFingerMouse.test_wait_with_value | took 2010ms
16:44:26     INFO - TEST-START | test_simpletest_sanity.py SimpletestSanityTest.test_is
16:44:28     INFO - TEST-PASS | test_simpletest_sanity.py SimpletestSanityTest.test_is | took 1728ms
16:44:28     INFO - TEST-START | test_simpletest_sanity.py SimpletestSanityTest.test_isnot
16:44:31     INFO - TEST-PASS | test_simpletest_sanity.py SimpletestSanityTest.test_isnot | took 3091ms
16:44:31     INFO - TEST-START | test_simpletest_sanity.py SimpletestSanityTest.test_ok
16:44:33     INFO - TEST-PASS | test_simpletest_sanity.py SimpletestSanityTest.test_ok | took 1471ms
16:44:33     INFO - TEST-START | test_simpletest_sanity.py SimpletestSanityTest.test_todo
16:44:34     INFO - TEST-PASS | test_simpletest_sanity.py SimpletestSanityTest.test_todo | took 1256ms
16:44:34     INFO - TEST-START | test_anonymous_content.py TestAnonymousNodes.test_find_anonymous_children
16:44:39     INFO - TEST-PASS | test_anonymous_content.py TestAnonymousNodes.test_find_anonymous_children | took 4810ms
16:44:39     INFO - TEST-START | test_anonymous_content.py TestAnonymousNodes.test_find_anonymous_element_by_attribute
16:44:43     INFO - TEST-PASS | test_anonymous_content.py TestAnonymousNodes.test_find_anonymous_element_by_attribute | took 4124ms
16:44:43     INFO - TEST-START | test_anonymous_content.py TestAnonymousNodes.test_find_anonymous_elements_by_attribute
16:44:49     INFO - TEST-PASS | test_anonymous_content.py TestAnonymousNodes.test_find_anonymous_elements_by_attribute | took 6274ms
16:44:49     INFO - TEST-START | test_anonymous_content.py TestAnonymousNodes.test_switch_to_anonymous_frame
16:44:54     INFO - TEST-PASS | test_anonymous_content.py TestAnonymousNodes.test_switch_to_anonymous_frame | took 5274ms
16:44:54     INFO - TEST-START | test_anonymous_content.py TestAnonymousNodes.test_switch_to_anonymous_iframe
16:44:59     INFO - TEST-PASS | test_anonymous_content.py TestAnonymousNodes.test_switch_to_anonymous_iframe | took 4232ms
16:44:59     INFO - TEST-START | test_switch_frame.py TestSwitchFrame.test_should_allow_a_user_to_switch_from_an_iframe_back_to_the_main_content_of_the_page
16:45:01     INFO - TEST-PASS | test_switch_frame.py TestSwitchFrame.test_should_allow_a_user_to_switch_from_an_iframe_back_to_the_main_content_of_the_page | took 2780ms
16:45:01     INFO - TEST-START | test_switch_frame.py TestSwitchFrame.test_should_be_able_to_carry_on_working_if_the_frame_is_deleted_from_under_us
16:45:06     INFO - TEST-PASS | test_switch_frame.py TestSwitchFrame.test_should_be_able_to_carry_on_working_if_the_frame_is_deleted_from_under_us | took 4293ms
16:45:06     INFO - TEST-START | test_switch_frame.py TestSwitchFrame.test_should_be_able_to_switch_to_a_frame_by_its_index
16:45:10     INFO - TEST-PASS | test_switch_frame.py TestSwitchFrame.test_should_be_able_to_switch_to_a_frame_by_its_index | took 4190ms
16:45:10     INFO - TEST-START | test_switch_frame.py TestSwitchFrame.test_should_be_able_to_switch_to_a_frame_using_a_previously_located_element
16:45:14     INFO - TEST-PASS | test_switch_frame.py TestSwitchFrame.test_should_be_able_to_switch_to_a_frame_using_a_previously_located_element | took 3970ms
16:45:14     INFO - TEST-START | test_switch_frame.py TestSwitchFrame.test_should_be_able_to_switch_to_parent_from_iframe
16:45:16     INFO - TEST-PASS | test_switch_frame.py TestSwitchFrame.test_should_be_able_to_switch_to_parent_from_iframe | took 2428ms
16:45:16     INFO - TEST-START | test_switch_frame.py TestSwitchFrame.test_should_be_able_to_switch_to_parent_from_second_level
16:45:21     INFO - TEST-PASS | test_switch_frame.py TestSwitchFrame.test_should_be_able_to_switch_to_parent_from_second_level | took 4275ms
16:45:21     INFO - TEST-START | test_switch_frame.py TestSwitchFrame.test_stack_trace
16:45:23     INFO - TEST-PASS | test_switch_frame.py TestSwitchFrame.test_stack_trace | took 2771ms
16:45:23     INFO - TEST-START | test_switch_frame.py TestSwitchFrame.test_switch_nested
16:45:27     INFO - TEST-PASS | test_switch_frame.py TestSwitchFrame.test_switch_nested | took 3604ms
16:45:27     INFO - TEST-START | test_switch_frame.py TestSwitchFrame.test_switch_simple
16:45:30     INFO - TEST-PASS | test_switch_frame.py TestSwitchFrame.test_switch_simple | took 2881ms
16:45:30     INFO - TEST-START | test_switch_frame.py TestSwitchFrame.test_switch_to_frame_with_negative_index
16:45:32     INFO - TEST-PASS | test_switch_frame.py TestSwitchFrame.test_switch_to_frame_with_negative_index | took 2395ms
16:45:32     INFO - TEST-START | test_switch_frame.py TestSwitchFrame.test_switch_to_frame_with_out_of_bounds_index
16:45:34     INFO - TEST-PASS | test_switch_frame.py TestSwitchFrame.test_switch_to_frame_with_out_of_bounds_index | took 1602ms
16:45:34     INFO - TEST-START | test_switch_frame.py TestSwitchFrame.test_switch_to_parent_frame
16:45:38     INFO - TEST-PASS | test_switch_frame.py TestSwitchFrame.test_switch_to_parent_frame | took 4427ms
16:45:38     INFO - TEST-START | test_switch_frame.py TestSwitchFrame.test_switch_to_parent_frame_from_default_context_is_a_noop
16:45:40     INFO - TEST-PASS | test_switch_frame.py TestSwitchFrame.test_switch_to_parent_frame_from_default_context_is_a_noop | took 2132ms
16:45:40     INFO - TEST-START | test_switch_frame_chrome.py TestSwitchFrameChrome.test_stack_trace
16:45:43     INFO - TEST-PASS | test_switch_frame_chrome.py TestSwitchFrameChrome.test_stack_trace | took 2202ms
16:45:43     INFO - TEST-START | test_switch_frame_chrome.py TestSwitchFrameChrome.test_switch_simple
16:45:46     INFO - TEST-PASS | test_switch_frame_chrome.py TestSwitchFrameChrome.test_switch_simple | took 3045ms
16:45:46     INFO - TEST-START | test_switch_remote_frame.py TestSwitchRemoteFrame.test_remote_frame
16:45:54     INFO - TEST-PASS | test_switch_remote_frame.py TestSwitchRemoteFrame.test_remote_frame | took 8750ms
16:45:54     INFO - TEST-START | test_switch_remote_frame.py TestSwitchRemoteFrame.test_remote_frame_revisit
16:46:07     INFO - TEST-PASS | test_switch_remote_frame.py TestSwitchRemoteFrame.test_remote_frame_revisit | took 12569ms
16:46:07     INFO - TEST-START | test_switch_remote_frame.py TestSwitchRemoteFrame.test_we_can_switch_to_a_remote_frame_by_index
16:46:15     INFO - TEST-PASS | test_switch_remote_frame.py TestSwitchRemoteFrame.test_we_can_switch_to_a_remote_frame_by_index | took 8237ms
16:46:15     INFO - TEST-START | test_switch_window_content.py TestSwitchToWindowContent.test_switch_from_content_to_chrome_window_should_not_change_selected_tab
16:46:23     INFO - TEST-PASS | test_switch_window_content.py TestSwitchToWindowContent.test_switch_from_content_to_chrome_window_should_not_change_selected_tab | took 7220ms
16:46:23     INFO - TEST-START | test_switch_window_content.py TestSwitchToWindowContent.test_switch_tabs_with_focus_change
16:46:30     INFO - TEST-PASS | test_switch_window_content.py TestSwitchToWindowContent.test_switch_tabs_with_focus_change | took 7753ms
16:46:30     INFO - TEST-START | test_switch_window_content.py TestSwitchToWindowContent.test_switch_tabs_without_focus_change
16:46:35     INFO - TEST-PASS | test_switch_window_content.py TestSwitchToWindowContent.test_switch_tabs_without_focus_change | took 4687ms
16:46:35     INFO - TEST-START | test_switch_window_content.py TestSwitchToWindowContent.test_switch_to_new_private_browsing_window_has_to_register_browsers
16:46:44     INFO - TEST-PASS | test_switch_window_content.py TestSwitchToWindowContent.test_switch_to_new_private_browsing_window_has_to_register_browsers | took 9488ms
16:46:44     INFO - TEST-START | test_switch_window_chrome.py TestSwitchWindowChrome.test_switch_from_content_to_chrome_window_should_not_change_selected_tab
16:46:51     INFO - TEST-PASS | test_switch_window_chrome.py TestSwitchWindowChrome.test_switch_from_content_to_chrome_window_should_not_change_selected_tab | took 6666ms
16:46:51     INFO - TEST-START | test_switch_window_chrome.py TestSwitchWindowChrome.test_switch_tabs_for_new_background_window_without_focus_change
16:46:51     INFO - TEST-SKIP | test_switch_window_chrome.py TestSwitchWindowChrome.test_switch_tabs_for_new_background_window_without_focus_change | took 0ms
16:46:51     INFO - TEST-START | test_switch_window_chrome.py TestSwitchWindowChrome.test_switch_tabs_for_new_foreground_window_with_focus_change
16:47:03     INFO - TEST-PASS | test_switch_window_chrome.py TestSwitchWindowChrome.test_switch_tabs_for_new_foreground_window_with_focus_change | took 11540ms
16:47:03     INFO - TEST-START | test_switch_window_chrome.py TestSwitchWindowChrome.test_switch_tabs_for_new_foreground_window_without_focus_change
16:47:14     INFO - TEST-PASS | test_switch_window_chrome.py TestSwitchWindowChrome.test_switch_tabs_for_new_foreground_window_without_focus_change | took 11354ms
16:47:14     INFO - TEST-START | test_switch_window_chrome.py TestSwitchWindowChrome.test_switch_tabs_with_focus_change
16:47:22     INFO - TEST-PASS | test_switch_window_chrome.py TestSwitchWindowChrome.test_switch_tabs_with_focus_change | took 8439ms
16:47:22     INFO - TEST-START | test_switch_window_chrome.py TestSwitchWindowChrome.test_switch_tabs_without_focus_change
16:47:28     INFO - TEST-PASS | test_switch_window_chrome.py TestSwitchWindowChrome.test_switch_tabs_without_focus_change | took 5135ms
16:47:28     INFO - TEST-START | test_switch_window_chrome.py TestSwitchWindowChrome.test_switch_to_new_private_browsing_window_has_to_register_browsers
16:47:36     INFO - TEST-PASS | test_switch_window_chrome.py TestSwitchWindowChrome.test_switch_to_new_private_browsing_window_has_to_register_browsers | took 8568ms
16:47:36     INFO - TEST-START | test_switch_window_content.py TestSwitchToWindowContent.test_switch_from_content_to_chrome_window_should_not_change_selected_tab
16:47:42     INFO - TEST-PASS | test_switch_window_content.py TestSwitchToWindowContent.test_switch_from_content_to_chrome_window_should_not_change_selected_tab | took 5529ms
16:47:42     INFO - TEST-START | test_switch_window_content.py TestSwitchToWindowContent.test_switch_tabs_with_focus_change
16:47:51     INFO - TEST-PASS | test_switch_window_content.py TestSwitchToWindowContent.test_switch_tabs_with_focus_change | took 8949ms
16:47:51     INFO - TEST-START | test_switch_window_content.py TestSwitchToWindowContent.test_switch_tabs_without_focus_change
16:47:56     INFO - TEST-PASS | test_switch_window_content.py TestSwitchToWindowContent.test_switch_tabs_without_focus_change | took 5386ms
16:47:56     INFO - TEST-START | test_switch_window_content.py TestSwitchToWindowContent.test_switch_to_new_private_browsing_window_has_to_register_browsers
16:48:05     INFO - TEST-PASS | test_switch_window_content.py TestSwitchToWindowContent.test_switch_to_new_private_browsing_window_has_to_register_browsers | took 8985ms
16:48:05     INFO - TEST-START | test_pagesource.py TestPageSource.testShouldReturnAXMLDocumentSource
16:48:07     INFO - TEST-PASS | test_pagesource.py TestPageSource.testShouldReturnAXMLDocumentSource | took 1802ms
16:48:07     INFO - TEST-START | test_pagesource.py TestPageSource.testShouldReturnTheSourceOfAPage
16:48:09     INFO - TEST-PASS | test_pagesource.py TestPageSource.testShouldReturnTheSourceOfAPage | took 2224ms
16:48:09     INFO - TEST-START | test_pagesource.py TestPageSource.testShouldReturnTheSourceOfAPageWhenThereAreUnicodeChars
16:48:10     INFO - TEST-PASS | test_pagesource.py TestPageSource.testShouldReturnTheSourceOfAPageWhenThereAreUnicodeChars | took 1419ms
16:48:10     INFO - TEST-START | test_pagesource_chrome.py TestPageSourceChrome.testShouldReturnXULDetails
16:48:14     INFO - TEST-PASS | test_pagesource_chrome.py TestPageSourceChrome.testShouldReturnXULDetails | took 3086ms
16:48:14     INFO - TEST-START | test_visibility.py TestVisibility.testHiddenInputElementsAreNeverVisible
16:48:18     INFO - TEST-PASS | test_visibility.py TestVisibility.testHiddenInputElementsAreNeverVisible | took 4676ms
16:48:18     INFO - TEST-START | test_visibility.py TestVisibility.testShouldAllowTheUserToTellIfAnElementIsDisplayedOrNot
16:48:21     INFO - TEST-PASS | test_visibility.py TestVisibility.testShouldAllowTheUserToTellIfAnElementIsDisplayedOrNot | took 3041ms
16:48:21     INFO - TEST-START | test_visibility.py TestVisibility.testShouldClickOnELementPartiallyOffBottom
16:48:24     INFO - TEST-PASS | test_visibility.py TestVisibility.testShouldClickOnELementPartiallyOffBottom | took 2503ms
16:48:24     INFO - TEST-START | test_visibility.py TestVisibility.testShouldClickOnELementPartiallyOffLeft
16:48:26     INFO - TEST-PASS | test_visibility.py TestVisibility.testShouldClickOnELementPartiallyOffLeft | took 2444ms
16:48:26     INFO - TEST-START | test_visibility.py TestVisibility.testShouldClickOnELementPartiallyOffRight
16:48:30     INFO - TEST-PASS | test_visibility.py TestVisibility.testShouldClickOnELementPartiallyOffRight | took 3355ms
16:48:30     INFO - TEST-START | test_visibility.py TestVisibility.testShouldClickOnELementPartiallyOffTop
16:48:32     INFO - TEST-PASS | test_visibility.py TestVisibility.testShouldClickOnELementPartiallyOffTop | took 1986ms
16:48:32     INFO - TEST-START | test_visibility.py TestVisibility.testShouldCountElementsAsVisibleIfStylePropertyHasBeenSet
16:48:33     INFO - TEST-PASS | test_visibility.py TestVisibility.testShouldCountElementsAsVisibleIfStylePropertyHasBeenSet | took 1658ms
16:48:33     INFO - TEST-START | test_visibility.py TestVisibility.testShouldModifyTheVisibilityOfAnElementDynamically
16:48:36     INFO - TEST-PASS | test_visibility.py TestVisibility.testShouldModifyTheVisibilityOfAnElementDynamically | took 3198ms
16:48:36     INFO - TEST-START | test_visibility.py TestVisibility.testShouldSayElementIsInvisibleWhenOverflowXIsHiddenAndOutOfViewport
16:48:39     INFO - TEST-PASS | test_visibility.py TestVisibility.testShouldSayElementIsInvisibleWhenOverflowXIsHiddenAndOutOfViewport | took 2598ms
16:48:39     INFO - TEST-START | test_visibility.py TestVisibility.testShouldSayElementIsVisibleWhenItHasNegativeTransformButElementisntInANegativeSpace
16:48:41     INFO - TEST-PASS | test_visibility.py TestVisibility.testShouldSayElementIsVisibleWhenItHasNegativeTransformButElementisntInANegativeSpace | took 2396ms
16:48:41     INFO - TEST-START | test_visibility.py TestVisibility.testShouldSayElementWithZeroTransformIsVisible
16:48:44     INFO - TEST-PASS | test_visibility.py TestVisibility.testShouldSayElementWithZeroTransformIsVisible | took 2738ms
16:48:44     INFO - TEST-START | test_visibility.py TestVisibility.testShouldSayElementsWithNegativeTransformAreNotDisplayed
16:48:47     INFO - TEST-PASS | test_visibility.py TestVisibility.testShouldSayElementsWithNegativeTransformAreNotDisplayed | took 2895ms
16:48:47     INFO - TEST-START | test_visibility.py TestVisibility.testShouldSayElementsWithParentWithNegativeTransformAreNotDisplayed
16:48:50     INFO - TEST-PASS | test_visibility.py TestVisibility.testShouldSayElementsWithParentWithNegativeTransformAreNotDisplayed | took 2925ms
16:48:50     INFO - TEST-START | test_visibility.py TestVisibility.testShouldShowElementNotVisibleWhenParentElementHasHiddenAttribute
16:48:52     INFO - TEST-PASS | test_visibility.py TestVisibility.testShouldShowElementNotVisibleWhenParentElementHasHiddenAttribute | took 2234ms
16:48:52     INFO - TEST-START | test_visibility.py TestVisibility.testShouldShowElementNotVisibleWithHiddenAttribute
16:48:53     INFO - TEST-PASS | test_visibility.py TestVisibility.testShouldShowElementNotVisibleWithHiddenAttribute | took 1235ms
16:48:53     INFO - TEST-START | test_visibility.py TestVisibility.testVisibilityShouldTakeIntoAccountParentVisibility
16:48:56     INFO - TEST-PASS | test_visibility.py TestVisibility.testVisibilityShouldTakeIntoAccountParentVisibility | took 2840ms
16:48:56     INFO - TEST-START | test_window_handles_chrome.py TestWindowHandles.test_chrome_window_handles_after_opening_new_window
16:49:05     INFO - TEST-PASS | test_window_handles_chrome.py TestWindowHandles.test_chrome_window_handles_after_opening_new_window | took 8816ms
16:49:05     INFO - TEST-START | test_window_handles_chrome.py TestWindowHandles.test_chrome_window_handles_with_scopes
16:49:14     INFO - TEST-PASS | test_window_handles_chrome.py TestWindowHandles.test_chrome_window_handles_with_scopes | took 8872ms
16:49:14     INFO - TEST-START | test_window_handles_chrome.py TestWindowHandles.test_window_handles_after_closing_original_tab
16:49:18     INFO - TEST-PASS | test_window_handles_chrome.py TestWindowHandles.test_window_handles_after_closing_original_tab | took 4203ms
16:49:18     INFO - TEST-START | test_window_handles_chrome.py TestWindowHandles.test_window_handles_after_opening_new_tab
16:49:25     INFO - TEST-PASS | test_window_handles_chrome.py TestWindowHandles.test_window_handles_after_opening_new_tab | took 6748ms
16:49:25     INFO - TEST-START | test_window_handles_chrome.py TestWindowHandles.test_window_handles_after_opening_new_window
16:49:37     INFO - TEST-PASS | test_window_handles_chrome.py TestWindowHandles.test_window_handles_after_opening_new_window | took 12262ms
16:49:37     INFO - TEST-START | test_window_handles_chrome.py TestWindowHandles.test_window_handles_no_switch
16:49:44     INFO - TEST-PASS | test_window_handles_chrome.py TestWindowHandles.test_window_handles_no_switch | took 6547ms
16:49:44     INFO - TEST-START | test_window_handles_content.py TestWindowHandles.test_window_handles_after_closing_original_tab
16:49:48     INFO - TEST-PASS | test_window_handles_content.py TestWindowHandles.test_window_handles_after_closing_original_tab | took 3843ms
16:49:48     INFO - TEST-START | test_window_handles_content.py TestWindowHandles.test_window_handles_after_opening_new_tab
16:49:53     INFO - TEST-PASS | test_window_handles_content.py TestWindowHandles.test_window_handles_after_opening_new_tab | took 5495ms
16:49:53     INFO - TEST-START | test_window_handles_content.py TestWindowHandles.test_window_handles_after_opening_new_window
16:50:02     INFO - TEST-PASS | test_window_handles_content.py TestWindowHandles.test_window_handles_after_opening_new_window | took 8553ms
16:50:02     INFO - TEST-START | test_window_close_chrome.py TestCloseWindow.test_close_chrome_window_for_browser_window
16:50:07     INFO - TEST-PASS | test_window_close_chrome.py TestCloseWindow.test_close_chrome_window_for_browser_window | took 5310ms
16:50:07     INFO - TEST-START | test_window_close_chrome.py TestCloseWindow.test_close_chrome_window_for_last_open_window
16:50:09     INFO - TEST-PASS | test_window_close_chrome.py TestCloseWindow.test_close_chrome_window_for_last_open_window | took 1956ms
16:50:09     INFO - TEST-START | test_window_close_chrome.py TestCloseWindow.test_close_chrome_window_for_non_browser_window
16:50:12     INFO - TEST-PASS | test_window_close_chrome.py TestCloseWindow.test_close_chrome_window_for_non_browser_window | took 2700ms
16:50:12     INFO - TEST-START | test_window_close_chrome.py TestCloseWindow.test_close_window_for_browser_tab
16:50:15     INFO - TEST-PASS | test_window_close_chrome.py TestCloseWindow.test_close_window_for_browser_tab | took 3016ms
16:50:15     INFO - TEST-START | test_window_close_chrome.py TestCloseWindow.test_close_window_for_browser_window_with_single_tab
16:50:20     INFO - TEST-PASS | test_window_close_chrome.py TestCloseWindow.test_close_window_for_browser_window_with_single_tab | took 5243ms
16:50:20     INFO - TEST-START | test_window_close_chrome.py TestCloseWindow.test_close_window_for_last_open_tab
16:50:21     INFO - TEST-PASS | test_window_close_chrome.py TestCloseWindow.test_close_window_for_last_open_tab | took 1146ms
16:50:21     INFO - TEST-START | test_window_close_content.py TestCloseWindow.test_close_chrome_window_for_browser_window
16:50:27     INFO - TEST-PASS | test_window_close_content.py TestCloseWindow.test_close_chrome_window_for_browser_window | took 5544ms
16:50:27     INFO - TEST-START | test_window_close_content.py TestCloseWindow.test_close_chrome_window_for_last_open_window
16:50:28     INFO - TEST-PASS | test_window_close_content.py TestCloseWindow.test_close_chrome_window_for_last_open_window | took 1174ms
16:50:28     INFO - TEST-START | test_window_close_content.py TestCloseWindow.test_close_chrome_window_for_non_browser_window
16:50:31     INFO - TEST-PASS | test_window_close_content.py TestCloseWindow.test_close_chrome_window_for_non_browser_window | took 2907ms
16:50:31     INFO - TEST-START | test_window_close_content.py TestCloseWindow.test_close_window_for_browser_tab
16:50:35     INFO - TEST-PASS | test_window_close_content.py TestCloseWindow.test_close_window_for_browser_tab | took 4456ms
16:50:35     INFO - TEST-START | test_window_close_content.py TestCloseWindow.test_close_window_for_browser_window_with_single_tab
16:50:40     INFO - TEST-PASS | test_window_close_content.py TestCloseWindow.test_close_window_for_browser_window_with_single_tab | took 5311ms
16:50:40     INFO - TEST-START | test_window_close_content.py TestCloseWindow.test_close_window_for_last_open_tab
16:50:41     INFO - TEST-PASS | test_window_close_content.py TestCloseWindow.test_close_window_for_last_open_tab | took 854ms
16:50:41     INFO - TEST-START | test_window_position.py TestWindowPosition.test_get_types
16:50:42     INFO - TEST-PASS | test_window_position.py TestWindowPosition.test_get_types | took 684ms
16:50:42     INFO - TEST-START | test_window_position.py TestWindowPosition.test_move
16:50:44     INFO - TEST-PASS | test_window_position.py TestWindowPosition.test_move | took 1641ms
16:50:44     INFO - TEST-START | test_window_position.py TestWindowPosition.test_out_of_bounds_arguments
16:50:44     INFO - TEST-PASS | test_window_position.py TestWindowPosition.test_out_of_bounds_arguments | took 572ms
16:50:44     INFO - TEST-START | test_window_position.py TestWindowPosition.test_set_types
16:50:45     INFO - TEST-PASS | test_window_position.py TestWindowPosition.test_set_types | took 591ms
16:50:45     INFO - TEST-START | test_screenshot.py TestScreenCaptureChrome.test_capture_different_context
16:50:46     INFO - TEST-PASS | test_screenshot.py TestScreenCaptureChrome.test_capture_different_context | took 1310ms
16:50:46     INFO - TEST-START | test_screenshot.py TestScreenCaptureChrome.test_capture_element
16:50:50     INFO - TEST-PASS | test_screenshot.py TestScreenCaptureChrome.test_capture_element | took 3418ms
16:50:50     INFO - TEST-START | test_screenshot.py TestScreenCaptureChrome.test_capture_flags
16:50:53     INFO - TEST-PASS | test_screenshot.py TestScreenCaptureChrome.test_capture_flags | took 3103ms
16:50:53     INFO - TEST-START | test_screenshot.py TestScreenCaptureChrome.test_capture_full_area
16:50:55     INFO - TEST-PASS | test_screenshot.py TestScreenCaptureChrome.test_capture_full_area | took 1983ms
16:50:55     INFO - TEST-START | test_screenshot.py TestScreenCaptureChrome.test_capture_viewport
16:50:57     INFO - TEST-PASS | test_screenshot.py TestScreenCaptureChrome.test_capture_viewport | took 2469ms
16:50:57     INFO - TEST-START | test_screenshot.py TestScreenCaptureChrome.test_capture_window_already_closed
16:51:00     INFO - TEST-PASS | test_screenshot.py TestScreenCaptureChrome.test_capture_window_already_closed | took 2450ms
16:51:00     INFO - TEST-START | test_screenshot.py TestScreenCaptureChrome.test_format_unknown
16:51:01     INFO - TEST-PASS | test_screenshot.py TestScreenCaptureChrome.test_format_unknown | took 1369ms
16:51:01     INFO - TEST-START | test_screenshot.py TestScreenCaptureChrome.test_formats
16:51:04     INFO -  /usr/lib/python2.7/unittest/case.py:517: UnicodeWarning: Unicode unequal comparison failed to convert both arguments to Unicode - interpreting them as being unequal
16:51:04     INFO -    if not first != second:
16:51:05     INFO - TEST-PASS | test_screenshot.py TestScreenCaptureChrome.test_formats | took 4121ms
16:51:05     INFO - TEST-START | test_screenshot.py TestScreenCaptureChrome.test_highlight_element_not_seen
16:51:09     INFO - TEST-PASS | test_screenshot.py TestScreenCaptureChrome.test_highlight_element_not_seen | took 4344ms
16:51:09     INFO - TEST-START | test_screenshot.py TestScreenCaptureChrome.test_highlight_elements
16:51:12     INFO - TEST-PASS | test_screenshot.py TestScreenCaptureChrome.test_highlight_elements | took 2870ms
16:51:12     INFO - TEST-START | test_screenshot.py TestScreenCaptureContent.test_capture_element
16:51:16     INFO - TEST-PASS | test_screenshot.py TestScreenCaptureContent.test_capture_element | took 3469ms
16:51:16     INFO - TEST-START | test_screenshot.py TestScreenCaptureContent.test_capture_element_scrolled_into_view
16:51:16     INFO - TEST-SKIP | test_screenshot.py TestScreenCaptureContent.test_capture_element_scrolled_into_view | took 0ms
16:51:16     INFO - TEST-START | test_screenshot.py TestScreenCaptureContent.test_capture_flags
16:51:16     INFO - TEST-SKIP | test_screenshot.py TestScreenCaptureContent.test_capture_flags | took 4ms
16:51:16     INFO - TEST-START | test_screenshot.py TestScreenCaptureContent.test_capture_html_document_element
16:51:19     INFO - TEST-PASS | test_screenshot.py TestScreenCaptureContent.test_capture_html_document_element | took 2998ms
16:51:19     INFO - TEST-START | test_screenshot.py TestScreenCaptureContent.test_capture_svg_document_element
16:51:21     INFO - TEST-PASS | test_screenshot.py TestScreenCaptureContent.test_capture_svg_document_element | took 2240ms
16:51:21     INFO - TEST-START | test_screenshot.py TestScreenCaptureContent.test_capture_tab_already_closed
16:51:24     INFO - TEST-PASS | test_screenshot.py TestScreenCaptureContent.test_capture_tab_already_closed | took 3340ms
16:51:24     INFO - TEST-START | test_screenshot.py TestScreenCaptureContent.test_capture_viewport
16:51:28     INFO - TEST-PASS | test_screenshot.py TestScreenCaptureContent.test_capture_viewport | took 3847ms
16:51:28     INFO - TEST-START | test_screenshot.py TestScreenCaptureContent.test_capture_viewport_after_scroll
16:51:33     INFO - TEST-PASS | test_screenshot.py TestScreenCaptureContent.test_capture_viewport_after_scroll | took 5050ms
16:51:33     INFO - TEST-START | test_screenshot.py TestScreenCaptureContent.test_format_unknown
16:51:35     INFO - TEST-PASS | test_screenshot.py TestScreenCaptureContent.test_format_unknown | took 2103ms
16:51:35     INFO - TEST-START | test_screenshot.py TestScreenCaptureContent.test_formats
16:51:38     INFO - TEST-PASS | test_screenshot.py TestScreenCaptureContent.test_formats | took 2616ms
16:51:38     INFO - TEST-START | test_screenshot.py TestScreenCaptureContent.test_highlight_elements
16:51:41     INFO - TEST-PASS | test_screenshot.py TestScreenCaptureContent.test_highlight_elements | took 2932ms
16:51:41     INFO - TEST-START | test_screenshot.py TestScreenCaptureContent.test_scroll
16:51:47     INFO - TEST-PASS | test_screenshot.py TestScreenCaptureContent.test_scroll | took 5973ms
16:51:47     INFO - TEST-START | test_screenshot.py TestScreenCaptureContent.test_scroll_default
16:51:49     INFO - TEST-PASS | test_screenshot.py TestScreenCaptureContent.test_scroll_default | took 1876ms
16:51:49     INFO - TEST-START | test_screenshot.py TestScreenCaptureContent.test_scroll_no_element
16:51:53     INFO - TEST-PASS | test_screenshot.py TestScreenCaptureContent.test_scroll_no_element | took 4412ms
16:51:53     INFO - TEST-START | test_screenshot.py TestScreenCaptureContent.test_scroll_off
16:51:54     INFO - TEST-PASS | test_screenshot.py TestScreenCaptureContent.test_scroll_off | took 1177ms
16:51:54     INFO - TEST-START | test_cookies.py CookieTest.test_add_cookie
16:51:56     INFO - TEST-PASS | test_cookies.py CookieTest.test_add_cookie | took 2127ms
16:51:56     INFO - TEST-START | test_cookies.py CookieTest.test_adding_a_cookie_that_expired_in_the_past
16:51:58     INFO - TEST-PASS | test_cookies.py CookieTest.test_adding_a_cookie_that_expired_in_the_past | took 1668ms
16:51:58     INFO - TEST-START | test_cookies.py CookieTest.test_chrome_error
16:52:00     INFO - TEST-PASS | test_cookies.py CookieTest.test_chrome_error | took 1840ms
16:52:00     INFO - TEST-START | test_cookies.py CookieTest.test_delete_all_cookie
16:52:02     INFO -  foo=bar
16:52:02     INFO - TEST-PASS | test_cookies.py CookieTest.test_delete_all_cookie | took 2225ms
16:52:02     INFO - TEST-START | test_cookies.py CookieTest.test_delete_cookie
16:52:04     INFO - TEST-PASS | test_cookies.py CookieTest.test_delete_cookie | took 2092ms
16:52:04     INFO - TEST-START | test_cookies.py CookieTest.test_get_all_cookies
16:52:07     INFO - TEST-PASS | test_cookies.py CookieTest.test_get_all_cookies | took 2867ms
16:52:07     INFO - TEST-START | test_cookies.py CookieTest.test_should_get_cookie_by_name
16:52:09     INFO - TEST-PASS | test_cookies.py CookieTest.test_should_get_cookie_by_name | took 1807ms
16:52:09     INFO - TEST-START | test_cookies.py CookieTest.test_should_not_delete_cookies_with_a_similar_name
16:52:11     INFO - TEST-PASS | test_cookies.py CookieTest.test_should_not_delete_cookies_with_a_similar_name | took 2125ms
16:52:11     INFO - TEST-START | test_cookies.py CookieTest.test_we_get_required_elements_when_available
16:52:13     INFO - TEST-PASS | test_cookies.py CookieTest.test_we_get_required_elements_when_available | took 1489ms
16:52:13     INFO - TEST-START | test_window_title.py TestTitle.test_get_html_title
16:52:19     INFO - TEST-PASS | test_window_title.py TestTitle.test_get_html_title | took 5932ms
16:52:19     INFO - TEST-START | test_window_title_chrome.py TestTitleChrome.test_get_chrome_title
16:52:21     INFO - TEST-PASS | test_window_title_chrome.py TestTitleChrome.test_get_chrome_title | took 2273ms
16:52:21     INFO - TEST-START | test_window_type.py TestWindowTypeChrome.test_get_window_type
16:52:24     INFO - TEST-PASS | test_window_type.py TestWindowTypeChrome.test_get_window_type | took 3291ms
16:52:24     INFO - TEST-START | test_implicit_waits.py TestImplicitWaits.test_implicit_wait_reaches_timeout
16:52:29     INFO - TEST-PASS | test_implicit_waits.py TestImplicitWaits.test_implicit_wait_reaches_timeout | took 4569ms
16:52:29     INFO - TEST-START | test_implicit_waits.py TestImplicitWaits.test_implicitly_wait_for_single_element
16:52:32     INFO - TEST-PASS | test_implicit_waits.py TestImplicitWaits.test_implicitly_wait_for_single_element | took 3023ms
16:52:32     INFO - TEST-START | test_wait.py FormalWaitTest.test_clock_property
16:52:33     INFO - TEST-PASS | test_wait.py FormalWaitTest.test_clock_property | took 789ms
16:52:33     INFO - TEST-START | test_wait.py FormalWaitTest.test_construction_with_custom_clock
16:52:33     INFO - TEST-PASS | test_wait.py FormalWaitTest.test_construction_with_custom_clock | took 791ms
16:52:33     INFO - TEST-START | test_wait.py FormalWaitTest.test_construction_with_custom_exception
16:52:34     INFO - TEST-PASS | test_wait.py FormalWaitTest.test_construction_with_custom_exception | took 941ms
16:52:34     INFO - TEST-START | test_wait.py FormalWaitTest.test_construction_with_custom_exception_list
16:52:35     INFO - TEST-PASS | test_wait.py FormalWaitTest.test_construction_with_custom_exception_list | took 926ms
16:52:35     INFO - TEST-START | test_wait.py FormalWaitTest.test_construction_with_custom_exception_tuple
16:52:36     INFO - TEST-PASS | test_wait.py FormalWaitTest.test_construction_with_custom_exception_tuple | took 711ms
16:52:36     INFO - TEST-START | test_wait.py FormalWaitTest.test_construction_with_custom_interval
16:52:37     INFO - TEST-PASS | test_wait.py FormalWaitTest.test_construction_with_custom_interval | took 866ms
16:52:37     INFO - TEST-START | test_wait.py FormalWaitTest.test_construction_with_custom_timeout
16:52:38     INFO - TEST-PASS | test_wait.py FormalWaitTest.test_construction_with_custom_timeout | took 780ms
16:52:38     INFO - TEST-START | test_wait.py FormalWaitTest.test_default_interval
16:52:39     INFO - TEST-PASS | test_wait.py FormalWaitTest.test_default_interval | took 1150ms
16:52:39     INFO - TEST-START | test_wait.py FormalWaitTest.test_default_timeout
16:52:40     INFO - TEST-PASS | test_wait.py FormalWaitTest.test_default_timeout | took 1045ms
16:52:40     INFO - TEST-START | test_wait.py FormalWaitTest.test_duplicate_exceptions
16:52:44     INFO - TEST-PASS | test_wait.py FormalWaitTest.test_duplicate_exceptions | took 4063ms
16:52:44     INFO - TEST-START | test_wait.py FormalWaitTest.test_end_property
16:52:44     INFO - TEST-PASS | test_wait.py FormalWaitTest.test_end_property | took 623ms
16:52:44     INFO - TEST-START | test_wait.py FormalWaitTest.test_marionette_property
16:52:45     INFO - TEST-PASS | test_wait.py FormalWaitTest.test_marionette_property | took 521ms
16:52:45     INFO - TEST-START | test_wait.py FormalWaitTest.test_timeout_uses_default_if_marionette_timeout_is_none
16:52:46     INFO - TEST-PASS | test_wait.py FormalWaitTest.test_timeout_uses_default_if_marionette_timeout_is_none | took 578ms
16:52:46     INFO - TEST-START | test_wait.py PredicatesTest.test_until
16:52:46     INFO - TEST-PASS | test_wait.py PredicatesTest.test_until | took 674ms
16:52:46     INFO - TEST-START | test_wait.py SystemClockTest.test_construction_initializes_time
16:52:47     INFO - TEST-PASS | test_wait.py SystemClockTest.test_construction_initializes_time | took 807ms
16:52:47     INFO - TEST-START | test_wait.py SystemClockTest.test_sleep
16:52:48     INFO - TEST-PASS | test_wait.py SystemClockTest.test_sleep | took 570ms
16:52:48     INFO - TEST-START | test_wait.py SystemClockTest.test_time_now
16:52:49     INFO - TEST-PASS | test_wait.py SystemClockTest.test_time_now | took 1169ms
16:52:49     INFO - TEST-START | test_wait.py WaitUntilTest.test_custom_predicate
16:52:49     INFO - TEST-PASS | test_wait.py WaitUntilTest.test_custom_predicate | took 516ms
16:52:49     INFO - TEST-START | test_wait.py WaitUntilTest.test_custom_predicate_times_out
16:52:50     INFO - TEST-PASS | test_wait.py WaitUntilTest.test_custom_predicate_times_out | took 621ms
16:52:50     INFO - TEST-START | test_wait.py WaitUntilTest.test_exception_raises_immediately
16:52:51     INFO - TEST-PASS | test_wait.py WaitUntilTest.test_exception_raises_immediately | took 825ms
16:52:51     INFO - TEST-START | test_wait.py WaitUntilTest.test_ignored_exception
16:52:52     INFO - TEST-PASS | test_wait.py WaitUntilTest.test_ignored_exception | took 1008ms
16:52:52     INFO - TEST-START | test_wait.py WaitUntilTest.test_ignored_exception_after_timeout_is_not_raised
16:52:53     INFO - TEST-PASS | test_wait.py WaitUntilTest.test_ignored_exception_after_timeout_is_not_raised | took 825ms
16:52:53     INFO - TEST-START | test_wait.py WaitUntilTest.test_ignored_exception_wrapped_in_timeoutexception
16:52:53     INFO - TEST-PASS | test_wait.py WaitUntilTest.test_ignored_exception_wrapped_in_timeoutexception | took 938ms
16:52:53     INFO - TEST-START | test_wait.py WaitUntilTest.test_keyboard_interrupt
16:52:54     INFO - TEST-PASS | test_wait.py WaitUntilTest.test_keyboard_interrupt | took 894ms
16:52:54     INFO - TEST-START | test_wait.py WaitUntilTest.test_message
16:52:56     INFO - TEST-PASS | test_wait.py WaitUntilTest.test_message | took 1160ms
16:52:56     INFO - TEST-START | test_wait.py WaitUntilTest.test_message_has_none_as_its_value
16:52:56     INFO - TEST-PASS | test_wait.py WaitUntilTest.test_message_has_none_as_its_value | took 842ms
16:52:56     INFO - TEST-START | test_wait.py WaitUntilTest.test_no_message
16:52:57     INFO - TEST-PASS | test_wait.py WaitUntilTest.test_no_message | took 843ms
16:52:57     INFO - TEST-START | test_wait.py WaitUntilTest.test_system_exit
16:52:58     INFO - TEST-PASS | test_wait.py WaitUntilTest.test_system_exit | took 894ms
16:52:58     INFO - TEST-START | test_wait.py WaitUntilTest.test_timeout
16:52:59     INFO - TEST-PASS | test_wait.py WaitUntilTest.test_timeout | took 868ms
16:52:59     INFO - TEST-START | test_wait.py WaitUntilTest.test_timeout_elapsed_duration
16:53:00     INFO - TEST-PASS | test_wait.py WaitUntilTest.test_timeout_elapsed_duration | took 895ms
16:53:00     INFO - TEST-START | test_wait.py WaitUntilTest.test_timeout_elapsed_interval_by_delayed_condition_return
16:53:01     INFO - TEST-PASS | test_wait.py WaitUntilTest.test_timeout_elapsed_interval_by_delayed_condition_return | took 868ms
16:53:01     INFO - TEST-START | test_wait.py WaitUntilTest.test_timeout_elapsed_rounding
16:53:02     INFO - TEST-PASS | test_wait.py WaitUntilTest.test_timeout_elapsed_rounding | took 818ms
16:53:02     INFO - TEST-START | test_wait.py WaitUntilTest.test_timeout_interval_shorter_than_delayed_condition_return
16:53:02     INFO - TEST-PASS | test_wait.py WaitUntilTest.test_timeout_interval_shorter_than_delayed_condition_return | took 698ms
16:53:02     INFO - TEST-START | test_wait.py WaitUntilTest.test_timeout_with_delayed_condition_return
16:53:03     INFO - TEST-PASS | test_wait.py WaitUntilTest.test_timeout_with_delayed_condition_return | took 737ms
16:53:03     INFO - TEST-START | test_wait.py WaitUntilTest.test_true
16:53:04     INFO - TEST-PASS | test_wait.py WaitUntilTest.test_true | took 766ms
16:53:04     INFO - TEST-START | test_wait.py WaitUntilTest.test_true_condition_returns_immediately
16:53:05     INFO - TEST-PASS | test_wait.py WaitUntilTest.test_true_condition_returns_immediately | took 1716ms
16:53:05     INFO - TEST-START | test_wait.py WaitUntilTest.test_true_within_timeout
16:53:11     INFO - TEST-PASS | test_wait.py WaitUntilTest.test_true_within_timeout | took 5662ms
16:53:11     INFO - TEST-START | test_wait.py WaitUntilTest.test_value
16:53:12     INFO - TEST-PASS | test_wait.py WaitUntilTest.test_value | took 529ms
16:53:12     INFO - TEST-START | test_expected.py TestExpected.test_element_displayed
16:53:13     INFO - TEST-PASS | test_expected.py TestExpected.test_element_displayed | took 1345ms
16:53:13     INFO - TEST-START | test_expected.py TestExpected.test_element_displayed_locator
16:53:15     INFO - TEST-PASS | test_expected.py TestExpected.test_element_displayed_locator | took 1691ms
16:53:15     INFO - TEST-START | test_expected.py TestExpected.test_element_displayed_when_hidden
16:53:17     INFO - TEST-PASS | test_expected.py TestExpected.test_element_displayed_when_hidden | took 2191ms
16:53:17     INFO - TEST-START | test_expected.py TestExpected.test_element_displayed_when_hidden_locator
16:53:18     INFO - TEST-PASS | test_expected.py TestExpected.test_element_displayed_when_hidden_locator | took 1174ms
16:53:18     INFO - TEST-START | test_expected.py TestExpected.test_element_displayed_when_not_present
16:53:20     INFO - TEST-PASS | test_expected.py TestExpected.test_element_displayed_when_not_present | took 1410ms
16:53:20     INFO - TEST-START | test_expected.py TestExpected.test_element_displayed_when_stale_element
16:53:22     INFO - TEST-PASS | test_expected.py TestExpected.test_element_displayed_when_stale_element | took 2090ms
16:53:22     INFO - TEST-START | test_expected.py TestExpected.test_element_enabled
16:53:24     INFO - TEST-PASS | test_expected.py TestExpected.test_element_enabled | took 1988ms
16:53:24     INFO - TEST-START | test_expected.py TestExpected.test_element_enabled_when_disabled
16:53:25     INFO - TEST-PASS | test_expected.py TestExpected.test_element_enabled_when_disabled | took 1856ms
16:53:25     INFO - TEST-START | test_expected.py TestExpected.test_element_not_displayed
16:53:27     INFO - TEST-PASS | test_expected.py TestExpected.test_element_not_displayed | took 1837ms
16:53:27     INFO - TEST-START | test_expected.py TestExpected.test_element_not_displayed_locator
16:53:29     INFO - TEST-PASS | test_expected.py TestExpected.test_element_not_displayed_locator | took 1754ms
16:53:29     INFO - TEST-START | test_expected.py TestExpected.test_element_not_displayed_when_stale_element
16:53:31     INFO - TEST-PASS | test_expected.py TestExpected.test_element_not_displayed_when_stale_element | took 2226ms
16:53:31     INFO - TEST-START | test_expected.py TestExpected.test_element_not_displayed_when_visible
16:53:33     INFO - TEST-PASS | test_expected.py TestExpected.test_element_not_displayed_when_visible | took 1937ms
16:53:33     INFO - TEST-START | test_expected.py TestExpected.test_element_not_displayed_when_visible_locator
16:53:35     INFO - TEST-PASS | test_expected.py TestExpected.test_element_not_displayed_when_visible_locator | took 1921ms
16:53:35     INFO - TEST-START | test_expected.py TestExpected.test_element_not_enabled
16:53:38     INFO - TEST-PASS | test_expected.py TestExpected.test_element_not_enabled | took 2652ms
16:53:38     INFO - TEST-START | test_expected.py TestExpected.test_element_not_enabled_when_enabled
16:53:40     INFO - TEST-PASS | test_expected.py TestExpected.test_element_not_enabled_when_enabled | took 2366ms
16:53:40     INFO - TEST-START | test_expected.py TestExpected.test_element_not_present_func
16:53:41     INFO - TEST-PASS | test_expected.py TestExpected.test_element_not_present_func | took 623ms
16:53:41     INFO - TEST-START | test_expected.py TestExpected.test_element_not_present_is_present
16:53:42     INFO - TEST-PASS | test_expected.py TestExpected.test_element_not_present_is_present | took 1497ms
16:53:42     INFO - TEST-START | test_expected.py TestExpected.test_element_not_present_locator
16:53:43     INFO - TEST-PASS | test_expected.py TestExpected.test_element_not_present_locator | took 692ms
16:53:43     INFO - TEST-START | test_expected.py TestExpected.test_element_not_selected
16:53:45     INFO - TEST-PASS | test_expected.py TestExpected.test_element_not_selected | took 2209ms
16:53:45     INFO - TEST-START | test_expected.py TestExpected.test_element_not_selected_when_selected
16:53:47     INFO - TEST-PASS | test_expected.py TestExpected.test_element_not_selected_when_selected | took 1894ms
16:53:47     INFO - TEST-START | test_expected.py TestExpected.test_element_present_func
16:53:49     INFO - TEST-PASS | test_expected.py TestExpected.test_element_present_func | took 1737ms
16:53:49     INFO - TEST-START | test_expected.py TestExpected.test_element_present_locator
16:53:50     INFO - TEST-PASS | test_expected.py TestExpected.test_element_present_locator | took 1661ms
16:53:50     INFO - TEST-START | test_expected.py TestExpected.test_element_present_not_present
16:53:51     INFO - TEST-PASS | test_expected.py TestExpected.test_element_present_not_present | took 944ms
16:53:51     INFO - TEST-START | test_expected.py TestExpected.test_element_selected
16:53:53     INFO - TEST-PASS | test_expected.py TestExpected.test_element_selected | took 1975ms
16:53:53     INFO - TEST-START | test_expected.py TestExpected.test_element_selected_when_not_selected
16:53:56     INFO - TEST-PASS | test_expected.py TestExpected.test_element_selected_when_not_selected | took 2150ms
16:53:56     INFO - TEST-START | test_expected.py TestExpected.test_element_stale
16:53:58     INFO - TEST-PASS | test_expected.py TestExpected.test_element_stale | took 2399ms
16:53:58     INFO - TEST-START | test_expected.py TestExpected.test_element_stale_is_not_stale
16:54:00     INFO - TEST-PASS | test_expected.py TestExpected.test_element_stale_is_not_stale | took 1904ms
16:54:00     INFO - TEST-START | test_expected.py TestExpected.test_elements_not_present_func
16:54:01     INFO - TEST-PASS | test_expected.py TestExpected.test_elements_not_present_func | took 971ms
16:54:01     INFO - TEST-START | test_expected.py TestExpected.test_elements_not_present_is_present
16:54:03     INFO - TEST-PASS | test_expected.py TestExpected.test_elements_not_present_is_present | took 1793ms
16:54:03     INFO - TEST-START | test_expected.py TestExpected.test_elements_not_present_locator
16:54:03     INFO - TEST-PASS | test_expected.py TestExpected.test_elements_not_present_locator | took 882ms
16:54:03     INFO - TEST-START | test_expected.py TestExpected.test_elements_present_func
16:54:05     INFO - TEST-PASS | test_expected.py TestExpected.test_elements_present_func | took 1504ms
16:54:05     INFO - TEST-START | test_expected.py TestExpected.test_elements_present_locator
16:54:08     INFO - TEST-PASS | test_expected.py TestExpected.test_elements_present_locator | took 2931ms
16:54:08     INFO - TEST-START | test_expected.py TestExpected.test_elements_present_not_present
16:54:19     INFO - TEST-PASS | test_expected.py TestExpected.test_elements_present_not_present | took 11437ms
16:54:19     INFO - TEST-START | test_date_time_value.py TestDateTime.test_set_date
16:54:22     INFO - TEST-PASS | test_date_time_value.py TestDateTime.test_set_date | took 2754ms
16:54:22     INFO - TEST-START | test_date_time_value.py TestDateTime.test_set_time
16:54:25     INFO - TEST-PASS | test_date_time_value.py TestDateTime.test_set_time | took 2829ms
16:54:25     INFO - TEST-START | test_screen_orientation.py TestScreenOrientation.test_set_invalid_orientation
16:54:26     INFO - TEST-SKIP | test_screen_orientation.py TestScreenOrientation.test_set_invalid_orientation | took 755ms
16:54:26     INFO - TEST-START | test_screen_orientation.py TestScreenOrientation.test_set_null_orientation
16:54:27     INFO - TEST-SKIP | test_screen_orientation.py TestScreenOrientation.test_set_null_orientation | took 847ms
16:54:27     INFO - TEST-START | test_screen_orientation.py TestScreenOrientation.test_set_orientation_to_landscape_primary
16:54:28     INFO - TEST-SKIP | test_screen_orientation.py TestScreenOrientation.test_set_orientation_to_landscape_primary | took 742ms
16:54:28     INFO - TEST-START | test_screen_orientation.py TestScreenOrientation.test_set_orientation_to_landscape_secondary
16:54:29     INFO - TEST-SKIP | test_screen_orientation.py TestScreenOrientation.test_set_orientation_to_landscape_secondary | took 846ms
16:54:29     INFO - TEST-START | test_screen_orientation.py TestScreenOrientation.test_set_orientation_to_portrait_primary
16:54:30     INFO - TEST-SKIP | test_screen_orientation.py TestScreenOrientation.test_set_orientation_to_portrait_primary | took 756ms
16:54:30     INFO - TEST-START | test_screen_orientation.py TestScreenOrientation.test_set_orientation_to_portrait_secondary
16:54:31     INFO - TEST-SKIP | test_screen_orientation.py TestScreenOrientation.test_set_orientation_to_portrait_secondary | took 727ms
16:54:31     INFO - TEST-START | test_screen_orientation.py TestScreenOrientation.test_set_orientation_to_shorthand_landscape
16:54:31     INFO - TEST-SKIP | test_screen_orientation.py TestScreenOrientation.test_set_orientation_to_shorthand_landscape | took 736ms
16:54:32     INFO - TEST-START | test_screen_orientation.py TestScreenOrientation.test_set_orientation_to_shorthand_portrait
16:54:33     INFO - TEST-SKIP | test_screen_orientation.py TestScreenOrientation.test_set_orientation_to_shorthand_portrait | took 858ms
16:54:33     INFO - TEST-START | test_screen_orientation.py TestScreenOrientation.test_set_orientation_with_mixed_casing
16:54:33     INFO - TEST-SKIP | test_screen_orientation.py TestScreenOrientation.test_set_orientation_with_mixed_casing | took 701ms
16:54:34     INFO - TEST-START | test_screen_orientation.py TestScreenOrientation.test_unsupported_operation_on_desktop
16:54:35     INFO - TEST-PASS | test_screen_orientation.py TestScreenOrientation.test_unsupported_operation_on_desktop | took 1074ms
16:54:35     INFO - TEST-START | test_errors.py TestAllErrors.test_properties
16:54:35     INFO - TEST-PASS | test_errors.py TestAllErrors.test_properties | took 814ms
16:54:35     INFO - TEST-START | test_errors.py TestErrors.test_cause_string
16:54:36     INFO - TEST-PASS | test_errors.py TestErrors.test_cause_string | took 870ms
16:54:36     INFO - TEST-START | test_errors.py TestErrors.test_cause_tuple
16:54:37     INFO - TEST-PASS | test_errors.py TestErrors.test_cause_tuple | took 890ms
16:54:37     INFO - TEST-START | test_errors.py TestErrors.test_construction
16:54:38     INFO - TEST-PASS | test_errors.py TestErrors.test_construction | took 917ms
16:54:38     INFO - TEST-START | test_errors.py TestErrors.test_defaults
16:54:39     INFO - TEST-PASS | test_errors.py TestErrors.test_defaults | took 892ms
16:54:39     INFO - TEST-START | test_errors.py TestErrors.test_str
16:54:40     INFO - TEST-PASS | test_errors.py TestErrors.test_str | took 1088ms
16:54:40     INFO - TEST-START | test_errors.py TestLookup.test_by_known_string
16:54:41     INFO - TEST-PASS | test_errors.py TestLookup.test_by_known_string | took 1309ms
16:54:41     INFO - TEST-START | test_errors.py TestLookup.test_by_known_unicode_string
16:54:48     INFO - TEST-PASS | test_errors.py TestLookup.test_by_known_unicode_string | took 6599ms
16:54:48     INFO - TEST-START | test_errors.py TestLookup.test_by_unknown_number
16:54:49     INFO - TEST-PASS | test_errors.py TestLookup.test_by_unknown_number | took 647ms
16:54:49     INFO - TEST-START | test_errors.py TestLookup.test_by_unknown_string
16:54:49     INFO - TEST-PASS | test_errors.py TestLookup.test_by_unknown_string | took 644ms
16:54:49     INFO - TEST-START | test_execute_isolate.py TestExecuteIsolationChrome.test_execute_async_isolate
16:54:56     INFO - TEST-PASS | test_execute_isolate.py TestExecuteIsolationChrome.test_execute_async_isolate | took 6411ms
16:54:56     INFO - TEST-START | test_execute_isolate.py TestExecuteIsolationContent.test_execute_async_isolate
16:55:07     INFO - TEST-PASS | test_execute_isolate.py TestExecuteIsolationContent.test_execute_async_isolate | took 11747ms
16:55:08     INFO - TEST-START | test_click_scrolling.py TestClickScrolling.test_clicking_on_anchor_scrolls_page
16:55:12     INFO - TEST-PASS | test_click_scrolling.py TestClickScrolling.test_clicking_on_anchor_scrolls_page | took 4405ms
16:55:12     INFO - TEST-START | test_click_scrolling.py TestClickScrolling.test_should_be_able_to_click_on_an_element_hidden_by_overflow
16:55:12     INFO - TEST-SKIP | test_click_scrolling.py TestClickScrolling.test_should_be_able_to_click_on_an_element_hidden_by_overflow | took 0ms
16:55:12     INFO - TEST-START | test_click_scrolling.py TestClickScrolling.test_should_be_able_to_click_radio_button_scrolled_into_view
16:55:15     INFO - TEST-PASS | test_click_scrolling.py TestClickScrolling.test_should_be_able_to_click_radio_button_scrolled_into_view | took 3127ms
16:55:15     INFO - TEST-START | test_click_scrolling.py TestClickScrolling.test_should_not_scroll_elements_if_click_point_is_in_view
16:55:30     INFO - TEST-PASS | test_click_scrolling.py TestClickScrolling.test_should_not_scroll_elements_if_click_point_is_in_view | took 14513ms
16:55:30     INFO - TEST-START | test_click_scrolling.py TestClickScrolling.test_should_not_scroll_if_already_scrolled_and_element_is_in_view
16:55:33     INFO - TEST-PASS | test_click_scrolling.py TestClickScrolling.test_should_not_scroll_if_already_scrolled_and_element_is_in_view | took 3070ms
16:55:33     INFO - TEST-START | test_click_scrolling.py TestClickScrolling.test_should_not_scroll_overflow_elements_which_are_visible
16:55:36     INFO - TEST-PASS | test_click_scrolling.py TestClickScrolling.test_should_not_scroll_overflow_elements_which_are_visible | took 3113ms
16:55:36     INFO - TEST-START | test_click_scrolling.py TestClickScrolling.test_should_scroll_elements_if_click_point_is_out_of_view_but_element_is_in_view
16:55:44     INFO - TEST-PASS | test_click_scrolling.py TestClickScrolling.test_should_scroll_elements_if_click_point_is_out_of_view_but_element_is_in_view | took 8325ms
16:55:44     INFO - TEST-START | test_click_scrolling.py TestClickScrolling.test_should_scroll_overflow_elements_if_click_point_is_out_of_view_but_element_is_in_view
16:55:44     INFO - TEST-SKIP | test_click_scrolling.py TestClickScrolling.test_should_scroll_overflow_elements_if_click_point_is_out_of_view_but_element_is_in_view | took 0ms
16:55:44     INFO - TEST-START | test_click_scrolling.py TestClickScrolling.test_should_scroll_to_click_on_an_element_hidden_by_overflow
16:55:47     INFO - TEST-PASS | test_click_scrolling.py TestClickScrolling.test_should_scroll_to_click_on_an_element_hidden_by_overflow | took 2667ms
16:55:47     INFO - TEST-START | test_profile_management.py TestProfileManagement.test_change_preference
16:55:49     INFO - Application command: /builds/slave/test/build/application/firefox/firefox -no-remote -marionette -profile /tmp/tmpofKdo1.mozrunner
16:56:09     INFO - Application command: /builds/slave/test/build/application/firefox/firefox -no-remote -marionette -profile /tmp/tmpkHIG3m.mozrunner
16:56:29     INFO - TEST-PASS | test_profile_management.py TestProfileManagement.test_change_preference | took 42442ms
16:56:29     INFO - TEST-START | test_profile_management.py TestProfileManagement.test_clean_profile
16:56:32     INFO - Application command: /builds/slave/test/build/application/firefox/firefox -no-remote -marionette -profile /tmp/tmpc3AA51.mozrunner
16:56:51     INFO - Application command: /builds/slave/test/build/application/firefox/firefox -no-remote -marionette -profile /tmp/tmprJhJj2.mozrunner
16:57:12     INFO - TEST-PASS | test_profile_management.py TestProfileManagement.test_clean_profile | took 42565ms
16:57:12     INFO - TEST-START | test_profile_management.py TestProfileManagement.test_preferences_are_set
16:57:14     INFO - Application command: /builds/slave/test/build/application/firefox/firefox -no-remote -marionette -profile /tmp/tmpHLiDJu.mozrunner
16:57:34     INFO - TEST-PASS | test_profile_management.py TestProfileManagement.test_preferences_are_set | took 22320ms
16:57:34     INFO - TEST-START | test_quit_restart.py TestQuitRestart.test_force_quit
16:57:36     INFO - Application command: /builds/slave/test/build/application/firefox/firefox -no-remote -marionette -profile /tmp/tmprKu4fv.mozrunner
16:57:56     INFO - TEST-PASS | test_quit_restart.py TestQuitRestart.test_force_quit | took 21973ms
16:57:56     INFO - TEST-START | test_quit_restart.py TestQuitRestart.test_force_restart
16:57:58     INFO - Application command: /builds/slave/test/build/application/firefox/firefox -no-remote -marionette -profile /tmp/tmprKu4fv.mozrunner
16:58:15     INFO - TEST-PASS | test_quit_restart.py TestQuitRestart.test_force_restart | took 19007ms
16:58:15     INFO - TEST-START | test_quit_restart.py TestQuitRestart.test_in_app_clean_restart
16:58:17     INFO - TEST-PASS | test_quit_restart.py TestQuitRestart.test_in_app_clean_restart | took 1534ms
16:58:17     INFO - TEST-START | test_quit_restart.py TestQuitRestart.test_in_app_quit

command interrupted, attempting to kill
process killed by signal 9
program finished with exit code -1
elapsedTime=2355.510726
The web-page 'stop build' button was pressed by 'rvandermeulen@mozilla.com': Cancelled via self-serve
========= master_lag: 0.15 =========
========= Finished '/tools/buildbot/bin/python -u ...' interrupted (results: 4, elapsed: 39 mins, 15 secs) (at 2018-06-08 16:58:22.618264) =========

========= Started set props: build_url (results: 0, elapsed: 0 secs) (at 2018-06-08 16:58:22.628374) =========
bash -c 'for file in `ls -1`; do cat $file; done'
 in dir /builds/slave/test/properties (timeout 1200 secs)
 watching logfiles {}
 argv: ['bash', '-c', 'for file in `ls -1`; do cat $file; done']
 environment:
  HOME=/home/cltbld
  LANG=en_US.UTF-8
  LOGNAME=cltbld
  MAIL=/var/mail/cltbld
  NODE_PATH=/usr/lib/nodejs:/usr/lib/node_modules:/usr/share/javascript
  PATH=/usr/local/bin:/usr/local/bin:/usr/bin:/bin:/usr/local/games:/usr/games
  PWD=/builds/slave/test/properties
  SHELL=/bin/bash
  SHLVL=1
  TERM=linux
  TMOUT=86400
  USER=cltbld
  XDG_SESSION_COOKIE=5a152710dd62cc268aad214e000002d8-1528499937.965764-477975367
  _=/tools/buildbot/bin/python
 using PTY: False
build_url:https://queue.taskcluster.net/v1/task/bv_xmMnhRbGfcnUpn7xASQ/artifacts/public/build/firefox-52.8.2.en-US.linux-i686.tar.bz2
program finished with exit code 0
elapsedTime=0.304338
build_url: 'https://queue.taskcluster.net/v1/task/bv_xmMnhRbGfcnUpn7xASQ/artifacts/public/build/firefox-52.8.2.en-US.linux-i686.tar.bz2'
========= master_lag: 0.02 =========
========= Finished set props: build_url (results: 0, elapsed: 0 secs) (at 2018-06-08 16:58:22.953591) =========

========= Started 'rm -f ...' (results: 0, elapsed: 0 secs) (at 2018-06-08 16:58:22.953931) =========
rm -f oauth.txt
 in dir /builds/slave/test/. (timeout 1200 secs)
 watching logfiles {}
 argv: ['rm', '-f', 'oauth.txt']
 environment:
  HOME=/home/cltbld
  LANG=en_US.UTF-8
  LOGNAME=cltbld
  MAIL=/var/mail/cltbld
  NODE_PATH=/usr/lib/nodejs:/usr/lib/node_modules:/usr/share/javascript
  PATH=/usr/local/bin:/usr/local/bin:/usr/bin:/bin:/usr/local/games:/usr/games
  PWD=/builds/slave/test
  SHELL=/bin/bash
  SHLVL=1
  TERM=linux
  TMOUT=86400
  USER=cltbld
  XDG_SESSION_COOKIE=5a152710dd62cc268aad214e000002d8-1528499937.965764-477975367
  _=/tools/buildbot/bin/python
 using PTY: False
program finished with exit code 0
elapsedTime=0.122317
========= master_lag: 0.04 =========
========= Finished 'rm -f ...' (results: 0, elapsed: 0 secs) (at 2018-06-08 16:58:23.118451) =========

========= Started reboot skipped (results: 3, elapsed: 0 secs) (at 2018-06-08 16:58:23.118773) =========
========= Finished reboot skipped (results: 3, elapsed: 0 secs) (at 2018-06-08 16:58:23.119060) =========

========= Total master_lag: 0.29 =========

