builder: mozilla-esr52_win8_64-debug_test-web-platform-tests-10
slave: t-w864-ix-045
starttime: 1528501936.67
results: cancelled (6)
buildid: 20180608150819
builduid: b298b373e93d4f8dbf92436c9ed838a2
revision: cbfdf01aac455e0591471201c96b89dee98190b5

========= Started set props: master (results: 0, elapsed: 0 secs) (at 2018-06-08 16:52:16.672815) =========
master: http://buildbot-master111.bb.releng.scl3.mozilla.com:8201/
========= Finished set props: master (results: 0, elapsed: 0 secs) (at 2018-06-08 16:52:16.673362) =========

========= Started downloading to buildprops.json (results: 0, elapsed: 0 secs) (at 2018-06-08 16:52:16.673805) =========
========= Finished downloading to buildprops.json (results: 0, elapsed: 0 secs) (at 2018-06-08 16:52:17.011930) =========

========= Started 'bash -c ...' (results: 0, elapsed: 2 secs) (at 2018-06-08 16:52:17.012330) =========
'bash' '-c' 'wget -Oarchiver_client.py --no-check-certificate --tries=10 --waitretry=3 https://hg.mozilla.org/build/tools/raw-file/default/buildfarm/utils/archiver_client.py'
 in dir C:\slave\test\. (timeout 1200 secs)
 watching logfiles {}
 argv: ['bash', '-c', 'wget -Oarchiver_client.py --no-check-certificate --tries=10 --waitretry=3 https://hg.mozilla.org/build/tools/raw-file/default/buildfarm/utils/archiver_client.py']
 environment:
  ALLUSERSPROFILE=C:\ProgramData
  APPDATA=C:\Users\cltbld.T-W864-IX-045\AppData\Roaming
  COMMONPROGRAMFILES=C:\Program Files (x86)\Common Files
  COMMONPROGRAMFILES(X86)=C:\Program Files (x86)\Common Files
  COMMONPROGRAMW6432=C:\Program Files\Common Files
  COMPUTERNAME=T-W864-IX-045
  COMSPEC=C:\windows\system32\cmd.exe
  DCLOCATION=SCL3
  DNSSUFFIX=wintest.releng.scl3.mozilla.com
  FP_NO_HOST_CHECK=NO
  HOMEDRIVE=C:
  HOMEPATH=\Users\cltbld.T-W864-IX-045
  KTS_HOME=C:\Program Files\KTS
  KTS_VERSION=1.19c
  LOCALAPPDATA=C:\Users\cltbld.T-W864-IX-045\AppData\Local
  LOGONSERVER=\\T-W864-IX-045
  MONDIR=C:\Monitor_config\
  MOZBUILDDIR=C:\mozilla-build\
  NUMBER_OF_PROCESSORS=8
  OS=Windows_NT
  OURDRIVE=C:
  PATH=C:\Program Files (x86)\NVIDIA Corporation\PhysX\Common;C:\windows\system32;C:\windows;C:\windows\System32\Wbem;C:\windows\System32\WindowsPowerShell\v1.0\;C:\mozilla-build\python27;C:\mozilla-build\python27\Scripts;C:\mozilla-build\msys\bin;C:\mozilla-build\vim\vim72;C:\mozilla-build\wget;C:\mozilla-build\info-zip;C:\CoreUtils\bin;C:\mozilla-build\buildbotve\scripts;C:\mozilla-build\hg;
  PATHEXT=.COM;.EXE;.BAT;.CMD;.VBS;.VBE;.JS;.JSE;.WSF;.WSH;.MSC
  PROCESSOR_ARCHITECTURE=x86
  PROCESSOR_ARCHITEW6432=AMD64
  PROCESSOR_IDENTIFIER=Intel64 Family 6 Model 30 Stepping 5, GenuineIntel
  PROCESSOR_LEVEL=6
  PROCESSOR_REVISION=1e05
  PROGRAMDATA=C:\ProgramData
  PROGRAMFILES=C:\Program Files (x86)
  PROGRAMFILES(X86)=C:\Program Files (x86)
  PROGRAMW6432=C:\Program Files
  PROMPT=$P$G
  PSMODULEPATH=C:\windows\system32\WindowsPowerShell\v1.0\Modules\
  PUBLIC=C:\Users\Public
  PWD=C:\slave\test
  RUNLOGFILE=C:\slave\\runslave.log
  SLAVEDIR=C:\slave\
  SYSTEMDRIVE=C:
  SYSTEMROOT=C:\windows
  TEMP=C:\Users\CLTBLD~1.T-W\AppData\Local\Temp
  TEST1=testie
  TMP=C:\Users\CLTBLD~1.T-W\AppData\Local\Temp
  USERDOMAIN=T-W864-IX-045
  USERDOMAIN_ROAMINGPROFILE=T-W864-IX-045
  USERNAME=cltbld
  USERPROFILE=C:\Users\cltbld.T-W864-IX-045
  WINDIR=C:\windows
 using PTY: False
--16:52:19--  https://hg.mozilla.org/build/tools/raw-file/default/buildfarm/utils/archiver_client.py
           => `archiver_client.py'
Resolving hg.mozilla.org... 63.245.215.102, 63.245.215.25
Connecting to hg.mozilla.org|63.245.215.102|:443... connected.
WARNING: Certificate verification error for hg.mozilla.org: certificate signature failure
HTTP request sent, awaiting response... 200 Script output follows
Length: 12,179 (12K) [text/x-python]

    0K .......... .                                          100%   23.99 MB/s

16:52:19 (23.99 MB/s) - `archiver_client.py' saved [12179/12179]

program finished with exit code 0
elapsedTime=2.643000
========= master_lag: 0.33 =========
========= Finished 'bash -c ...' (results: 0, elapsed: 2 secs) (at 2018-06-08 16:52:19.985272) =========

========= Started 'rm -rf ...' (results: 0, elapsed: 5 secs) (at 2018-06-08 16:52:19.985653) =========
'rm' '-rf' 'scripts' 'properties'
 in dir C:\slave\test\. (timeout 1200 secs)
 watching logfiles {}
 argv: ['rm', '-rf', 'scripts', 'properties']
 environment:
  ALLUSERSPROFILE=C:\ProgramData
  APPDATA=C:\Users\cltbld.T-W864-IX-045\AppData\Roaming
  COMMONPROGRAMFILES=C:\Program Files (x86)\Common Files
  COMMONPROGRAMFILES(X86)=C:\Program Files (x86)\Common Files
  COMMONPROGRAMW6432=C:\Program Files\Common Files
  COMPUTERNAME=T-W864-IX-045
  COMSPEC=C:\windows\system32\cmd.exe
  DCLOCATION=SCL3
  DNSSUFFIX=wintest.releng.scl3.mozilla.com
  FP_NO_HOST_CHECK=NO
  HOMEDRIVE=C:
  HOMEPATH=\Users\cltbld.T-W864-IX-045
  KTS_HOME=C:\Program Files\KTS
  KTS_VERSION=1.19c
  LOCALAPPDATA=C:\Users\cltbld.T-W864-IX-045\AppData\Local
  LOGONSERVER=\\T-W864-IX-045
  MONDIR=C:\Monitor_config\
  MOZBUILDDIR=C:\mozilla-build\
  NUMBER_OF_PROCESSORS=8
  OS=Windows_NT
  OURDRIVE=C:
  PATH=C:\Program Files (x86)\NVIDIA Corporation\PhysX\Common;C:\windows\system32;C:\windows;C:\windows\System32\Wbem;C:\windows\System32\WindowsPowerShell\v1.0\;C:\mozilla-build\python27;C:\mozilla-build\python27\Scripts;C:\mozilla-build\msys\bin;C:\mozilla-build\vim\vim72;C:\mozilla-build\wget;C:\mozilla-build\info-zip;C:\CoreUtils\bin;C:\mozilla-build\buildbotve\scripts;C:\mozilla-build\hg;
  PATHEXT=.COM;.EXE;.BAT;.CMD;.VBS;.VBE;.JS;.JSE;.WSF;.WSH;.MSC
  PROCESSOR_ARCHITECTURE=x86
  PROCESSOR_ARCHITEW6432=AMD64
  PROCESSOR_IDENTIFIER=Intel64 Family 6 Model 30 Stepping 5, GenuineIntel
  PROCESSOR_LEVEL=6
  PROCESSOR_REVISION=1e05
  PROGRAMDATA=C:\ProgramData
  PROGRAMFILES=C:\Program Files (x86)
  PROGRAMFILES(X86)=C:\Program Files (x86)
  PROGRAMW6432=C:\Program Files
  PROMPT=$P$G
  PSMODULEPATH=C:\windows\system32\WindowsPowerShell\v1.0\Modules\
  PUBLIC=C:\Users\Public
  PWD=C:\slave\test
  RUNLOGFILE=C:\slave\\runslave.log
  SLAVEDIR=C:\slave\
  SYSTEMDRIVE=C:
  SYSTEMROOT=C:\windows
  TEMP=C:\Users\CLTBLD~1.T-W\AppData\Local\Temp
  TEST1=testie
  TMP=C:\Users\CLTBLD~1.T-W\AppData\Local\Temp
  USERDOMAIN=T-W864-IX-045
  USERDOMAIN_ROAMINGPROFILE=T-W864-IX-045
  USERNAME=cltbld
  USERPROFILE=C:\Users\cltbld.T-W864-IX-045
  WINDIR=C:\windows
 using PTY: False
program finished with exit code 0
elapsedTime=5.616000
========= master_lag: 0.01 =========
========= Finished 'rm -rf ...' (results: 0, elapsed: 5 secs) (at 2018-06-08 16:52:25.608100) =========

========= Started 'bash -c ...' (results: 0, elapsed: 2 secs) (at 2018-06-08 16:52:25.608507) =========
'bash' '-c' u'python archiver_client.py mozharness --repo releases/mozilla-esr52 --rev cbfdf01aac455e0591471201c96b89dee98190b5 --destination scripts --debug'
 in dir C:\slave\test\. (timeout 1200 secs)
 watching logfiles {}
 argv: ['bash', '-c', u'python archiver_client.py mozharness --repo releases/mozilla-esr52 --rev cbfdf01aac455e0591471201c96b89dee98190b5 --destination scripts --debug']
 environment:
  ALLUSERSPROFILE=C:\ProgramData
  APPDATA=C:\Users\cltbld.T-W864-IX-045\AppData\Roaming
  COMMONPROGRAMFILES=C:\Program Files (x86)\Common Files
  COMMONPROGRAMFILES(X86)=C:\Program Files (x86)\Common Files
  COMMONPROGRAMW6432=C:\Program Files\Common Files
  COMPUTERNAME=T-W864-IX-045
  COMSPEC=C:\windows\system32\cmd.exe
  DCLOCATION=SCL3
  DNSSUFFIX=wintest.releng.scl3.mozilla.com
  FP_NO_HOST_CHECK=NO
  HOMEDRIVE=C:
  HOMEPATH=\Users\cltbld.T-W864-IX-045
  KTS_HOME=C:\Program Files\KTS
  KTS_VERSION=1.19c
  LOCALAPPDATA=C:\Users\cltbld.T-W864-IX-045\AppData\Local
  LOGONSERVER=\\T-W864-IX-045
  MONDIR=C:\Monitor_config\
  MOZBUILDDIR=C:\mozilla-build\
  NUMBER_OF_PROCESSORS=8
  OS=Windows_NT
  OURDRIVE=C:
  PATH=C:\Program Files (x86)\NVIDIA Corporation\PhysX\Common;C:\windows\system32;C:\windows;C:\windows\System32\Wbem;C:\windows\System32\WindowsPowerShell\v1.0\;C:\mozilla-build\python27;C:\mozilla-build\python27\Scripts;C:\mozilla-build\msys\bin;C:\mozilla-build\vim\vim72;C:\mozilla-build\wget;C:\mozilla-build\info-zip;C:\CoreUtils\bin;C:\mozilla-build\buildbotve\scripts;C:\mozilla-build\hg;
  PATHEXT=.COM;.EXE;.BAT;.CMD;.VBS;.VBE;.JS;.JSE;.WSF;.WSH;.MSC
  PROCESSOR_ARCHITECTURE=x86
  PROCESSOR_ARCHITEW6432=AMD64
  PROCESSOR_IDENTIFIER=Intel64 Family 6 Model 30 Stepping 5, GenuineIntel
  PROCESSOR_LEVEL=6
  PROCESSOR_REVISION=1e05
  PROGRAMDATA=C:\ProgramData
  PROGRAMFILES=C:\Program Files (x86)
  PROGRAMFILES(X86)=C:\Program Files (x86)
  PROGRAMW6432=C:\Program Files
  PROMPT=$P$G
  PSMODULEPATH=C:\windows\system32\WindowsPowerShell\v1.0\Modules\
  PUBLIC=C:\Users\Public
  PWD=C:\slave\test
  RUNLOGFILE=C:\slave\\runslave.log
  SLAVEDIR=C:\slave\
  SYSTEMDRIVE=C:
  SYSTEMROOT=C:\windows
  TEMP=C:\Users\CLTBLD~1.T-W\AppData\Local\Temp
  TEST1=testie
  TMP=C:\Users\CLTBLD~1.T-W\AppData\Local\Temp
  USERDOMAIN=T-W864-IX-045
  USERDOMAIN_ROAMINGPROFILE=T-W864-IX-045
  USERNAME=cltbld
  USERPROFILE=C:\Users\cltbld.T-W864-IX-045
  WINDIR=C:\windows
 using PTY: False
2018-06-08 16:52:26,364 truncating revision to first 12 chars
2018-06-08 16:52:26,364 Setting DEBUG logging.
2018-06-08 16:52:26,364 attempt 1/10
2018-06-08 16:52:26,364 Getting archive location from https://api.pub.build.mozilla.org/archiver/hgmo/releases/mozilla-esr52/cbfdf01aac45?&preferred_region=us-west-2&suffix=tar.gz&subdir=testing/mozharness
2018-06-08 16:52:26,982 unpacking tar archive at: mozilla-esr52-cbfdf01aac45/testing/mozharness/
2018-06-08 16:52:27,082 skipping symlink on windows: configs/single_locale/linux32.py
program finished with exit code 0
elapsedTime=1.967000
========= master_lag: 0.14 =========
========= Finished 'bash -c ...' (results: 0, elapsed: 2 secs) (at 2018-06-08 16:52:27.717349) =========

========= Started set props: script_repo_revision (results: 0, elapsed: 0 secs) (at 2018-06-08 16:52:27.717696) =========
script_repo_revision: cbfdf01aac455e0591471201c96b89dee98190b5
========= Finished set props: script_repo_revision (results: 0, elapsed: 0 secs) (at 2018-06-08 16:52:27.718099) =========

========= Started downloading to oauth.txt (results: 0, elapsed: 0 secs) (at 2018-06-08 16:52:27.718383) =========
========= Finished downloading to oauth.txt (results: 0, elapsed: 0 secs) (at 2018-06-08 16:52:27.742115) =========

========= Started 'c:/mozilla-build/python27/python -u ...' interrupted (results: 4, elapsed: 5 mins, 18 secs) (at 2018-06-08 16:52:27.742536) =========
'c:/mozilla-build/python27/python' '-u' 'scripts/scripts/web_platform_tests.py' '--cfg' 'web_platform_tests/prod_config_windows.py' '--test-type=testharness' '--total-chunks' '10' '--this-chunk' '10' '--blob-upload-branch' 'mozilla-esr52' '--download-symbols' 'true'
 in dir C:\slave\test\. (timeout 1800 secs) (maxTime 7200 secs)
 watching logfiles {}
 argv: ['c:/mozilla-build/python27/python', '-u', 'scripts/scripts/web_platform_tests.py', '--cfg', 'web_platform_tests/prod_config_windows.py', '--test-type=testharness', '--total-chunks', '10', '--this-chunk', '10', '--blob-upload-branch', 'mozilla-esr52', '--download-symbols', 'true']
 environment:
  ALLUSERSPROFILE=C:\ProgramData
  APPDATA=C:\Users\cltbld.T-W864-IX-045\AppData\Roaming
  COMMONPROGRAMFILES=C:\Program Files (x86)\Common Files
  COMMONPROGRAMFILES(X86)=C:\Program Files (x86)\Common Files
  COMMONPROGRAMW6432=C:\Program Files\Common Files
  COMPUTERNAME=T-W864-IX-045
  COMSPEC=C:\windows\system32\cmd.exe
  DCLOCATION=SCL3
  DNSSUFFIX=wintest.releng.scl3.mozilla.com
  FP_NO_HOST_CHECK=NO
  HOMEDRIVE=C:
  HOMEPATH=\Users\cltbld.T-W864-IX-045
  KTS_HOME=C:\Program Files\KTS
  KTS_VERSION=1.19c
  LOCALAPPDATA=C:\Users\cltbld.T-W864-IX-045\AppData\Local
  LOGONSERVER=\\T-W864-IX-045
  MONDIR=C:\Monitor_config\
  MOZBUILDDIR=C:\mozilla-build\
  MOZ_CRASHREPORTER_NO_REPORT=1
  MOZ_HIDE_RESULTS_TABLE=1
  MOZ_NO_REMOTE=1
  NO_EM_RESTART=1
  NO_FAIL_ON_TEST_ERRORS=1
  NUMBER_OF_PROCESSORS=8
  OS=Windows_NT
  OURDRIVE=C:
  PATH=C:\Program Files (x86)\NVIDIA Corporation\PhysX\Common;C:\windows\system32;C:\windows;C:\windows\System32\Wbem;C:\windows\System32\WindowsPowerShell\v1.0\;C:\mozilla-build\python27;C:\mozilla-build\python27\Scripts;C:\mozilla-build\msys\bin;C:\mozilla-build\vim\vim72;C:\mozilla-build\wget;C:\mozilla-build\info-zip;C:\CoreUtils\bin;C:\mozilla-build\buildbotve\scripts;C:\mozilla-build\hg;
  PATHEXT=.COM;.EXE;.BAT;.CMD;.VBS;.VBE;.JS;.JSE;.WSF;.WSH;.MSC
  PROCESSOR_ARCHITECTURE=x86
  PROCESSOR_ARCHITEW6432=AMD64
  PROCESSOR_IDENTIFIER=Intel64 Family 6 Model 30 Stepping 5, GenuineIntel
  PROCESSOR_LEVEL=6
  PROCESSOR_REVISION=1e05
  PROGRAMDATA=C:\ProgramData
  PROGRAMFILES=C:\Program Files (x86)
  PROGRAMFILES(X86)=C:\Program Files (x86)
  PROGRAMW6432=C:\Program Files
  PROMPT=$P$G
  PROPERTIES_FILE=C:\slave\test/buildprops.json
  PSMODULEPATH=C:\windows\system32\WindowsPowerShell\v1.0\Modules\
  PUBLIC=C:\Users\Public
  PWD=C:\slave\test
  RUNLOGFILE=C:\slave\\runslave.log
  SLAVEDIR=C:\slave\
  SYSTEMDRIVE=C:
  SYSTEMROOT=C:\windows
  TEMP=C:\Users\CLTBLD~1.T-W\AppData\Local\Temp
  TEST1=testie
  TMP=C:\Users\CLTBLD~1.T-W\AppData\Local\Temp
  USERDOMAIN=T-W864-IX-045
  USERDOMAIN_ROAMINGPROFILE=T-W864-IX-045
  USERNAME=cltbld
  USERPROFILE=C:\Users\cltbld.T-W864-IX-045
  WINDIR=C:\windows
  XPCOM_DEBUG_BREAK=warn
 using PTY: False
16:52:28     INFO - MultiFileLogger online at 20180608 16:52:28 in C:\slave\test
16:52:28     INFO - Run as scripts/scripts/web_platform_tests.py --cfg web_platform_tests/prod_config_windows.py --test-type=testharness --total-chunks 10 --this-chunk 10 --blob-upload-branch mozilla-esr52 --download-symbols true
16:52:28     INFO - Dumping config to C:\slave\test\logs\localconfig.json.
16:52:28     INFO - {'allow_software_gl_layers': False,
16:52:28     INFO -  'append_to_log': False,
16:52:28     INFO -  'base_work_dir': 'C:\\slave\\test',
16:52:28     INFO -  'blob_upload_branch': 'mozilla-esr52',
16:52:28     INFO -  'blob_uploader_auth_file': 'C:\\slave\\test\\oauth.txt',
16:52:28     INFO -  'buildbot_json_path': 'buildprops.json',
16:52:28     INFO -  'config_files': ('web_platform_tests/prod_config_windows.py',),
16:52:28     INFO -  'default_blob_upload_servers': ('https://blobupload.elasticbeanstalk.com',),
16:52:28     INFO -  'download_minidump_stackwalk': True,
16:52:28     INFO -  'download_symbols': 'true',
16:52:28     INFO -  'e10s': False,
16:52:28     INFO -  'exes': {'hg': 'c:/mozilla-build/hg/hg',
16:52:28     INFO -           'mozinstall': ('C:\\slave\\test/build/venv/scripts/python',
16:52:28     INFO -                          'C:\\slave\\test/build/venv/scripts/mozinstall-script.py'),
16:52:28     INFO -           'python': 'c:\\mozilla-build\\python27\\python.exe',
16:52:28     INFO -           'tooltool.py': ('c:\\mozilla-build\\python27\\python.exe',
16:52:28     INFO -                           'C:/mozilla-build/tooltool.py'),
16:52:28     INFO -           'virtualenv': ('c:\\mozilla-build\\python27\\python.exe',
16:52:28     INFO -                          'c:/mozilla-build/buildbotve/virtualenv.py')},
16:52:28     INFO -  'find_links': ('http://pypi.pvt.build.mozilla.org/pub',
16:52:28     INFO -                 'http://pypi.pub.build.mozilla.org/pub'),
16:52:28     INFO -  'log_level': 'info',
16:52:28     INFO -  'log_to_console': True,
16:52:28     INFO -  'opt_config_files': (),
16:52:28     INFO -  'options': ('--prefs-root=%(test_path)s/prefs',
16:52:28     INFO -              '--processes=1',
16:52:28     INFO -              '--config=%(test_path)s/wptrunner.ini',
16:52:28     INFO -              '--ca-cert-path=%(test_path)s/certs/cacert.pem',
16:52:28     INFO -              '--host-key-path=%(test_path)s/certs/web-platform.test.key',
16:52:28     INFO -              '--host-cert-path=%(test_path)s/certs/web-platform.test.pem',
16:52:28     INFO -              '--certutil-binary=%(test_install_path)s/bin/certutil'),
16:52:28     INFO -  'pip_index': False,
16:52:28     INFO -  'require_test_zip': True,
16:52:28     INFO -  'test_type': ('testharness',),
16:52:28     INFO -  'this_chunk': '10',
16:52:28     INFO -  'total_chunks': '10',
16:52:28     INFO -  'virtualenv_path': 'venv',
16:52:28     INFO -  'volatile_config': {'actions': None, 'add_actions': None, 'no_actions': None},
16:52:28     INFO -  'work_dir': 'build'}
16:52:28     INFO - [mozharness: 2018-06-08 23:52:28.196000Z] Running clobber step.
16:52:28     INFO - Running pre-action listener: _resource_record_pre_action
16:52:28     INFO - Running main action method: clobber
16:52:28     INFO - rmtree: C:\slave\test\build
16:52:28     INFO - Using _rmtree_windows ...
16:52:28     INFO - retry: Calling _rmtree_windows with args: ('C:\\slave\\test\\build',), kwargs: {}, attempt #1
16:54:15     INFO - Running post-action listener: _resource_record_post_action
16:54:15     INFO - [mozharness: 2018-06-08 23:54:15.259000Z] Finished clobber step (success)
16:54:15     INFO - [mozharness: 2018-06-08 23:54:15.259000Z] Running read-buildbot-config step.
16:54:15     INFO - Running pre-action listener: _resource_record_pre_action
16:54:15     INFO - Running main action method: read_buildbot_config
16:54:15     INFO - Using buildbot properties:
16:54:15     INFO - {
16:54:15     INFO -     "project": "", 
16:54:15     INFO -     "product": "firefox", 
16:54:15     INFO -     "script_repo_revision": "production", 
16:54:15     INFO -     "scheduler": "tests-mozilla-esr52-win8_64-debug-unittest", 
16:54:15     INFO -     "repository": "", 
16:54:15     INFO -     "buildername": "Windows 8 64-bit mozilla-esr52 debug test web-platform-tests-10", 
16:54:15     INFO -     "buildid": "20180608150819", 
16:54:15     INFO -     "pgo_build": "False", 
16:54:15     INFO -     "basedir": "C:\\slave\\test", 
16:54:15     INFO -     "buildnumber": 7, 
16:54:15     INFO -     "slavename": "t-w864-ix-045", 
16:54:15     INFO -     "revision": "cbfdf01aac455e0591471201c96b89dee98190b5", 
16:54:15     INFO -     "master": "http://buildbot-master111.bb.releng.scl3.mozilla.com:8201/", 
16:54:15     INFO -     "platform": "win64", 
16:54:15     INFO -     "branch": "mozilla-esr52", 
16:54:15     INFO -     "repo_path": "releases/mozilla-esr52", 
16:54:15     INFO -     "moz_repo_path": "", 
16:54:15     INFO -     "stage_platform": "win64", 
16:54:15     INFO -     "builduid": "b298b373e93d4f8dbf92436c9ed838a2", 
16:54:15     INFO -     "slavebuilddir": "test"
16:54:15     INFO - }
16:54:15     INFO - Found a test packages url https://queue.taskcluster.net/v1/task/GYm6uScDR968YNKAqw8dYQ/artifacts/public/build/firefox-52.8.2.en-US.win64.test_packages.json.
16:54:15     INFO - Found installer url https://queue.taskcluster.net/v1/task/GYm6uScDR968YNKAqw8dYQ/artifacts/public/build/firefox-52.8.2.en-US.win64.zip.
16:54:15     INFO - Running post-action listener: _resource_record_post_action
16:54:15     INFO - [mozharness: 2018-06-08 23:54:15.262000Z] Finished read-buildbot-config step (success)
16:54:15     INFO - [mozharness: 2018-06-08 23:54:15.263000Z] Running download-and-extract step.
16:54:15     INFO - Running pre-action listener: _resource_record_pre_action
16:54:15     INFO - Running main action method: download_and_extract
16:54:15     INFO - mkdir: C:\slave\test\build\tests
16:54:15     INFO - Downloading https://queue.taskcluster.net/v1/task/GYm6uScDR968YNKAqw8dYQ/artifacts/public/build/firefox-52.8.2.en-US.win64.test_packages.json to C:\slave\test\build\firefox-52.8.2.en-US.win64.test_packages.json
16:54:15     INFO - retry: Calling _download_file with args: (), kwargs: {'url': 'https://queue.taskcluster.net/v1/task/GYm6uScDR968YNKAqw8dYQ/artifacts/public/build/firefox-52.8.2.en-US.win64.test_packages.json', 'file_name': 'C:\\slave\\test\\build\\firefox-52.8.2.en-US.win64.test_packages.json'}, attempt #1
16:54:16     INFO - Downloaded 1274 bytes.
16:54:16     INFO - Reading from file C:\slave\test\build\firefox-52.8.2.en-US.win64.test_packages.json
16:54:16     INFO - Using the following test package requirements:
16:54:16     INFO - {u'common': [u'firefox-52.8.2.en-US.win64.common.tests.zip'],
16:54:16     INFO -  u'cppunittest': [u'firefox-52.8.2.en-US.win64.common.tests.zip',
16:54:16     INFO -                   u'firefox-52.8.2.en-US.win64.cppunittest.tests.zip'],
16:54:16     INFO -  u'gtest': [u'firefox-52.8.2.en-US.win64.common.tests.zip',
16:54:16     INFO -             u'firefox-52.8.2.en-US.win64.gtest.tests.zip'],
16:54:16     INFO -  u'jittest': [u'firefox-52.8.2.en-US.win64.common.tests.zip',
16:54:16     INFO -               u'jsshell-win64.zip'],
16:54:16     INFO -  u'mochitest': [u'firefox-52.8.2.en-US.win64.common.tests.zip',
16:54:16     INFO -                 u'firefox-52.8.2.en-US.win64.mochitest.tests.zip'],
16:54:16     INFO -  u'mozbase': [u'firefox-52.8.2.en-US.win64.common.tests.zip'],
16:54:16     INFO -  u'reftest': [u'firefox-52.8.2.en-US.win64.common.tests.zip',
16:54:16     INFO -               u'firefox-52.8.2.en-US.win64.reftest.tests.zip'],
16:54:16     INFO -  u'talos': [u'firefox-52.8.2.en-US.win64.common.tests.zip',
16:54:16     INFO -             u'firefox-52.8.2.en-US.win64.talos.tests.zip'],
16:54:16     INFO -  u'web-platform': [u'firefox-52.8.2.en-US.win64.common.tests.zip',
16:54:16     INFO -                    u'firefox-52.8.2.en-US.win64.web-platform.tests.zip'],
16:54:16     INFO -  u'xpcshell': [u'firefox-52.8.2.en-US.win64.common.tests.zip',
16:54:16     INFO -                u'firefox-52.8.2.en-US.win64.xpcshell.tests.zip']}
16:54:16     INFO - Downloading packages: [u'firefox-52.8.2.en-US.win64.common.tests.zip', u'firefox-52.8.2.en-US.win64.web-platform.tests.zip'] for test suite category: web-platform
16:54:16     INFO - Adding 'mach' for extraction from common.tests zip file
16:54:16     INFO - Adding 'mozinfo.json' for extraction from common.tests zip file
16:54:16     INFO - Downloading and extracting to C:\slave\test\build\tests these dirs bin/*, config/*, mozbase/*, marionette/*, tools/wptserve/*, web-platform/*, mach, mozinfo.json from https://queue.taskcluster.net/v1/task/GYm6uScDR968YNKAqw8dYQ/artifacts/public/build/firefox-52.8.2.en-US.win64.common.tests.zip
16:54:16     INFO - retry: Calling fetch_url_into_memory with args: (), kwargs: {'url': u'https://queue.taskcluster.net/v1/task/GYm6uScDR968YNKAqw8dYQ/artifacts/public/build/firefox-52.8.2.en-US.win64.common.tests.zip'}, attempt #1
16:54:16     INFO - Fetch https://queue.taskcluster.net/v1/task/GYm6uScDR968YNKAqw8dYQ/artifacts/public/build/firefox-52.8.2.en-US.win64.common.tests.zip into memory
16:54:16     INFO - Http code: 200
16:54:16     INFO - via: 1.1 6eaa7f856e226a0db7cef6201d3b8393.cloudfront.net (CloudFront)
16:54:16     INFO - x-amz-cf-id: gS8tb-QIot_tdQtg4IKl95pgS7-RU4IysroVVthlPB6bDmX6cZ2FeA==
16:54:16     INFO - x-amz-version-id: GXeUmcedjVSRuTwtJsxXIwtE5wM89o3K
16:54:17     INFO - Expected file size: 19457836
16:54:17     INFO - Obtained file size: 19457836
16:54:18     INFO - Downloading and extracting to C:\slave\test\build\tests these dirs bin/*, config/*, mozbase/*, marionette/*, tools/wptserve/*, web-platform/*, mach, mozinfo.json from https://queue.taskcluster.net/v1/task/GYm6uScDR968YNKAqw8dYQ/artifacts/public/build/firefox-52.8.2.en-US.win64.web-platform.tests.zip
16:54:18     INFO - retry: Calling fetch_url_into_memory with args: (), kwargs: {'url': u'https://queue.taskcluster.net/v1/task/GYm6uScDR968YNKAqw8dYQ/artifacts/public/build/firefox-52.8.2.en-US.win64.web-platform.tests.zip'}, attempt #1
16:54:18     INFO - Fetch https://queue.taskcluster.net/v1/task/GYm6uScDR968YNKAqw8dYQ/artifacts/public/build/firefox-52.8.2.en-US.win64.web-platform.tests.zip into memory
16:54:18     INFO - Http code: 200
16:54:18     INFO - via: 1.1 4a55d86b7263f73c6817c7c25d4b3643.cloudfront.net (CloudFront)
16:54:18     INFO - x-amz-cf-id: LJ55OPk3iYweC5bxDLb1ZZYxk4TbwlLhhd1OcvYgOs4yyoA4Qmwdng==
16:54:18     INFO - x-amz-version-id: t8LUDMRalAINifNMDsPl_7YYsyRq5l0j
16:54:19     INFO - Expected file size: 43270029
16:54:19     INFO - Obtained file size: 43270029
16:54:58     INFO - Downloading https://queue.taskcluster.net/v1/task/GYm6uScDR968YNKAqw8dYQ/artifacts/public/build/firefox-52.8.2.en-US.win64.zip to C:\slave\test\build\firefox-52.8.2.en-US.win64.zip
16:54:58     INFO - retry: Calling _download_file with args: (), kwargs: {'url': 'https://queue.taskcluster.net/v1/task/GYm6uScDR968YNKAqw8dYQ/artifacts/public/build/firefox-52.8.2.en-US.win64.zip', 'file_name': 'C:\\slave\\test\\build\\firefox-52.8.2.en-US.win64.zip'}, attempt #1
16:55:01     INFO - Downloaded 80512976 bytes.
16:55:01     INFO - Setting buildbot property build_url to https://queue.taskcluster.net/v1/task/GYm6uScDR968YNKAqw8dYQ/artifacts/public/build/firefox-52.8.2.en-US.win64.zip
16:55:01     INFO - mkdir: C:\slave\test\properties
16:55:01     INFO - Writing buildbot properties ['build_url'] to C:\slave\test\properties\build_url
16:55:01     INFO - Writing to file C:\slave\test\properties\build_url
16:55:01     INFO - Contents:
16:55:01     INFO -  build_url:https://queue.taskcluster.net/v1/task/GYm6uScDR968YNKAqw8dYQ/artifacts/public/build/firefox-52.8.2.en-US.win64.zip
16:55:01     INFO - retry: Calling query_symbols_url with args: (), kwargs: {'raise_on_failure': True}, attempt #1
16:55:01     INFO - Setting buildbot property symbols_url to https://queue.taskcluster.net/v1/task/GYm6uScDR968YNKAqw8dYQ/artifacts/public/build/firefox-52.8.2.en-US.win64.crashreporter-symbols.zip
16:55:01     INFO - Writing buildbot properties ['symbols_url'] to C:\slave\test\properties\symbols_url
16:55:01     INFO - Writing to file C:\slave\test\properties\symbols_url
16:55:01     INFO - Contents:
16:55:01     INFO -  symbols_url:https://queue.taskcluster.net/v1/task/GYm6uScDR968YNKAqw8dYQ/artifacts/public/build/firefox-52.8.2.en-US.win64.crashreporter-symbols.zip
16:55:01     INFO - Downloading and extracting to C:\slave\test\build\symbols these dirs * from https://queue.taskcluster.net/v1/task/GYm6uScDR968YNKAqw8dYQ/artifacts/public/build/firefox-52.8.2.en-US.win64.crashreporter-symbols.zip
16:55:01     INFO - retry: Calling fetch_url_into_memory with args: (), kwargs: {'url': 'https://queue.taskcluster.net/v1/task/GYm6uScDR968YNKAqw8dYQ/artifacts/public/build/firefox-52.8.2.en-US.win64.crashreporter-symbols.zip'}, attempt #1
16:55:01     INFO - Fetch https://queue.taskcluster.net/v1/task/GYm6uScDR968YNKAqw8dYQ/artifacts/public/build/firefox-52.8.2.en-US.win64.crashreporter-symbols.zip into memory
16:55:02     INFO - Http code: 200
16:55:02     INFO - via: 1.1 81871f1c889cc44b6c25e3ef722a3801.cloudfront.net (CloudFront)
16:55:02     INFO - x-amz-cf-id: rd25EIEbnIOMIh28WQMYD7AKkHoGpq8PGGBwBuAnEVNhJfM7WUkouA==
16:55:02     INFO - x-amz-version-id: ulFZQ.LhR2x4mniqg2Yz5MgvXQwj83dP
16:55:02     INFO - Expected file size: 55003726
16:55:02     INFO - Obtained file size: 55003726
16:55:08     INFO - Running post-action listener: _resource_record_post_action
16:55:08     INFO - Running post-action listener: set_extra_try_arguments
16:55:08     INFO - [mozharness: 2018-06-08 23:55:08.105000Z] Finished download-and-extract step (success)
16:55:08     INFO - [mozharness: 2018-06-08 23:55:08.106000Z] Running fetch-geckodriver step.
16:55:08     INFO - Running pre-action listener: _resource_record_pre_action
16:55:08     INFO - Running main action method: fetch_geckodriver
16:55:08     INFO - Running post-action listener: _resource_record_post_action
16:55:08     INFO - [mozharness: 2018-06-08 23:55:08.106000Z] Finished fetch-geckodriver step (success)
16:55:08     INFO - [mozharness: 2018-06-08 23:55:08.106000Z] Running create-virtualenv step.
16:55:08     INFO - Running pre-action listener: _pre_create_virtualenv
16:55:08     INFO - Running pre-action listener: _resource_record_pre_action
16:55:08     INFO - Running main action method: create_virtualenv
16:55:08     INFO - Creating virtualenv C:\slave\test\build\venv
16:55:08     INFO - Running command: ['c:\\mozilla-build\\python27\\python.exe', 'C:\\slave\\test\\scripts\\external_tools\\virtualenv\\virtualenv.py', '--always-copy', 'C:\\slave\\test\\build\\venv'] in C:\slave\test\build
16:55:08     INFO - Copy/paste: c:\mozilla-build\python27\python.exe C:\slave\test\scripts\external_tools\virtualenv\virtualenv.py --always-copy C:\slave\test\build\venv
16:55:08     INFO - Using partial env: {'VIRTUALENV_NO_DOWNLOAD': '1'}
16:55:13     INFO -  New python executable in C:\slave\test\build\venv\Scripts\python.exe
16:55:25     INFO -  Installing setuptools, pip, wheel...done.
16:55:25     INFO - Return code: 0
16:55:25     INFO - Installing psutil>=3.1.1 into virtualenv C:\slave\test\build\venv
16:55:25     INFO - retry: Calling run_command with args: [['C:\\slave\\test\\build\\venv\\Scripts\\pip', 'install', '--timeout', '120', '--no-index', '--find-links', 'http://pypi.pvt.build.mozilla.org/pub', '--find-links', 'http://pypi.pub.build.mozilla.org/pub', '--trusted-host', 'pypi.pub.build.mozilla.org', '--trusted-host', 'pypi.pvt.build.mozilla.org', 'psutil>=3.1.1']], kwargs: {'error_level': 'warning', 'error_list': [{'substr': 'not found or a compiler error:', 'level': 'warning'}, {'regex': <_sre.SRE_Pattern object at 0x025C6250>, 'level': 'error'}, {'regex': <_sre.SRE_Pattern object at 0x025DB188>, 'level': 'warning'}, {'regex': <_sre.SRE_Pattern object at 0x026014A8>, 'level': 'debug'}, {'substr': 'command not found', 'level': 'error'}, {'regex': <_sre.SRE_Pattern object at 0x004C8DE8>, 'level': 'warning'}, {'substr': 'Traceback (most recent call last)', 'level': 'error'}, {'substr': 'SyntaxError: ', 'level': 'error'}, {'substr': 'TypeError: ', 'level': 'error'}, {'substr': 'NameError: ', 'level': 'error'}, {'substr': 'ZeroDivisionError: ', 'level': 'error'}, {'regex': <_sre.SRE_Pattern object at 0x02551230>, 'level': 'critical'}, {'regex': <_sre.SRE_Pattern object at 0x025CF520>, 'level': 'critical'}], 'cwd': 'C:\\slave\\test\\build', 'env': {'TMP': 'C:\\Users\\CLTBLD~1.T-W\\AppData\\Local\\Temp', 'TEST1': 'testie', 'COMPUTERNAME': 'T-W864-IX-045', 'USERDOMAIN': 'T-W864-IX-045', 'KTS_VERSION': '1.19c', 'PSMODULEPATH': 'C:\\windows\\system32\\WindowsPowerShell\\v1.0\\Modules\\', 'COMMONPROGRAMFILES': 'C:\\Program Files (x86)\\Common Files', 'PROCESSOR_IDENTIFIER': 'Intel64 Family 6 Model 30 Stepping 5, GenuineIntel', 'PROGRAMFILES': 'C:\\Program Files (x86)', 'PROCESSOR_REVISION': '1e05', 'DNSSUFFIX': 'wintest.releng.scl3.mozilla.com', 'SYSTEMROOT': 'C:\\windows', 'NO_EM_RESTART': '1', 'PROGRAMFILES(X86)': 'C:\\Program Files (x86)', 'OURDRIVE': 'C:', 'MOZ_HIDE_RESULTS_TABLE': '1', 'XPCOM_DEBUG_BREAK': 'warn', 'MONDIR': 'C:\\Monitor_config\\', 'TEMP': 'C:\\Users\\CLTBLD~1.T-W\\AppData\\Local\\Temp', 'COMMONPROGRAMFILES(X86)': 'C:\\Program Files (x86)\\Common Files', 'RUNLOGFILE': 'C:\\slave\\\\runslave.log', 'PROCESSOR_ARCHITECTURE': 'x86', 'ALLUSERSPROFILE': 'C:\\ProgramData', 'USERPROFILE': 'C:\\Users\\cltbld.T-W864-IX-045', 'LOCALAPPDATA': 'C:\\Users\\cltbld.T-W864-IX-045\\AppData\\Local', 'HOMEPATH': '\\Users\\cltbld.T-W864-IX-045', 'USERDOMAIN_ROAMINGPROFILE': 'T-W864-IX-045', 'MOZBUILDDIR': 'C:\\mozilla-build\\', 'PROGRAMW6432': 'C:\\Program Files', 'USERNAME': 'cltbld', 'LOGONSERVER': '\\\\T-W864-IX-045', 'MOZ_NO_REMOTE': '1', 'COMSPEC': 'C:\\windows\\system32\\cmd.exe', 'PROGRAMDATA': 'C:\\ProgramData', 'PROPERTIES_FILE': 'C:\\slave\\test/buildprops.json', 'PATH': 'C:\\Program Files (x86)\\NVIDIA Corporation\\PhysX\\Common;C:\\windows\\system32;C:\\windows;C:\\windows\\System32\\Wbem;C:\\windows\\System32\\WindowsPowerShell\\v1.0\\;C:\\mozilla-build\\python27;C:\\mozilla-build\\python27\\Scripts;C:\\mozilla-build\\msys\\bin;C:\\mozilla-build\\vim\\vim72;C:\\mozilla-build\\wget;C:\\mozilla-build\\info-zip;C:\\CoreUtils\\bin;C:\\mozilla-build\\buildbotve\\scripts;C:\\mozilla-build\\hg;', 'PROMPT': '$P$G', 'NO_FAIL_ON_TEST_ERRORS': '1', 'PATHEXT': '.COM;.EXE;.BAT;.CMD;.VBS;.VBE;.JS;.JSE;.WSF;.WSH;.MSC', 'FP_NO_HOST_CHECK': 'NO', 'DCLOCATION': 'SCL3', 'APPDATA': 'C:\\Users\\cltbld.T-W864-IX-045\\AppData\\Roaming', 'HOMEDRIVE': 'C:', 'SYSTEMDRIVE': 'C:', 'SLAVEDIR': 'C:\\slave\\', 'NUMBER_OF_PROCESSORS': '8', 'PWD': 'C:\\slave\\test', 'PROCESSOR_LEVEL': '6', 'KTS_HOME': 'C:\\Program Files\\KTS', 'PROCESSOR_ARCHITEW6432': 'AMD64', 'MOZ_CRASHREPORTER_NO_REPORT': '1', 'COMMONPROGRAMW6432': 'C:\\Program Files\\Common Files', 'OS': 'Windows_NT', 'PUBLIC': 'C:\\Users\\Public', 'WINDIR': 'C:\\windows'}}, attempt #1
16:55:25     INFO - Running command: ['C:\\slave\\test\\build\\venv\\Scripts\\pip', 'install', '--timeout', '120', '--no-index', '--find-links', 'http://pypi.pvt.build.mozilla.org/pub', '--find-links', 'http://pypi.pub.build.mozilla.org/pub', '--trusted-host', 'pypi.pub.build.mozilla.org', '--trusted-host', 'pypi.pvt.build.mozilla.org', 'psutil>=3.1.1'] in C:\slave\test\build
16:55:25     INFO - Copy/paste: C:\slave\test\build\venv\Scripts\pip install --timeout 120 --no-index --find-links http://pypi.pvt.build.mozilla.org/pub --find-links http://pypi.pub.build.mozilla.org/pub --trusted-host pypi.pub.build.mozilla.org --trusted-host pypi.pvt.build.mozilla.org psutil>=3.1.1
16:55:25     INFO - Using env: {'ALLUSERSPROFILE': 'C:\\ProgramData',
16:55:25     INFO -  'APPDATA': 'C:\\Users\\cltbld.T-W864-IX-045\\AppData\\Roaming',
16:55:25     INFO -  'COMMONPROGRAMFILES': 'C:\\Program Files (x86)\\Common Files',
16:55:25     INFO -  'COMMONPROGRAMFILES(X86)': 'C:\\Program Files (x86)\\Common Files',
16:55:25     INFO -  'COMMONPROGRAMW6432': 'C:\\Program Files\\Common Files',
16:55:25     INFO -  'COMPUTERNAME': 'T-W864-IX-045',
16:55:25     INFO -  'COMSPEC': 'C:\\windows\\system32\\cmd.exe',
16:55:25     INFO -  'DCLOCATION': 'SCL3',
16:55:25     INFO -  'DNSSUFFIX': 'wintest.releng.scl3.mozilla.com',
16:55:25     INFO -  'FP_NO_HOST_CHECK': 'NO',
16:55:25     INFO -  'HOMEDRIVE': 'C:',
16:55:25     INFO -  'HOMEPATH': '\\Users\\cltbld.T-W864-IX-045',
16:55:25     INFO -  'KTS_HOME': 'C:\\Program Files\\KTS',
16:55:25     INFO -  'KTS_VERSION': '1.19c',
16:55:25     INFO -  'LOCALAPPDATA': 'C:\\Users\\cltbld.T-W864-IX-045\\AppData\\Local',
16:55:25     INFO -  'LOGONSERVER': '\\\\T-W864-IX-045',
16:55:25     INFO -  'MONDIR': 'C:\\Monitor_config\\',
16:55:25     INFO -  'MOZBUILDDIR': 'C:\\mozilla-build\\',
16:55:25     INFO -  'MOZ_CRASHREPORTER_NO_REPORT': '1',
16:55:25     INFO -  'MOZ_HIDE_RESULTS_TABLE': '1',
16:55:25     INFO -  'MOZ_NO_REMOTE': '1',
16:55:25     INFO -  'NO_EM_RESTART': '1',
16:55:25     INFO -  'NO_FAIL_ON_TEST_ERRORS': '1',
16:55:25     INFO -  'NUMBER_OF_PROCESSORS': '8',
16:55:25     INFO -  'OS': 'Windows_NT',
16:55:25     INFO -  'OURDRIVE': 'C:',
16:55:25     INFO -  'PATH': 'C:\\Program Files (x86)\\NVIDIA Corporation\\PhysX\\Common;C:\\windows\\system32;C:\\windows;C:\\windows\\System32\\Wbem;C:\\windows\\System32\\WindowsPowerShell\\v1.0\\;C:\\mozilla-build\\python27;C:\\mozilla-build\\python27\\Scripts;C:\\mozilla-build\\msys\\bin;C:\\mozilla-build\\vim\\vim72;C:\\mozilla-build\\wget;C:\\mozilla-build\\info-zip;C:\\CoreUtils\\bin;C:\\mozilla-build\\buildbotve\\scripts;C:\\mozilla-build\\hg;',
16:55:25     INFO -  'PATHEXT': '.COM;.EXE;.BAT;.CMD;.VBS;.VBE;.JS;.JSE;.WSF;.WSH;.MSC',
16:55:25     INFO -  'PROCESSOR_ARCHITECTURE': 'x86',
16:55:25     INFO -  'PROCESSOR_ARCHITEW6432': 'AMD64',
16:55:25     INFO -  'PROCESSOR_IDENTIFIER': 'Intel64 Family 6 Model 30 Stepping 5, GenuineIntel',
16:55:25     INFO -  'PROCESSOR_LEVEL': '6',
16:55:25     INFO -  'PROCESSOR_REVISION': '1e05',
16:55:25     INFO -  'PROGRAMDATA': 'C:\\ProgramData',
16:55:25     INFO -  'PROGRAMFILES': 'C:\\Program Files (x86)',
16:55:25     INFO -  'PROGRAMFILES(X86)': 'C:\\Program Files (x86)',
16:55:25     INFO -  'PROGRAMW6432': 'C:\\Program Files',
16:55:25     INFO -  'PROMPT': '$P$G',
16:55:25     INFO -  'PROPERTIES_FILE': 'C:\\slave\\test/buildprops.json',
16:55:25     INFO -  'PSMODULEPATH': 'C:\\windows\\system32\\WindowsPowerShell\\v1.0\\Modules\\',
16:55:25     INFO -  'PUBLIC': 'C:\\Users\\Public',
16:55:25     INFO -  'PWD': 'C:\\slave\\test',
16:55:25     INFO -  'RUNLOGFILE': 'C:\\slave\\\\runslave.log',
16:55:25     INFO -  'SLAVEDIR': 'C:\\slave\\',
16:55:25     INFO -  'SYSTEMDRIVE': 'C:',
16:55:25     INFO -  'SYSTEMROOT': 'C:\\windows',
16:55:25     INFO -  'TEMP': 'C:\\Users\\CLTBLD~1.T-W\\AppData\\Local\\Temp',
16:55:25     INFO -  'TEST1': 'testie',
16:55:25     INFO -  'TMP': 'C:\\Users\\CLTBLD~1.T-W\\AppData\\Local\\Temp',
16:55:25     INFO -  'USERDOMAIN': 'T-W864-IX-045',
16:55:25     INFO -  'USERDOMAIN_ROAMINGPROFILE': 'T-W864-IX-045',
16:55:25     INFO -  'USERNAME': 'cltbld',
16:55:25     INFO -  'USERPROFILE': 'C:\\Users\\cltbld.T-W864-IX-045',
16:55:25     INFO -  'WINDIR': 'C:\\windows',
16:55:25     INFO -  'XPCOM_DEBUG_BREAK': 'warn'}
16:55:26     INFO -  Ignoring indexes: https://pypi.python.org/simple
16:55:26     INFO -  Collecting psutil>=3.1.1
16:55:27     INFO -    Downloading http://pypi.pvt.build.mozilla.org/pub/psutil-5.4.3-cp27-none-win32.whl (220kB)
16:55:27     INFO -  Installing collected packages: psutil
16:55:27     INFO -  Successfully installed psutil-5.4.3
16:55:27     INFO - Return code: 0
16:55:27     INFO - Installing mozsystemmonitor==0.3 into virtualenv C:\slave\test\build\venv
16:55:27     INFO - retry: Calling run_command with args: [['C:\\slave\\test\\build\\venv\\Scripts\\pip', 'install', '--timeout', '120', '--no-index', '--find-links', 'http://pypi.pvt.build.mozilla.org/pub', '--find-links', 'http://pypi.pub.build.mozilla.org/pub', '--trusted-host', 'pypi.pub.build.mozilla.org', '--trusted-host', 'pypi.pvt.build.mozilla.org', 'mozsystemmonitor==0.3']], kwargs: {'error_level': 'warning', 'error_list': [{'substr': 'not found or a compiler error:', 'level': 'warning'}, {'regex': <_sre.SRE_Pattern object at 0x025C6250>, 'level': 'error'}, {'regex': <_sre.SRE_Pattern object at 0x025DB188>, 'level': 'warning'}, {'regex': <_sre.SRE_Pattern object at 0x026014A8>, 'level': 'debug'}, {'substr': 'command not found', 'level': 'error'}, {'regex': <_sre.SRE_Pattern object at 0x004C8DE8>, 'level': 'warning'}, {'substr': 'Traceback (most recent call last)', 'level': 'error'}, {'substr': 'SyntaxError: ', 'level': 'error'}, {'substr': 'TypeError: ', 'level': 'error'}, {'substr': 'NameError: ', 'level': 'error'}, {'substr': 'ZeroDivisionError: ', 'level': 'error'}, {'regex': <_sre.SRE_Pattern object at 0x02551230>, 'level': 'critical'}, {'regex': <_sre.SRE_Pattern object at 0x025CF520>, 'level': 'critical'}], 'cwd': 'C:\\slave\\test\\build', 'env': {'TMP': 'C:\\Users\\CLTBLD~1.T-W\\AppData\\Local\\Temp', 'TEST1': 'testie', 'COMPUTERNAME': 'T-W864-IX-045', 'USERDOMAIN': 'T-W864-IX-045', 'KTS_VERSION': '1.19c', 'PSMODULEPATH': 'C:\\windows\\system32\\WindowsPowerShell\\v1.0\\Modules\\', 'COMMONPROGRAMFILES': 'C:\\Program Files (x86)\\Common Files', 'PROCESSOR_IDENTIFIER': 'Intel64 Family 6 Model 30 Stepping 5, GenuineIntel', 'PROGRAMFILES': 'C:\\Program Files (x86)', 'PROCESSOR_REVISION': '1e05', 'DNSSUFFIX': 'wintest.releng.scl3.mozilla.com', 'SYSTEMROOT': 'C:\\windows', 'NO_EM_RESTART': '1', 'PROGRAMFILES(X86)': 'C:\\Program Files (x86)', 'OURDRIVE': 'C:', 'MOZ_HIDE_RESULTS_TABLE': '1', 'XPCOM_DEBUG_BREAK': 'warn', 'MONDIR': 'C:\\Monitor_config\\', 'TEMP': 'C:\\Users\\CLTBLD~1.T-W\\AppData\\Local\\Temp', 'COMMONPROGRAMFILES(X86)': 'C:\\Program Files (x86)\\Common Files', 'RUNLOGFILE': 'C:\\slave\\\\runslave.log', 'PROCESSOR_ARCHITECTURE': 'x86', 'ALLUSERSPROFILE': 'C:\\ProgramData', 'USERPROFILE': 'C:\\Users\\cltbld.T-W864-IX-045', 'LOCALAPPDATA': 'C:\\Users\\cltbld.T-W864-IX-045\\AppData\\Local', 'HOMEPATH': '\\Users\\cltbld.T-W864-IX-045', 'USERDOMAIN_ROAMINGPROFILE': 'T-W864-IX-045', 'MOZBUILDDIR': 'C:\\mozilla-build\\', 'PROGRAMW6432': 'C:\\Program Files', 'USERNAME': 'cltbld', 'LOGONSERVER': '\\\\T-W864-IX-045', 'MOZ_NO_REMOTE': '1', 'COMSPEC': 'C:\\windows\\system32\\cmd.exe', 'PROGRAMDATA': 'C:\\ProgramData', 'PROPERTIES_FILE': 'C:\\slave\\test/buildprops.json', 'PATH': 'C:\\Program Files (x86)\\NVIDIA Corporation\\PhysX\\Common;C:\\windows\\system32;C:\\windows;C:\\windows\\System32\\Wbem;C:\\windows\\System32\\WindowsPowerShell\\v1.0\\;C:\\mozilla-build\\python27;C:\\mozilla-build\\python27\\Scripts;C:\\mozilla-build\\msys\\bin;C:\\mozilla-build\\vim\\vim72;C:\\mozilla-build\\wget;C:\\mozilla-build\\info-zip;C:\\CoreUtils\\bin;C:\\mozilla-build\\buildbotve\\scripts;C:\\mozilla-build\\hg;', 'PROMPT': '$P$G', 'NO_FAIL_ON_TEST_ERRORS': '1', 'PATHEXT': '.COM;.EXE;.BAT;.CMD;.VBS;.VBE;.JS;.JSE;.WSF;.WSH;.MSC', 'FP_NO_HOST_CHECK': 'NO', 'DCLOCATION': 'SCL3', 'APPDATA': 'C:\\Users\\cltbld.T-W864-IX-045\\AppData\\Roaming', 'HOMEDRIVE': 'C:', 'SYSTEMDRIVE': 'C:', 'SLAVEDIR': 'C:\\slave\\', 'NUMBER_OF_PROCESSORS': '8', 'PWD': 'C:\\slave\\test', 'PROCESSOR_LEVEL': '6', 'KTS_HOME': 'C:\\Program Files\\KTS', 'PROCESSOR_ARCHITEW6432': 'AMD64', 'MOZ_CRASHREPORTER_NO_REPORT': '1', 'COMMONPROGRAMW6432': 'C:\\Program Files\\Common Files', 'OS': 'Windows_NT', 'PUBLIC': 'C:\\Users\\Public', 'WINDIR': 'C:\\windows'}}, attempt #1
16:55:27     INFO - Running command: ['C:\\slave\\test\\build\\venv\\Scripts\\pip', 'install', '--timeout', '120', '--no-index', '--find-links', 'http://pypi.pvt.build.mozilla.org/pub', '--find-links', 'http://pypi.pub.build.mozilla.org/pub', '--trusted-host', 'pypi.pub.build.mozilla.org', '--trusted-host', 'pypi.pvt.build.mozilla.org', 'mozsystemmonitor==0.3'] in C:\slave\test\build
16:55:28     INFO - Copy/paste: C:\slave\test\build\venv\Scripts\pip install --timeout 120 --no-index --find-links http://pypi.pvt.build.mozilla.org/pub --find-links http://pypi.pub.build.mozilla.org/pub --trusted-host pypi.pub.build.mozilla.org --trusted-host pypi.pvt.build.mozilla.org mozsystemmonitor==0.3
16:55:28     INFO - Using env: {'ALLUSERSPROFILE': 'C:\\ProgramData',
16:55:28     INFO -  'APPDATA': 'C:\\Users\\cltbld.T-W864-IX-045\\AppData\\Roaming',
16:55:28     INFO -  'COMMONPROGRAMFILES': 'C:\\Program Files (x86)\\Common Files',
16:55:28     INFO -  'COMMONPROGRAMFILES(X86)': 'C:\\Program Files (x86)\\Common Files',
16:55:28     INFO -  'COMMONPROGRAMW6432': 'C:\\Program Files\\Common Files',
16:55:28     INFO -  'COMPUTERNAME': 'T-W864-IX-045',
16:55:28     INFO -  'COMSPEC': 'C:\\windows\\system32\\cmd.exe',
16:55:28     INFO -  'DCLOCATION': 'SCL3',
16:55:28     INFO -  'DNSSUFFIX': 'wintest.releng.scl3.mozilla.com',
16:55:28     INFO -  'FP_NO_HOST_CHECK': 'NO',
16:55:28     INFO -  'HOMEDRIVE': 'C:',
16:55:28     INFO -  'HOMEPATH': '\\Users\\cltbld.T-W864-IX-045',
16:55:28     INFO -  'KTS_HOME': 'C:\\Program Files\\KTS',
16:55:28     INFO -  'KTS_VERSION': '1.19c',
16:55:28     INFO -  'LOCALAPPDATA': 'C:\\Users\\cltbld.T-W864-IX-045\\AppData\\Local',
16:55:28     INFO -  'LOGONSERVER': '\\\\T-W864-IX-045',
16:55:28     INFO -  'MONDIR': 'C:\\Monitor_config\\',
16:55:28     INFO -  'MOZBUILDDIR': 'C:\\mozilla-build\\',
16:55:28     INFO -  'MOZ_CRASHREPORTER_NO_REPORT': '1',
16:55:28     INFO -  'MOZ_HIDE_RESULTS_TABLE': '1',
16:55:28     INFO -  'MOZ_NO_REMOTE': '1',
16:55:28     INFO -  'NO_EM_RESTART': '1',
16:55:28     INFO -  'NO_FAIL_ON_TEST_ERRORS': '1',
16:55:28     INFO -  'NUMBER_OF_PROCESSORS': '8',
16:55:28     INFO -  'OS': 'Windows_NT',
16:55:28     INFO -  'OURDRIVE': 'C:',
16:55:28     INFO -  'PATH': 'C:\\Program Files (x86)\\NVIDIA Corporation\\PhysX\\Common;C:\\windows\\system32;C:\\windows;C:\\windows\\System32\\Wbem;C:\\windows\\System32\\WindowsPowerShell\\v1.0\\;C:\\mozilla-build\\python27;C:\\mozilla-build\\python27\\Scripts;C:\\mozilla-build\\msys\\bin;C:\\mozilla-build\\vim\\vim72;C:\\mozilla-build\\wget;C:\\mozilla-build\\info-zip;C:\\CoreUtils\\bin;C:\\mozilla-build\\buildbotve\\scripts;C:\\mozilla-build\\hg;',
16:55:28     INFO -  'PATHEXT': '.COM;.EXE;.BAT;.CMD;.VBS;.VBE;.JS;.JSE;.WSF;.WSH;.MSC',
16:55:28     INFO -  'PROCESSOR_ARCHITECTURE': 'x86',
16:55:28     INFO -  'PROCESSOR_ARCHITEW6432': 'AMD64',
16:55:28     INFO -  'PROCESSOR_IDENTIFIER': 'Intel64 Family 6 Model 30 Stepping 5, GenuineIntel',
16:55:28     INFO -  'PROCESSOR_LEVEL': '6',
16:55:28     INFO -  'PROCESSOR_REVISION': '1e05',
16:55:28     INFO -  'PROGRAMDATA': 'C:\\ProgramData',
16:55:28     INFO -  'PROGRAMFILES': 'C:\\Program Files (x86)',
16:55:28     INFO -  'PROGRAMFILES(X86)': 'C:\\Program Files (x86)',
16:55:28     INFO -  'PROGRAMW6432': 'C:\\Program Files',
16:55:28     INFO -  'PROMPT': '$P$G',
16:55:28     INFO -  'PROPERTIES_FILE': 'C:\\slave\\test/buildprops.json',
16:55:28     INFO -  'PSMODULEPATH': 'C:\\windows\\system32\\WindowsPowerShell\\v1.0\\Modules\\',
16:55:28     INFO -  'PUBLIC': 'C:\\Users\\Public',
16:55:28     INFO -  'PWD': 'C:\\slave\\test',
16:55:28     INFO -  'RUNLOGFILE': 'C:\\slave\\\\runslave.log',
16:55:28     INFO -  'SLAVEDIR': 'C:\\slave\\',
16:55:28     INFO -  'SYSTEMDRIVE': 'C:',
16:55:28     INFO -  'SYSTEMROOT': 'C:\\windows',
16:55:28     INFO -  'TEMP': 'C:\\Users\\CLTBLD~1.T-W\\AppData\\Local\\Temp',
16:55:28     INFO -  'TEST1': 'testie',
16:55:28     INFO -  'TMP': 'C:\\Users\\CLTBLD~1.T-W\\AppData\\Local\\Temp',
16:55:28     INFO -  'USERDOMAIN': 'T-W864-IX-045',
16:55:28     INFO -  'USERDOMAIN_ROAMINGPROFILE': 'T-W864-IX-045',
16:55:28     INFO -  'USERNAME': 'cltbld',
16:55:28     INFO -  'USERPROFILE': 'C:\\Users\\cltbld.T-W864-IX-045',
16:55:28     INFO -  'WINDIR': 'C:\\windows',
16:55:28     INFO -  'XPCOM_DEBUG_BREAK': 'warn'}
16:55:28     INFO -  Ignoring indexes: https://pypi.python.org/simple
16:55:28     INFO -  Collecting mozsystemmonitor==0.3
16:55:29     INFO -  Requirement already satisfied (use --upgrade to upgrade): psutil>=3.1.1 in c:\slave\test\build\venv\lib\site-packages (from mozsystemmonitor==0.3)
16:55:29     INFO -  Installing collected packages: mozsystemmonitor
16:55:29     INFO -  Successfully installed mozsystemmonitor-0.3
16:55:29     INFO - Return code: 0
16:55:29     INFO - Installing jsonschema==2.5.1 into virtualenv C:\slave\test\build\venv
16:55:29     INFO - retry: Calling run_command with args: [['C:\\slave\\test\\build\\venv\\Scripts\\pip', 'install', '--timeout', '120', '--no-index', '--find-links', 'http://pypi.pvt.build.mozilla.org/pub', '--find-links', 'http://pypi.pub.build.mozilla.org/pub', '--trusted-host', 'pypi.pub.build.mozilla.org', '--trusted-host', 'pypi.pvt.build.mozilla.org', 'jsonschema==2.5.1']], kwargs: {'error_level': 'warning', 'error_list': [{'substr': 'not found or a compiler error:', 'level': 'warning'}, {'regex': <_sre.SRE_Pattern object at 0x025C6250>, 'level': 'error'}, {'regex': <_sre.SRE_Pattern object at 0x025DB188>, 'level': 'warning'}, {'regex': <_sre.SRE_Pattern object at 0x026014A8>, 'level': 'debug'}, {'substr': 'command not found', 'level': 'error'}, {'regex': <_sre.SRE_Pattern object at 0x004C8DE8>, 'level': 'warning'}, {'substr': 'Traceback (most recent call last)', 'level': 'error'}, {'substr': 'SyntaxError: ', 'level': 'error'}, {'substr': 'TypeError: ', 'level': 'error'}, {'substr': 'NameError: ', 'level': 'error'}, {'substr': 'ZeroDivisionError: ', 'level': 'error'}, {'regex': <_sre.SRE_Pattern object at 0x02551230>, 'level': 'critical'}, {'regex': <_sre.SRE_Pattern object at 0x025CF520>, 'level': 'critical'}], 'cwd': 'C:\\slave\\test\\build', 'env': {'TMP': 'C:\\Users\\CLTBLD~1.T-W\\AppData\\Local\\Temp', 'TEST1': 'testie', 'COMPUTERNAME': 'T-W864-IX-045', 'USERDOMAIN': 'T-W864-IX-045', 'KTS_VERSION': '1.19c', 'PSMODULEPATH': 'C:\\windows\\system32\\WindowsPowerShell\\v1.0\\Modules\\', 'COMMONPROGRAMFILES': 'C:\\Program Files (x86)\\Common Files', 'PROCESSOR_IDENTIFIER': 'Intel64 Family 6 Model 30 Stepping 5, GenuineIntel', 'PROGRAMFILES': 'C:\\Program Files (x86)', 'PROCESSOR_REVISION': '1e05', 'DNSSUFFIX': 'wintest.releng.scl3.mozilla.com', 'SYSTEMROOT': 'C:\\windows', 'NO_EM_RESTART': '1', 'PROGRAMFILES(X86)': 'C:\\Program Files (x86)', 'OURDRIVE': 'C:', 'MOZ_HIDE_RESULTS_TABLE': '1', 'XPCOM_DEBUG_BREAK': 'warn', 'MONDIR': 'C:\\Monitor_config\\', 'TEMP': 'C:\\Users\\CLTBLD~1.T-W\\AppData\\Local\\Temp', 'COMMONPROGRAMFILES(X86)': 'C:\\Program Files (x86)\\Common Files', 'RUNLOGFILE': 'C:\\slave\\\\runslave.log', 'PROCESSOR_ARCHITECTURE': 'x86', 'ALLUSERSPROFILE': 'C:\\ProgramData', 'USERPROFILE': 'C:\\Users\\cltbld.T-W864-IX-045', 'LOCALAPPDATA': 'C:\\Users\\cltbld.T-W864-IX-045\\AppData\\Local', 'HOMEPATH': '\\Users\\cltbld.T-W864-IX-045', 'USERDOMAIN_ROAMINGPROFILE': 'T-W864-IX-045', 'MOZBUILDDIR': 'C:\\mozilla-build\\', 'PROGRAMW6432': 'C:\\Program Files', 'USERNAME': 'cltbld', 'LOGONSERVER': '\\\\T-W864-IX-045', 'MOZ_NO_REMOTE': '1', 'COMSPEC': 'C:\\windows\\system32\\cmd.exe', 'PROGRAMDATA': 'C:\\ProgramData', 'PROPERTIES_FILE': 'C:\\slave\\test/buildprops.json', 'PATH': 'C:\\Program Files (x86)\\NVIDIA Corporation\\PhysX\\Common;C:\\windows\\system32;C:\\windows;C:\\windows\\System32\\Wbem;C:\\windows\\System32\\WindowsPowerShell\\v1.0\\;C:\\mozilla-build\\python27;C:\\mozilla-build\\python27\\Scripts;C:\\mozilla-build\\msys\\bin;C:\\mozilla-build\\vim\\vim72;C:\\mozilla-build\\wget;C:\\mozilla-build\\info-zip;C:\\CoreUtils\\bin;C:\\mozilla-build\\buildbotve\\scripts;C:\\mozilla-build\\hg;', 'PROMPT': '$P$G', 'NO_FAIL_ON_TEST_ERRORS': '1', 'PATHEXT': '.COM;.EXE;.BAT;.CMD;.VBS;.VBE;.JS;.JSE;.WSF;.WSH;.MSC', 'FP_NO_HOST_CHECK': 'NO', 'DCLOCATION': 'SCL3', 'APPDATA': 'C:\\Users\\cltbld.T-W864-IX-045\\AppData\\Roaming', 'HOMEDRIVE': 'C:', 'SYSTEMDRIVE': 'C:', 'SLAVEDIR': 'C:\\slave\\', 'NUMBER_OF_PROCESSORS': '8', 'PWD': 'C:\\slave\\test', 'PROCESSOR_LEVEL': '6', 'KTS_HOME': 'C:\\Program Files\\KTS', 'PROCESSOR_ARCHITEW6432': 'AMD64', 'MOZ_CRASHREPORTER_NO_REPORT': '1', 'COMMONPROGRAMW6432': 'C:\\Program Files\\Common Files', 'OS': 'Windows_NT', 'PUBLIC': 'C:\\Users\\Public', 'WINDIR': 'C:\\windows'}}, attempt #1
16:55:29     INFO - Running command: ['C:\\slave\\test\\build\\venv\\Scripts\\pip', 'install', '--timeout', '120', '--no-index', '--find-links', 'http://pypi.pvt.build.mozilla.org/pub', '--find-links', 'http://pypi.pub.build.mozilla.org/pub', '--trusted-host', 'pypi.pub.build.mozilla.org', '--trusted-host', 'pypi.pvt.build.mozilla.org', 'jsonschema==2.5.1'] in C:\slave\test\build
16:55:29     INFO - Copy/paste: C:\slave\test\build\venv\Scripts\pip install --timeout 120 --no-index --find-links http://pypi.pvt.build.mozilla.org/pub --find-links http://pypi.pub.build.mozilla.org/pub --trusted-host pypi.pub.build.mozilla.org --trusted-host pypi.pvt.build.mozilla.org jsonschema==2.5.1
16:55:29     INFO - Using env: {'ALLUSERSPROFILE': 'C:\\ProgramData',
16:55:29     INFO -  'APPDATA': 'C:\\Users\\cltbld.T-W864-IX-045\\AppData\\Roaming',
16:55:29     INFO -  'COMMONPROGRAMFILES': 'C:\\Program Files (x86)\\Common Files',
16:55:29     INFO -  'COMMONPROGRAMFILES(X86)': 'C:\\Program Files (x86)\\Common Files',
16:55:29     INFO -  'COMMONPROGRAMW6432': 'C:\\Program Files\\Common Files',
16:55:29     INFO -  'COMPUTERNAME': 'T-W864-IX-045',
16:55:29     INFO -  'COMSPEC': 'C:\\windows\\system32\\cmd.exe',
16:55:29     INFO -  'DCLOCATION': 'SCL3',
16:55:29     INFO -  'DNSSUFFIX': 'wintest.releng.scl3.mozilla.com',
16:55:29     INFO -  'FP_NO_HOST_CHECK': 'NO',
16:55:29     INFO -  'HOMEDRIVE': 'C:',
16:55:29     INFO -  'HOMEPATH': '\\Users\\cltbld.T-W864-IX-045',
16:55:29     INFO -  'KTS_HOME': 'C:\\Program Files\\KTS',
16:55:29     INFO -  'KTS_VERSION': '1.19c',
16:55:29     INFO -  'LOCALAPPDATA': 'C:\\Users\\cltbld.T-W864-IX-045\\AppData\\Local',
16:55:29     INFO -  'LOGONSERVER': '\\\\T-W864-IX-045',
16:55:29     INFO -  'MONDIR': 'C:\\Monitor_config\\',
16:55:29     INFO -  'MOZBUILDDIR': 'C:\\mozilla-build\\',
16:55:29     INFO -  'MOZ_CRASHREPORTER_NO_REPORT': '1',
16:55:29     INFO -  'MOZ_HIDE_RESULTS_TABLE': '1',
16:55:29     INFO -  'MOZ_NO_REMOTE': '1',
16:55:29     INFO -  'NO_EM_RESTART': '1',
16:55:29     INFO -  'NO_FAIL_ON_TEST_ERRORS': '1',
16:55:29     INFO -  'NUMBER_OF_PROCESSORS': '8',
16:55:29     INFO -  'OS': 'Windows_NT',
16:55:29     INFO -  'OURDRIVE': 'C:',
16:55:29     INFO -  'PATH': 'C:\\Program Files (x86)\\NVIDIA Corporation\\PhysX\\Common;C:\\windows\\system32;C:\\windows;C:\\windows\\System32\\Wbem;C:\\windows\\System32\\WindowsPowerShell\\v1.0\\;C:\\mozilla-build\\python27;C:\\mozilla-build\\python27\\Scripts;C:\\mozilla-build\\msys\\bin;C:\\mozilla-build\\vim\\vim72;C:\\mozilla-build\\wget;C:\\mozilla-build\\info-zip;C:\\CoreUtils\\bin;C:\\mozilla-build\\buildbotve\\scripts;C:\\mozilla-build\\hg;',
16:55:29     INFO -  'PATHEXT': '.COM;.EXE;.BAT;.CMD;.VBS;.VBE;.JS;.JSE;.WSF;.WSH;.MSC',
16:55:29     INFO -  'PROCESSOR_ARCHITECTURE': 'x86',
16:55:29     INFO -  'PROCESSOR_ARCHITEW6432': 'AMD64',
16:55:29     INFO -  'PROCESSOR_IDENTIFIER': 'Intel64 Family 6 Model 30 Stepping 5, GenuineIntel',
16:55:29     INFO -  'PROCESSOR_LEVEL': '6',
16:55:29     INFO -  'PROCESSOR_REVISION': '1e05',
16:55:29     INFO -  'PROGRAMDATA': 'C:\\ProgramData',
16:55:29     INFO -  'PROGRAMFILES': 'C:\\Program Files (x86)',
16:55:29     INFO -  'PROGRAMFILES(X86)': 'C:\\Program Files (x86)',
16:55:29     INFO -  'PROGRAMW6432': 'C:\\Program Files',
16:55:29     INFO -  'PROMPT': '$P$G',
16:55:29     INFO -  'PROPERTIES_FILE': 'C:\\slave\\test/buildprops.json',
16:55:29     INFO -  'PSMODULEPATH': 'C:\\windows\\system32\\WindowsPowerShell\\v1.0\\Modules\\',
16:55:29     INFO -  'PUBLIC': 'C:\\Users\\Public',
16:55:29     INFO -  'PWD': 'C:\\slave\\test',
16:55:29     INFO -  'RUNLOGFILE': 'C:\\slave\\\\runslave.log',
16:55:29     INFO -  'SLAVEDIR': 'C:\\slave\\',
16:55:29     INFO -  'SYSTEMDRIVE': 'C:',
16:55:29     INFO -  'SYSTEMROOT': 'C:\\windows',
16:55:29     INFO -  'TEMP': 'C:\\Users\\CLTBLD~1.T-W\\AppData\\Local\\Temp',
16:55:29     INFO -  'TEST1': 'testie',
16:55:29     INFO -  'TMP': 'C:\\Users\\CLTBLD~1.T-W\\AppData\\Local\\Temp',
16:55:29     INFO -  'USERDOMAIN': 'T-W864-IX-045',
16:55:29     INFO -  'USERDOMAIN_ROAMINGPROFILE': 'T-W864-IX-045',
16:55:29     INFO -  'USERNAME': 'cltbld',
16:55:29     INFO -  'USERPROFILE': 'C:\\Users\\cltbld.T-W864-IX-045',
16:55:29     INFO -  'WINDIR': 'C:\\windows',
16:55:29     INFO -  'XPCOM_DEBUG_BREAK': 'warn'}
16:55:30     INFO -  Ignoring indexes: https://pypi.python.org/simple
16:55:30     INFO -  Collecting jsonschema==2.5.1
16:55:31     INFO -    Downloading http://pypi.pvt.build.mozilla.org/pub/jsonschema-2.5.1-py2.py3-none-any.whl
16:55:31     INFO -  Collecting functools32; python_version == "2.7" (from jsonschema==2.5.1)
16:55:32     INFO -  Installing collected packages: functools32, jsonschema
16:55:32     INFO -  Successfully installed functools32-3.2.3.post2 jsonschema-2.5.1
16:55:32     INFO - Return code: 0
16:55:32     INFO - Installing functools32==3.2.3-2 into virtualenv C:\slave\test\build\venv
16:55:32     INFO - retry: Calling run_command with args: [['C:\\slave\\test\\build\\venv\\Scripts\\pip', 'install', '--timeout', '120', '--no-index', '--find-links', 'http://pypi.pvt.build.mozilla.org/pub', '--find-links', 'http://pypi.pub.build.mozilla.org/pub', '--trusted-host', 'pypi.pub.build.mozilla.org', '--trusted-host', 'pypi.pvt.build.mozilla.org', 'functools32==3.2.3-2']], kwargs: {'error_level': 'warning', 'error_list': [{'substr': 'not found or a compiler error:', 'level': 'warning'}, {'regex': <_sre.SRE_Pattern object at 0x025C6250>, 'level': 'error'}, {'regex': <_sre.SRE_Pattern object at 0x025DB188>, 'level': 'warning'}, {'regex': <_sre.SRE_Pattern object at 0x026014A8>, 'level': 'debug'}, {'substr': 'command not found', 'level': 'error'}, {'regex': <_sre.SRE_Pattern object at 0x004C8DE8>, 'level': 'warning'}, {'substr': 'Traceback (most recent call last)', 'level': 'error'}, {'substr': 'SyntaxError: ', 'level': 'error'}, {'substr': 'TypeError: ', 'level': 'error'}, {'substr': 'NameError: ', 'level': 'error'}, {'substr': 'ZeroDivisionError: ', 'level': 'error'}, {'regex': <_sre.SRE_Pattern object at 0x02551230>, 'level': 'critical'}, {'regex': <_sre.SRE_Pattern object at 0x025CF520>, 'level': 'critical'}], 'cwd': 'C:\\slave\\test\\build', 'env': {'TMP': 'C:\\Users\\CLTBLD~1.T-W\\AppData\\Local\\Temp', 'TEST1': 'testie', 'COMPUTERNAME': 'T-W864-IX-045', 'USERDOMAIN': 'T-W864-IX-045', 'KTS_VERSION': '1.19c', 'PSMODULEPATH': 'C:\\windows\\system32\\WindowsPowerShell\\v1.0\\Modules\\', 'COMMONPROGRAMFILES': 'C:\\Program Files (x86)\\Common Files', 'PROCESSOR_IDENTIFIER': 'Intel64 Family 6 Model 30 Stepping 5, GenuineIntel', 'PROGRAMFILES': 'C:\\Program Files (x86)', 'PROCESSOR_REVISION': '1e05', 'DNSSUFFIX': 'wintest.releng.scl3.mozilla.com', 'SYSTEMROOT': 'C:\\windows', 'NO_EM_RESTART': '1', 'PROGRAMFILES(X86)': 'C:\\Program Files (x86)', 'OURDRIVE': 'C:', 'MOZ_HIDE_RESULTS_TABLE': '1', 'XPCOM_DEBUG_BREAK': 'warn', 'MONDIR': 'C:\\Monitor_config\\', 'TEMP': 'C:\\Users\\CLTBLD~1.T-W\\AppData\\Local\\Temp', 'COMMONPROGRAMFILES(X86)': 'C:\\Program Files (x86)\\Common Files', 'RUNLOGFILE': 'C:\\slave\\\\runslave.log', 'PROCESSOR_ARCHITECTURE': 'x86', 'ALLUSERSPROFILE': 'C:\\ProgramData', 'USERPROFILE': 'C:\\Users\\cltbld.T-W864-IX-045', 'LOCALAPPDATA': 'C:\\Users\\cltbld.T-W864-IX-045\\AppData\\Local', 'HOMEPATH': '\\Users\\cltbld.T-W864-IX-045', 'USERDOMAIN_ROAMINGPROFILE': 'T-W864-IX-045', 'MOZBUILDDIR': 'C:\\mozilla-build\\', 'PROGRAMW6432': 'C:\\Program Files', 'USERNAME': 'cltbld', 'LOGONSERVER': '\\\\T-W864-IX-045', 'MOZ_NO_REMOTE': '1', 'COMSPEC': 'C:\\windows\\system32\\cmd.exe', 'PROGRAMDATA': 'C:\\ProgramData', 'PROPERTIES_FILE': 'C:\\slave\\test/buildprops.json', 'PATH': 'C:\\Program Files (x86)\\NVIDIA Corporation\\PhysX\\Common;C:\\windows\\system32;C:\\windows;C:\\windows\\System32\\Wbem;C:\\windows\\System32\\WindowsPowerShell\\v1.0\\;C:\\mozilla-build\\python27;C:\\mozilla-build\\python27\\Scripts;C:\\mozilla-build\\msys\\bin;C:\\mozilla-build\\vim\\vim72;C:\\mozilla-build\\wget;C:\\mozilla-build\\info-zip;C:\\CoreUtils\\bin;C:\\mozilla-build\\buildbotve\\scripts;C:\\mozilla-build\\hg;', 'PROMPT': '$P$G', 'NO_FAIL_ON_TEST_ERRORS': '1', 'PATHEXT': '.COM;.EXE;.BAT;.CMD;.VBS;.VBE;.JS;.JSE;.WSF;.WSH;.MSC', 'FP_NO_HOST_CHECK': 'NO', 'DCLOCATION': 'SCL3', 'APPDATA': 'C:\\Users\\cltbld.T-W864-IX-045\\AppData\\Roaming', 'HOMEDRIVE': 'C:', 'SYSTEMDRIVE': 'C:', 'SLAVEDIR': 'C:\\slave\\', 'NUMBER_OF_PROCESSORS': '8', 'PWD': 'C:\\slave\\test', 'PROCESSOR_LEVEL': '6', 'KTS_HOME': 'C:\\Program Files\\KTS', 'PROCESSOR_ARCHITEW6432': 'AMD64', 'MOZ_CRASHREPORTER_NO_REPORT': '1', 'COMMONPROGRAMW6432': 'C:\\Program Files\\Common Files', 'OS': 'Windows_NT', 'PUBLIC': 'C:\\Users\\Public', 'WINDIR': 'C:\\windows'}}, attempt #1
16:55:32     INFO - Running command: ['C:\\slave\\test\\build\\venv\\Scripts\\pip', 'install', '--timeout', '120', '--no-index', '--find-links', 'http://pypi.pvt.build.mozilla.org/pub', '--find-links', 'http://pypi.pub.build.mozilla.org/pub', '--trusted-host', 'pypi.pub.build.mozilla.org', '--trusted-host', 'pypi.pvt.build.mozilla.org', 'functools32==3.2.3-2'] in C:\slave\test\build
16:55:32     INFO - Copy/paste: C:\slave\test\build\venv\Scripts\pip install --timeout 120 --no-index --find-links http://pypi.pvt.build.mozilla.org/pub --find-links http://pypi.pub.build.mozilla.org/pub --trusted-host pypi.pub.build.mozilla.org --trusted-host pypi.pvt.build.mozilla.org functools32==3.2.3-2
16:55:32     INFO - Using env: {'ALLUSERSPROFILE': 'C:\\ProgramData',
16:55:32     INFO -  'APPDATA': 'C:\\Users\\cltbld.T-W864-IX-045\\AppData\\Roaming',
16:55:32     INFO -  'COMMONPROGRAMFILES': 'C:\\Program Files (x86)\\Common Files',
16:55:32     INFO -  'COMMONPROGRAMFILES(X86)': 'C:\\Program Files (x86)\\Common Files',
16:55:32     INFO -  'COMMONPROGRAMW6432': 'C:\\Program Files\\Common Files',
16:55:32     INFO -  'COMPUTERNAME': 'T-W864-IX-045',
16:55:32     INFO -  'COMSPEC': 'C:\\windows\\system32\\cmd.exe',
16:55:32     INFO -  'DCLOCATION': 'SCL3',
16:55:32     INFO -  'DNSSUFFIX': 'wintest.releng.scl3.mozilla.com',
16:55:32     INFO -  'FP_NO_HOST_CHECK': 'NO',
16:55:32     INFO -  'HOMEDRIVE': 'C:',
16:55:32     INFO -  'HOMEPATH': '\\Users\\cltbld.T-W864-IX-045',
16:55:32     INFO -  'KTS_HOME': 'C:\\Program Files\\KTS',
16:55:32     INFO -  'KTS_VERSION': '1.19c',
16:55:32     INFO -  'LOCALAPPDATA': 'C:\\Users\\cltbld.T-W864-IX-045\\AppData\\Local',
16:55:32     INFO -  'LOGONSERVER': '\\\\T-W864-IX-045',
16:55:32     INFO -  'MONDIR': 'C:\\Monitor_config\\',
16:55:32     INFO -  'MOZBUILDDIR': 'C:\\mozilla-build\\',
16:55:32     INFO -  'MOZ_CRASHREPORTER_NO_REPORT': '1',
16:55:32     INFO -  'MOZ_HIDE_RESULTS_TABLE': '1',
16:55:32     INFO -  'MOZ_NO_REMOTE': '1',
16:55:32     INFO -  'NO_EM_RESTART': '1',
16:55:32     INFO -  'NO_FAIL_ON_TEST_ERRORS': '1',
16:55:32     INFO -  'NUMBER_OF_PROCESSORS': '8',
16:55:32     INFO -  'OS': 'Windows_NT',
16:55:32     INFO -  'OURDRIVE': 'C:',
16:55:32     INFO -  'PATH': 'C:\\Program Files (x86)\\NVIDIA Corporation\\PhysX\\Common;C:\\windows\\system32;C:\\windows;C:\\windows\\System32\\Wbem;C:\\windows\\System32\\WindowsPowerShell\\v1.0\\;C:\\mozilla-build\\python27;C:\\mozilla-build\\python27\\Scripts;C:\\mozilla-build\\msys\\bin;C:\\mozilla-build\\vim\\vim72;C:\\mozilla-build\\wget;C:\\mozilla-build\\info-zip;C:\\CoreUtils\\bin;C:\\mozilla-build\\buildbotve\\scripts;C:\\mozilla-build\\hg;',
16:55:32     INFO -  'PATHEXT': '.COM;.EXE;.BAT;.CMD;.VBS;.VBE;.JS;.JSE;.WSF;.WSH;.MSC',
16:55:32     INFO -  'PROCESSOR_ARCHITECTURE': 'x86',
16:55:32     INFO -  'PROCESSOR_ARCHITEW6432': 'AMD64',
16:55:32     INFO -  'PROCESSOR_IDENTIFIER': 'Intel64 Family 6 Model 30 Stepping 5, GenuineIntel',
16:55:32     INFO -  'PROCESSOR_LEVEL': '6',
16:55:32     INFO -  'PROCESSOR_REVISION': '1e05',
16:55:32     INFO -  'PROGRAMDATA': 'C:\\ProgramData',
16:55:32     INFO -  'PROGRAMFILES': 'C:\\Program Files (x86)',
16:55:32     INFO -  'PROGRAMFILES(X86)': 'C:\\Program Files (x86)',
16:55:32     INFO -  'PROGRAMW6432': 'C:\\Program Files',
16:55:32     INFO -  'PROMPT': '$P$G',
16:55:32     INFO -  'PROPERTIES_FILE': 'C:\\slave\\test/buildprops.json',
16:55:32     INFO -  'PSMODULEPATH': 'C:\\windows\\system32\\WindowsPowerShell\\v1.0\\Modules\\',
16:55:32     INFO -  'PUBLIC': 'C:\\Users\\Public',
16:55:32     INFO -  'PWD': 'C:\\slave\\test',
16:55:32     INFO -  'RUNLOGFILE': 'C:\\slave\\\\runslave.log',
16:55:32     INFO -  'SLAVEDIR': 'C:\\slave\\',
16:55:32     INFO -  'SYSTEMDRIVE': 'C:',
16:55:32     INFO -  'SYSTEMROOT': 'C:\\windows',
16:55:32     INFO -  'TEMP': 'C:\\Users\\CLTBLD~1.T-W\\AppData\\Local\\Temp',
16:55:32     INFO -  'TEST1': 'testie',
16:55:32     INFO -  'TMP': 'C:\\Users\\CLTBLD~1.T-W\\AppData\\Local\\Temp',
16:55:32     INFO -  'USERDOMAIN': 'T-W864-IX-045',
16:55:32     INFO -  'USERDOMAIN_ROAMINGPROFILE': 'T-W864-IX-045',
16:55:32     INFO -  'USERNAME': 'cltbld',
16:55:32     INFO -  'USERPROFILE': 'C:\\Users\\cltbld.T-W864-IX-045',
16:55:32     INFO -  'WINDIR': 'C:\\windows',
16:55:32     INFO -  'XPCOM_DEBUG_BREAK': 'warn'}
16:55:33     INFO -  Ignoring indexes: https://pypi.python.org/simple
16:55:33     INFO -  Requirement already satisfied (use --upgrade to upgrade): functools32==3.2.3-2 in c:\slave\test\build\venv\lib\site-packages
16:55:33     INFO - Return code: 0
16:55:33     INFO - Installing blobuploader==1.2.4 into virtualenv C:\slave\test\build\venv
16:55:33     INFO - retry: Calling run_command with args: [['C:\\slave\\test\\build\\venv\\Scripts\\pip', 'install', '--timeout', '120', '--no-index', '--find-links', 'http://pypi.pvt.build.mozilla.org/pub', '--find-links', 'http://pypi.pub.build.mozilla.org/pub', '--trusted-host', 'pypi.pub.build.mozilla.org', '--trusted-host', 'pypi.pvt.build.mozilla.org', 'blobuploader==1.2.4']], kwargs: {'error_level': 'warning', 'error_list': [{'substr': 'not found or a compiler error:', 'level': 'warning'}, {'regex': <_sre.SRE_Pattern object at 0x025C6250>, 'level': 'error'}, {'regex': <_sre.SRE_Pattern object at 0x025DB188>, 'level': 'warning'}, {'regex': <_sre.SRE_Pattern object at 0x026014A8>, 'level': 'debug'}, {'substr': 'command not found', 'level': 'error'}, {'regex': <_sre.SRE_Pattern object at 0x004C8DE8>, 'level': 'warning'}, {'substr': 'Traceback (most recent call last)', 'level': 'error'}, {'substr': 'SyntaxError: ', 'level': 'error'}, {'substr': 'TypeError: ', 'level': 'error'}, {'substr': 'NameError: ', 'level': 'error'}, {'substr': 'ZeroDivisionError: ', 'level': 'error'}, {'regex': <_sre.SRE_Pattern object at 0x02551230>, 'level': 'critical'}, {'regex': <_sre.SRE_Pattern object at 0x025CF520>, 'level': 'critical'}], 'cwd': 'C:\\slave\\test\\build', 'env': {'TMP': 'C:\\Users\\CLTBLD~1.T-W\\AppData\\Local\\Temp', 'TEST1': 'testie', 'COMPUTERNAME': 'T-W864-IX-045', 'USERDOMAIN': 'T-W864-IX-045', 'KTS_VERSION': '1.19c', 'PSMODULEPATH': 'C:\\windows\\system32\\WindowsPowerShell\\v1.0\\Modules\\', 'COMMONPROGRAMFILES': 'C:\\Program Files (x86)\\Common Files', 'PROCESSOR_IDENTIFIER': 'Intel64 Family 6 Model 30 Stepping 5, GenuineIntel', 'PROGRAMFILES': 'C:\\Program Files (x86)', 'PROCESSOR_REVISION': '1e05', 'DNSSUFFIX': 'wintest.releng.scl3.mozilla.com', 'SYSTEMROOT': 'C:\\windows', 'NO_EM_RESTART': '1', 'PROGRAMFILES(X86)': 'C:\\Program Files (x86)', 'OURDRIVE': 'C:', 'MOZ_HIDE_RESULTS_TABLE': '1', 'XPCOM_DEBUG_BREAK': 'warn', 'MONDIR': 'C:\\Monitor_config\\', 'TEMP': 'C:\\Users\\CLTBLD~1.T-W\\AppData\\Local\\Temp', 'COMMONPROGRAMFILES(X86)': 'C:\\Program Files (x86)\\Common Files', 'RUNLOGFILE': 'C:\\slave\\\\runslave.log', 'PROCESSOR_ARCHITECTURE': 'x86', 'ALLUSERSPROFILE': 'C:\\ProgramData', 'USERPROFILE': 'C:\\Users\\cltbld.T-W864-IX-045', 'LOCALAPPDATA': 'C:\\Users\\cltbld.T-W864-IX-045\\AppData\\Local', 'HOMEPATH': '\\Users\\cltbld.T-W864-IX-045', 'USERDOMAIN_ROAMINGPROFILE': 'T-W864-IX-045', 'MOZBUILDDIR': 'C:\\mozilla-build\\', 'PROGRAMW6432': 'C:\\Program Files', 'USERNAME': 'cltbld', 'LOGONSERVER': '\\\\T-W864-IX-045', 'MOZ_NO_REMOTE': '1', 'COMSPEC': 'C:\\windows\\system32\\cmd.exe', 'PROGRAMDATA': 'C:\\ProgramData', 'PROPERTIES_FILE': 'C:\\slave\\test/buildprops.json', 'PATH': 'C:\\Program Files (x86)\\NVIDIA Corporation\\PhysX\\Common;C:\\windows\\system32;C:\\windows;C:\\windows\\System32\\Wbem;C:\\windows\\System32\\WindowsPowerShell\\v1.0\\;C:\\mozilla-build\\python27;C:\\mozilla-build\\python27\\Scripts;C:\\mozilla-build\\msys\\bin;C:\\mozilla-build\\vim\\vim72;C:\\mozilla-build\\wget;C:\\mozilla-build\\info-zip;C:\\CoreUtils\\bin;C:\\mozilla-build\\buildbotve\\scripts;C:\\mozilla-build\\hg;', 'PROMPT': '$P$G', 'NO_FAIL_ON_TEST_ERRORS': '1', 'PATHEXT': '.COM;.EXE;.BAT;.CMD;.VBS;.VBE;.JS;.JSE;.WSF;.WSH;.MSC', 'FP_NO_HOST_CHECK': 'NO', 'DCLOCATION': 'SCL3', 'APPDATA': 'C:\\Users\\cltbld.T-W864-IX-045\\AppData\\Roaming', 'HOMEDRIVE': 'C:', 'SYSTEMDRIVE': 'C:', 'SLAVEDIR': 'C:\\slave\\', 'NUMBER_OF_PROCESSORS': '8', 'PWD': 'C:\\slave\\test', 'PROCESSOR_LEVEL': '6', 'KTS_HOME': 'C:\\Program Files\\KTS', 'PROCESSOR_ARCHITEW6432': 'AMD64', 'MOZ_CRASHREPORTER_NO_REPORT': '1', 'COMMONPROGRAMW6432': 'C:\\Program Files\\Common Files', 'OS': 'Windows_NT', 'PUBLIC': 'C:\\Users\\Public', 'WINDIR': 'C:\\windows'}}, attempt #1
16:55:33     INFO - Running command: ['C:\\slave\\test\\build\\venv\\Scripts\\pip', 'install', '--timeout', '120', '--no-index', '--find-links', 'http://pypi.pvt.build.mozilla.org/pub', '--find-links', 'http://pypi.pub.build.mozilla.org/pub', '--trusted-host', 'pypi.pub.build.mozilla.org', '--trusted-host', 'pypi.pvt.build.mozilla.org', 'blobuploader==1.2.4'] in C:\slave\test\build
16:55:33     INFO - Copy/paste: C:\slave\test\build\venv\Scripts\pip install --timeout 120 --no-index --find-links http://pypi.pvt.build.mozilla.org/pub --find-links http://pypi.pub.build.mozilla.org/pub --trusted-host pypi.pub.build.mozilla.org --trusted-host pypi.pvt.build.mozilla.org blobuploader==1.2.4
16:55:33     INFO - Using env: {'ALLUSERSPROFILE': 'C:\\ProgramData',
16:55:33     INFO -  'APPDATA': 'C:\\Users\\cltbld.T-W864-IX-045\\AppData\\Roaming',
16:55:33     INFO -  'COMMONPROGRAMFILES': 'C:\\Program Files (x86)\\Common Files',
16:55:33     INFO -  'COMMONPROGRAMFILES(X86)': 'C:\\Program Files (x86)\\Common Files',
16:55:33     INFO -  'COMMONPROGRAMW6432': 'C:\\Program Files\\Common Files',
16:55:33     INFO -  'COMPUTERNAME': 'T-W864-IX-045',
16:55:33     INFO -  'COMSPEC': 'C:\\windows\\system32\\cmd.exe',
16:55:33     INFO -  'DCLOCATION': 'SCL3',
16:55:33     INFO -  'DNSSUFFIX': 'wintest.releng.scl3.mozilla.com',
16:55:33     INFO -  'FP_NO_HOST_CHECK': 'NO',
16:55:33     INFO -  'HOMEDRIVE': 'C:',
16:55:33     INFO -  'HOMEPATH': '\\Users\\cltbld.T-W864-IX-045',
16:55:33     INFO -  'KTS_HOME': 'C:\\Program Files\\KTS',
16:55:33     INFO -  'KTS_VERSION': '1.19c',
16:55:33     INFO -  'LOCALAPPDATA': 'C:\\Users\\cltbld.T-W864-IX-045\\AppData\\Local',
16:55:33     INFO -  'LOGONSERVER': '\\\\T-W864-IX-045',
16:55:33     INFO -  'MONDIR': 'C:\\Monitor_config\\',
16:55:33     INFO -  'MOZBUILDDIR': 'C:\\mozilla-build\\',
16:55:33     INFO -  'MOZ_CRASHREPORTER_NO_REPORT': '1',
16:55:33     INFO -  'MOZ_HIDE_RESULTS_TABLE': '1',
16:55:33     INFO -  'MOZ_NO_REMOTE': '1',
16:55:33     INFO -  'NO_EM_RESTART': '1',
16:55:33     INFO -  'NO_FAIL_ON_TEST_ERRORS': '1',
16:55:33     INFO -  'NUMBER_OF_PROCESSORS': '8',
16:55:33     INFO -  'OS': 'Windows_NT',
16:55:33     INFO -  'OURDRIVE': 'C:',
16:55:33     INFO -  'PATH': 'C:\\Program Files (x86)\\NVIDIA Corporation\\PhysX\\Common;C:\\windows\\system32;C:\\windows;C:\\windows\\System32\\Wbem;C:\\windows\\System32\\WindowsPowerShell\\v1.0\\;C:\\mozilla-build\\python27;C:\\mozilla-build\\python27\\Scripts;C:\\mozilla-build\\msys\\bin;C:\\mozilla-build\\vim\\vim72;C:\\mozilla-build\\wget;C:\\mozilla-build\\info-zip;C:\\CoreUtils\\bin;C:\\mozilla-build\\buildbotve\\scripts;C:\\mozilla-build\\hg;',
16:55:33     INFO -  'PATHEXT': '.COM;.EXE;.BAT;.CMD;.VBS;.VBE;.JS;.JSE;.WSF;.WSH;.MSC',
16:55:33     INFO -  'PROCESSOR_ARCHITECTURE': 'x86',
16:55:33     INFO -  'PROCESSOR_ARCHITEW6432': 'AMD64',
16:55:33     INFO -  'PROCESSOR_IDENTIFIER': 'Intel64 Family 6 Model 30 Stepping 5, GenuineIntel',
16:55:33     INFO -  'PROCESSOR_LEVEL': '6',
16:55:33     INFO -  'PROCESSOR_REVISION': '1e05',
16:55:33     INFO -  'PROGRAMDATA': 'C:\\ProgramData',
16:55:33     INFO -  'PROGRAMFILES': 'C:\\Program Files (x86)',
16:55:33     INFO -  'PROGRAMFILES(X86)': 'C:\\Program Files (x86)',
16:55:33     INFO -  'PROGRAMW6432': 'C:\\Program Files',
16:55:33     INFO -  'PROMPT': '$P$G',
16:55:33     INFO -  'PROPERTIES_FILE': 'C:\\slave\\test/buildprops.json',
16:55:33     INFO -  'PSMODULEPATH': 'C:\\windows\\system32\\WindowsPowerShell\\v1.0\\Modules\\',
16:55:33     INFO -  'PUBLIC': 'C:\\Users\\Public',
16:55:33     INFO -  'PWD': 'C:\\slave\\test',
16:55:33     INFO -  'RUNLOGFILE': 'C:\\slave\\\\runslave.log',
16:55:33     INFO -  'SLAVEDIR': 'C:\\slave\\',
16:55:33     INFO -  'SYSTEMDRIVE': 'C:',
16:55:33     INFO -  'SYSTEMROOT': 'C:\\windows',
16:55:33     INFO -  'TEMP': 'C:\\Users\\CLTBLD~1.T-W\\AppData\\Local\\Temp',
16:55:33     INFO -  'TEST1': 'testie',
16:55:33     INFO -  'TMP': 'C:\\Users\\CLTBLD~1.T-W\\AppData\\Local\\Temp',
16:55:33     INFO -  'USERDOMAIN': 'T-W864-IX-045',
16:55:33     INFO -  'USERDOMAIN_ROAMINGPROFILE': 'T-W864-IX-045',
16:55:33     INFO -  'USERNAME': 'cltbld',
16:55:33     INFO -  'USERPROFILE': 'C:\\Users\\cltbld.T-W864-IX-045',
16:55:33     INFO -  'WINDIR': 'C:\\windows',
16:55:33     INFO -  'XPCOM_DEBUG_BREAK': 'warn'}
16:55:33     INFO -  Ignoring indexes: https://pypi.python.org/simple
16:55:33     INFO -  Collecting blobuploader==1.2.4
16:55:35     INFO -  Collecting docopt==0.6.1 (from blobuploader==1.2.4)
16:55:36     INFO -  Collecting requests==1.2.3. (from blobuploader==1.2.4)
16:55:37     INFO -  Installing collected packages: docopt, requests, blobuploader
16:55:38     INFO -  Successfully installed blobuploader-1.2.4 docopt-0.6.1 requests-1.2.3
16:55:38     INFO - Return code: 0
16:55:38     INFO - Installing None into virtualenv C:\slave\test\build\venv
16:55:38     INFO - retry: Calling run_command with args: [['C:\\slave\\test\\build\\venv\\Scripts\\pip', 'install', '--no-deps', '--timeout', '120', '-r', 'C:\\slave\\test\\build\\tests\\config\\marionette_requirements.txt', '--no-index', '--find-links', 'http://pypi.pvt.build.mozilla.org/pub', '--find-links', 'http://pypi.pub.build.mozilla.org/pub', '--trusted-host', 'pypi.pub.build.mozilla.org', '--trusted-host', 'pypi.pvt.build.mozilla.org']], kwargs: {'error_level': 'warning', 'error_list': [{'substr': 'not found or a compiler error:', 'level': 'warning'}, {'regex': <_sre.SRE_Pattern object at 0x025C6250>, 'level': 'error'}, {'regex': <_sre.SRE_Pattern object at 0x025DB188>, 'level': 'warning'}, {'regex': <_sre.SRE_Pattern object at 0x026014A8>, 'level': 'debug'}, {'substr': 'command not found', 'level': 'error'}, {'regex': <_sre.SRE_Pattern object at 0x004C8DE8>, 'level': 'warning'}, {'substr': 'Traceback (most recent call last)', 'level': 'error'}, {'substr': 'SyntaxError: ', 'level': 'error'}, {'substr': 'TypeError: ', 'level': 'error'}, {'substr': 'NameError: ', 'level': 'error'}, {'substr': 'ZeroDivisionError: ', 'level': 'error'}, {'regex': <_sre.SRE_Pattern object at 0x02551230>, 'level': 'critical'}, {'regex': <_sre.SRE_Pattern object at 0x025CF520>, 'level': 'critical'}], 'cwd': 'C:\\slave\\test\\build\\tests\\config', 'env': {'TMP': 'C:\\Users\\CLTBLD~1.T-W\\AppData\\Local\\Temp', 'TEST1': 'testie', 'COMPUTERNAME': 'T-W864-IX-045', 'USERDOMAIN': 'T-W864-IX-045', 'KTS_VERSION': '1.19c', 'PSMODULEPATH': 'C:\\windows\\system32\\WindowsPowerShell\\v1.0\\Modules\\', 'COMMONPROGRAMFILES': 'C:\\Program Files (x86)\\Common Files', 'PROCESSOR_IDENTIFIER': 'Intel64 Family 6 Model 30 Stepping 5, GenuineIntel', 'PROGRAMFILES': 'C:\\Program Files (x86)', 'PROCESSOR_REVISION': '1e05', 'DNSSUFFIX': 'wintest.releng.scl3.mozilla.com', 'SYSTEMROOT': 'C:\\windows', 'NO_EM_RESTART': '1', 'PROGRAMFILES(X86)': 'C:\\Program Files (x86)', 'OURDRIVE': 'C:', 'MOZ_HIDE_RESULTS_TABLE': '1', 'XPCOM_DEBUG_BREAK': 'warn', 'MONDIR': 'C:\\Monitor_config\\', 'TEMP': 'C:\\Users\\CLTBLD~1.T-W\\AppData\\Local\\Temp', 'COMMONPROGRAMFILES(X86)': 'C:\\Program Files (x86)\\Common Files', 'RUNLOGFILE': 'C:\\slave\\\\runslave.log', 'PROCESSOR_ARCHITECTURE': 'x86', 'ALLUSERSPROFILE': 'C:\\ProgramData', 'USERPROFILE': 'C:\\Users\\cltbld.T-W864-IX-045', 'LOCALAPPDATA': 'C:\\Users\\cltbld.T-W864-IX-045\\AppData\\Local', 'HOMEPATH': '\\Users\\cltbld.T-W864-IX-045', 'USERDOMAIN_ROAMINGPROFILE': 'T-W864-IX-045', 'MOZBUILDDIR': 'C:\\mozilla-build\\', 'PROGRAMW6432': 'C:\\Program Files', 'USERNAME': 'cltbld', 'LOGONSERVER': '\\\\T-W864-IX-045', 'MOZ_NO_REMOTE': '1', 'COMSPEC': 'C:\\windows\\system32\\cmd.exe', 'PROGRAMDATA': 'C:\\ProgramData', 'PROPERTIES_FILE': 'C:\\slave\\test/buildprops.json', 'PATH': 'C:\\Program Files (x86)\\NVIDIA Corporation\\PhysX\\Common;C:\\windows\\system32;C:\\windows;C:\\windows\\System32\\Wbem;C:\\windows\\System32\\WindowsPowerShell\\v1.0\\;C:\\mozilla-build\\python27;C:\\mozilla-build\\python27\\Scripts;C:\\mozilla-build\\msys\\bin;C:\\mozilla-build\\vim\\vim72;C:\\mozilla-build\\wget;C:\\mozilla-build\\info-zip;C:\\CoreUtils\\bin;C:\\mozilla-build\\buildbotve\\scripts;C:\\mozilla-build\\hg;', 'PROMPT': '$P$G', 'NO_FAIL_ON_TEST_ERRORS': '1', 'PATHEXT': '.COM;.EXE;.BAT;.CMD;.VBS;.VBE;.JS;.JSE;.WSF;.WSH;.MSC', 'FP_NO_HOST_CHECK': 'NO', 'DCLOCATION': 'SCL3', 'APPDATA': 'C:\\Users\\cltbld.T-W864-IX-045\\AppData\\Roaming', 'HOMEDRIVE': 'C:', 'SYSTEMDRIVE': 'C:', 'SLAVEDIR': 'C:\\slave\\', 'NUMBER_OF_PROCESSORS': '8', 'PWD': 'C:\\slave\\test', 'PROCESSOR_LEVEL': '6', 'KTS_HOME': 'C:\\Program Files\\KTS', 'PROCESSOR_ARCHITEW6432': 'AMD64', 'MOZ_CRASHREPORTER_NO_REPORT': '1', 'COMMONPROGRAMW6432': 'C:\\Program Files\\Common Files', 'OS': 'Windows_NT', 'PUBLIC': 'C:\\Users\\Public', 'WINDIR': 'C:\\windows'}}, attempt #1
16:55:38     INFO - Running command: ['C:\\slave\\test\\build\\venv\\Scripts\\pip', 'install', '--no-deps', '--timeout', '120', '-r', 'C:\\slave\\test\\build\\tests\\config\\marionette_requirements.txt', '--no-index', '--find-links', 'http://pypi.pvt.build.mozilla.org/pub', '--find-links', 'http://pypi.pub.build.mozilla.org/pub', '--trusted-host', 'pypi.pub.build.mozilla.org', '--trusted-host', 'pypi.pvt.build.mozilla.org'] in C:\slave\test\build\tests\config
16:55:38     INFO - Copy/paste: C:\slave\test\build\venv\Scripts\pip install --no-deps --timeout 120 -r C:\slave\test\build\tests\config\marionette_requirements.txt --no-index --find-links http://pypi.pvt.build.mozilla.org/pub --find-links http://pypi.pub.build.mozilla.org/pub --trusted-host pypi.pub.build.mozilla.org --trusted-host pypi.pvt.build.mozilla.org
16:55:38     INFO - Using env: {'ALLUSERSPROFILE': 'C:\\ProgramData',
16:55:38     INFO -  'APPDATA': 'C:\\Users\\cltbld.T-W864-IX-045\\AppData\\Roaming',
16:55:38     INFO -  'COMMONPROGRAMFILES': 'C:\\Program Files (x86)\\Common Files',
16:55:38     INFO -  'COMMONPROGRAMFILES(X86)': 'C:\\Program Files (x86)\\Common Files',
16:55:38     INFO -  'COMMONPROGRAMW6432': 'C:\\Program Files\\Common Files',
16:55:38     INFO -  'COMPUTERNAME': 'T-W864-IX-045',
16:55:38     INFO -  'COMSPEC': 'C:\\windows\\system32\\cmd.exe',
16:55:38     INFO -  'DCLOCATION': 'SCL3',
16:55:38     INFO -  'DNSSUFFIX': 'wintest.releng.scl3.mozilla.com',
16:55:38     INFO -  'FP_NO_HOST_CHECK': 'NO',
16:55:38     INFO -  'HOMEDRIVE': 'C:',
16:55:38     INFO -  'HOMEPATH': '\\Users\\cltbld.T-W864-IX-045',
16:55:38     INFO -  'KTS_HOME': 'C:\\Program Files\\KTS',
16:55:38     INFO -  'KTS_VERSION': '1.19c',
16:55:38     INFO -  'LOCALAPPDATA': 'C:\\Users\\cltbld.T-W864-IX-045\\AppData\\Local',
16:55:38     INFO -  'LOGONSERVER': '\\\\T-W864-IX-045',
16:55:38     INFO -  'MONDIR': 'C:\\Monitor_config\\',
16:55:38     INFO -  'MOZBUILDDIR': 'C:\\mozilla-build\\',
16:55:38     INFO -  'MOZ_CRASHREPORTER_NO_REPORT': '1',
16:55:38     INFO -  'MOZ_HIDE_RESULTS_TABLE': '1',
16:55:38     INFO -  'MOZ_NO_REMOTE': '1',
16:55:38     INFO -  'NO_EM_RESTART': '1',
16:55:38     INFO -  'NO_FAIL_ON_TEST_ERRORS': '1',
16:55:38     INFO -  'NUMBER_OF_PROCESSORS': '8',
16:55:38     INFO -  'OS': 'Windows_NT',
16:55:38     INFO -  'OURDRIVE': 'C:',
16:55:38     INFO -  'PATH': 'C:\\Program Files (x86)\\NVIDIA Corporation\\PhysX\\Common;C:\\windows\\system32;C:\\windows;C:\\windows\\System32\\Wbem;C:\\windows\\System32\\WindowsPowerShell\\v1.0\\;C:\\mozilla-build\\python27;C:\\mozilla-build\\python27\\Scripts;C:\\mozilla-build\\msys\\bin;C:\\mozilla-build\\vim\\vim72;C:\\mozilla-build\\wget;C:\\mozilla-build\\info-zip;C:\\CoreUtils\\bin;C:\\mozilla-build\\buildbotve\\scripts;C:\\mozilla-build\\hg;',
16:55:38     INFO -  'PATHEXT': '.COM;.EXE;.BAT;.CMD;.VBS;.VBE;.JS;.JSE;.WSF;.WSH;.MSC',
16:55:38     INFO -  'PROCESSOR_ARCHITECTURE': 'x86',
16:55:38     INFO -  'PROCESSOR_ARCHITEW6432': 'AMD64',
16:55:38     INFO -  'PROCESSOR_IDENTIFIER': 'Intel64 Family 6 Model 30 Stepping 5, GenuineIntel',
16:55:38     INFO -  'PROCESSOR_LEVEL': '6',
16:55:38     INFO -  'PROCESSOR_REVISION': '1e05',
16:55:38     INFO -  'PROGRAMDATA': 'C:\\ProgramData',
16:55:38     INFO -  'PROGRAMFILES': 'C:\\Program Files (x86)',
16:55:38     INFO -  'PROGRAMFILES(X86)': 'C:\\Program Files (x86)',
16:55:38     INFO -  'PROGRAMW6432': 'C:\\Program Files',
16:55:38     INFO -  'PROMPT': '$P$G',
16:55:38     INFO -  'PROPERTIES_FILE': 'C:\\slave\\test/buildprops.json',
16:55:38     INFO -  'PSMODULEPATH': 'C:\\windows\\system32\\WindowsPowerShell\\v1.0\\Modules\\',
16:55:38     INFO -  'PUBLIC': 'C:\\Users\\Public',
16:55:38     INFO -  'PWD': 'C:\\slave\\test',
16:55:38     INFO -  'RUNLOGFILE': 'C:\\slave\\\\runslave.log',
16:55:38     INFO -  'SLAVEDIR': 'C:\\slave\\',
16:55:38     INFO -  'SYSTEMDRIVE': 'C:',
16:55:38     INFO -  'SYSTEMROOT': 'C:\\windows',
16:55:38     INFO -  'TEMP': 'C:\\Users\\CLTBLD~1.T-W\\AppData\\Local\\Temp',
16:55:38     INFO -  'TEST1': 'testie',
16:55:38     INFO -  'TMP': 'C:\\Users\\CLTBLD~1.T-W\\AppData\\Local\\Temp',
16:55:38     INFO -  'USERDOMAIN': 'T-W864-IX-045',
16:55:38     INFO -  'USERDOMAIN_ROAMINGPROFILE': 'T-W864-IX-045',
16:55:38     INFO -  'USERNAME': 'cltbld',
16:55:38     INFO -  'USERPROFILE': 'C:\\Users\\cltbld.T-W864-IX-045',
16:55:38     INFO -  'WINDIR': 'C:\\windows',
16:55:38     INFO -  'XPCOM_DEBUG_BREAK': 'warn'}
16:55:39     INFO -  Ignoring indexes: https://pypi.python.org/simple
16:55:39     INFO -  Processing c:\slave\test\build\tests\mozbase\manifestparser
16:55:39     INFO -  Processing c:\slave\test\build\tests\mozbase\mozcrash
16:55:39     INFO -  Processing c:\slave\test\build\tests\mozbase\mozdebug
16:55:40     INFO -  Processing c:\slave\test\build\tests\mozbase\mozdevice
16:55:40     INFO -  Processing c:\slave\test\build\tests\mozbase\mozfile
16:55:40     INFO -  Processing c:\slave\test\build\tests\mozbase\mozhttpd
16:55:40     INFO -  Processing c:\slave\test\build\tests\mozbase\mozinfo
16:55:41     INFO -  Processing c:\slave\test\build\tests\mozbase\mozinstall
16:55:41     INFO -  Processing c:\slave\test\build\tests\mozbase\mozleak
16:55:41     INFO -  Processing c:\slave\test\build\tests\mozbase\mozlog
16:55:41     INFO -  Processing c:\slave\test\build\tests\mozbase\moznetwork
16:55:42     INFO -  Processing c:\slave\test\build\tests\mozbase\mozprocess
16:55:42     INFO -  Processing c:\slave\test\build\tests\mozbase\mozprofile
16:55:42     INFO -  Processing c:\slave\test\build\tests\mozbase\mozrunner
16:55:42     INFO -  Processing c:\slave\test\build\tests\mozbase\mozscreenshot
16:55:43     INFO -  Processing c:\slave\test\build\tests\mozbase\moztest
16:55:43     INFO -  Processing c:\slave\test\build\tests\mozbase\mozversion
16:55:43     INFO -  Processing c:\slave\test\build\tests\tools\wptserve
16:55:43     INFO -  Processing c:\slave\test\build\tests\marionette\client
16:55:44     INFO -  Processing c:\slave\test\build\tests\marionette\harness\marionette_harness\runner\mixins\browsermob-proxy-py
16:55:44     INFO -  Processing c:\slave\test\build\tests\marionette\harness
16:55:44     INFO -  Processing c:\slave\test\build\tests\marionette\puppeteer\firefox
16:55:45     INFO -  Building wheels for collected packages: browsermob-proxy
16:55:45     INFO -    Running setup.py bdist_wheel for browsermob-proxy: started
16:55:46     INFO -    Running setup.py bdist_wheel for browsermob-proxy: finished with status 'done'
16:55:46     INFO -    Stored in directory: C:\Users\cltbld.T-W864-IX-045\AppData\Local\pip\Cache\wheels\08\c0\29\e3a3f32d6ca19470885c6032e6c0a54976e207f709e0326988
16:55:46     INFO -  Successfully built browsermob-proxy
16:55:46     INFO -  Installing collected packages: manifestparser, mozcrash, mozdebug, mozdevice, mozfile, mozhttpd, mozinfo, mozInstall, mozleak, mozlog, moznetwork, mozprocess, mozprofile, mozrunner, mozscreenshot, moztest, mozversion, wptserve, marionette-driver, browsermob-proxy, marionette-harness, firefox-puppeteer
16:55:46     INFO -    Running setup.py install for manifestparser: started
16:55:47     INFO -      Running setup.py install for manifestparser: finished with status 'done'
16:55:47     INFO -    Running setup.py install for mozcrash: started
16:55:47     INFO -      Running setup.py install for mozcrash: finished with status 'done'
16:55:48     INFO -    Running setup.py install for mozdebug: started
16:55:48     INFO -      Running setup.py install for mozdebug: finished with status 'done'
16:55:48     INFO -    Running setup.py install for mozdevice: started
16:55:48     INFO -      Running setup.py install for mozdevice: finished with status 'done'
16:55:49     INFO -    Running setup.py install for mozfile: started
16:55:49     INFO -      Running setup.py install for mozfile: finished with status 'done'
16:55:49     INFO -    Running setup.py install for mozhttpd: started
16:55:49     INFO -      Running setup.py install for mozhttpd: finished with status 'done'
16:55:50     INFO -    Running setup.py install for mozinfo: started
16:55:50     INFO -      Running setup.py install for mozinfo: finished with status 'done'
16:55:50     INFO -    Running setup.py install for mozInstall: started
16:55:51     INFO -      Running setup.py install for mozInstall: finished with status 'done'
16:55:51     INFO -    Running setup.py install for mozleak: started
16:55:52     INFO -      Running setup.py install for mozleak: finished with status 'done'
16:55:52     INFO -    Running setup.py install for mozlog: started
16:55:52     INFO -      Running setup.py install for mozlog: finished with status 'done'
16:55:53     INFO -    Running setup.py install for moznetwork: started
16:55:53     INFO -      Running setup.py install for moznetwork: finished with status 'done'
16:55:53     INFO -    Running setup.py install for mozprocess: started
16:55:54     INFO -      Running setup.py install for mozprocess: finished with status 'done'
16:55:54     INFO -    Running setup.py install for mozprofile: started
16:55:54     INFO -      Running setup.py install for mozprofile: finished with status 'done'
16:55:55     INFO -    Running setup.py install for mozrunner: started
16:55:55     INFO -      Running setup.py install for mozrunner: finished with status 'done'
16:55:56     INFO -    Running setup.py install for mozscreenshot: started
16:55:56     INFO -      Running setup.py install for mozscreenshot: finished with status 'done'
16:55:56     INFO -    Running setup.py install for moztest: started
16:55:56     INFO -      Running setup.py install for moztest: finished with status 'done'
16:55:57     INFO -    Running setup.py install for mozversion: started
16:55:57     INFO -      Running setup.py install for mozversion: finished with status 'done'
16:55:57     INFO -    Running setup.py install for wptserve: started
16:55:58     INFO -      Running setup.py install for wptserve: finished with status 'done'
16:55:58     INFO -    Running setup.py install for marionette-driver: started
16:55:58     INFO -      Running setup.py install for marionette-driver: finished with status 'done'
16:55:59     INFO -    Running setup.py install for marionette-harness: started
16:55:59     INFO -      Running setup.py install for marionette-harness: finished with status 'done'
16:56:00     INFO -    Running setup.py install for firefox-puppeteer: started
16:56:00     INFO -      Running setup.py install for firefox-puppeteer: finished with status 'done'
16:56:02     INFO -  Successfully installed browsermob-proxy-0.6.0 firefox-puppeteer-52.1.0 manifestparser-1.1 marionette-driver-2.2.0 marionette-harness-4.0.0 mozInstall-1.12 mozcrash-1.0 mozdebug-0.1 mozdevice-0.48 mozfile-1.2 mozhttpd-0.7 mozinfo-0.9 mozleak-0.1 mozlog-3.4 moznetwork-0.27 mozprocess-0.23 mozprofile-0.28 mozrunner-6.13 mozscreenshot-0.1 moztest-0.8 mozversion-1.4 wptserve-1.4.0
16:56:02     INFO - Return code: 0
16:56:02     INFO - Installing None into virtualenv C:\slave\test\build\venv
16:56:02     INFO - retry: Calling run_command with args: [['C:\\slave\\test\\build\\venv\\Scripts\\pip', 'install', '--timeout', '120', '-r', 'C:\\slave\\test\\build\\tests\\config\\marionette_requirements.txt', '--no-index', '--find-links', 'http://pypi.pvt.build.mozilla.org/pub', '--find-links', 'http://pypi.pub.build.mozilla.org/pub', '--trusted-host', 'pypi.pub.build.mozilla.org', '--trusted-host', 'pypi.pvt.build.mozilla.org']], kwargs: {'error_level': 'warning', 'error_list': [{'substr': 'not found or a compiler error:', 'level': 'warning'}, {'regex': <_sre.SRE_Pattern object at 0x025C6250>, 'level': 'error'}, {'regex': <_sre.SRE_Pattern object at 0x025DB188>, 'level': 'warning'}, {'regex': <_sre.SRE_Pattern object at 0x026014A8>, 'level': 'debug'}, {'substr': 'command not found', 'level': 'error'}, {'regex': <_sre.SRE_Pattern object at 0x004C8DE8>, 'level': 'warning'}, {'substr': 'Traceback (most recent call last)', 'level': 'error'}, {'substr': 'SyntaxError: ', 'level': 'error'}, {'substr': 'TypeError: ', 'level': 'error'}, {'substr': 'NameError: ', 'level': 'error'}, {'substr': 'ZeroDivisionError: ', 'level': 'error'}, {'regex': <_sre.SRE_Pattern object at 0x02551230>, 'level': 'critical'}, {'regex': <_sre.SRE_Pattern object at 0x025CF520>, 'level': 'critical'}], 'cwd': 'C:\\slave\\test\\build\\tests\\config', 'env': {'TMP': 'C:\\Users\\CLTBLD~1.T-W\\AppData\\Local\\Temp', 'TEST1': 'testie', 'COMPUTERNAME': 'T-W864-IX-045', 'USERDOMAIN': 'T-W864-IX-045', 'KTS_VERSION': '1.19c', 'PSMODULEPATH': 'C:\\windows\\system32\\WindowsPowerShell\\v1.0\\Modules\\', 'COMMONPROGRAMFILES': 'C:\\Program Files (x86)\\Common Files', 'PROCESSOR_IDENTIFIER': 'Intel64 Family 6 Model 30 Stepping 5, GenuineIntel', 'PROGRAMFILES': 'C:\\Program Files (x86)', 'PROCESSOR_REVISION': '1e05', 'DNSSUFFIX': 'wintest.releng.scl3.mozilla.com', 'SYSTEMROOT': 'C:\\windows', 'NO_EM_RESTART': '1', 'PROGRAMFILES(X86)': 'C:\\Program Files (x86)', 'OURDRIVE': 'C:', 'MOZ_HIDE_RESULTS_TABLE': '1', 'XPCOM_DEBUG_BREAK': 'warn', 'MONDIR': 'C:\\Monitor_config\\', 'TEMP': 'C:\\Users\\CLTBLD~1.T-W\\AppData\\Local\\Temp', 'COMMONPROGRAMFILES(X86)': 'C:\\Program Files (x86)\\Common Files', 'RUNLOGFILE': 'C:\\slave\\\\runslave.log', 'PROCESSOR_ARCHITECTURE': 'x86', 'ALLUSERSPROFILE': 'C:\\ProgramData', 'USERPROFILE': 'C:\\Users\\cltbld.T-W864-IX-045', 'LOCALAPPDATA': 'C:\\Users\\cltbld.T-W864-IX-045\\AppData\\Local', 'HOMEPATH': '\\Users\\cltbld.T-W864-IX-045', 'USERDOMAIN_ROAMINGPROFILE': 'T-W864-IX-045', 'MOZBUILDDIR': 'C:\\mozilla-build\\', 'PROGRAMW6432': 'C:\\Program Files', 'USERNAME': 'cltbld', 'LOGONSERVER': '\\\\T-W864-IX-045', 'MOZ_NO_REMOTE': '1', 'COMSPEC': 'C:\\windows\\system32\\cmd.exe', 'PROGRAMDATA': 'C:\\ProgramData', 'PROPERTIES_FILE': 'C:\\slave\\test/buildprops.json', 'PATH': 'C:\\Program Files (x86)\\NVIDIA Corporation\\PhysX\\Common;C:\\windows\\system32;C:\\windows;C:\\windows\\System32\\Wbem;C:\\windows\\System32\\WindowsPowerShell\\v1.0\\;C:\\mozilla-build\\python27;C:\\mozilla-build\\python27\\Scripts;C:\\mozilla-build\\msys\\bin;C:\\mozilla-build\\vim\\vim72;C:\\mozilla-build\\wget;C:\\mozilla-build\\info-zip;C:\\CoreUtils\\bin;C:\\mozilla-build\\buildbotve\\scripts;C:\\mozilla-build\\hg;', 'PROMPT': '$P$G', 'NO_FAIL_ON_TEST_ERRORS': '1', 'PATHEXT': '.COM;.EXE;.BAT;.CMD;.VBS;.VBE;.JS;.JSE;.WSF;.WSH;.MSC', 'FP_NO_HOST_CHECK': 'NO', 'DCLOCATION': 'SCL3', 'APPDATA': 'C:\\Users\\cltbld.T-W864-IX-045\\AppData\\Roaming', 'HOMEDRIVE': 'C:', 'SYSTEMDRIVE': 'C:', 'SLAVEDIR': 'C:\\slave\\', 'NUMBER_OF_PROCESSORS': '8', 'PWD': 'C:\\slave\\test', 'PROCESSOR_LEVEL': '6', 'KTS_HOME': 'C:\\Program Files\\KTS', 'PROCESSOR_ARCHITEW6432': 'AMD64', 'MOZ_CRASHREPORTER_NO_REPORT': '1', 'COMMONPROGRAMW6432': 'C:\\Program Files\\Common Files', 'OS': 'Windows_NT', 'PUBLIC': 'C:\\Users\\Public', 'WINDIR': 'C:\\windows'}}, attempt #1
16:56:02     INFO - Running command: ['C:\\slave\\test\\build\\venv\\Scripts\\pip', 'install', '--timeout', '120', '-r', 'C:\\slave\\test\\build\\tests\\config\\marionette_requirements.txt', '--no-index', '--find-links', 'http://pypi.pvt.build.mozilla.org/pub', '--find-links', 'http://pypi.pub.build.mozilla.org/pub', '--trusted-host', 'pypi.pub.build.mozilla.org', '--trusted-host', 'pypi.pvt.build.mozilla.org'] in C:\slave\test\build\tests\config
16:56:02     INFO - Copy/paste: C:\slave\test\build\venv\Scripts\pip install --timeout 120 -r C:\slave\test\build\tests\config\marionette_requirements.txt --no-index --find-links http://pypi.pvt.build.mozilla.org/pub --find-links http://pypi.pub.build.mozilla.org/pub --trusted-host pypi.pub.build.mozilla.org --trusted-host pypi.pvt.build.mozilla.org
16:56:02     INFO - Using env: {'ALLUSERSPROFILE': 'C:\\ProgramData',
16:56:02     INFO -  'APPDATA': 'C:\\Users\\cltbld.T-W864-IX-045\\AppData\\Roaming',
16:56:02     INFO -  'COMMONPROGRAMFILES': 'C:\\Program Files (x86)\\Common Files',
16:56:02     INFO -  'COMMONPROGRAMFILES(X86)': 'C:\\Program Files (x86)\\Common Files',
16:56:02     INFO -  'COMMONPROGRAMW6432': 'C:\\Program Files\\Common Files',
16:56:02     INFO -  'COMPUTERNAME': 'T-W864-IX-045',
16:56:02     INFO -  'COMSPEC': 'C:\\windows\\system32\\cmd.exe',
16:56:02     INFO -  'DCLOCATION': 'SCL3',
16:56:02     INFO -  'DNSSUFFIX': 'wintest.releng.scl3.mozilla.com',
16:56:02     INFO -  'FP_NO_HOST_CHECK': 'NO',
16:56:02     INFO -  'HOMEDRIVE': 'C:',
16:56:02     INFO -  'HOMEPATH': '\\Users\\cltbld.T-W864-IX-045',
16:56:02     INFO -  'KTS_HOME': 'C:\\Program Files\\KTS',
16:56:02     INFO -  'KTS_VERSION': '1.19c',
16:56:02     INFO -  'LOCALAPPDATA': 'C:\\Users\\cltbld.T-W864-IX-045\\AppData\\Local',
16:56:02     INFO -  'LOGONSERVER': '\\\\T-W864-IX-045',
16:56:02     INFO -  'MONDIR': 'C:\\Monitor_config\\',
16:56:02     INFO -  'MOZBUILDDIR': 'C:\\mozilla-build\\',
16:56:02     INFO -  'MOZ_CRASHREPORTER_NO_REPORT': '1',
16:56:02     INFO -  'MOZ_HIDE_RESULTS_TABLE': '1',
16:56:02     INFO -  'MOZ_NO_REMOTE': '1',
16:56:02     INFO -  'NO_EM_RESTART': '1',
16:56:02     INFO -  'NO_FAIL_ON_TEST_ERRORS': '1',
16:56:02     INFO -  'NUMBER_OF_PROCESSORS': '8',
16:56:02     INFO -  'OS': 'Windows_NT',
16:56:02     INFO -  'OURDRIVE': 'C:',
16:56:02     INFO -  'PATH': 'C:\\Program Files (x86)\\NVIDIA Corporation\\PhysX\\Common;C:\\windows\\system32;C:\\windows;C:\\windows\\System32\\Wbem;C:\\windows\\System32\\WindowsPowerShell\\v1.0\\;C:\\mozilla-build\\python27;C:\\mozilla-build\\python27\\Scripts;C:\\mozilla-build\\msys\\bin;C:\\mozilla-build\\vim\\vim72;C:\\mozilla-build\\wget;C:\\mozilla-build\\info-zip;C:\\CoreUtils\\bin;C:\\mozilla-build\\buildbotve\\scripts;C:\\mozilla-build\\hg;',
16:56:02     INFO -  'PATHEXT': '.COM;.EXE;.BAT;.CMD;.VBS;.VBE;.JS;.JSE;.WSF;.WSH;.MSC',
16:56:02     INFO -  'PROCESSOR_ARCHITECTURE': 'x86',
16:56:02     INFO -  'PROCESSOR_ARCHITEW6432': 'AMD64',
16:56:02     INFO -  'PROCESSOR_IDENTIFIER': 'Intel64 Family 6 Model 30 Stepping 5, GenuineIntel',
16:56:02     INFO -  'PROCESSOR_LEVEL': '6',
16:56:02     INFO -  'PROCESSOR_REVISION': '1e05',
16:56:02     INFO -  'PROGRAMDATA': 'C:\\ProgramData',
16:56:02     INFO -  'PROGRAMFILES': 'C:\\Program Files (x86)',
16:56:02     INFO -  'PROGRAMFILES(X86)': 'C:\\Program Files (x86)',
16:56:02     INFO -  'PROGRAMW6432': 'C:\\Program Files',
16:56:02     INFO -  'PROMPT': '$P$G',
16:56:02     INFO -  'PROPERTIES_FILE': 'C:\\slave\\test/buildprops.json',
16:56:02     INFO -  'PSMODULEPATH': 'C:\\windows\\system32\\WindowsPowerShell\\v1.0\\Modules\\',
16:56:02     INFO -  'PUBLIC': 'C:\\Users\\Public',
16:56:02     INFO -  'PWD': 'C:\\slave\\test',
16:56:02     INFO -  'RUNLOGFILE': 'C:\\slave\\\\runslave.log',
16:56:02     INFO -  'SLAVEDIR': 'C:\\slave\\',
16:56:02     INFO -  'SYSTEMDRIVE': 'C:',
16:56:02     INFO -  'SYSTEMROOT': 'C:\\windows',
16:56:02     INFO -  'TEMP': 'C:\\Users\\CLTBLD~1.T-W\\AppData\\Local\\Temp',
16:56:02     INFO -  'TEST1': 'testie',
16:56:02     INFO -  'TMP': 'C:\\Users\\CLTBLD~1.T-W\\AppData\\Local\\Temp',
16:56:02     INFO -  'USERDOMAIN': 'T-W864-IX-045',
16:56:02     INFO -  'USERDOMAIN_ROAMINGPROFILE': 'T-W864-IX-045',
16:56:02     INFO -  'USERNAME': 'cltbld',
16:56:02     INFO -  'USERPROFILE': 'C:\\Users\\cltbld.T-W864-IX-045',
16:56:02     INFO -  'WINDIR': 'C:\\windows',
16:56:02     INFO -  'XPCOM_DEBUG_BREAK': 'warn'}
16:56:02     INFO -  Ignoring indexes: https://pypi.python.org/simple
16:56:02     INFO -  Processing c:\slave\test\build\tests\mozbase\manifestparser
16:56:02     INFO -    Requirement already satisfied (use --upgrade to upgrade): manifestparser==1.1 from file:///C:/slave/test/build/tests/mozbase/manifestparser in c:\slave\test\build\venv\lib\site-packages (from -r C:\slave\test\build\tests\config\mozbase_requirements.txt (line 1))
16:56:02     INFO -  Processing c:\slave\test\build\tests\mozbase\mozcrash
16:56:03     INFO -    Requirement already satisfied (use --upgrade to upgrade): mozcrash==1.0 from file:///C:/slave/test/build/tests/mozbase/mozcrash in c:\slave\test\build\venv\lib\site-packages (from -r C:\slave\test\build\tests\config\mozbase_requirements.txt (line 2))
16:56:03     INFO -  Processing c:\slave\test\build\tests\mozbase\mozdebug
16:56:03     INFO -    Requirement already satisfied (use --upgrade to upgrade): mozdebug==0.1 from file:///C:/slave/test/build/tests/mozbase/mozdebug in c:\slave\test\build\venv\lib\site-packages (from -r C:\slave\test\build\tests\config\mozbase_requirements.txt (line 3))
16:56:03     INFO -  Processing c:\slave\test\build\tests\mozbase\mozdevice
16:56:03     INFO -    Requirement already satisfied (use --upgrade to upgrade): mozdevice==0.48 from file:///C:/slave/test/build/tests/mozbase/mozdevice in c:\slave\test\build\venv\lib\site-packages (from -r C:\slave\test\build\tests\config\mozbase_requirements.txt (line 4))
16:56:03     INFO -  Processing c:\slave\test\build\tests\mozbase\mozfile
16:56:03     INFO -    Requirement already satisfied (use --upgrade to upgrade): mozfile==1.2 from file:///C:/slave/test/build/tests/mozbase/mozfile in c:\slave\test\build\venv\lib\site-packages (from -r C:\slave\test\build\tests\config\mozbase_requirements.txt (line 5))
16:56:03     INFO -  Processing c:\slave\test\build\tests\mozbase\mozhttpd
16:56:04     INFO -    Requirement already satisfied (use --upgrade to upgrade): mozhttpd==0.7 from file:///C:/slave/test/build/tests/mozbase/mozhttpd in c:\slave\test\build\venv\lib\site-packages (from -r C:\slave\test\build\tests\config\mozbase_requirements.txt (line 6))
16:56:04     INFO -  Processing c:\slave\test\build\tests\mozbase\mozinfo
16:56:04     INFO -    Requirement already satisfied (use --upgrade to upgrade): mozinfo==0.9 from file:///C:/slave/test/build/tests/mozbase/mozinfo in c:\slave\test\build\venv\lib\site-packages (from -r C:\slave\test\build\tests\config\mozbase_requirements.txt (line 7))
16:56:04     INFO -  Processing c:\slave\test\build\tests\mozbase\mozinstall
16:56:04     INFO -    Requirement already satisfied (use --upgrade to upgrade): mozInstall==1.12 from file:///C:/slave/test/build/tests/mozbase/mozinstall in c:\slave\test\build\venv\lib\site-packages (from -r C:\slave\test\build\tests\config\mozbase_requirements.txt (line 8))
16:56:04     INFO -  Processing c:\slave\test\build\tests\mozbase\mozleak
16:56:05     INFO -    Requirement already satisfied (use --upgrade to upgrade): mozleak==0.1 from file:///C:/slave/test/build/tests/mozbase/mozleak in c:\slave\test\build\venv\lib\site-packages (from -r C:\slave\test\build\tests\config\mozbase_requirements.txt (line 9))
16:56:05     INFO -  Processing c:\slave\test\build\tests\mozbase\mozlog
16:56:05     INFO -    Requirement already satisfied (use --upgrade to upgrade): mozlog==3.4 from file:///C:/slave/test/build/tests/mozbase/mozlog in c:\slave\test\build\venv\lib\site-packages (from -r C:\slave\test\build\tests\config\mozbase_requirements.txt (line 10))
16:56:05     INFO -  Processing c:\slave\test\build\tests\mozbase\moznetwork
16:56:05     INFO -    Requirement already satisfied (use --upgrade to upgrade): moznetwork==0.27 from file:///C:/slave/test/build/tests/mozbase/moznetwork in c:\slave\test\build\venv\lib\site-packages (from -r C:\slave\test\build\tests\config\mozbase_requirements.txt (line 11))
16:56:05     INFO -  Processing c:\slave\test\build\tests\mozbase\mozprocess
16:56:05     INFO -    Requirement already satisfied (use --upgrade to upgrade): mozprocess==0.23 from file:///C:/slave/test/build/tests/mozbase/mozprocess in c:\slave\test\build\venv\lib\site-packages (from -r C:\slave\test\build\tests\config\mozbase_requirements.txt (line 12))
16:56:05     INFO -  Processing c:\slave\test\build\tests\mozbase\mozprofile
16:56:06     INFO -    Requirement already satisfied (use --upgrade to upgrade): mozprofile==0.28 from file:///C:/slave/test/build/tests/mozbase/mozprofile in c:\slave\test\build\venv\lib\site-packages (from -r C:\slave\test\build\tests\config\mozbase_requirements.txt (line 13))
16:56:06     INFO -  Processing c:\slave\test\build\tests\mozbase\mozrunner
16:56:06     INFO -    Requirement already satisfied (use --upgrade to upgrade): mozrunner==6.13 from file:///C:/slave/test/build/tests/mozbase/mozrunner in c:\slave\test\build\venv\lib\site-packages (from -r C:\slave\test\build\tests\config\mozbase_requirements.txt (line 14))
16:56:06     INFO -  Processing c:\slave\test\build\tests\mozbase\mozscreenshot
16:56:06     INFO -    Requirement already satisfied (use --upgrade to upgrade): mozscreenshot==0.1 from file:///C:/slave/test/build/tests/mozbase/mozscreenshot in c:\slave\test\build\venv\lib\site-packages (from -r C:\slave\test\build\tests\config\mozbase_requirements.txt (line 15))
16:56:06     INFO -  Processing c:\slave\test\build\tests\mozbase\moztest
16:56:06     INFO -    Requirement already satisfied (use --upgrade to upgrade): moztest==0.8 from file:///C:/slave/test/build/tests/mozbase/moztest in c:\slave\test\build\venv\lib\site-packages (from -r C:\slave\test\build\tests\config\mozbase_requirements.txt (line 16))
16:56:06     INFO -  Processing c:\slave\test\build\tests\mozbase\mozversion
16:56:07     INFO -    Requirement already satisfied (use --upgrade to upgrade): mozversion==1.4 from file:///C:/slave/test/build/tests/mozbase/mozversion in c:\slave\test\build\venv\lib\site-packages (from -r C:\slave\test\build\tests\config\mozbase_requirements.txt (line 17))
16:56:07     INFO -  Processing c:\slave\test\build\tests\tools\wptserve
16:56:07     INFO -    Requirement already satisfied (use --upgrade to upgrade): wptserve==1.4.0 from file:///C:/slave/test/build/tests/tools/wptserve in c:\slave\test\build\venv\lib\site-packages (from -r C:\slave\test\build\tests\config\marionette_requirements.txt (line 3))
16:56:07     INFO -  Processing c:\slave\test\build\tests\marionette\client
16:56:07     INFO -    Requirement already satisfied (use --upgrade to upgrade): marionette-driver==2.2.0 from file:///C:/slave/test/build/tests/marionette/client in c:\slave\test\build\venv\lib\site-packages (from -r C:\slave\test\build\tests\config\marionette_requirements.txt (line 4))
16:56:07     INFO -  Processing c:\slave\test\build\tests\marionette\harness\marionette_harness\runner\mixins\browsermob-proxy-py
16:56:08     INFO -    Requirement already satisfied (use --upgrade to upgrade): browsermob-proxy==0.6.0 from file:///C:/slave/test/build/tests/marionette/harness/marionette_harness/runner/mixins/browsermob-proxy-py in c:\slave\test\build\venv\lib\site-packages (from -r C:\slave\test\build\tests\config\marionette_requirements.txt (line 5))
16:56:08     INFO -  Processing c:\slave\test\build\tests\marionette\harness
16:56:08     INFO -    Requirement already satisfied (use --upgrade to upgrade): marionette-harness==4.0.0 from file:///C:/slave/test/build/tests/marionette/harness in c:\slave\test\build\venv\lib\site-packages (from -r C:\slave\test\build\tests\config\marionette_requirements.txt (line 6))
16:56:08     INFO -  Processing c:\slave\test\build\tests\marionette\puppeteer\firefox
16:56:08     INFO -    Requirement already satisfied (use --upgrade to upgrade): firefox-puppeteer==52.1.0 from file:///C:/slave/test/build/tests/marionette/puppeteer/firefox in c:\slave\test\build\venv\lib\site-packages (from -r C:\slave\test\build\tests\config\marionette_requirements.txt (line 9))
16:56:08     INFO -  Requirement already satisfied (use --upgrade to upgrade): mozfile>=1.0 in c:\slave\test\build\venv\lib\site-packages (from mozcrash==1.0->-r C:\slave\test\build\tests\config\mozbase_requirements.txt (line 2))
16:56:08     INFO -  Requirement already satisfied (use --upgrade to upgrade): mozlog>=3.0 in c:\slave\test\build\venv\lib\site-packages (from mozcrash==1.0->-r C:\slave\test\build\tests\config\mozbase_requirements.txt (line 2))
16:56:08     INFO -  Requirement already satisfied (use --upgrade to upgrade): mozinfo in c:\slave\test\build\venv\lib\site-packages (from mozdebug==0.1->-r C:\slave\test\build\tests\config\mozbase_requirements.txt (line 3))
16:56:08     INFO -  Requirement already satisfied (use --upgrade to upgrade): moznetwork>=0.24 in c:\slave\test\build\venv\lib\site-packages (from mozdevice==0.48->-r C:\slave\test\build\tests\config\mozbase_requirements.txt (line 4))
16:56:08     INFO -  Requirement already satisfied (use --upgrade to upgrade): mozprocess>=0.19 in c:\slave\test\build\venv\lib\site-packages (from mozdevice==0.48->-r C:\slave\test\build\tests\config\mozbase_requirements.txt (line 4))
16:56:08     INFO -  Collecting blessings>=1.3 (from mozlog==3.4->-r C:\slave\test\build\tests\config\mozbase_requirements.txt (line 10))
16:56:10     INFO -  Requirement already satisfied (use --upgrade to upgrade): requests>=1.1.0 in c:\slave\test\build\venv\lib\site-packages (from browsermob-proxy==0.6.0->-r C:\slave\test\build\tests\config\marionette_requirements.txt (line 5))
16:56:10     INFO -  Building wheels for collected packages: browsermob-proxy
16:56:10     INFO -    Running setup.py bdist_wheel for browsermob-proxy: started
16:56:10     INFO -    Running setup.py bdist_wheel for browsermob-proxy: finished with status 'done'
16:56:10     INFO -    Stored in directory: C:\Users\cltbld.T-W864-IX-045\AppData\Local\pip\Cache\wheels\08\c0\29\e3a3f32d6ca19470885c6032e6c0a54976e207f709e0326988
16:56:10     INFO -  Successfully built browsermob-proxy
16:56:10     INFO -  Installing collected packages: blessings
16:56:11     INFO -  Successfully installed blessings-1.6
16:56:15     INFO - Return code: 0
16:56:15     INFO - Done creating virtualenv C:\slave\test\build\venv.
16:56:15     INFO - Getting output from command: ['C:\\slave\\test\\build\\venv\\Scripts\\pip', 'freeze']
16:56:15     INFO - Copy/paste: C:\slave\test\build\venv\Scripts\pip freeze
16:56:16     INFO - Reading from file tmpfile_stdout
16:56:16     INFO - Reading from file tmpfile_stderr
16:56:16     INFO - Using _rmtree_windows ...
16:56:16     INFO - Using _rmtree_windows ...
16:56:16     INFO - Current package versions:
16:56:16     INFO -   blessings == 1.6
16:56:16     INFO -   blobuploader == 1.2.4
16:56:16     INFO -   browsermob-proxy == 0.6.0
16:56:16     INFO -   docopt == 0.6.1
16:56:16     INFO -   firefox-puppeteer == 52.1.0
16:56:16     INFO -   functools32 == 3.2.3.post2
16:56:16     INFO -   jsonschema == 2.5.1
16:56:16     INFO -   manifestparser == 1.1
16:56:16     INFO -   marionette-driver == 2.2.0
16:56:16     INFO -   marionette-harness == 4.0.0
16:56:16     INFO -   mozInstall == 1.12
16:56:16     INFO -   mozcrash == 1.0
16:56:16     INFO -   mozdebug == 0.1
16:56:16     INFO -   mozdevice == 0.48
16:56:16     INFO -   mozfile == 1.2
16:56:16     INFO -   mozhttpd == 0.7
16:56:16     INFO -   mozinfo == 0.9
16:56:16     INFO -   mozleak == 0.1
16:56:16     INFO -   mozlog == 3.4
16:56:16     INFO -   moznetwork == 0.27
16:56:16     INFO -   mozprocess == 0.23
16:56:16     INFO -   mozprofile == 0.28
16:56:16     INFO -   mozrunner == 6.13
16:56:16     INFO -   mozscreenshot == 0.1
16:56:16     INFO -   mozsystemmonitor == 0.3
16:56:16     INFO -   moztest == 0.8
16:56:16     INFO -   mozversion == 1.4
16:56:16     INFO -   psutil == 5.4.3
16:56:16     INFO -   requests == 1.2.3
16:56:16     INFO -   wptserve == 1.4.0
16:56:16     INFO - Running post-action listener: _resource_record_post_action
16:56:16     INFO - Running post-action listener: _start_resource_monitoring
16:56:16     INFO - Starting resource monitoring.
16:56:17     INFO - [mozharness: 2018-06-08 23:56:17.050000Z] Finished create-virtualenv step (success)
16:56:17     INFO - [mozharness: 2018-06-08 23:56:17.050000Z] Running pull step.
16:56:17     INFO - Running pre-action listener: _resource_record_pre_action
16:56:17     INFO - Running main action method: pull
16:56:17     INFO - Pull has nothing to do!
16:56:17     INFO - Running post-action listener: _resource_record_post_action
16:56:17     INFO - [mozharness: 2018-06-08 23:56:17.051000Z] Finished pull step (success)
16:56:17     INFO - [mozharness: 2018-06-08 23:56:17.051000Z] Running install step.
16:56:17     INFO - Running pre-action listener: _resource_record_pre_action
16:56:17     INFO - Running main action method: install
16:56:17     INFO - Getting output from command: ['C:\\slave\\test\\build\\venv\\Scripts\\pip', 'freeze']
16:56:17     INFO - Copy/paste: C:\slave\test\build\venv\Scripts\pip freeze
16:56:17     INFO - Reading from file tmpfile_stdout
16:56:17     INFO - Reading from file tmpfile_stderr
16:56:17     INFO - Using _rmtree_windows ...
16:56:17     INFO - Using _rmtree_windows ...
16:56:17     INFO - Detecting whether we're running mozinstall >=1.0...
16:56:17     INFO - Getting output from command: ['C:\\slave\\test/build/venv/scripts/python', 'C:\\slave\\test/build/venv/scripts/mozinstall-script.py', '-h']
16:56:17     INFO - Copy/paste: C:\slave\test/build/venv/scripts/python C:\slave\test/build/venv/scripts/mozinstall-script.py -h
16:56:17     INFO - Reading from file tmpfile_stdout
16:56:17     INFO - Output received:
16:56:17     INFO -  Usage: mozinstall-script.py [options] installer
16:56:17     INFO -  Options:
16:56:17     INFO -    -h, --help            show this help message and exit
16:56:17     INFO -    -d DEST, --destination=DEST
16:56:17     INFO -                          Directory to install application into. [default:
16:56:17     INFO -                          "C:\slave\test"]
16:56:17     INFO -    --app=APP             Application being installed. [default: firefox]
16:56:17     INFO - Using _rmtree_windows ...
16:56:17     INFO - Using _rmtree_windows ...
16:56:17     INFO - mkdir: C:\slave\test\build\application
16:56:17     INFO - Getting output from command: ['C:\\slave\\test/build/venv/scripts/python', 'C:\\slave\\test/build/venv/scripts/mozinstall-script.py', 'C:\\slave\\test\\build\\firefox-52.8.2.en-US.win64.zip', '--destination', 'C:\\slave\\test\\build\\application']
16:56:17     INFO - Copy/paste: C:\slave\test/build/venv/scripts/python C:\slave\test/build/venv/scripts/mozinstall-script.py C:\slave\test\build\firefox-52.8.2.en-US.win64.zip --destination C:\slave\test\build\application
16:56:20     INFO - Reading from file tmpfile_stdout
16:56:20     INFO - Output received:
16:56:20     INFO -  C:\slave\test\build\application\firefox\firefox.exe
16:56:20     INFO - Using _rmtree_windows ...
16:56:20     INFO - Using _rmtree_windows ...
16:56:20     INFO - Running post-action listener: _resource_record_post_action
16:56:20     INFO - [mozharness: 2018-06-08 23:56:20.572000Z] Finished install step (success)
16:56:20     INFO - [mozharness: 2018-06-08 23:56:20.572000Z] Running run-tests step.
16:56:20     INFO - Running pre-action listener: _resource_record_pre_action
16:56:20     INFO - Running main action method: run_tests
16:56:20     INFO - mkdir: C:\slave\test\build\blobber_upload_dir
16:56:20     INFO - Minidump filename unknown. Determining based upon platform and architecture.
16:56:20     INFO - Minidump tooltool manifest unknown. Determining based upon platform and architecture.
16:56:20     INFO - grabbing minidump binary from tooltool
16:56:20     INFO - retry: Calling run_command with args: (['c:\\mozilla-build\\python27\\python.exe', 'C:/mozilla-build/tooltool.py', '--url', 'https://api.pub.build.mozilla.org/tooltool/', '--authentication-file', 'c:\\builds\\relengapi.tok', 'fetch', '-m', 'C:\\slave\\test\\build\\tests\\config/tooltool-manifests/win32/releng.manifest', '-o'],), kwargs: {'output_timeout': 600, 'error_list': [{'substr': 'command not found', 'level': 'error'}, {'regex': <_sre.SRE_Pattern object at 0x004C8DE8>, 'level': 'warning'}, {'substr': 'Traceback (most recent call last)', 'level': 'error'}, {'substr': 'SyntaxError: ', 'level': 'error'}, {'substr': 'TypeError: ', 'level': 'error'}, {'substr': 'NameError: ', 'level': 'error'}, {'substr': 'ZeroDivisionError: ', 'level': 'error'}, {'regex': <_sre.SRE_Pattern object at 0x02551230>, 'level': 'critical'}, {'regex': <_sre.SRE_Pattern object at 0x025CF520>, 'level': 'critical'}, {'substr': 'ERROR - ', 'level': 'error'}], 'cwd': 'C:\\slave\\test\\build', 'privileged': False}, attempt #1
16:56:20     INFO - Running command: ['c:\\mozilla-build\\python27\\python.exe', 'C:/mozilla-build/tooltool.py', '--url', 'https://api.pub.build.mozilla.org/tooltool/', '--authentication-file', 'c:\\builds\\relengapi.tok', 'fetch', '-m', 'C:\\slave\\test\\build\\tests\\config/tooltool-manifests/win32/releng.manifest', '-o'] in C:\slave\test\build
16:56:20     INFO - Copy/paste: c:\mozilla-build\python27\python.exe C:/mozilla-build/tooltool.py --url https://api.pub.build.mozilla.org/tooltool/ --authentication-file c:\builds\relengapi.tok fetch -m C:\slave\test\build\tests\config/tooltool-manifests/win32/releng.manifest -o
16:56:20     INFO - Calling ['c:\\mozilla-build\\python27\\python.exe', 'C:/mozilla-build/tooltool.py', '--url', 'https://api.pub.build.mozilla.org/tooltool/', '--authentication-file', 'c:\\builds\\relengapi.tok', 'fetch', '-m', 'C:\\slave\\test\\build\\tests\\config/tooltool-manifests/win32/releng.manifest', '-o'] with output_timeout 600
ProcessManager NOT managing child processes
ProcessManager UNABLE to use job objects to manage child processes
16:56:20     INFO -  INFO - Attempting to fetch from 'https://api.pub.build.mozilla.org/tooltool/'...
16:56:21     INFO -  INFO - File win32-minidump_stackwalk.exe fetched from https://api.pub.build.mozilla.org/tooltool/ as C:\slave\test\build\tmpnwv29t
16:56:21     INFO -  INFO - File integrity verified, renaming tmpnwv29t to win32-minidump_stackwalk.exe
16:56:21     INFO - Return code: 0
16:56:21     INFO - Chmoding C:\slave\test\build\win32-minidump_stackwalk.exe to 0755
16:56:21     INFO - ENV: MINIDUMP_SAVE_PATH is now C:\slave\test\build\blobber_upload_dir
16:56:21     INFO - Running command: ['C:\\slave\\test\\build\\venv\\Scripts\\python', '-u', 'C:\\slave\\test\\build\\tests\\web-platform\\runtests.py', '--log-raw=-', '--log-raw=C:\\slave\\test\\build\\blobber_upload_dir\\wpt_raw.log', '--log-errorsummary=C:\\slave\\test\\build\\blobber_upload_dir\\wpt_errorsummary.log', '--binary=C:\\slave\\test\\build\\application\\firefox\\firefox.exe', '--symbols-path=https://queue.taskcluster.net/v1/task/GYm6uScDR968YNKAqw8dYQ/artifacts/public/build/firefox-52.8.2.en-US.win64.crashreporter-symbols.zip', '--stackwalk-binary=C:\\slave\\test\\build\\win32-minidump_stackwalk.exe', '--stackfix-dir=C:\\slave\\test\\build\\tests\\bin', '--test-type=testharness', '--disable-e10s', '--total-chunks=10', '--this-chunk=10', '--prefs-root=C:\\slave\\test\\build\\tests\\web-platform/prefs', '--processes=1', '--config=C:\\slave\\test\\build\\tests\\web-platform/wptrunner.ini', '--ca-cert-path=C:\\slave\\test\\build\\tests\\web-platform/certs/cacert.pem', '--host-key-path=C:\\slave\\test\\build\\tests\\web-platform/certs/web-platform.test.key', '--host-cert-path=C:\\slave\\test\\build\\tests\\web-platform/certs/web-platform.test.pem', '--certutil-binary=C:\\slave\\test\\build\\tests/bin/certutil'] in C:\slave\test\build
16:56:21     INFO - Copy/paste: C:\slave\test\build\venv\Scripts\python -u C:\slave\test\build\tests\web-platform\runtests.py --log-raw=- --log-raw=C:\slave\test\build\blobber_upload_dir\wpt_raw.log --log-errorsummary=C:\slave\test\build\blobber_upload_dir\wpt_errorsummary.log --binary=C:\slave\test\build\application\firefox\firefox.exe --symbols-path=https://queue.taskcluster.net/v1/task/GYm6uScDR968YNKAqw8dYQ/artifacts/public/build/firefox-52.8.2.en-US.win64.crashreporter-symbols.zip --stackwalk-binary=C:\slave\test\build\win32-minidump_stackwalk.exe --stackfix-dir=C:\slave\test\build\tests\bin --test-type=testharness --disable-e10s --total-chunks=10 --this-chunk=10 --prefs-root=C:\slave\test\build\tests\web-platform/prefs --processes=1 --config=C:\slave\test\build\tests\web-platform/wptrunner.ini --ca-cert-path=C:\slave\test\build\tests\web-platform/certs/cacert.pem --host-key-path=C:\slave\test\build\tests\web-platform/certs/web-platform.test.key --host-cert-path=C:\slave\test\build\tests\web-platform/certs/web-platform.test.pem --certutil-binary=C:\slave\test\build\tests/bin/certutil
16:56:21     INFO - Using env: {'ALLUSERSPROFILE': 'C:\\ProgramData',
16:56:21     INFO -  'APPDATA': 'C:\\Users\\cltbld.T-W864-IX-045\\AppData\\Roaming',
16:56:21     INFO -  'COMMONPROGRAMFILES': 'C:\\Program Files (x86)\\Common Files',
16:56:21     INFO -  'COMMONPROGRAMFILES(X86)': 'C:\\Program Files (x86)\\Common Files',
16:56:21     INFO -  'COMMONPROGRAMW6432': 'C:\\Program Files\\Common Files',
16:56:21     INFO -  'COMPUTERNAME': 'T-W864-IX-045',
16:56:21     INFO -  'COMSPEC': 'C:\\windows\\system32\\cmd.exe',
16:56:21     INFO -  'DCLOCATION': 'SCL3',
16:56:21     INFO -  'DNSSUFFIX': 'wintest.releng.scl3.mozilla.com',
16:56:21     INFO -  'FP_NO_HOST_CHECK': 'NO',
16:56:21     INFO -  'HOMEDRIVE': 'C:',
16:56:21     INFO -  'HOMEPATH': '\\Users\\cltbld.T-W864-IX-045',
16:56:21     INFO -  'KTS_HOME': 'C:\\Program Files\\KTS',
16:56:21     INFO -  'KTS_VERSION': '1.19c',
16:56:21     INFO -  'LOCALAPPDATA': 'C:\\Users\\cltbld.T-W864-IX-045\\AppData\\Local',
16:56:21     INFO -  'LOGONSERVER': '\\\\T-W864-IX-045',
16:56:21     INFO -  'MINIDUMP_SAVE_PATH': 'C:\\slave\\test\\build\\blobber_upload_dir',
16:56:21     INFO -  'MONDIR': 'C:\\Monitor_config\\',
16:56:21     INFO -  'MOZBUILDDIR': 'C:\\mozilla-build\\',
16:56:21     INFO -  'MOZ_CRASHREPORTER_NO_REPORT': '1',
16:56:21     INFO -  'MOZ_HIDE_RESULTS_TABLE': '1',
16:56:21     INFO -  'MOZ_NO_REMOTE': '1',
16:56:21     INFO -  'NO_EM_RESTART': '1',
16:56:21     INFO -  'NO_FAIL_ON_TEST_ERRORS': '1',
16:56:21     INFO -  'NUMBER_OF_PROCESSORS': '8',
16:56:21     INFO -  'OS': 'Windows_NT',
16:56:21     INFO -  'OURDRIVE': 'C:',
16:56:21     INFO -  'PATH': 'C:\\slave\\test\\build\\venv\\Scripts;C:\\Program Files (x86)\\NVIDIA Corporation\\PhysX\\Common;C:\\windows\\system32;C:\\windows;C:\\windows\\System32\\Wbem;C:\\windows\\System32\\WindowsPowerShell\\v1.0\\;C:\\mozilla-build\\python27;C:\\mozilla-build\\python27\\Scripts;C:\\mozilla-build\\msys\\bin;C:\\mozilla-build\\vim\\vim72;C:\\mozilla-build\\wget;C:\\mozilla-build\\info-zip;C:\\CoreUtils\\bin;C:\\mozilla-build\\buildbotve\\scripts;C:\\mozilla-build\\hg;',
16:56:21     INFO -  'PATHEXT': '.COM;.EXE;.BAT;.CMD;.VBS;.VBE;.JS;.JSE;.WSF;.WSH;.MSC',
16:56:21     INFO -  'PROCESSOR_ARCHITECTURE': 'x86',
16:56:21     INFO -  'PROCESSOR_ARCHITEW6432': 'AMD64',
16:56:21     INFO -  'PROCESSOR_IDENTIFIER': 'Intel64 Family 6 Model 30 Stepping 5, GenuineIntel',
16:56:21     INFO -  'PROCESSOR_LEVEL': '6',
16:56:21     INFO -  'PROCESSOR_REVISION': '1e05',
16:56:21     INFO -  'PROGRAMDATA': 'C:\\ProgramData',
16:56:21     INFO -  'PROGRAMFILES': 'C:\\Program Files (x86)',
16:56:21     INFO -  'PROGRAMFILES(X86)': 'C:\\Program Files (x86)',
16:56:21     INFO -  'PROGRAMW6432': 'C:\\Program Files',
16:56:21     INFO -  'PROMPT': '$P$G',
16:56:21     INFO -  'PROPERTIES_FILE': 'C:\\slave\\test/buildprops.json',
16:56:21     INFO -  'PSMODULEPATH': 'C:\\windows\\system32\\WindowsPowerShell\\v1.0\\Modules\\',
16:56:21     INFO -  'PUBLIC': 'C:\\Users\\Public',
16:56:21     INFO -  'PWD': 'C:\\slave\\test',
16:56:21     INFO -  'RUNLOGFILE': 'C:\\slave\\\\runslave.log',
16:56:21     INFO -  'SLAVEDIR': 'C:\\slave\\',
16:56:21     INFO -  'SYSTEMDRIVE': 'C:',
16:56:21     INFO -  'SYSTEMROOT': 'C:\\windows',
16:56:21     INFO -  'TEMP': 'C:\\Users\\CLTBLD~1.T-W\\AppData\\Local\\Temp',
16:56:21     INFO -  'TEST1': 'testie',
16:56:21     INFO -  'TMP': 'C:\\Users\\CLTBLD~1.T-W\\AppData\\Local\\Temp',
16:56:21     INFO -  'USERDOMAIN': 'T-W864-IX-045',
16:56:21     INFO -  'USERDOMAIN_ROAMINGPROFILE': 'T-W864-IX-045',
16:56:21     INFO -  'USERNAME': 'cltbld',
16:56:21     INFO -  'USERPROFILE': 'C:\\Users\\cltbld.T-W864-IX-045',
16:56:21     INFO -  'WINDIR': 'C:\\windows',
16:56:21     INFO -  'XPCOM_DEBUG_BREAK': 'warn'}
16:56:21     INFO - Calling ['C:\\slave\\test\\build\\venv\\Scripts\\python', '-u', 'C:\\slave\\test\\build\\tests\\web-platform\\runtests.py', '--log-raw=-', '--log-raw=C:\\slave\\test\\build\\blobber_upload_dir\\wpt_raw.log', '--log-errorsummary=C:\\slave\\test\\build\\blobber_upload_dir\\wpt_errorsummary.log', '--binary=C:\\slave\\test\\build\\application\\firefox\\firefox.exe', '--symbols-path=https://queue.taskcluster.net/v1/task/GYm6uScDR968YNKAqw8dYQ/artifacts/public/build/firefox-52.8.2.en-US.win64.crashreporter-symbols.zip', '--stackwalk-binary=C:\\slave\\test\\build\\win32-minidump_stackwalk.exe', '--stackfix-dir=C:\\slave\\test\\build\\tests\\bin', '--test-type=testharness', '--disable-e10s', '--total-chunks=10', '--this-chunk=10', '--prefs-root=C:\\slave\\test\\build\\tests\\web-platform/prefs', '--processes=1', '--config=C:\\slave\\test\\build\\tests\\web-platform/wptrunner.ini', '--ca-cert-path=C:\\slave\\test\\build\\tests\\web-platform/certs/cacert.pem', '--host-key-path=C:\\slave\\test\\build\\tests\\web-platform/certs/web-platform.test.key', '--host-cert-path=C:\\slave\\test\\build\\tests\\web-platform/certs/web-platform.test.pem', '--certutil-binary=C:\\slave\\test\\build\\tests/bin/certutil'] with output_timeout 1000
ProcessManager NOT managing child processes
ProcessManager UNABLE to use job objects to manage child processes
16:56:23     INFO - STDERR: Opening manifest at C:\slave\test\build\tests\web-platform\meta\MANIFEST.json
16:56:24     INFO - STDERR: Opening manifest at C:\slave\test\build\tests\web-platform\mozilla\meta\MANIFEST.json
16:56:25     INFO - Using 1 client processes
16:56:28     INFO - SUITE-START | Running 539 tests
16:56:28     INFO - Running testharness tests
16:56:28     INFO - TEST-START | /html/editing/focus/focus-management/focus-event-targets-simple.html
16:56:28     INFO - TEST-SKIP | /html/editing/focus/focus-management/focus-event-targets-simple.html | took 0ms
16:56:28     INFO - TEST-START | /html/editing/focus/focus-management/focus-events.html
16:56:28     INFO - TEST-SKIP | /html/editing/focus/focus-management/focus-events.html | took 0ms
16:56:28     INFO - TEST-START | /mixed-content/blockable/no-opt-in/cross-origin-http/form-tag/top-level/no-redirect/no-opt-in-blocks.https.html
16:56:28     INFO - TEST-SKIP | /mixed-content/blockable/no-opt-in/cross-origin-http/form-tag/top-level/no-redirect/no-opt-in-blocks.https.html | took 0ms
16:56:28     INFO - TEST-START | /mixed-content/blockable/no-opt-in/same-host-http/form-tag/top-level/keep-scheme-redirect/no-opt-in-blocks.https.html
16:56:28     INFO - TEST-SKIP | /mixed-content/blockable/no-opt-in/same-host-http/form-tag/top-level/keep-scheme-redirect/no-opt-in-blocks.https.html | took 0ms
16:56:28     INFO - TEST-START | /referrer-policy/no-referrer-when-downgrade/meta-referrer/cross-origin/http-http/img-tag/insecure-protocol.keep-origin-redirect.http.html
16:56:28     INFO - TEST-SKIP | /referrer-policy/no-referrer-when-downgrade/meta-referrer/cross-origin/http-http/img-tag/insecure-protocol.keep-origin-redirect.http.html | took 0ms
16:56:28     INFO - TEST-START | /referrer-policy/no-referrer-when-downgrade/meta-referrer/cross-origin/http-http/img-tag/insecure-protocol.no-redirect.http.html
16:56:28     INFO - TEST-SKIP | /referrer-policy/no-referrer-when-downgrade/meta-referrer/cross-origin/http-http/img-tag/insecure-protocol.no-redirect.http.html | took 1ms
16:56:28     INFO - TEST-START | /referrer-policy/no-referrer-when-downgrade/meta-referrer/cross-origin/http-http/img-tag/insecure-protocol.swap-origin-redirect.http.html
16:56:28     INFO - TEST-SKIP | /referrer-policy/no-referrer-when-downgrade/meta-referrer/cross-origin/http-http/img-tag/insecure-protocol.swap-origin-redirect.http.html | took 0ms
16:56:28     INFO - TEST-START | /webgl/conformance-1.0.3/conformance/context/constants-and-properties.html
16:56:28     INFO - TEST-SKIP | /webgl/conformance-1.0.3/conformance/context/constants-and-properties.html | took 0ms
16:56:28     INFO - TEST-START | /webgl/conformance-1.0.3/conformance/context/context-attribute-preserve-drawing-buffer.html
16:56:28     INFO - TEST-SKIP | /webgl/conformance-1.0.3/conformance/context/context-attribute-preserve-drawing-buffer.html | took 0ms
16:56:28     INFO - TEST-START | /webgl/conformance-1.0.3/conformance/context/context-attributes-alpha-depth-stencil-antialias.html
16:56:28     INFO - TEST-SKIP | /webgl/conformance-1.0.3/conformance/context/context-attributes-alpha-depth-stencil-antialias.html | took 0ms
16:56:28     INFO - TEST-START | /webgl/conformance-1.0.3/conformance/context/context-creation-and-destruction.html
16:56:28     INFO - TEST-SKIP | /webgl/conformance-1.0.3/conformance/context/context-creation-and-destruction.html | took 0ms
16:56:28     INFO - TEST-START | /webgl/conformance-1.0.3/conformance/context/context-creation.html
16:56:28     INFO - TEST-SKIP | /webgl/conformance-1.0.3/conformance/context/context-creation.html | took 1ms
16:56:28     INFO - TEST-START | /webgl/conformance-1.0.3/conformance/context/context-eviction-with-garbage-collection.html
16:56:28     INFO - TEST-SKIP | /webgl/conformance-1.0.3/conformance/context/context-eviction-with-garbage-collection.html | took 0ms
16:56:28     INFO - TEST-START | /webgl/conformance-1.0.3/conformance/context/context-hidden-alpha.html
16:56:28     INFO - TEST-SKIP | /webgl/conformance-1.0.3/conformance/context/context-hidden-alpha.html | took 0ms
16:56:28     INFO - TEST-START | /webgl/conformance-1.0.3/conformance/context/context-lost-restored.html
16:56:28     INFO - TEST-SKIP | /webgl/conformance-1.0.3/conformance/context/context-lost-restored.html | took 0ms
16:56:28     INFO - TEST-START | /webgl/conformance-1.0.3/conformance/context/context-lost.html
16:56:28     INFO - TEST-SKIP | /webgl/conformance-1.0.3/conformance/context/context-lost.html | took 0ms
16:56:28     INFO - TEST-START | /webgl/conformance-1.0.3/conformance/context/context-release-upon-reload.html
16:56:28     INFO - TEST-SKIP | /webgl/conformance-1.0.3/conformance/context/context-release-upon-reload.html | took 0ms
16:56:28     INFO - TEST-START | /webgl/conformance-1.0.3/conformance/context/context-release-with-workers.html
16:56:28     INFO - TEST-SKIP | /webgl/conformance-1.0.3/conformance/context/context-release-with-workers.html | took 0ms
16:56:28     INFO - TEST-START | /webgl/conformance-1.0.3/conformance/context/context-type-test.html
16:56:28     INFO - TEST-SKIP | /webgl/conformance-1.0.3/conformance/context/context-type-test.html | took 0ms
16:56:28     INFO - TEST-START | /webgl/conformance-1.0.3/conformance/context/incorrect-context-object-behaviour.html
16:56:28     INFO - TEST-SKIP | /webgl/conformance-1.0.3/conformance/context/incorrect-context-object-behaviour.html | took 0ms
16:56:28     INFO - TEST-START | /webgl/conformance-1.0.3/conformance/context/methods.html
16:56:28     INFO - TEST-SKIP | /webgl/conformance-1.0.3/conformance/context/methods.html | took 0ms
16:56:28     INFO - TEST-START | /webgl/conformance-1.0.3/conformance/context/premultiplyalpha-test.html
16:56:28     INFO - TEST-SKIP | /webgl/conformance-1.0.3/conformance/context/premultiplyalpha-test.html | took 1ms
16:56:28     INFO - TEST-START | /webgl/conformance-1.0.3/conformance/context/resource-sharing-test.html
16:56:28     INFO - TEST-SKIP | /webgl/conformance-1.0.3/conformance/context/resource-sharing-test.html | took 0ms
16:56:28     INFO - TEST-START | /webgl/conformance-1.0.3/conformance/ogles/GL/built_in_varying_array_out_of_bounds/built_in_varying_array_out_of_bounds_001_to_001.html
16:56:28     INFO - TEST-SKIP | /webgl/conformance-1.0.3/conformance/ogles/GL/built_in_varying_array_out_of_bounds/built_in_varying_array_out_of_bounds_001_to_001.html | took 1ms
16:56:28     INFO - TEST-START | /webgl/conformance-1.0.3/conformance/ogles/GL/floor/floor_001_to_006.html
16:56:28     INFO - TEST-SKIP | /webgl/conformance-1.0.3/conformance/ogles/GL/floor/floor_001_to_006.html | took 0ms
16:56:28     INFO - TEST-START | /webgl/conformance-1.0.3/conformance/ogles/GL/reflect/reflect_001_to_006.html
16:56:28     INFO - TEST-SKIP | /webgl/conformance-1.0.3/conformance/ogles/GL/reflect/reflect_001_to_006.html | took 0ms
16:56:28     INFO - TEST-START | /webgl/conformance-1.0.3/conformance/reading/read-pixels-pack-alignment.html
16:56:28     INFO - TEST-SKIP | /webgl/conformance-1.0.3/conformance/reading/read-pixels-pack-alignment.html | took 0ms
16:56:28     INFO - TEST-START | /webgl/conformance-1.0.3/conformance/reading/read-pixels-test.html
16:56:28     INFO - TEST-SKIP | /webgl/conformance-1.0.3/conformance/reading/read-pixels-test.html | took 0ms
16:56:28     INFO - TEST-START | /webgl/conformance-1.0.3/conformance/uniforms/gl-uniform-arrays.html
16:56:28     INFO - TEST-SKIP | /webgl/conformance-1.0.3/conformance/uniforms/gl-uniform-arrays.html | took 0ms
16:56:28     INFO - TEST-START | /webgl/conformance-1.0.3/conformance/uniforms/gl-uniform-bool.html
16:56:28     INFO - TEST-SKIP | /webgl/conformance-1.0.3/conformance/uniforms/gl-uniform-bool.html | took 0ms
16:56:28     INFO - TEST-START | /webgl/conformance-1.0.3/conformance/uniforms/gl-uniformmatrix4fv.html
16:56:28     INFO - TEST-SKIP | /webgl/conformance-1.0.3/conformance/uniforms/gl-uniformmatrix4fv.html | took 0ms
16:56:28     INFO - TEST-START | /webgl/conformance-1.0.3/conformance/uniforms/gl-unknown-uniform.html
16:56:28     INFO - TEST-SKIP | /webgl/conformance-1.0.3/conformance/uniforms/gl-unknown-uniform.html | took 1ms
16:56:28     INFO - TEST-START | /webgl/conformance-1.0.3/conformance/uniforms/null-uniform-location.html
16:56:28     INFO - TEST-SKIP | /webgl/conformance-1.0.3/conformance/uniforms/null-uniform-location.html | took 0ms
16:56:28     INFO - TEST-START | /webgl/conformance-1.0.3/conformance/uniforms/out-of-bounds-uniform-array-access.html
16:56:28     INFO - TEST-SKIP | /webgl/conformance-1.0.3/conformance/uniforms/out-of-bounds-uniform-array-access.html | took 0ms
16:56:28     INFO - TEST-START | /webgl/conformance-1.0.3/conformance/uniforms/uniform-default-values.html
16:56:28     INFO - TEST-SKIP | /webgl/conformance-1.0.3/conformance/uniforms/uniform-default-values.html | took 1ms
16:56:28     INFO - TEST-START | /webgl/conformance-1.0.3/conformance/uniforms/uniform-location.html
16:56:28     INFO - TEST-SKIP | /webgl/conformance-1.0.3/conformance/uniforms/uniform-location.html | took 0ms
16:56:28     INFO - TEST-START | /webgl/conformance-1.0.3/conformance/uniforms/uniform-samplers-test.html
16:56:28     INFO - TEST-SKIP | /webgl/conformance-1.0.3/conformance/uniforms/uniform-samplers-test.html | took 0ms
16:56:28     INFO - TEST-START | /webgl/conformance-1.0.3/conformance/uniforms/uniform-values-per-program.html
16:56:28     INFO - TEST-SKIP | /webgl/conformance-1.0.3/conformance/uniforms/uniform-values-per-program.html | took 1ms
16:56:28     INFO - Setting up ssl
16:56:29     INFO - PROCESS | certutil | 
16:56:29     INFO - PROCESS | certutil | 
16:56:29     INFO - PROCESS | certutil | 
16:56:29     INFO - Certificate Nickname                                         Trust Attributes
16:56:29     INFO -                                                              SSL,S/MIME,JAR/XPI
16:56:29     INFO - 
16:56:29     INFO - web-platform-tests                                           CT,, 
16:56:29     INFO - 
16:56:29     INFO - Application command: C:\slave\test\build\application\firefox\firefox.exe -marionette about:blank -profile c:\users\cltbld~1.t-w\appdata\local\temp\tmpcxtx_o.mozrunner
16:56:29     INFO - Starting runner
16:56:29     INFO - PROCESS | 3200 | [3200] WARNING: Failed to load startupcache file correctly, removing!: file c:/builds/moz2_slave/m-esr52-w64-d-0000000000000000/build/src/startupcache/StartupCache.cpp, line 219
16:56:29     INFO - PROCESS | 3200 | [3200] WARNING: NS_ENSURE_SUCCESS(rv, rv) failed with result 0x80004005: file c:/builds/moz2_slave/m-esr52-w64-d-0000000000000000/build/src/xpcom/base/nsSystemInfo.cpp, line 116
16:56:30     INFO - PROCESS | 3200 | [3200] WARNING: This method is lossy. Use GetCanonicalPath !: file c:/builds/moz2_slave/m-esr52-w64-d-0000000000000000/build/src/xpcom/io/nsLocalFileWin.cpp, line 3576
16:56:32     INFO - PROCESS | 3200 | ++DOCSHELL 000000DBAA841000 == 1 [pid = 3200] [id = 1]
16:56:32     INFO - PROCESS | 3200 | ++DOMWINDOW == 1 (000000DBB84CB800) [pid = 3200] [serial = 1] [outer = 0000000000000000]
16:56:32     INFO - PROCESS | 3200 | ++DOMWINDOW == 2 (000000DBB84CC800) [pid = 3200] [serial = 2] [outer = 000000DBB84CB800]
16:56:33     INFO - PROCESS | 3200 | ++DOCSHELL 000000DBB8CB3800 == 2 [pid = 3200] [id = 2]
16:56:33     INFO - PROCESS | 3200 | ++DOMWINDOW == 3 (000000DBB8CB4000) [pid = 3200] [serial = 3] [outer = 0000000000000000]
16:56:33     INFO - PROCESS | 3200 | ++DOMWINDOW == 4 (000000DBB8CB5000) [pid = 3200] [serial = 4] [outer = 000000DBB8CB4000]
16:56:34     INFO - PROCESS | 3200 | 1528502194062	Marionette	INFO	Listening on port 2828
16:56:35     INFO - PROCESS | 3200 | ++DOCSHELL 000000DBBCD4E800 == 3 [pid = 3200] [id = 3]
16:56:35     INFO - PROCESS | 3200 | ++DOMWINDOW == 5 (000000DBBCD5D000) [pid = 3200] [serial = 5] [outer = 0000000000000000]
16:56:35     INFO - PROCESS | 3200 | ++DOMWINDOW == 6 (000000DBBCD5E000) [pid = 3200] [serial = 6] [outer = 000000DBBCD5D000]
16:56:36     INFO - PROCESS | 3200 | ++DOMWINDOW == 7 (000000DBBCF21800) [pid = 3200] [serial = 7] [outer = 000000DBB8CB4000]
16:56:36     INFO - PROCESS | 3200 | ++DOCSHELL 000000DBB84CB000 == 4 [pid = 3200] [id = 4]
16:56:36     INFO - PROCESS | 3200 | ++DOMWINDOW == 8 (000000DBBE46A000) [pid = 3200] [serial = 8] [outer = 0000000000000000]
16:56:36     INFO - PROCESS | 3200 | ++DOMWINDOW == 9 (000000DBBE47B000) [pid = 3200] [serial = 9] [outer = 000000DBBE46A000]
16:56:36     INFO - PROCESS | 3200 | ++DOMWINDOW == 10 (000000DBC0860800) [pid = 3200] [serial = 10] [outer = 000000DBBE46A000]
16:56:38     INFO - PROCESS | 3200 | [3200] WARNING: attempt to modify an immutable nsStandardURL: file c:/builds/moz2_slave/m-esr52-w64-d-0000000000000000/build/src/netwerk/base/nsStandardURL.cpp, line 1573
16:56:38     INFO - PROCESS | 3200 | [3200] WARNING: attempt to modify an immutable nsStandardURL: file c:/builds/moz2_slave/m-esr52-w64-d-0000000000000000/build/src/netwerk/base/nsStandardURL.cpp, line 1573
16:56:38     INFO - PROCESS | 3200 | [3200] WARNING: Failed to retarget HTML data delivery to the parser thread.: file c:/builds/moz2_slave/m-esr52-w64-d-0000000000000000/build/src/parser/html/nsHtml5StreamParser.cpp, line 970
16:56:38     INFO - PROCESS | 3200 | [3200] WARNING: getting z level of unregistered window: file c:/builds/moz2_slave/m-esr52-w64-d-0000000000000000/build/src/xpfe/appshell/nsWindowMediator.cpp, line 623
16:56:38     INFO - PROCESS | 3200 | [3200] WARNING: getting z level of unregistered window: file c:/builds/moz2_slave/m-esr52-w64-d-0000000000000000/build/src/xpfe/appshell/nsWindowMediator.cpp, line 623
16:56:38     INFO - PROCESS | 3200 | [3200] WARNING: NS_ENSURE_TRUE(layerManager) failed: file c:/builds/moz2_slave/m-esr52-w64-d-0000000000000000/build/src/dom/media/MediaDecoder.cpp, line 303
16:56:38     INFO - PROCESS | 3200 | ++DOCSHELL 000000DBC3E0F000 == 5 [pid = 3200] [id = 5]
16:56:38     INFO - PROCESS | 3200 | ++DOMWINDOW == 11 (000000DBC3E0F800) [pid = 3200] [serial = 11] [outer = 0000000000000000]
16:56:38     INFO - PROCESS | 3200 | ++DOCSHELL 000000DBC3E11000 == 6 [pid = 3200] [id = 6]
16:56:38     INFO - PROCESS | 3200 | ++DOMWINDOW == 12 (000000DBC3E11800) [pid = 3200] [serial = 12] [outer = 0000000000000000]
16:56:39     INFO - PROCESS | 3200 | ++DOCSHELL 000000DBC4682000 == 7 [pid = 3200] [id = 7]
16:56:39     INFO - PROCESS | 3200 | ++DOMWINDOW == 13 (000000DBC4682800) [pid = 3200] [serial = 13] [outer = 0000000000000000]
16:56:39     INFO - PROCESS | 3200 | ++DOMWINDOW == 14 (000000DBC468F800) [pid = 3200] [serial = 14] [outer = 000000DBC4682800]
16:56:39     INFO - PROCESS | 3200 | ++DOMWINDOW == 15 (000000DBC4DA8000) [pid = 3200] [serial = 15] [outer = 000000DBC3E0F800]
16:56:39     INFO - PROCESS | 3200 | ++DOMWINDOW == 16 (000000DBC4DAB000) [pid = 3200] [serial = 16] [outer = 000000DBC3E11800]
16:56:39     INFO - PROCESS | 3200 | ++DOMWINDOW == 17 (000000DBC4DAF800) [pid = 3200] [serial = 17] [outer = 000000DBC4682800]
16:56:41     INFO - PROCESS | 3200 | ++DOMWINDOW == 18 (000000DBBCD4A000) [pid = 3200] [serial = 18] [outer = 000000DBC4682800]
16:56:42     INFO - PROCESS | 3200 | [3200] WARNING: Could not get disk status from nsIDiskSpaceWatcher: file c:/builds/moz2_slave/m-esr52-w64-d-0000000000000000/build/src/uriloader/prefetch/nsOfflineCacheUpdateService.cpp, line 283
16:56:43     INFO - PROCESS | 3200 | ++DOMWINDOW == 19 (000000DBB5F3C800) [pid = 3200] [serial = 19] [outer = 000000DBC4682800]
16:56:43     INFO - PROCESS | 3200 | --DOCSHELL 000000DBAA841000 == 6 [pid = 3200] [id = 1]
16:56:43     INFO - TEST-START | /2dcontext/compositing/2d.composite.canvas.copy.html
16:56:44     INFO - PROCESS | 3200 | ++DOCSHELL 000000DBBD194000 == 7 [pid = 3200] [id = 8]
16:56:44     INFO - PROCESS | 3200 | ++DOMWINDOW == 20 (000000DBBD194800) [pid = 3200] [serial = 20] [outer = 0000000000000000]
16:56:44     INFO - PROCESS | 3200 | ++DOMWINDOW == 21 (000000DBBD9B8000) [pid = 3200] [serial = 21] [outer = 000000DBBD194800]
16:56:44     INFO - PROCESS | 3200 | ++DOMWINDOW == 22 (000000DBBDBCF000) [pid = 3200] [serial = 22] [outer = 000000DBBD194800]
16:56:44     INFO - PROCESS | 3200 | ++DOCSHELL 000000DBC30FA000 == 8 [pid = 3200] [id = 9]
16:56:44     INFO - PROCESS | 3200 | ++DOMWINDOW == 23 (000000DBC3A02800) [pid = 3200] [serial = 23] [outer = 0000000000000000]
16:56:44     INFO - PROCESS | 3200 | ++DOMWINDOW == 24 (000000DBC3A0E800) [pid = 3200] [serial = 24] [outer = 000000DBC3A02800]
16:56:44     INFO - PROCESS | 3200 | ++DOMWINDOW == 25 (000000DBBD9C6800) [pid = 3200] [serial = 25] [outer = 000000DBC3A02800]
16:56:45     INFO - .
16:56:45     INFO - TEST-OK | /2dcontext/compositing/2d.composite.canvas.copy.html | took 1724ms
16:56:45     INFO - TEST-START | /2dcontext/compositing/2d.composite.canvas.destination-atop.html
16:56:45     INFO - PROCESS | 3200 | ++DOCSHELL 000000DBC4230000 == 9 [pid = 3200] [id = 10]
16:56:45     INFO - PROCESS | 3200 | ++DOMWINDOW == 26 (000000DBC4230800) [pid = 3200] [serial = 26] [outer = 0000000000000000]
16:56:45     INFO - PROCESS | 3200 | ++DOMWINDOW == 27 (000000DBC4499800) [pid = 3200] [serial = 27] [outer = 000000DBC4230800]
16:56:46     INFO - PROCESS | 3200 | ++DOMWINDOW == 28 (000000DBC4681000) [pid = 3200] [serial = 28] [outer = 000000DBC4230800]
16:56:46     INFO - PROCESS | 3200 | ++DOCSHELL 000000DBB6499800 == 10 [pid = 3200] [id = 11]
16:56:46     INFO - PROCESS | 3200 | ++DOMWINDOW == 29 (000000DBB649C000) [pid = 3200] [serial = 29] [outer = 0000000000000000]
16:56:46     INFO - PROCESS | 3200 | ++DOMWINDOW == 30 (000000DBB661F800) [pid = 3200] [serial = 30] [outer = 000000DBB649C000]
16:56:46     INFO - PROCESS | 3200 | ++DOMWINDOW == 31 (000000DBB6714800) [pid = 3200] [serial = 31] [outer = 000000DBB649C000]
16:56:46     INFO - .
16:56:46     INFO - TEST-OK | /2dcontext/compositing/2d.composite.canvas.destination-atop.html | took 1170ms
16:56:46     INFO - PROCESS | 3200 | ++DOCSHELL 000000DBAA84D000 == 11 [pid = 3200] [id = 12]
16:56:46     INFO - PROCESS | 3200 | ++DOMWINDOW == 32 (000000DBB57B5000) [pid = 3200] [serial = 32] [outer = 0000000000000000]
16:56:46     INFO - PROCESS | 3200 | ++DOMWINDOW == 33 (000000DBB7ACB000) [pid = 3200] [serial = 33] [outer = 000000DBB57B5000]
16:56:46     INFO - PROCESS | 3200 | --DOCSHELL 000000DBB84CB000 == 10 [pid = 3200] [id = 4]
16:56:46     INFO - PROCESS | 3200 | ++DOMWINDOW == 34 (000000DBB7B79000) [pid = 3200] [serial = 34] [outer = 000000DBB57B5000]
16:56:46     INFO - TEST-START | /2dcontext/compositing/2d.composite.canvas.destination-in.html
16:56:47     INFO - PROCESS | 3200 | ++DOCSHELL 000000DBB7AD6000 == 11 [pid = 3200] [id = 13]
16:56:47     INFO - PROCESS | 3200 | ++DOMWINDOW == 35 (000000DBB7ADA000) [pid = 3200] [serial = 35] [outer = 0000000000000000]
16:56:47     INFO - PROCESS | 3200 | ++DOMWINDOW == 36 (000000DBB7AE0800) [pid = 3200] [serial = 36] [outer = 000000DBB7ADA000]
16:56:47     INFO - PROCESS | 3200 | ++DOMWINDOW == 37 (000000DBBC252000) [pid = 3200] [serial = 37] [outer = 000000DBB7ADA000]
16:56:47     INFO - .
16:56:47     INFO - TEST-OK | /2dcontext/compositing/2d.composite.canvas.destination-in.html | took 815ms
16:56:47     INFO - TEST-START | /2dcontext/compositing/2d.composite.canvas.destination-out.html
16:56:47     INFO - PROCESS | 3200 | ++DOCSHELL 000000DBBCBCB000 == 12 [pid = 3200] [id = 14]
16:56:47     INFO - PROCESS | 3200 | ++DOMWINDOW == 38 (000000DBBCC13800) [pid = 3200] [serial = 38] [outer = 0000000000000000]
16:56:47     INFO - PROCESS | 3200 | ++DOMWINDOW == 39 (000000DBBCCC9800) [pid = 3200] [serial = 39] [outer = 000000DBBCC13800]
16:56:48     INFO - PROCESS | 3200 | ++DOMWINDOW == 40 (000000DBBCF05800) [pid = 3200] [serial = 40] [outer = 000000DBBCC13800]
16:56:48     INFO - .
16:56:48     INFO - TEST-OK | /2dcontext/compositing/2d.composite.canvas.destination-out.html | took 630ms
16:56:48     INFO - TEST-START | /2dcontext/compositing/2d.composite.canvas.destination-over.html
16:56:48     INFO - PROCESS | 3200 | ++DOCSHELL 000000DBC085C800 == 13 [pid = 3200] [id = 15]
16:56:48     INFO - PROCESS | 3200 | ++DOMWINDOW == 41 (000000DBC085D000) [pid = 3200] [serial = 41] [outer = 0000000000000000]
16:56:48     INFO - PROCESS | 3200 | ++DOMWINDOW == 42 (000000DBC0871800) [pid = 3200] [serial = 42] [outer = 000000DBC085D000]
16:56:48     INFO - PROCESS | 3200 | ++DOMWINDOW == 43 (000000DBC1C35000) [pid = 3200] [serial = 43] [outer = 000000DBC085D000]
16:56:49     INFO - .
16:56:49     INFO - TEST-OK | /2dcontext/compositing/2d.composite.canvas.destination-over.html | took 627ms
16:56:49     INFO - TEST-START | /2dcontext/compositing/2d.composite.canvas.lighter.html
16:56:49     INFO - PROCESS | 3200 | ++DOCSHELL 000000DBC2527000 == 14 [pid = 3200] [id = 16]
16:56:49     INFO - PROCESS | 3200 | ++DOMWINDOW == 44 (000000DBC3008000) [pid = 3200] [serial = 44] [outer = 0000000000000000]
16:56:49     INFO - PROCESS | 3200 | ++DOMWINDOW == 45 (000000DBC1117000) [pid = 3200] [serial = 45] [outer = 000000DBC3008000]
16:56:49     INFO - PROCESS | 3200 | ++DOMWINDOW == 46 (000000DBC3A09000) [pid = 3200] [serial = 46] [outer = 000000DBC3008000]
16:56:49     INFO - .
16:56:49     INFO - TEST-OK | /2dcontext/compositing/2d.composite.canvas.lighter.html | took 628ms
16:56:49     INFO - TEST-START | /2dcontext/compositing/2d.composite.canvas.source-atop.html
16:56:49     INFO - PROCESS | 3200 | ++DOCSHELL 000000DBC4123000 == 15 [pid = 3200] [id = 17]
16:56:49     INFO - PROCESS | 3200 | ++DOMWINDOW == 47 (000000DBC4123800) [pid = 3200] [serial = 47] [outer = 0000000000000000]
16:56:49     INFO - PROCESS | 3200 | ++DOMWINDOW == 48 (000000DBC4222800) [pid = 3200] [serial = 48] [outer = 000000DBC4123800]
16:56:49     INFO - PROCESS | 3200 | ++DOMWINDOW == 49 (000000DBC4698800) [pid = 3200] [serial = 49] [outer = 000000DBC4123800]
16:56:50     INFO - .
16:56:50     INFO - TEST-OK | /2dcontext/compositing/2d.composite.canvas.source-atop.html | took 587ms
16:56:50     INFO - TEST-START | /2dcontext/compositing/2d.composite.canvas.source-in.html
16:56:50     INFO - PROCESS | 3200 | ++DOCSHELL 000000DBC5625000 == 16 [pid = 3200] [id = 18]
16:56:50     INFO - PROCESS | 3200 | ++DOMWINDOW == 50 (000000DBC5625800) [pid = 3200] [serial = 50] [outer = 0000000000000000]
16:56:50     INFO - PROCESS | 3200 | ++DOMWINDOW == 51 (000000DBC6FD5000) [pid = 3200] [serial = 51] [outer = 000000DBC5625800]
16:56:50     INFO - PROCESS | 3200 | ++DOMWINDOW == 52 (000000DBC737B000) [pid = 3200] [serial = 52] [outer = 000000DBC5625800]
16:56:50     INFO - .
16:56:50     INFO - TEST-OK | /2dcontext/compositing/2d.composite.canvas.source-in.html | took 732ms
16:56:50     INFO - TEST-START | /2dcontext/compositing/2d.composite.canvas.source-out.html
16:56:51     INFO - PROCESS | 3200 | ++DOCSHELL 000000DBB7F62000 == 17 [pid = 3200] [id = 19]
16:56:51     INFO - PROCESS | 3200 | ++DOMWINDOW == 53 (000000DBB7F62800) [pid = 3200] [serial = 53] [outer = 0000000000000000]
16:56:51     INFO - PROCESS | 3200 | ++DOMWINDOW == 54 (000000DBB7F66800) [pid = 3200] [serial = 54] [outer = 000000DBB7F62800]
16:56:51     INFO - PROCESS | 3200 | ++DOMWINDOW == 55 (000000DBB7F75800) [pid = 3200] [serial = 55] [outer = 000000DBB7F62800]
16:56:51     INFO - .
16:56:51     INFO - TEST-OK | /2dcontext/compositing/2d.composite.canvas.source-out.html | took 586ms
16:56:51     INFO - TEST-START | /2dcontext/compositing/2d.composite.canvas.source-over.html
16:56:51     INFO - PROCESS | 3200 | ++DOCSHELL 000000DBB768B000 == 18 [pid = 3200] [id = 20]
16:56:51     INFO - PROCESS | 3200 | ++DOMWINDOW == 56 (000000DBB768C000) [pid = 3200] [serial = 56] [outer = 0000000000000000]
16:56:51     INFO - PROCESS | 3200 | ++DOMWINDOW == 57 (000000DBB7691000) [pid = 3200] [serial = 57] [outer = 000000DBB768C000]
16:56:51     INFO - PROCESS | 3200 | ++DOMWINDOW == 58 (000000DBB7F6E800) [pid = 3200] [serial = 58] [outer = 000000DBB768C000]
16:56:52     INFO - .
16:56:52     INFO - TEST-OK | /2dcontext/compositing/2d.composite.canvas.source-over.html | took 587ms
16:56:52     INFO - TEST-START | /2dcontext/compositing/2d.composite.canvas.xor.html
16:56:52     INFO - PROCESS | 3200 | ++DOCSHELL 000000DBBD191800 == 19 [pid = 3200] [id = 21]
16:56:52     INFO - PROCESS | 3200 | ++DOMWINDOW == 59 (000000DBC7386000) [pid = 3200] [serial = 59] [outer = 0000000000000000]
16:56:52     INFO - PROCESS | 3200 | ++DOMWINDOW == 60 (000000DBCAF96800) [pid = 3200] [serial = 60] [outer = 000000DBC7386000]
16:56:52     INFO - PROCESS | 3200 | ++DOMWINDOW == 61 (000000DBCAFA4800) [pid = 3200] [serial = 61] [outer = 000000DBC7386000]
16:56:52     INFO - .
16:56:52     INFO - TEST-OK | /2dcontext/compositing/2d.composite.canvas.xor.html | took 566ms
16:56:52     INFO - TEST-START | /2dcontext/compositing/2d.composite.clip.copy.html
16:56:52     INFO - PROCESS | 3200 | ++DOCSHELL 000000DBC953C000 == 20 [pid = 3200] [id = 22]
16:56:52     INFO - PROCESS | 3200 | ++DOMWINDOW == 62 (000000DBC953C800) [pid = 3200] [serial = 62] [outer = 0000000000000000]
16:56:52     INFO - PROCESS | 3200 | ++DOMWINDOW == 63 (000000DBC9542000) [pid = 3200] [serial = 63] [outer = 000000DBC953C800]
16:56:53     INFO - PROCESS | 3200 | ++DOMWINDOW == 64 (000000DBCAF93000) [pid = 3200] [serial = 64] [outer = 000000DBC953C800]
16:56:54     INFO - PROCESS | 3200 | --DOCSHELL 000000DBBD194000 == 19 [pid = 3200] [id = 8]
16:56:54     INFO - .
16:56:54     INFO - TEST-OK | /2dcontext/compositing/2d.composite.clip.copy.html | took 1489ms
16:56:54     INFO - TEST-START | /2dcontext/compositing/2d.composite.clip.destination-atop.html
16:56:54     INFO - PROCESS | 3200 | ++DOCSHELL 000000DBB7F5B800 == 20 [pid = 3200] [id = 23]
16:56:54     INFO - PROCESS | 3200 | ++DOMWINDOW == 65 (000000DBB7F5D000) [pid = 3200] [serial = 65] [outer = 0000000000000000]
16:56:54     INFO - PROCESS | 3200 | ++DOMWINDOW == 66 (000000DBB7F65800) [pid = 3200] [serial = 66] [outer = 000000DBB7F5D000]
16:56:54     INFO - PROCESS | 3200 | ++DOMWINDOW == 67 (000000DBBBD31000) [pid = 3200] [serial = 67] [outer = 000000DBB7F5D000]
16:56:54     INFO - .
16:56:54     INFO - TEST-OK | /2dcontext/compositing/2d.composite.clip.destination-atop.html | took 734ms
16:56:55     INFO - TEST-START | /2dcontext/compositing/2d.composite.clip.destination-in.html
16:56:55     INFO - PROCESS | 3200 | ++DOCSHELL 000000DBBCBBB000 == 21 [pid = 3200] [id = 24]
16:56:55     INFO - PROCESS | 3200 | ++DOMWINDOW == 68 (000000DBBCBBC000) [pid = 3200] [serial = 68] [outer = 0000000000000000]
16:56:55     INFO - PROCESS | 3200 | ++DOMWINDOW == 69 (000000DBBCBC8800) [pid = 3200] [serial = 69] [outer = 000000DBBCBBC000]
16:56:55     INFO - PROCESS | 3200 | ++DOMWINDOW == 70 (000000DBBCF10000) [pid = 3200] [serial = 70] [outer = 000000DBBCBBC000]
16:56:55     INFO - PROCESS | 3200 | [3200] WARNING: NS_ENSURE_TRUE(layerManager) failed: file c:/builds/moz2_slave/m-esr52-w64-d-0000000000000000/build/src/dom/media/MediaDecoder.cpp, line 303
16:56:55     INFO - PROCESS | 3200 | [3200] WARNING: NS_ENSURE_TRUE(layerManager) failed: file c:/builds/moz2_slave/m-esr52-w64-d-0000000000000000/build/src/dom/media/MediaDecoder.cpp, line 303
16:56:55     INFO - PROCESS | 3200 | --DOMWINDOW == 69 (000000DBBE46A000) [pid = 3200] [serial = 8] [outer = 0000000000000000] [url = chrome://gfxsanity/content/sanitytest.html]
16:56:55     INFO - PROCESS | 3200 | --DOMWINDOW == 68 (000000DBB84CB800) [pid = 3200] [serial = 1] [outer = 0000000000000000] [url = chrome://gfxsanity/content/sanityparent.html]
16:56:55     INFO - PROCESS | 3200 | --DOMWINDOW == 67 (000000DBC085D000) [pid = 3200] [serial = 41] [outer = 0000000000000000] [url = http://web-platform.test:8000/2dcontext/compositing/2d.composite.canvas.destination-over.html]
16:56:55     INFO - PROCESS | 3200 | --DOMWINDOW == 66 (000000DBC3008000) [pid = 3200] [serial = 44] [outer = 0000000000000000] [url = http://web-platform.test:8000/2dcontext/compositing/2d.composite.canvas.lighter.html]
16:56:55     INFO - PROCESS | 3200 | --DOMWINDOW == 65 (000000DBC4123800) [pid = 3200] [serial = 47] [outer = 0000000000000000] [url = http://web-platform.test:8000/2dcontext/compositing/2d.composite.canvas.source-atop.html]
16:56:55     INFO - PROCESS | 3200 | --DOMWINDOW == 64 (000000DBC5625800) [pid = 3200] [serial = 50] [outer = 0000000000000000] [url = http://web-platform.test:8000/2dcontext/compositing/2d.composite.canvas.source-in.html]
16:56:55     INFO - PROCESS | 3200 | --DOMWINDOW == 63 (000000DBB7F62800) [pid = 3200] [serial = 53] [outer = 0000000000000000] [url = http://web-platform.test:8000/2dcontext/compositing/2d.composite.canvas.source-out.html]
16:56:55     INFO - PROCESS | 3200 | --DOMWINDOW == 62 (000000DBB768C000) [pid = 3200] [serial = 56] [outer = 0000000000000000] [url = http://web-platform.test:8000/2dcontext/compositing/2d.composite.canvas.source-over.html]
16:56:55     INFO - PROCESS | 3200 | --DOMWINDOW == 61 (000000DBC7386000) [pid = 3200] [serial = 59] [outer = 0000000000000000] [url = http://web-platform.test:8000/2dcontext/compositing/2d.composite.canvas.xor.html]
16:56:55     INFO - PROCESS | 3200 | --DOMWINDOW == 60 (000000DBBD194800) [pid = 3200] [serial = 20] [outer = 0000000000000000] [url = http://web-platform.test:8000/2dcontext/compositing/2d.composite.canvas.copy.html]
16:56:55     INFO - PROCESS | 3200 | --DOMWINDOW == 59 (000000DBC4230800) [pid = 3200] [serial = 26] [outer = 0000000000000000] [url = http://web-platform.test:8000/2dcontext/compositing/2d.composite.canvas.destination-atop.html]
16:56:55     INFO - PROCESS | 3200 | --DOMWINDOW == 58 (000000DBB7ADA000) [pid = 3200] [serial = 35] [outer = 0000000000000000] [url = http://web-platform.test:8000/2dcontext/compositing/2d.composite.canvas.destination-in.html]
16:56:55     INFO - PROCESS | 3200 | --DOMWINDOW == 57 (000000DBBCC13800) [pid = 3200] [serial = 38] [outer = 0000000000000000] [url = http://web-platform.test:8000/2dcontext/compositing/2d.composite.canvas.destination-out.html]
16:56:56     INFO - .
16:56:56     INFO - TEST-OK | /2dcontext/compositing/2d.composite.clip.destination-in.html | took 1069ms
16:56:56     INFO - TEST-START | /2dcontext/compositing/2d.composite.clip.destination-out.html
16:56:56     INFO - PROCESS | 3200 | ++DOCSHELL 000000DBBDBD2800 == 22 [pid = 3200] [id = 25]
16:56:56     INFO - PROCESS | 3200 | ++DOMWINDOW == 58 (000000DBBDBD3000) [pid = 3200] [serial = 71] [outer = 0000000000000000]
16:56:56     INFO - PROCESS | 3200 | ++DOMWINDOW == 59 (000000DBBDBEA800) [pid = 3200] [serial = 72] [outer = 000000DBBDBD3000]
16:56:56     INFO - PROCESS | 3200 | ++DOMWINDOW == 60 (000000DBC1119000) [pid = 3200] [serial = 73] [outer = 000000DBBDBD3000]
16:56:56     INFO - .
16:56:56     INFO - TEST-OK | /2dcontext/compositing/2d.composite.clip.destination-out.html | took 628ms
16:56:56     INFO - TEST-START | /2dcontext/compositing/2d.composite.clip.destination-over.html
16:56:56     INFO - PROCESS | 3200 | ++DOCSHELL 000000DBC2534800 == 23 [pid = 3200] [id = 26]
16:56:56     INFO - PROCESS | 3200 | ++DOMWINDOW == 61 (000000DBC2539800) [pid = 3200] [serial = 74] [outer = 0000000000000000]
16:56:56     INFO - PROCESS | 3200 | ++DOMWINDOW == 62 (000000DBC301E800) [pid = 3200] [serial = 75] [outer = 000000DBC2539800]
16:56:57     INFO - PROCESS | 3200 | ++DOMWINDOW == 63 (000000DBC3E22000) [pid = 3200] [serial = 76] [outer = 000000DBC2539800]
16:56:57     INFO - .
16:56:57     INFO - TEST-OK | /2dcontext/compositing/2d.composite.clip.destination-over.html | took 585ms
16:56:57     INFO - TEST-START | /2dcontext/compositing/2d.composite.clip.lighter.html
16:56:57     INFO - PROCESS | 3200 | ++DOCSHELL 000000DBC44B2800 == 24 [pid = 3200] [id = 27]
16:56:57     INFO - PROCESS | 3200 | ++DOMWINDOW == 64 (000000DBC44B3000) [pid = 3200] [serial = 77] [outer = 0000000000000000]
16:56:57     INFO - PROCESS | 3200 | ++DOMWINDOW == 65 (000000DBC49CA000) [pid = 3200] [serial = 78] [outer = 000000DBC44B3000]
16:56:57     INFO - PROCESS | 3200 | ++DOMWINDOW == 66 (000000DBC3E08000) [pid = 3200] [serial = 79] [outer = 000000DBC44B3000]
16:56:57     INFO - .
16:56:57     INFO - TEST-OK | /2dcontext/compositing/2d.composite.clip.lighter.html | took 628ms
16:56:57     INFO - TEST-START | /2dcontext/compositing/2d.composite.clip.source-atop.html
16:56:58     INFO - PROCESS | 3200 | ++DOCSHELL 000000DBBBD39000 == 25 [pid = 3200] [id = 28]
16:56:58     INFO - PROCESS | 3200 | ++DOMWINDOW == 67 (000000DBBBFA5000) [pid = 3200] [serial = 80] [outer = 0000000000000000]
16:56:58     INFO - PROCESS | 3200 | ++DOMWINDOW == 68 (000000DBBC76A800) [pid = 3200] [serial = 81] [outer = 000000DBBBFA5000]
16:56:58     INFO - PROCESS | 3200 | ++DOMWINDOW == 69 (000000DBBD9B4000) [pid = 3200] [serial = 82] [outer = 000000DBBBFA5000]
16:56:58     INFO - .
16:56:58     INFO - TEST-OK | /2dcontext/compositing/2d.composite.clip.source-atop.html | took 986ms
16:56:58     INFO - TEST-START | /2dcontext/compositing/2d.composite.clip.source-in.html
16:56:59     INFO - PROCESS | 3200 | ++DOCSHELL 000000DBC4129000 == 26 [pid = 3200] [id = 29]
16:56:59     INFO - PROCESS | 3200 | ++DOMWINDOW == 70 (000000DBC50D5000) [pid = 3200] [serial = 83] [outer = 0000000000000000]
16:56:59     INFO - PROCESS | 3200 | ++DOMWINDOW == 71 (000000DBC7369000) [pid = 3200] [serial = 84] [outer = 000000DBC50D5000]
16:56:59     INFO - PROCESS | 3200 | ++DOMWINDOW == 72 (000000DBC8158800) [pid = 3200] [serial = 85] [outer = 000000DBC50D5000]
16:56:59     INFO - .
16:56:59     INFO - TEST-OK | /2dcontext/compositing/2d.composite.clip.source-in.html | took 882ms
16:56:59     INFO - TEST-START | /2dcontext/compositing/2d.composite.clip.source-out.html
16:57:00     INFO - PROCESS | 3200 | ++DOCSHELL 000000DBC953E000 == 27 [pid = 3200] [id = 30]
16:57:00     INFO - PROCESS | 3200 | ++DOMWINDOW == 73 (000000DBC953F000) [pid = 3200] [serial = 86] [outer = 0000000000000000]
16:57:00     INFO - PROCESS | 3200 | ++DOMWINDOW == 74 (000000DBC9549800) [pid = 3200] [serial = 87] [outer = 000000DBC953F000]
16:57:00     INFO - PROCESS | 3200 | ++DOMWINDOW == 75 (000000DBCAFAA800) [pid = 3200] [serial = 88] [outer = 000000DBC953F000]
16:57:00     INFO - .
16:57:00     INFO - TEST-OK | /2dcontext/compositing/2d.composite.clip.source-out.html | took 838ms
16:57:00     INFO - TEST-START | /2dcontext/compositing/2d.composite.clip.source-over.html
16:57:00     INFO - PROCESS | 3200 | ++DOCSHELL 000000DBC4517000 == 28 [pid = 3200] [id = 31]
16:57:00     INFO - PROCESS | 3200 | ++DOMWINDOW == 76 (000000DBC4518800) [pid = 3200] [serial = 89] [outer = 0000000000000000]
16:57:01     INFO - PROCESS | 3200 | ++DOMWINDOW == 77 (000000DBC451C800) [pid = 3200] [serial = 90] [outer = 000000DBC4518800]
16:57:01     INFO - PROCESS | 3200 | ++DOMWINDOW == 78 (000000DBC8162800) [pid = 3200] [serial = 91] [outer = 000000DBC4518800]
16:57:01     INFO - .
16:57:01     INFO - TEST-OK | /2dcontext/compositing/2d.composite.clip.source-over.html | took 776ms
16:57:01     INFO - TEST-START | /2dcontext/compositing/2d.composite.clip.xor.html
16:57:01     INFO - PROCESS | 3200 | ++DOCSHELL 000000DBC97C6000 == 29 [pid = 3200] [id = 32]
16:57:01     INFO - PROCESS | 3200 | ++DOMWINDOW == 79 (000000DBC97C6800) [pid = 3200] [serial = 92] [outer = 0000000000000000]
16:57:01     INFO - PROCESS | 3200 | ++DOMWINDOW == 80 (000000DBC97CC800) [pid = 3200] [serial = 93] [outer = 000000DBC97C6800]
16:57:01     INFO - PROCESS | 3200 | ++DOMWINDOW == 81 (000000DBC97DB800) [pid = 3200] [serial = 94] [outer = 000000DBC97C6800]
16:57:02     INFO - .
16:57:02     INFO - TEST-OK | /2dcontext/compositing/2d.composite.clip.xor.html | took 776ms
16:57:02     INFO - TEST-START | /2dcontext/compositing/2d.composite.globalAlpha.canvas.html
16:57:02     INFO - PROCESS | 3200 | ++DOCSHELL 000000DBB7690800 == 30 [pid = 3200] [id = 33]
16:57:02     INFO - PROCESS | 3200 | ++DOMWINDOW == 82 (000000DBB7694800) [pid = 3200] [serial = 95] [outer = 0000000000000000]
16:57:02     INFO - PROCESS | 3200 | ++DOMWINDOW == 83 (000000DBB7981800) [pid = 3200] [serial = 96] [outer = 000000DBB7694800]
16:57:02     INFO - PROCESS | 3200 | ++DOMWINDOW == 84 (000000DBB7F58800) [pid = 3200] [serial = 97] [outer = 000000DBB7694800]
16:57:03     INFO - PROCESS | 3200 | --DOMWINDOW == 83 (000000DBC4DAF800) [pid = 3200] [serial = 17] [outer = 0000000000000000] [url = about:blank]
16:57:03     INFO - PROCESS | 3200 | --DOMWINDOW == 82 (000000DBC3A0E800) [pid = 3200] [serial = 24] [outer = 0000000000000000] [url = about:blank]
16:57:03     INFO - PROCESS | 3200 | --DOMWINDOW == 81 (000000DBC468F800) [pid = 3200] [serial = 14] [outer = 0000000000000000] [url = about:blank]
16:57:03     INFO - PROCESS | 3200 | --DOMWINDOW == 80 (000000DBBE47B000) [pid = 3200] [serial = 9] [outer = 0000000000000000] [url = about:blank]
16:57:03     INFO - PROCESS | 3200 | --DOMWINDOW == 79 (000000DBC0860800) [pid = 3200] [serial = 10] [outer = 0000000000000000] [url = chrome://gfxsanity/content/sanitytest.html]
16:57:03     INFO - PROCESS | 3200 | --DOMWINDOW == 78 (000000DBB8CB5000) [pid = 3200] [serial = 4] [outer = 0000000000000000] [url = about:blank]
16:57:03     INFO - PROCESS | 3200 | --DOMWINDOW == 77 (000000DBB84CC800) [pid = 3200] [serial = 2] [outer = 0000000000000000] [url = about:blank]
16:57:03     INFO - PROCESS | 3200 | --DOMWINDOW == 76 (000000DBBCD4A000) [pid = 3200] [serial = 18] [outer = 0000000000000000] [url = about:blank]
16:57:03     INFO - PROCESS | 3200 | --DOMWINDOW == 75 (000000DBB661F800) [pid = 3200] [serial = 30] [outer = 0000000000000000] [url = about:blank]
16:57:03     INFO - PROCESS | 3200 | --DOMWINDOW == 74 (000000DBBDBCF000) [pid = 3200] [serial = 22] [outer = 0000000000000000] [url = about:blank]
16:57:03     INFO - PROCESS | 3200 | --DOMWINDOW == 73 (000000DBBD9B8000) [pid = 3200] [serial = 21] [outer = 0000000000000000] [url = about:blank]
16:57:03     INFO - PROCESS | 3200 | --DOMWINDOW == 72 (000000DBC4681000) [pid = 3200] [serial = 28] [outer = 0000000000000000] [url = about:blank]
16:57:03     INFO - PROCESS | 3200 | --DOMWINDOW == 71 (000000DBC4499800) [pid = 3200] [serial = 27] [outer = 0000000000000000] [url = about:blank]
16:57:03     INFO - PROCESS | 3200 | --DOMWINDOW == 70 (000000DBBC252000) [pid = 3200] [serial = 37] [outer = 0000000000000000] [url = about:blank]
16:57:03     INFO - PROCESS | 3200 | --DOMWINDOW == 69 (000000DBB7AE0800) [pid = 3200] [serial = 36] [outer = 0000000000000000] [url = about:blank]
16:57:03     INFO - PROCESS | 3200 | --DOMWINDOW == 68 (000000DBBCF05800) [pid = 3200] [serial = 40] [outer = 0000000000000000] [url = about:blank]
16:57:03     INFO - PROCESS | 3200 | --DOMWINDOW == 67 (000000DBBCCC9800) [pid = 3200] [serial = 39] [outer = 0000000000000000] [url = about:blank]
16:57:03     INFO - PROCESS | 3200 | --DOMWINDOW == 66 (000000DBC1C35000) [pid = 3200] [serial = 43] [outer = 0000000000000000] [url = about:blank]
16:57:03     INFO - PROCESS | 3200 | --DOMWINDOW == 65 (000000DBC0871800) [pid = 3200] [serial = 42] [outer = 0000000000000000] [url = about:blank]
16:57:03     INFO - PROCESS | 3200 | --DOMWINDOW == 64 (000000DBC3A09000) [pid = 3200] [serial = 46] [outer = 0000000000000000] [url = about:blank]
16:57:03     INFO - PROCESS | 3200 | --DOMWINDOW == 63 (000000DBC1117000) [pid = 3200] [serial = 45] [outer = 0000000000000000] [url = about:blank]
16:57:03     INFO - PROCESS | 3200 | --DOMWINDOW == 62 (000000DBC4698800) [pid = 3200] [serial = 49] [outer = 0000000000000000] [url = about:blank]
16:57:03     INFO - PROCESS | 3200 | --DOMWINDOW == 61 (000000DBC4222800) [pid = 3200] [serial = 48] [outer = 0000000000000000] [url = about:blank]
16:57:03     INFO - PROCESS | 3200 | --DOMWINDOW == 60 (000000DBC737B000) [pid = 3200] [serial = 52] [outer = 0000000000000000] [url = about:blank]
16:57:03     INFO - PROCESS | 3200 | --DOMWINDOW == 59 (000000DBC6FD5000) [pid = 3200] [serial = 51] [outer = 0000000000000000] [url = about:blank]
16:57:03     INFO - PROCESS | 3200 | --DOMWINDOW == 58 (000000DBB7F75800) [pid = 3200] [serial = 55] [outer = 0000000000000000] [url = about:blank]
16:57:03     INFO - PROCESS | 3200 | --DOMWINDOW == 57 (000000DBB7F66800) [pid = 3200] [serial = 54] [outer = 0000000000000000] [url = about:blank]
16:57:03     INFO - PROCESS | 3200 | --DOMWINDOW == 56 (000000DBB7F6E800) [pid = 3200] [serial = 58] [outer = 0000000000000000] [url = about:blank]
16:57:03     INFO - PROCESS | 3200 | --DOMWINDOW == 55 (000000DBB7691000) [pid = 3200] [serial = 57] [outer = 0000000000000000] [url = about:blank]
16:57:03     INFO - PROCESS | 3200 | --DOMWINDOW == 54 (000000DBCAFA4800) [pid = 3200] [serial = 61] [outer = 0000000000000000] [url = about:blank]
16:57:03     INFO - PROCESS | 3200 | --DOMWINDOW == 53 (000000DBCAF96800) [pid = 3200] [serial = 60] [outer = 0000000000000000] [url = about:blank]
16:57:03     INFO - PROCESS | 3200 | --DOMWINDOW == 52 (000000DBB7ACB000) [pid = 3200] [serial = 33] [outer = 0000000000000000] [url = about:blank]
16:57:03     INFO - .
16:57:03     INFO - TEST-OK | /2dcontext/compositing/2d.composite.globalAlpha.canvas.html | took 1593ms
16:57:03     INFO - TEST-START | /2dcontext/compositing/2d.composite.globalAlpha.canvaspattern.html
16:57:04     INFO - PROCESS | 3200 | ++DOCSHELL 000000DBB7693000 == 31 [pid = 3200] [id = 34]
16:57:04     INFO - PROCESS | 3200 | ++DOMWINDOW == 53 (000000DBB7693800) [pid = 3200] [serial = 98] [outer = 0000000000000000]
16:57:04     INFO - PROCESS | 3200 | ++DOMWINDOW == 54 (000000DBB7992000) [pid = 3200] [serial = 99] [outer = 000000DBB7693800]
16:57:04     INFO - PROCESS | 3200 | ++DOMWINDOW == 55 (000000DBB7F64000) [pid = 3200] [serial = 100] [outer = 000000DBB7693800]
16:57:04     INFO - .
16:57:04     INFO - TEST-OK | /2dcontext/compositing/2d.composite.globalAlpha.canvaspattern.html | took 671ms
16:57:04     INFO - TEST-START | /2dcontext/compositing/2d.composite.globalAlpha.default.html
16:57:04     INFO - PROCESS | 3200 | ++DOCSHELL 000000DBB8CB8000 == 32 [pid = 3200] [id = 35]
16:57:04     INFO - PROCESS | 3200 | ++DOMWINDOW == 56 (000000DBB8CB8800) [pid = 3200] [serial = 101] [outer = 0000000000000000]
16:57:04     INFO - PROCESS | 3200 | ++DOMWINDOW == 57 (000000DBBBF04800) [pid = 3200] [serial = 102] [outer = 000000DBB8CB8800]
16:57:04     INFO - PROCESS | 3200 | ++DOMWINDOW == 58 (000000DBBC9A4800) [pid = 3200] [serial = 103] [outer = 000000DBB8CB8800]
16:57:05     INFO - .
16:57:05     INFO - TEST-OK | /2dcontext/compositing/2d.composite.globalAlpha.default.html | took 628ms
16:57:05     INFO - TEST-START | /2dcontext/compositing/2d.composite.globalAlpha.fill.html
16:57:05     INFO - PROCESS | 3200 | ++DOCSHELL 000000DBBCF0E000 == 33 [pid = 3200] [id = 36]
16:57:05     INFO - PROCESS | 3200 | ++DOMWINDOW == 59 (000000DBBCF13800) [pid = 3200] [serial = 104] [outer = 0000000000000000]
16:57:05     INFO - PROCESS | 3200 | ++DOMWINDOW == 60 (000000DBBCF21000) [pid = 3200] [serial = 105] [outer = 000000DBBCF13800]
16:57:05     INFO - PROCESS | 3200 | ++DOMWINDOW == 61 (000000DBBD9C7000) [pid = 3200] [serial = 106] [outer = 000000DBBCF13800]
16:57:05     INFO - .
16:57:05     INFO - TEST-OK | /2dcontext/compositing/2d.composite.globalAlpha.fill.html | took 687ms
16:57:05     INFO - TEST-START | /2dcontext/compositing/2d.composite.globalAlpha.image.html
16:57:06     INFO - PROCESS | 3200 | ++DOCSHELL 000000DBC085D800 == 34 [pid = 3200] [id = 37]
16:57:06     INFO - PROCESS | 3200 | ++DOMWINDOW == 62 (000000DBC0860000) [pid = 3200] [serial = 107] [outer = 0000000000000000]
16:57:06     INFO - PROCESS | 3200 | ++DOMWINDOW == 63 (000000DBC0864800) [pid = 3200] [serial = 108] [outer = 000000DBC0860000]
16:57:06     INFO - PROCESS | 3200 | ++DOMWINDOW == 64 (000000DBC1C2B800) [pid = 3200] [serial = 109] [outer = 000000DBC0860000]
16:57:06     INFO - .
16:57:06     INFO - TEST-OK | /2dcontext/compositing/2d.composite.globalAlpha.image.html | took 733ms
16:57:06     INFO - TEST-START | /2dcontext/compositing/2d.composite.globalAlpha.imagepattern.html
16:57:06     INFO - PROCESS | 3200 | ++DOCSHELL 000000DBC1F1A800 == 35 [pid = 3200] [id = 38]
16:57:06     INFO - PROCESS | 3200 | ++DOMWINDOW == 65 (000000DBC2522000) [pid = 3200] [serial = 110] [outer = 0000000000000000]
16:57:06     INFO - PROCESS | 3200 | ++DOMWINDOW == 66 (000000DBC3016800) [pid = 3200] [serial = 111] [outer = 000000DBC2522000]
16:57:06     INFO - PROCESS | 3200 | ++DOMWINDOW == 67 (000000DBC3E0C800) [pid = 3200] [serial = 112] [outer = 000000DBC2522000]
16:57:07     INFO - .
16:57:07     INFO - TEST-OK | /2dcontext/compositing/2d.composite.globalAlpha.imagepattern.html | took 629ms
16:57:07     INFO - TEST-START | /2dcontext/compositing/2d.composite.globalAlpha.invalid.html
16:57:07     INFO - PROCESS | 3200 | ++DOCSHELL 000000DBC4110000 == 36 [pid = 3200] [id = 39]
16:57:07     INFO - PROCESS | 3200 | ++DOMWINDOW == 68 (000000DBC4110800) [pid = 3200] [serial = 113] [outer = 0000000000000000]
16:57:07     INFO - PROCESS | 3200 | ++DOMWINDOW == 69 (000000DBC4225000) [pid = 3200] [serial = 114] [outer = 000000DBC4110800]
16:57:07     INFO - PROCESS | 3200 | ++DOMWINDOW == 70 (000000DBC450C800) [pid = 3200] [serial = 115] [outer = 000000DBC4110800]
16:57:07     INFO - PROCESS | 3200 | --DOMWINDOW == 69 (000000DBBCBBC000) [pid = 3200] [serial = 68] [outer = 0000000000000000] [url = http://web-platform.test:8000/2dcontext/compositing/2d.composite.clip.destination-in.html]
16:57:07     INFO - PROCESS | 3200 | --DOMWINDOW == 68 (000000DBB7F5D000) [pid = 3200] [serial = 65] [outer = 0000000000000000] [url = http://web-platform.test:8000/2dcontext/compositing/2d.composite.clip.destination-atop.html]
16:57:07     INFO - PROCESS | 3200 | --DOMWINDOW == 67 (000000DBC2539800) [pid = 3200] [serial = 74] [outer = 0000000000000000] [url = http://web-platform.test:8000/2dcontext/compositing/2d.composite.clip.destination-over.html]
16:57:07     INFO - PROCESS | 3200 | --DOMWINDOW == 66 (000000DBBDBD3000) [pid = 3200] [serial = 71] [outer = 0000000000000000] [url = http://web-platform.test:8000/2dcontext/compositing/2d.composite.clip.destination-out.html]
16:57:07     INFO - PROCESS | 3200 | --DOMWINDOW == 65 (000000DBC44B3000) [pid = 3200] [serial = 77] [outer = 0000000000000000] [url = http://web-platform.test:8000/2dcontext/compositing/2d.composite.clip.lighter.html]
16:57:07     INFO - PROCESS | 3200 | --DOMWINDOW == 64 (000000DBC953C800) [pid = 3200] [serial = 62] [outer = 0000000000000000] [url = http://web-platform.test:8000/2dcontext/compositing/2d.composite.clip.copy.html]
16:57:08     INFO - .
16:57:08     INFO - TEST-OK | /2dcontext/compositing/2d.composite.globalAlpha.invalid.html | took 733ms
16:57:08     INFO - TEST-START | /2dcontext/compositing/2d.composite.globalAlpha.range.html
16:57:08     INFO - PROCESS | 3200 | ++DOCSHELL 000000DBC467D000 == 37 [pid = 3200] [id = 40]
16:57:08     INFO - PROCESS | 3200 | ++DOMWINDOW == 65 (000000DBC4680800) [pid = 3200] [serial = 116] [outer = 0000000000000000]
16:57:08     INFO - PROCESS | 3200 | ++DOMWINDOW == 66 (000000DBC4691000) [pid = 3200] [serial = 117] [outer = 000000DBC4680800]
16:57:08     INFO - PROCESS | 3200 | ++DOMWINDOW == 67 (000000DBC4DA5000) [pid = 3200] [serial = 118] [outer = 000000DBC4680800]
16:57:08     INFO - .
16:57:08     INFO - TEST-OK | /2dcontext/compositing/2d.composite.globalAlpha.range.html | took 587ms
16:57:08     INFO - TEST-START | /2dcontext/compositing/2d.composite.image.copy.html
16:57:08     INFO - PROCESS | 3200 | ++DOCSHELL 000000DBC4DB1000 == 38 [pid = 3200] [id = 41]
16:57:08     INFO - PROCESS | 3200 | ++DOMWINDOW == 68 (000000DBC4DB1800) [pid = 3200] [serial = 119] [outer = 0000000000000000]
16:57:08     INFO - PROCESS | 3200 | ++DOMWINDOW == 69 (000000DBC50E7000) [pid = 3200] [serial = 120] [outer = 000000DBC4DB1800]
16:57:08     INFO - PROCESS | 3200 | ++DOMWINDOW == 70 (000000DBC6FD9800) [pid = 3200] [serial = 121] [outer = 000000DBC4DB1800]
16:57:09     INFO - .
16:57:09     INFO - TEST-OK | /2dcontext/compositing/2d.composite.image.copy.html | took 586ms
16:57:09     INFO - TEST-START | /2dcontext/compositing/2d.composite.image.destination-atop.html
16:57:09     INFO - PROCESS | 3200 | ++DOCSHELL 000000DBC8042000 == 39 [pid = 3200] [id = 42]
16:57:09     INFO - PROCESS | 3200 | ++DOMWINDOW == 71 (000000DBC8042800) [pid = 3200] [serial = 122] [outer = 0000000000000000]
16:57:09     INFO - PROCESS | 3200 | ++DOMWINDOW == 72 (000000DBC804A000) [pid = 3200] [serial = 123] [outer = 000000DBC8042800]
16:57:09     INFO - PROCESS | 3200 | ++DOMWINDOW == 73 (000000DBC8166000) [pid = 3200] [serial = 124] [outer = 000000DBC8042800]
16:57:09     INFO - .
16:57:09     INFO - TEST-OK | /2dcontext/compositing/2d.composite.image.destination-atop.html | took 566ms
16:57:09     INFO - TEST-START | /2dcontext/compositing/2d.composite.image.destination-in.html
16:57:10     INFO - PROCESS | 3200 | ++DOCSHELL 000000DBB7688800 == 40 [pid = 3200] [id = 43]
16:57:10     INFO - PROCESS | 3200 | ++DOMWINDOW == 74 (000000DBB7ACB800) [pid = 3200] [serial = 125] [outer = 0000000000000000]
16:57:10     INFO - PROCESS | 3200 | ++DOMWINDOW == 75 (000000DBB7AE0800) [pid = 3200] [serial = 126] [outer = 000000DBB7ACB800]
16:57:10     INFO - PROCESS | 3200 | ++DOMWINDOW == 76 (000000DBBCBB8000) [pid = 3200] [serial = 127] [outer = 000000DBB7ACB800]
16:57:11     INFO - .
16:57:11     INFO - TEST-OK | /2dcontext/compositing/2d.composite.image.destination-in.html | took 1183ms
16:57:11     INFO - TEST-START | /2dcontext/compositing/2d.composite.image.destination-out.html
16:57:11     INFO - PROCESS | 3200 | ++DOCSHELL 000000DBBCCDD800 == 41 [pid = 3200] [id = 44]
16:57:11     INFO - PROCESS | 3200 | ++DOMWINDOW == 77 (000000DBBCD47000) [pid = 3200] [serial = 128] [outer = 0000000000000000]
16:57:11     INFO - PROCESS | 3200 | ++DOMWINDOW == 78 (000000DBBD9C1800) [pid = 3200] [serial = 129] [outer = 000000DBBCD47000]
16:57:11     INFO - PROCESS | 3200 | ++DOMWINDOW == 79 (000000DBC410E000) [pid = 3200] [serial = 130] [outer = 000000DBBCD47000]
16:57:12     INFO - .
16:57:12     INFO - TEST-OK | /2dcontext/compositing/2d.composite.image.destination-out.html | took 984ms
16:57:12     INFO - TEST-START | /2dcontext/compositing/2d.composite.image.destination-over.html
16:57:12     INFO - PROCESS | 3200 | ++DOCSHELL 000000DBC9532000 == 42 [pid = 3200] [id = 45]
16:57:12     INFO - PROCESS | 3200 | ++DOMWINDOW == 80 (000000DBC9532800) [pid = 3200] [serial = 131] [outer = 0000000000000000]
16:57:12     INFO - PROCESS | 3200 | ++DOMWINDOW == 81 (000000DBC9539000) [pid = 3200] [serial = 132] [outer = 000000DBC9532800]
16:57:12     INFO - PROCESS | 3200 | ++DOMWINDOW == 82 (000000DBC97CE000) [pid = 3200] [serial = 133] [outer = 000000DBC9532800]
16:57:13     INFO - .
16:57:13     INFO - TEST-OK | /2dcontext/compositing/2d.composite.image.destination-over.html | took 1127ms
16:57:13     INFO - TEST-START | /2dcontext/compositing/2d.composite.image.lighter.html
16:57:13     INFO - PROCESS | 3200 | --DOCSHELL 000000DBC4DB1000 == 41 [pid = 3200] [id = 41]
16:57:13     INFO - PROCESS | 3200 | --DOCSHELL 000000DBC467D000 == 40 [pid = 3200] [id = 40]
16:57:13     INFO - PROCESS | 3200 | --DOCSHELL 000000DBC4110000 == 39 [pid = 3200] [id = 39]
16:57:13     INFO - PROCESS | 3200 | --DOCSHELL 000000DBC1F1A800 == 38 [pid = 3200] [id = 38]
16:57:13     INFO - PROCESS | 3200 | --DOCSHELL 000000DBC085D800 == 37 [pid = 3200] [id = 37]
16:57:13     INFO - PROCESS | 3200 | --DOCSHELL 000000DBBCF0E000 == 36 [pid = 3200] [id = 36]
16:57:13     INFO - PROCESS | 3200 | --DOCSHELL 000000DBB8CB8000 == 35 [pid = 3200] [id = 35]
16:57:13     INFO - PROCESS | 3200 | --DOCSHELL 000000DBB7693000 == 34 [pid = 3200] [id = 34]
16:57:13     INFO - PROCESS | 3200 | --DOMWINDOW == 81 (000000DBC9542000) [pid = 3200] [serial = 63] [outer = 0000000000000000] [url = about:blank]
16:57:13     INFO - PROCESS | 3200 | --DOMWINDOW == 80 (000000DBC3E08000) [pid = 3200] [serial = 79] [outer = 0000000000000000] [url = about:blank]
16:57:13     INFO - PROCESS | 3200 | --DOMWINDOW == 79 (000000DBC49CA000) [pid = 3200] [serial = 78] [outer = 0000000000000000] [url = about:blank]
16:57:13     INFO - PROCESS | 3200 | --DOMWINDOW == 78 (000000DBC301E800) [pid = 3200] [serial = 75] [outer = 0000000000000000] [url = about:blank]
16:57:13     INFO - PROCESS | 3200 | --DOMWINDOW == 77 (000000DBC3E22000) [pid = 3200] [serial = 76] [outer = 0000000000000000] [url = about:blank]
16:57:13     INFO - PROCESS | 3200 | --DOMWINDOW == 76 (000000DBBDBEA800) [pid = 3200] [serial = 72] [outer = 0000000000000000] [url = about:blank]
16:57:13     INFO - PROCESS | 3200 | --DOMWINDOW == 75 (000000DBC1119000) [pid = 3200] [serial = 73] [outer = 0000000000000000] [url = about:blank]
16:57:13     INFO - PROCESS | 3200 | --DOMWINDOW == 74 (000000DBBCBC8800) [pid = 3200] [serial = 69] [outer = 0000000000000000] [url = about:blank]
16:57:13     INFO - PROCESS | 3200 | --DOMWINDOW == 73 (000000DBBCF10000) [pid = 3200] [serial = 70] [outer = 0000000000000000] [url = about:blank]
16:57:13     INFO - PROCESS | 3200 | --DOMWINDOW == 72 (000000DBB7F65800) [pid = 3200] [serial = 66] [outer = 0000000000000000] [url = about:blank]
16:57:13     INFO - PROCESS | 3200 | --DOMWINDOW == 71 (000000DBBBD31000) [pid = 3200] [serial = 67] [outer = 0000000000000000] [url = about:blank]
16:57:13     INFO - PROCESS | 3200 | --DOMWINDOW == 70 (000000DBCAF93000) [pid = 3200] [serial = 64] [outer = 0000000000000000] [url = about:blank]
16:57:13     INFO - PROCESS | 3200 | ++DOCSHELL 000000DBB7F63000 == 35 [pid = 3200] [id = 46]
16:57:13     INFO - PROCESS | 3200 | ++DOMWINDOW == 71 (000000DBB7F65800) [pid = 3200] [serial = 134] [outer = 0000000000000000]
16:57:13     INFO - PROCESS | 3200 | ++DOMWINDOW == 72 (000000DBB841D800) [pid = 3200] [serial = 135] [outer = 000000DBB7F65800]
16:57:13     INFO - PROCESS | 3200 | ++DOMWINDOW == 73 (000000DBBC4D4800) [pid = 3200] [serial = 136] [outer = 000000DBB7F65800]
16:57:14     INFO - .
16:57:14     INFO - TEST-OK | /2dcontext/compositing/2d.composite.image.lighter.html | took 776ms
16:57:14     INFO - TEST-START | /2dcontext/compositing/2d.composite.image.source-atop.html
16:57:14     INFO - PROCESS | 3200 | ++DOCSHELL 000000DBBCCDC800 == 36 [pid = 3200] [id = 47]
16:57:14     INFO - PROCESS | 3200 | ++DOMWINDOW == 74 (000000DBBCCDD000) [pid = 3200] [serial = 137] [outer = 0000000000000000]
16:57:14     INFO - PROCESS | 3200 | ++DOMWINDOW == 75 (000000DBBCF12800) [pid = 3200] [serial = 138] [outer = 000000DBBCCDD000]
16:57:14     INFO - PROCESS | 3200 | ++DOMWINDOW == 76 (000000DBBE46A000) [pid = 3200] [serial = 139] [outer = 000000DBBCCDD000]
16:57:14     INFO - .
16:57:14     INFO - TEST-OK | /2dcontext/compositing/2d.composite.image.source-atop.html | took 629ms
16:57:14     INFO - TEST-START | /2dcontext/compositing/2d.composite.image.source-in.html
16:57:14     INFO - PROCESS | 3200 | ++DOCSHELL 000000DBC1F07800 == 37 [pid = 3200] [id = 48]
16:57:14     INFO - PROCESS | 3200 | ++DOMWINDOW == 77 (000000DBC1F0D800) [pid = 3200] [serial = 140] [outer = 0000000000000000]
16:57:14     INFO - PROCESS | 3200 | ++DOMWINDOW == 78 (000000DBC2529800) [pid = 3200] [serial = 141] [outer = 000000DBC1F0D800]
16:57:14     INFO - PROCESS | 3200 | ++DOMWINDOW == 79 (000000DBC3FD4000) [pid = 3200] [serial = 142] [outer = 000000DBC1F0D800]
16:57:15     INFO - .
16:57:15     INFO - TEST-OK | /2dcontext/compositing/2d.composite.image.source-in.html | took 630ms
16:57:15     INFO - TEST-START | /2dcontext/compositing/2d.composite.image.source-out.html
16:57:15     INFO - PROCESS | 3200 | ++DOCSHELL 000000DBC4512000 == 38 [pid = 3200] [id = 49]
16:57:15     INFO - PROCESS | 3200 | ++DOMWINDOW == 80 (000000DBC4512800) [pid = 3200] [serial = 143] [outer = 0000000000000000]
16:57:15     INFO - PROCESS | 3200 | ++DOMWINDOW == 81 (000000DBC451D800) [pid = 3200] [serial = 144] [outer = 000000DBC4512800]
16:57:15     INFO - PROCESS | 3200 | ++DOMWINDOW == 82 (000000DBC5059000) [pid = 3200] [serial = 145] [outer = 000000DBC4512800]
16:57:15     INFO - .
16:57:15     INFO - TEST-OK | /2dcontext/compositing/2d.composite.image.source-out.html | took 669ms
16:57:15     INFO - TEST-START | /2dcontext/compositing/2d.composite.image.source-over.html
16:57:16     INFO - PROCESS | 3200 | ++DOCSHELL 000000DBC7387000 == 39 [pid = 3200] [id = 50]
16:57:16     INFO - PROCESS | 3200 | ++DOMWINDOW == 83 (000000DBC8041800) [pid = 3200] [serial = 146] [outer = 0000000000000000]
16:57:16     INFO - PROCESS | 3200 | ++DOMWINDOW == 84 (000000DBC8165000) [pid = 3200] [serial = 147] [outer = 000000DBC8041800]
16:57:16     INFO - PROCESS | 3200 | ++DOMWINDOW == 85 (000000DBC954C000) [pid = 3200] [serial = 148] [outer = 000000DBC8041800]
16:57:16     INFO - .
16:57:16     INFO - TEST-OK | /2dcontext/compositing/2d.composite.image.source-over.html | took 671ms
16:57:16     INFO - TEST-START | /2dcontext/compositing/2d.composite.image.xor.html
16:57:16     INFO - PROCESS | 3200 | ++DOCSHELL 000000DBC97DD000 == 40 [pid = 3200] [id = 51]
16:57:16     INFO - PROCESS | 3200 | ++DOMWINDOW == 86 (000000DBCAF90800) [pid = 3200] [serial = 149] [outer = 0000000000000000]
16:57:16     INFO - PROCESS | 3200 | ++DOMWINDOW == 87 (000000DBCAF9B800) [pid = 3200] [serial = 150] [outer = 000000DBCAF90800]
16:57:17     INFO - PROCESS | 3200 | ++DOMWINDOW == 88 (000000DBCAFAD800) [pid = 3200] [serial = 151] [outer = 000000DBCAF90800]
16:57:17     INFO - PROCESS | 3200 | ++DOMWINDOW == 89 (000000DBCAF9C000) [pid = 3200] [serial = 152] [outer = 000000DBB57B5000]
16:57:17     INFO - .
16:57:17     INFO - TEST-OK | /2dcontext/compositing/2d.composite.image.xor.html | took 734ms
16:57:17     INFO - PROCESS | 3200 | --DOMWINDOW == 88 (000000DBC2522000) [pid = 3200] [serial = 110] [outer = 0000000000000000] [url = http://web-platform.test:8000/2dcontext/compositing/2d.composite.globalAlpha.imagepattern.html]
16:57:17     INFO - PROCESS | 3200 | --DOMWINDOW == 87 (000000DBC953F000) [pid = 3200] [serial = 86] [outer = 0000000000000000] [url = http://web-platform.test:8000/2dcontext/compositing/2d.composite.clip.source-out.html]
16:57:17     INFO - PROCESS | 3200 | --DOMWINDOW == 86 (000000DBC4518800) [pid = 3200] [serial = 89] [outer = 0000000000000000] [url = http://web-platform.test:8000/2dcontext/compositing/2d.composite.clip.source-over.html]
16:57:17     INFO - PROCESS | 3200 | --DOMWINDOW == 85 (000000DBBCF13800) [pid = 3200] [serial = 104] [outer = 0000000000000000] [url = http://web-platform.test:8000/2dcontext/compositing/2d.composite.globalAlpha.fill.html]
16:57:17     INFO - PROCESS | 3200 | --DOMWINDOW == 84 (000000DBB7693800) [pid = 3200] [serial = 98] [outer = 0000000000000000] [url = http://web-platform.test:8000/2dcontext/compositing/2d.composite.globalAlpha.canvaspattern.html]
16:57:17     INFO - PROCESS | 3200 | --DOMWINDOW == 83 (000000DBBBFA5000) [pid = 3200] [serial = 80] [outer = 0000000000000000] [url = http://web-platform.test:8000/2dcontext/compositing/2d.composite.clip.source-atop.html]
16:57:17     INFO - PROCESS | 3200 | --DOMWINDOW == 82 (000000DBC97C6800) [pid = 3200] [serial = 92] [outer = 0000000000000000] [url = http://web-platform.test:8000/2dcontext/compositing/2d.composite.clip.xor.html]
16:57:17     INFO - PROCESS | 3200 | --DOMWINDOW == 81 (000000DBB8CB8800) [pid = 3200] [serial = 101] [outer = 0000000000000000] [url = http://web-platform.test:8000/2dcontext/compositing/2d.composite.globalAlpha.default.html]
16:57:17     INFO - PROCESS | 3200 | --DOMWINDOW == 80 (000000DBC0860000) [pid = 3200] [serial = 107] [outer = 0000000000000000] [url = http://web-platform.test:8000/2dcontext/compositing/2d.composite.globalAlpha.image.html]
16:57:17     INFO - PROCESS | 3200 | --DOMWINDOW == 79 (000000DBC50D5000) [pid = 3200] [serial = 83] [outer = 0000000000000000] [url = http://web-platform.test:8000/2dcontext/compositing/2d.composite.clip.source-in.html]
16:57:17     INFO - PROCESS | 3200 | --DOMWINDOW == 78 (000000DBC4DB1800) [pid = 3200] [serial = 119] [outer = 0000000000000000] [url = http://web-platform.test:8000/2dcontext/compositing/2d.composite.image.copy.html]
16:57:17     INFO - PROCESS | 3200 | --DOMWINDOW == 77 (000000DBC4110800) [pid = 3200] [serial = 113] [outer = 0000000000000000] [url = http://web-platform.test:8000/2dcontext/compositing/2d.composite.globalAlpha.invalid.html]
16:57:17     INFO - PROCESS | 3200 | --DOMWINDOW == 76 (000000DBC4680800) [pid = 3200] [serial = 116] [outer = 0000000000000000] [url = http://web-platform.test:8000/2dcontext/compositing/2d.composite.globalAlpha.range.html]
16:57:17     INFO - TEST-START | /2dcontext/compositing/2d.composite.operation.casesensitive.html
16:57:17     INFO - PROCESS | 3200 | ++DOCSHELL 000000DBC2522000 == 41 [pid = 3200] [id = 52]
16:57:17     INFO - PROCESS | 3200 | ++DOMWINDOW == 77 (000000DBC3A09000) [pid = 3200] [serial = 153] [outer = 0000000000000000]
16:57:17     INFO - PROCESS | 3200 | ++DOMWINDOW == 78 (000000DBC50D5000) [pid = 3200] [serial = 154] [outer = 000000DBC3A09000]
16:57:17     INFO - PROCESS | 3200 | ++DOMWINDOW == 79 (000000DBCB60E000) [pid = 3200] [serial = 155] [outer = 000000DBC3A09000]
16:57:18     INFO - .
16:57:18     INFO - TEST-OK | /2dcontext/compositing/2d.composite.operation.casesensitive.html | took 565ms
16:57:18     INFO - TEST-START | /2dcontext/compositing/2d.composite.operation.clear.html
16:57:18     INFO - PROCESS | 3200 | ++DOCSHELL 000000DBB7684800 == 42 [pid = 3200] [id = 53]
16:57:18     INFO - PROCESS | 3200 | ++DOMWINDOW == 80 (000000DBBBFAD800) [pid = 3200] [serial = 156] [outer = 0000000000000000]
16:57:18     INFO - PROCESS | 3200 | ++DOMWINDOW == 81 (000000DBCB60C000) [pid = 3200] [serial = 157] [outer = 000000DBBBFAD800]
16:57:18     INFO - PROCESS | 3200 | ++DOMWINDOW == 82 (000000DBCB61F000) [pid = 3200] [serial = 158] [outer = 000000DBBBFAD800]
16:57:18     INFO - .
16:57:18     INFO - TEST-OK | /2dcontext/compositing/2d.composite.operation.clear.html | took 587ms
16:57:18     INFO - TEST-START | /2dcontext/compositing/2d.composite.operation.darker.html
16:57:18     INFO - PROCESS | 3200 | ++DOCSHELL 000000DBCBC77000 == 43 [pid = 3200] [id = 54]
16:57:18     INFO - PROCESS | 3200 | ++DOMWINDOW == 83 (000000DBCBC77800) [pid = 3200] [serial = 159] [outer = 0000000000000000]
16:57:18     INFO - PROCESS | 3200 | ++DOMWINDOW == 84 (000000DBBD004800) [pid = 3200] [serial = 160] [outer = 000000DBCBC77800]
16:57:19     INFO - PROCESS | 3200 | ++DOMWINDOW == 85 (000000DBBD012000) [pid = 3200] [serial = 161] [outer = 000000DBCBC77800]
16:57:19     INFO - .
16:57:19     INFO - TEST-OK | /2dcontext/compositing/2d.composite.operation.darker.html | took 587ms
16:57:19     INFO - TEST-START | /2dcontext/compositing/2d.composite.operation.default.html
16:57:19     INFO - PROCESS | 3200 | ++DOCSHELL 000000DBBD01F000 == 44 [pid = 3200] [id = 55]
16:57:19     INFO - PROCESS | 3200 | ++DOMWINDOW == 86 (000000DBBD01F800) [pid = 3200] [serial = 162] [outer = 0000000000000000]
16:57:19     INFO - PROCESS | 3200 | ++DOMWINDOW == 87 (000000DBCB61A800) [pid = 3200] [serial = 163] [outer = 000000DBBD01F800]
16:57:19     INFO - PROCESS | 3200 | ++DOMWINDOW == 88 (000000DBCAB55000) [pid = 3200] [serial = 164] [outer = 000000DBBD01F800]
16:57:20     INFO - .
16:57:20     INFO - TEST-OK | /2dcontext/compositing/2d.composite.operation.default.html | took 775ms
16:57:20     INFO - TEST-START | /2dcontext/compositing/2d.composite.operation.get.html
16:57:20     INFO - PROCESS | 3200 | ++DOCSHELL 000000DBBCCC3800 == 45 [pid = 3200] [id = 56]
16:57:20     INFO - PROCESS | 3200 | ++DOMWINDOW == 89 (000000DBBCD47800) [pid = 3200] [serial = 165] [outer = 0000000000000000]
16:57:20     INFO - PROCESS | 3200 | ++DOMWINDOW == 90 (000000DBBCD64800) [pid = 3200] [serial = 166] [outer = 000000DBBCD47800]
16:57:20     INFO - PROCESS | 3200 | ++DOMWINDOW == 91 (000000DBC0872000) [pid = 3200] [serial = 167] [outer = 000000DBBCD47800]
16:57:21     INFO - .
16:57:21     INFO - TEST-OK | /2dcontext/compositing/2d.composite.operation.get.html | took 922ms
16:57:21     INFO - TEST-START | /2dcontext/compositing/2d.composite.operation.highlight.html
16:57:21     INFO - PROCESS | 3200 | ++DOCSHELL 000000DBC44A0000 == 46 [pid = 3200] [id = 57]
16:57:21     INFO - PROCESS | 3200 | ++DOMWINDOW == 92 (000000DBC4508000) [pid = 3200] [serial = 168] [outer = 0000000000000000]
16:57:21     INFO - PROCESS | 3200 | ++DOMWINDOW == 93 (000000DBC97BF800) [pid = 3200] [serial = 169] [outer = 000000DBC4508000]
16:57:21     INFO - PROCESS | 3200 | ++DOMWINDOW == 94 (000000DBCAB58800) [pid = 3200] [serial = 170] [outer = 000000DBC4508000]
16:57:21     INFO - .
16:57:21     INFO - TEST-OK | /2dcontext/compositing/2d.composite.operation.highlight.html | took 818ms
16:57:21     INFO - TEST-START | /2dcontext/compositing/2d.composite.operation.nullsuffix.html
16:57:22     INFO - PROCESS | 3200 | ++DOCSHELL 000000DBCAFA6000 == 47 [pid = 3200] [id = 58]
16:57:22     INFO - PROCESS | 3200 | ++DOMWINDOW == 95 (000000DBCB606000) [pid = 3200] [serial = 171] [outer = 0000000000000000]
16:57:22     INFO - PROCESS | 3200 | ++DOMWINDOW == 96 (000000DBCBC6C000) [pid = 3200] [serial = 172] [outer = 000000DBCB606000]
16:57:22     INFO - PROCESS | 3200 | ++DOMWINDOW == 97 (000000DBBD04D800) [pid = 3200] [serial = 173] [outer = 000000DBCB606000]
16:57:22     INFO - .
16:57:22     INFO - TEST-OK | /2dcontext/compositing/2d.composite.operation.nullsuffix.html | took 776ms
16:57:22     INFO - TEST-START | /2dcontext/compositing/2d.composite.operation.over.html
16:57:23     INFO - PROCESS | 3200 | ++DOCSHELL 000000DBBD05E000 == 48 [pid = 3200] [id = 59]
16:57:23     INFO - PROCESS | 3200 | ++DOMWINDOW == 98 (000000DBBD060000) [pid = 3200] [serial = 174] [outer = 0000000000000000]
16:57:23     INFO - PROCESS | 3200 | ++DOMWINDOW == 99 (000000DBCBCD3000) [pid = 3200] [serial = 175] [outer = 000000DBBD060000]
16:57:23     INFO - PROCESS | 3200 | ++DOMWINDOW == 100 (000000DBCBCE2000) [pid = 3200] [serial = 176] [outer = 000000DBBD060000]
16:57:23     INFO - .
16:57:23     INFO - TEST-OK | /2dcontext/compositing/2d.composite.operation.over.html | took 837ms
16:57:23     INFO - TEST-START | /2dcontext/compositing/2d.composite.operation.unrecognised.html
16:57:23     INFO - PROCESS | 3200 | ++DOCSHELL 000000DBB8CB8000 == 49 [pid = 3200] [id = 60]
16:57:23     INFO - PROCESS | 3200 | ++DOMWINDOW == 101 (000000DBBBF0F000) [pid = 3200] [serial = 177] [outer = 0000000000000000]
16:57:24     INFO - PROCESS | 3200 | ++DOMWINDOW == 102 (000000DBBCBB7000) [pid = 3200] [serial = 178] [outer = 000000DBBBF0F000]
16:57:24     INFO - PROCESS | 3200 | ++DOMWINDOW == 103 (000000DBBD052000) [pid = 3200] [serial = 179] [outer = 000000DBBBF0F000]
16:57:24     INFO - .
16:57:24     INFO - TEST-OK | /2dcontext/compositing/2d.composite.operation.unrecognised.html | took 986ms
16:57:24     INFO - TEST-START | /2dcontext/compositing/2d.composite.solid.copy.html
16:57:24     INFO - PROCESS | 3200 | ++DOCSHELL 000000DBBCBCA000 == 50 [pid = 3200] [id = 61]
16:57:24     INFO - PROCESS | 3200 | ++DOMWINDOW == 104 (000000DBBCC04800) [pid = 3200] [serial = 180] [outer = 0000000000000000]
16:57:24     INFO - PROCESS | 3200 | ++DOMWINDOW == 105 (000000DBBCD4E000) [pid = 3200] [serial = 181] [outer = 000000DBBCC04800]
16:57:24     INFO - PROCESS | 3200 | ++DOMWINDOW == 106 (000000DBBD9BA000) [pid = 3200] [serial = 182] [outer = 000000DBBCC04800]
16:57:25     INFO - PROCESS | 3200 | --DOCSHELL 000000DBC97C6000 == 49 [pid = 3200] [id = 32]
16:57:25     INFO - PROCESS | 3200 | --DOCSHELL 000000DBB7690800 == 48 [pid = 3200] [id = 33]
16:57:25     INFO - PROCESS | 3200 | --DOCSHELL 000000DBC4517000 == 47 [pid = 3200] [id = 31]
16:57:25     INFO - PROCESS | 3200 | --DOCSHELL 000000DBCBC77000 == 46 [pid = 3200] [id = 54]
16:57:25     INFO - PROCESS | 3200 | --DOCSHELL 000000DBB7684800 == 45 [pid = 3200] [id = 53]
16:57:25     INFO - PROCESS | 3200 | --DOCSHELL 000000DBC2522000 == 44 [pid = 3200] [id = 52]
16:57:25     INFO - PROCESS | 3200 | --DOCSHELL 000000DBC97DD000 == 43 [pid = 3200] [id = 51]
16:57:25     INFO - PROCESS | 3200 | --DOCSHELL 000000DBC7387000 == 42 [pid = 3200] [id = 50]
16:57:25     INFO - PROCESS | 3200 | --DOCSHELL 000000DBC4512000 == 41 [pid = 3200] [id = 49]
16:57:25     INFO - PROCESS | 3200 | --DOCSHELL 000000DBC1F07800 == 40 [pid = 3200] [id = 48]
16:57:25     INFO - PROCESS | 3200 | --DOCSHELL 000000DBBCCDC800 == 39 [pid = 3200] [id = 47]
16:57:25     INFO - PROCESS | 3200 | --DOCSHELL 000000DBB7F63000 == 38 [pid = 3200] [id = 46]
16:57:25     INFO - PROCESS | 3200 | --DOCSHELL 000000DBC8042000 == 37 [pid = 3200] [id = 42]
16:57:25     INFO - PROCESS | 3200 | --DOCSHELL 000000DBB7688800 == 36 [pid = 3200] [id = 43]
16:57:25     INFO - PROCESS | 3200 | --DOCSHELL 000000DBBCCDD800 == 35 [pid = 3200] [id = 44]
16:57:25     INFO - PROCESS | 3200 | --DOCSHELL 000000DBC9532000 == 34 [pid = 3200] [id = 45]
16:57:25     INFO - PROCESS | 3200 | --DOCSHELL 000000DBB8CB8000 == 33 [pid = 3200] [id = 60]
16:57:25     INFO - PROCESS | 3200 | --DOCSHELL 000000DBCAFA6000 == 32 [pid = 3200] [id = 58]
16:57:25     INFO - PROCESS | 3200 | --DOCSHELL 000000DBBD05E000 == 31 [pid = 3200] [id = 59]
16:57:25     INFO - PROCESS | 3200 | --DOCSHELL 000000DBBD01F000 == 30 [pid = 3200] [id = 55]
16:57:25     INFO - PROCESS | 3200 | --DOCSHELL 000000DBBCCC3800 == 29 [pid = 3200] [id = 56]
16:57:25     INFO - PROCESS | 3200 | --DOCSHELL 000000DBC44A0000 == 28 [pid = 3200] [id = 57]
16:57:25     INFO - PROCESS | 3200 | --DOMWINDOW == 105 (000000DBBD9B4000) [pid = 3200] [serial = 82] [outer = 0000000000000000] [url = about:blank]
16:57:25     INFO - PROCESS | 3200 | --DOMWINDOW == 104 (000000DBBC76A800) [pid = 3200] [serial = 81] [outer = 0000000000000000] [url = about:blank]
16:57:25     INFO - PROCESS | 3200 | --DOMWINDOW == 103 (000000DBC8158800) [pid = 3200] [serial = 85] [outer = 0000000000000000] [url = about:blank]
16:57:25     INFO - PROCESS | 3200 | --DOMWINDOW == 102 (000000DBC7369000) [pid = 3200] [serial = 84] [outer = 0000000000000000] [url = about:blank]
16:57:25     INFO - PROCESS | 3200 | --DOMWINDOW == 101 (000000DBCAFAA800) [pid = 3200] [serial = 88] [outer = 0000000000000000] [url = about:blank]
16:57:25     INFO - PROCESS | 3200 | --DOMWINDOW == 100 (000000DBC9549800) [pid = 3200] [serial = 87] [outer = 0000000000000000] [url = about:blank]
16:57:25     INFO - PROCESS | 3200 | --DOMWINDOW == 99 (000000DBC8162800) [pid = 3200] [serial = 91] [outer = 0000000000000000] [url = about:blank]
16:57:25     INFO - PROCESS | 3200 | --DOMWINDOW == 98 (000000DBC451C800) [pid = 3200] [serial = 90] [outer = 0000000000000000] [url = about:blank]
16:57:25     INFO - PROCESS | 3200 | --DOMWINDOW == 97 (000000DBC97DB800) [pid = 3200] [serial = 94] [outer = 0000000000000000] [url = about:blank]
16:57:25     INFO - PROCESS | 3200 | --DOMWINDOW == 96 (000000DBC97CC800) [pid = 3200] [serial = 93] [outer = 0000000000000000] [url = about:blank]
16:57:25     INFO - PROCESS | 3200 | --DOMWINDOW == 95 (000000DBB7F64000) [pid = 3200] [serial = 100] [outer = 0000000000000000] [url = about:blank]
16:57:25     INFO - PROCESS | 3200 | --DOMWINDOW == 94 (000000DBB7992000) [pid = 3200] [serial = 99] [outer = 0000000000000000] [url = about:blank]
16:57:25     INFO - PROCESS | 3200 | --DOMWINDOW == 93 (000000DBBC9A4800) [pid = 3200] [serial = 103] [outer = 0000000000000000] [url = about:blank]
16:57:25     INFO - PROCESS | 3200 | --DOMWINDOW == 92 (000000DBBBF04800) [pid = 3200] [serial = 102] [outer = 0000000000000000] [url = about:blank]
16:57:25     INFO - PROCESS | 3200 | --DOMWINDOW == 91 (000000DBBD9C7000) [pid = 3200] [serial = 106] [outer = 0000000000000000] [url = about:blank]
16:57:25     INFO - PROCESS | 3200 | --DOMWINDOW == 90 (000000DBBCF21000) [pid = 3200] [serial = 105] [outer = 0000000000000000] [url = about:blank]
16:57:25     INFO - PROCESS | 3200 | --DOMWINDOW == 89 (000000DBC1C2B800) [pid = 3200] [serial = 109] [outer = 0000000000000000] [url = about:blank]
16:57:25     INFO - PROCESS | 3200 | --DOMWINDOW == 88 (000000DBC0864800) [pid = 3200] [serial = 108] [outer = 0000000000000000] [url = about:blank]
16:57:25     INFO - PROCESS | 3200 | --DOMWINDOW == 87 (000000DBC3E0C800) [pid = 3200] [serial = 112] [outer = 0000000000000000] [url = about:blank]
16:57:25     INFO - PROCESS | 3200 | --DOMWINDOW == 86 (000000DBC3016800) [pid = 3200] [serial = 111] [outer = 0000000000000000] [url = about:blank]
16:57:25     INFO - PROCESS | 3200 | --DOMWINDOW == 85 (000000DBC450C800) [pid = 3200] [serial = 115] [outer = 0000000000000000] [url = about:blank]
16:57:25     INFO - PROCESS | 3200 | --DOMWINDOW == 84 (000000DBC4225000) [pid = 3200] [serial = 114] [outer = 0000000000000000] [url = about:blank]
16:57:25     INFO - PROCESS | 3200 | --DOMWINDOW == 83 (000000DBC4DA5000) [pid = 3200] [serial = 118] [outer = 0000000000000000] [url = about:blank]
16:57:25     INFO - PROCESS | 3200 | --DOMWINDOW == 82 (000000DBC4691000) [pid = 3200] [serial = 117] [outer = 0000000000000000] [url = about:blank]
16:57:25     INFO - PROCESS | 3200 | --DOMWINDOW == 81 (000000DBC6FD9800) [pid = 3200] [serial = 121] [outer = 0000000000000000] [url = about:blank]
16:57:25     INFO - PROCESS | 3200 | --DOMWINDOW == 80 (000000DBC50E7000) [pid = 3200] [serial = 120] [outer = 0000000000000000] [url = about:blank]
16:57:25     INFO - PROCESS | 3200 | --DOMWINDOW == 79 (000000DBB7981800) [pid = 3200] [serial = 96] [outer = 0000000000000000] [url = about:blank]
16:57:25     INFO - PROCESS | 3200 | --DOMWINDOW == 78 (000000DBC804A000) [pid = 3200] [serial = 123] [outer = 0000000000000000] [url = about:blank]
16:57:26     INFO - .
16:57:26     INFO - TEST-OK | /2dcontext/compositing/2d.composite.solid.copy.html | took 1526ms
16:57:26     INFO - TEST-START | /2dcontext/compositing/2d.composite.solid.destination-atop.html
16:57:26     INFO - PROCESS | 3200 | ++DOCSHELL 000000DBB797B000 == 29 [pid = 3200] [id = 62]
16:57:26     INFO - PROCESS | 3200 | ++DOMWINDOW == 79 (000000DBB797D800) [pid = 3200] [serial = 183] [outer = 0000000000000000]
16:57:26     INFO - PROCESS | 3200 | ++DOMWINDOW == 80 (000000DBB7F68000) [pid = 3200] [serial = 184] [outer = 000000DBB797D800]
16:57:26     INFO - PROCESS | 3200 | ++DOMWINDOW == 81 (000000DBB7F72800) [pid = 3200] [serial = 185] [outer = 000000DBB797D800]
16:57:26     INFO - .
16:57:26     INFO - TEST-OK | /2dcontext/compositing/2d.composite.solid.destination-atop.html | took 672ms
16:57:26     INFO - TEST-START | /2dcontext/compositing/2d.composite.solid.destination-in.html
16:57:27     INFO - PROCESS | 3200 | ++DOCSHELL 000000DBB84B8800 == 30 [pid = 3200] [id = 63]
16:57:27     INFO - PROCESS | 3200 | ++DOMWINDOW == 82 (000000DBB84BA000) [pid = 3200] [serial = 186] [outer = 0000000000000000]
16:57:27     INFO - PROCESS | 3200 | ++DOMWINDOW == 83 (000000DBBBF1F800) [pid = 3200] [serial = 187] [outer = 000000DBB84BA000]
16:57:27     INFO - PROCESS | 3200 | ++DOMWINDOW == 84 (000000DBBCBAF800) [pid = 3200] [serial = 188] [outer = 000000DBB84BA000]
16:57:27     INFO - .
16:57:27     INFO - TEST-OK | /2dcontext/compositing/2d.composite.solid.destination-in.html | took 629ms
16:57:27     INFO - TEST-START | /2dcontext/compositing/2d.composite.solid.destination-out.html
16:57:27     INFO - PROCESS | 3200 | ++DOCSHELL 000000DBBD01E000 == 31 [pid = 3200] [id = 64]
16:57:27     INFO - PROCESS | 3200 | ++DOMWINDOW == 85 (000000DBBD01E800) [pid = 3200] [serial = 189] [outer = 0000000000000000]
16:57:27     INFO - PROCESS | 3200 | ++DOMWINDOW == 86 (000000DBBD044800) [pid = 3200] [serial = 190] [outer = 000000DBBD01E800]
16:57:27     INFO - PROCESS | 3200 | ++DOMWINDOW == 87 (000000DBBD192800) [pid = 3200] [serial = 191] [outer = 000000DBBD01E800]
16:57:28     INFO - .
16:57:28     INFO - TEST-OK | /2dcontext/compositing/2d.composite.solid.destination-out.html | took 627ms
16:57:28     INFO - TEST-START | /2dcontext/compositing/2d.composite.solid.destination-over.html
16:57:28     INFO - PROCESS | 3200 | ++DOCSHELL 000000DBC0864000 == 32 [pid = 3200] [id = 65]
16:57:28     INFO - PROCESS | 3200 | ++DOMWINDOW == 88 (000000DBC0864800) [pid = 3200] [serial = 192] [outer = 0000000000000000]
16:57:28     INFO - PROCESS | 3200 | ++DOMWINDOW == 89 (000000DBC1109800) [pid = 3200] [serial = 193] [outer = 000000DBC0864800]
16:57:28     INFO - PROCESS | 3200 | ++DOMWINDOW == 90 (000000DBC1C37800) [pid = 3200] [serial = 194] [outer = 000000DBC0864800]
16:57:28     INFO - .
16:57:28     INFO - TEST-OK | /2dcontext/compositing/2d.composite.solid.destination-over.html | took 735ms
16:57:28     INFO - TEST-START | /2dcontext/compositing/2d.composite.solid.lighter.html
16:57:29     INFO - PROCESS | 3200 | ++DOCSHELL 000000DBC30EE000 == 33 [pid = 3200] [id = 66]
16:57:29     INFO - PROCESS | 3200 | ++DOMWINDOW == 91 (000000DBC30F0000) [pid = 3200] [serial = 195] [outer = 0000000000000000]
16:57:29     INFO - PROCESS | 3200 | ++DOMWINDOW == 92 (000000DBC3ADD000) [pid = 3200] [serial = 196] [outer = 000000DBC30F0000]
16:57:29     INFO - PROCESS | 3200 | ++DOMWINDOW == 93 (000000DBC410F800) [pid = 3200] [serial = 197] [outer = 000000DBC30F0000]
16:57:29     INFO - .
16:57:29     INFO - TEST-OK | /2dcontext/compositing/2d.composite.solid.lighter.html | took 837ms
16:57:29     INFO - TEST-START | /2dcontext/compositing/2d.composite.solid.source-atop.html
16:57:29     INFO - PROCESS | 3200 | ++DOCSHELL 000000DBC44B1800 == 34 [pid = 3200] [id = 67]
16:57:29     INFO - PROCESS | 3200 | ++DOMWINDOW == 94 (000000DBC44B3000) [pid = 3200] [serial = 198] [outer = 0000000000000000]
16:57:29     INFO - PROCESS | 3200 | ++DOMWINDOW == 95 (000000DBC450C000) [pid = 3200] [serial = 199] [outer = 000000DBC44B3000]
16:57:30     INFO - PROCESS | 3200 | ++DOMWINDOW == 96 (000000DBC468F800) [pid = 3200] [serial = 200] [outer = 000000DBC44B3000]
16:57:30     INFO - PROCESS | 3200 | --DOMWINDOW == 95 (000000DBCBC77800) [pid = 3200] [serial = 159] [outer = 0000000000000000] [url = http://web-platform.test:8000/2dcontext/compositing/2d.composite.operation.darker.html]
16:57:30     INFO - PROCESS | 3200 | --DOMWINDOW == 94 (000000DBC8041800) [pid = 3200] [serial = 146] [outer = 0000000000000000] [url = http://web-platform.test:8000/2dcontext/compositing/2d.composite.image.source-over.html]
16:57:30     INFO - PROCESS | 3200 | --DOMWINDOW == 93 (000000DBBBFAD800) [pid = 3200] [serial = 156] [outer = 0000000000000000] [url = http://web-platform.test:8000/2dcontext/compositing/2d.composite.operation.clear.html]
16:57:30     INFO - PROCESS | 3200 | --DOMWINDOW == 92 (000000DBCAF90800) [pid = 3200] [serial = 149] [outer = 0000000000000000] [url = http://web-platform.test:8000/2dcontext/compositing/2d.composite.image.xor.html]
16:57:30     INFO - PROCESS | 3200 | --DOMWINDOW == 91 (000000DBC3A09000) [pid = 3200] [serial = 153] [outer = 0000000000000000] [url = http://web-platform.test:8000/2dcontext/compositing/2d.composite.operation.casesensitive.html]
16:57:30     INFO - PROCESS | 3200 | --DOMWINDOW == 90 (000000DBC9532800) [pid = 3200] [serial = 131] [outer = 0000000000000000] [url = http://web-platform.test:8000/2dcontext/compositing/2d.composite.image.destination-over.html]
16:57:30     INFO - PROCESS | 3200 | --DOMWINDOW == 89 (000000DBBCCDD000) [pid = 3200] [serial = 137] [outer = 0000000000000000] [url = http://web-platform.test:8000/2dcontext/compositing/2d.composite.image.source-atop.html]
16:57:30     INFO - PROCESS | 3200 | --DOMWINDOW == 88 (000000DBC1F0D800) [pid = 3200] [serial = 140] [outer = 0000000000000000] [url = http://web-platform.test:8000/2dcontext/compositing/2d.composite.image.source-in.html]
16:57:30     INFO - PROCESS | 3200 | --DOMWINDOW == 87 (000000DBB7F65800) [pid = 3200] [serial = 134] [outer = 0000000000000000] [url = http://web-platform.test:8000/2dcontext/compositing/2d.composite.image.lighter.html]
16:57:30     INFO - PROCESS | 3200 | --DOMWINDOW == 86 (000000DBB7ACB800) [pid = 3200] [serial = 125] [outer = 0000000000000000] [url = http://web-platform.test:8000/2dcontext/compositing/2d.composite.image.destination-in.html]
16:57:30     INFO - PROCESS | 3200 | --DOMWINDOW == 85 (000000DBC8042800) [pid = 3200] [serial = 122] [outer = 0000000000000000] [url = http://web-platform.test:8000/2dcontext/compositing/2d.composite.image.destination-atop.html]
16:57:30     INFO - PROCESS | 3200 | --DOMWINDOW == 84 (000000DBBCD47000) [pid = 3200] [serial = 128] [outer = 0000000000000000] [url = http://web-platform.test:8000/2dcontext/compositing/2d.composite.image.destination-out.html]
16:57:30     INFO - PROCESS | 3200 | --DOMWINDOW == 83 (000000DBC4512800) [pid = 3200] [serial = 143] [outer = 0000000000000000] [url = http://web-platform.test:8000/2dcontext/compositing/2d.composite.image.source-out.html]
16:57:30     INFO - PROCESS | 3200 | --DOMWINDOW == 82 (000000DBB7694800) [pid = 3200] [serial = 95] [outer = 0000000000000000] [url = http://web-platform.test:8000/2dcontext/compositing/2d.composite.globalAlpha.canvas.html]
16:57:30     INFO - PROCESS | 3200 | --DOMWINDOW == 81 (000000DBBD01F800) [pid = 3200] [serial = 162] [outer = 0000000000000000] [url = http://web-platform.test:8000/2dcontext/compositing/2d.composite.operation.default.html]
16:57:30     INFO - .
16:57:30     INFO - TEST-OK | /2dcontext/compositing/2d.composite.solid.source-atop.html | took 1020ms
16:57:30     INFO - TEST-START | /2dcontext/compositing/2d.composite.solid.source-in.html
16:57:30     INFO - PROCESS | 3200 | ++DOCSHELL 000000DBBD190800 == 35 [pid = 3200] [id = 68]
16:57:30     INFO - PROCESS | 3200 | ++DOMWINDOW == 82 (000000DBC1C35000) [pid = 3200] [serial = 201] [outer = 0000000000000000]
16:57:30     INFO - PROCESS | 3200 | ++DOMWINDOW == 83 (000000DBC451F000) [pid = 3200] [serial = 202] [outer = 000000DBC1C35000]
16:57:31     INFO - PROCESS | 3200 | ++DOMWINDOW == 84 (000000DBC4DB0000) [pid = 3200] [serial = 203] [outer = 000000DBC1C35000]
16:57:31     INFO - .
16:57:31     INFO - TEST-OK | /2dcontext/compositing/2d.composite.solid.source-in.html | took 586ms
16:57:31     INFO - TEST-START | /2dcontext/compositing/2d.composite.solid.source-out.html
16:57:31     INFO - PROCESS | 3200 | ++DOCSHELL 000000DBC5057800 == 36 [pid = 3200] [id = 69]
16:57:31     INFO - PROCESS | 3200 | ++DOMWINDOW == 85 (000000DBC5613800) [pid = 3200] [serial = 204] [outer = 0000000000000000]
16:57:31     INFO - PROCESS | 3200 | ++DOMWINDOW == 86 (000000DBC56CE800) [pid = 3200] [serial = 205] [outer = 000000DBC5613800]
16:57:31     INFO - PROCESS | 3200 | ++DOMWINDOW == 87 (000000DBC7347000) [pid = 3200] [serial = 206] [outer = 000000DBC5613800]
16:57:31     INFO - .
16:57:31     INFO - TEST-OK | /2dcontext/compositing/2d.composite.solid.source-out.html | took 586ms
16:57:31     INFO - TEST-START | /2dcontext/compositing/2d.composite.solid.source-over.html
16:57:32     INFO - PROCESS | 3200 | ++DOCSHELL 000000DBBD01D800 == 37 [pid = 3200] [id = 70]
16:57:32     INFO - PROCESS | 3200 | ++DOMWINDOW == 88 (000000DBC7369800) [pid = 3200] [serial = 207] [outer = 0000000000000000]
16:57:32     INFO - PROCESS | 3200 | ++DOMWINDOW == 89 (000000DBC8044800) [pid = 3200] [serial = 208] [outer = 000000DBC7369800]
16:57:32     INFO - PROCESS | 3200 | ++DOMWINDOW == 90 (000000DBC9539800) [pid = 3200] [serial = 209] [outer = 000000DBC7369800]
16:57:32     INFO - .
16:57:32     INFO - TEST-OK | /2dcontext/compositing/2d.composite.solid.source-over.html | took 586ms
16:57:32     INFO - TEST-START | /2dcontext/compositing/2d.composite.solid.xor.html
16:57:32     INFO - PROCESS | 3200 | ++DOCSHELL 000000DBB7B65800 == 38 [pid = 3200] [id = 71]
16:57:32     INFO - PROCESS | 3200 | ++DOMWINDOW == 91 (000000DBB7B76800) [pid = 3200] [serial = 210] [outer = 0000000000000000]
16:57:32     INFO - PROCESS | 3200 | ++DOMWINDOW == 92 (000000DBB7F65800) [pid = 3200] [serial = 211] [outer = 000000DBB7B76800]
16:57:33     INFO - PROCESS | 3200 | ++DOMWINDOW == 93 (000000DBBCBC9800) [pid = 3200] [serial = 212] [outer = 000000DBB7B76800]
16:57:33     INFO - .
16:57:33     INFO - TEST-OK | /2dcontext/compositing/2d.composite.solid.xor.html | took 1134ms
16:57:33     INFO - TEST-START | /2dcontext/compositing/2d.composite.transparent.copy.html
16:57:34     INFO - PROCESS | 3200 | ++DOCSHELL 000000DBC30ED000 == 39 [pid = 3200] [id = 72]
16:57:34     INFO - PROCESS | 3200 | ++DOMWINDOW == 94 (000000DBC4519800) [pid = 3200] [serial = 213] [outer = 0000000000000000]
16:57:34     INFO - PROCESS | 3200 | ++DOMWINDOW == 95 (000000DBC5621800) [pid = 3200] [serial = 214] [outer = 000000DBC4519800]
16:57:34     INFO - PROCESS | 3200 | ++DOMWINDOW == 96 (000000DBC97CF800) [pid = 3200] [serial = 215] [outer = 000000DBC4519800]
16:57:34     INFO - .
16:57:34     INFO - TEST-OK | /2dcontext/compositing/2d.composite.transparent.copy.html | took 1122ms
16:57:34     INFO - TEST-START | /2dcontext/compositing/2d.composite.transparent.destination-atop.html
16:57:35     INFO - PROCESS | 3200 | ++DOCSHELL 000000DBCAF92800 == 40 [pid = 3200] [id = 73]
16:57:35     INFO - PROCESS | 3200 | ++DOMWINDOW == 97 (000000DBCAF93000) [pid = 3200] [serial = 216] [outer = 0000000000000000]
16:57:35     INFO - PROCESS | 3200 | ++DOMWINDOW == 98 (000000DBCAFA2000) [pid = 3200] [serial = 217] [outer = 000000DBCAF93000]
16:57:35     INFO - PROCESS | 3200 | ++DOMWINDOW == 99 (000000DBCB60F800) [pid = 3200] [serial = 218] [outer = 000000DBCAF93000]
16:57:35     INFO - .
16:57:35     INFO - TEST-OK | /2dcontext/compositing/2d.composite.transparent.destination-atop.html | took 923ms
16:57:35     INFO - TEST-START | /2dcontext/compositing/2d.composite.transparent.destination-in.html
16:57:36     INFO - PROCESS | 3200 | ++DOCSHELL 000000DBB7992800 == 41 [pid = 3200] [id = 74]
16:57:36     INFO - PROCESS | 3200 | ++DOMWINDOW == 100 (000000DBB7993000) [pid = 3200] [serial = 219] [outer = 0000000000000000]
16:57:36     INFO - PROCESS | 3200 | ++DOMWINDOW == 101 (000000DBB7AE0000) [pid = 3200] [serial = 220] [outer = 000000DBB7993000]
16:57:36     INFO - PROCESS | 3200 | ++DOMWINDOW == 102 (000000DBBC256800) [pid = 3200] [serial = 221] [outer = 000000DBB7993000]
16:57:36     INFO - PROCESS | 3200 | --DOCSHELL 000000DBC5057800 == 40 [pid = 3200] [id = 69]
16:57:36     INFO - PROCESS | 3200 | --DOCSHELL 000000DBBD190800 == 39 [pid = 3200] [id = 68]
16:57:36     INFO - PROCESS | 3200 | --DOCSHELL 000000DBC44B1800 == 38 [pid = 3200] [id = 67]
16:57:36     INFO - PROCESS | 3200 | --DOCSHELL 000000DBC30EE000 == 37 [pid = 3200] [id = 66]
16:57:36     INFO - PROCESS | 3200 | --DOCSHELL 000000DBC0864000 == 36 [pid = 3200] [id = 65]
16:57:36     INFO - PROCESS | 3200 | --DOCSHELL 000000DBBD01E000 == 35 [pid = 3200] [id = 64]
16:57:36     INFO - PROCESS | 3200 | --DOCSHELL 000000DBB84B8800 == 34 [pid = 3200] [id = 63]
16:57:36     INFO - PROCESS | 3200 | --DOCSHELL 000000DBB797B000 == 33 [pid = 3200] [id = 62]
16:57:36     INFO - PROCESS | 3200 | --DOMWINDOW == 101 (000000DBBD012000) [pid = 3200] [serial = 161] [outer = 0000000000000000] [url = about:blank]
16:57:36     INFO - PROCESS | 3200 | --DOMWINDOW == 100 (000000DBBD004800) [pid = 3200] [serial = 160] [outer = 0000000000000000] [url = about:blank]
16:57:36     INFO - PROCESS | 3200 | --DOMWINDOW == 99 (000000DBCAB55000) [pid = 3200] [serial = 164] [outer = 0000000000000000] [url = about:blank]
16:57:36     INFO - PROCESS | 3200 | --DOMWINDOW == 98 (000000DBCB61A800) [pid = 3200] [serial = 163] [outer = 0000000000000000] [url = about:blank]
16:57:36     INFO - PROCESS | 3200 | --DOMWINDOW == 97 (000000DBB7F58800) [pid = 3200] [serial = 97] [outer = 0000000000000000] [url = about:blank]
16:57:36     INFO - PROCESS | 3200 | --DOMWINDOW == 96 (000000DBCB60C000) [pid = 3200] [serial = 157] [outer = 0000000000000000] [url = about:blank]
16:57:36     INFO - PROCESS | 3200 | --DOMWINDOW == 95 (000000DBCB61F000) [pid = 3200] [serial = 158] [outer = 0000000000000000] [url = about:blank]
16:57:36     INFO - PROCESS | 3200 | --DOMWINDOW == 94 (000000DBC50D5000) [pid = 3200] [serial = 154] [outer = 0000000000000000] [url = about:blank]
16:57:36     INFO - PROCESS | 3200 | --DOMWINDOW == 93 (000000DBCB60E000) [pid = 3200] [serial = 155] [outer = 0000000000000000] [url = about:blank]
16:57:36     INFO - PROCESS | 3200 | --DOMWINDOW == 92 (000000DBCAF9B800) [pid = 3200] [serial = 150] [outer = 0000000000000000] [url = about:blank]
16:57:36     INFO - PROCESS | 3200 | --DOMWINDOW == 91 (000000DBCAFAD800) [pid = 3200] [serial = 151] [outer = 0000000000000000] [url = about:blank]
16:57:36     INFO - PROCESS | 3200 | --DOMWINDOW == 90 (000000DBC8165000) [pid = 3200] [serial = 147] [outer = 0000000000000000] [url = about:blank]
16:57:36     INFO - PROCESS | 3200 | --DOMWINDOW == 89 (000000DBC954C000) [pid = 3200] [serial = 148] [outer = 0000000000000000] [url = about:blank]
16:57:36     INFO - PROCESS | 3200 | --DOMWINDOW == 88 (000000DBC451D800) [pid = 3200] [serial = 144] [outer = 0000000000000000] [url = about:blank]
16:57:36     INFO - PROCESS | 3200 | --DOMWINDOW == 87 (000000DBC5059000) [pid = 3200] [serial = 145] [outer = 0000000000000000] [url = about:blank]
16:57:36     INFO - PROCESS | 3200 | --DOMWINDOW == 86 (000000DBC2529800) [pid = 3200] [serial = 141] [outer = 0000000000000000] [url = about:blank]
16:57:36     INFO - PROCESS | 3200 | --DOMWINDOW == 85 (000000DBC3FD4000) [pid = 3200] [serial = 142] [outer = 0000000000000000] [url = about:blank]
16:57:36     INFO - PROCESS | 3200 | --DOMWINDOW == 84 (000000DBBCF12800) [pid = 3200] [serial = 138] [outer = 0000000000000000] [url = about:blank]
16:57:36     INFO - PROCESS | 3200 | --DOMWINDOW == 83 (000000DBBE46A000) [pid = 3200] [serial = 139] [outer = 0000000000000000] [url = about:blank]
16:57:36     INFO - PROCESS | 3200 | --DOMWINDOW == 82 (000000DBB841D800) [pid = 3200] [serial = 135] [outer = 0000000000000000] [url = about:blank]
16:57:36     INFO - PROCESS | 3200 | --DOMWINDOW == 81 (000000DBBC4D4800) [pid = 3200] [serial = 136] [outer = 0000000000000000] [url = about:blank]
16:57:36     INFO - PROCESS | 3200 | --DOMWINDOW == 80 (000000DBC9539000) [pid = 3200] [serial = 132] [outer = 0000000000000000] [url = about:blank]
16:57:36     INFO - PROCESS | 3200 | --DOMWINDOW == 79 (000000DBC97CE000) [pid = 3200] [serial = 133] [outer = 0000000000000000] [url = about:blank]
16:57:36     INFO - PROCESS | 3200 | --DOMWINDOW == 78 (000000DBBD9C1800) [pid = 3200] [serial = 129] [outer = 0000000000000000] [url = about:blank]
16:57:36     INFO - PROCESS | 3200 | --DOMWINDOW == 77 (000000DBC410E000) [pid = 3200] [serial = 130] [outer = 0000000000000000] [url = about:blank]
16:57:36     INFO - PROCESS | 3200 | --DOMWINDOW == 76 (000000DBB7AE0800) [pid = 3200] [serial = 126] [outer = 0000000000000000] [url = about:blank]
16:57:36     INFO - PROCESS | 3200 | --DOMWINDOW == 75 (000000DBBCBB8000) [pid = 3200] [serial = 127] [outer = 0000000000000000] [url = about:blank]
16:57:36     INFO - PROCESS | 3200 | --DOMWINDOW == 74 (000000DBC8166000) [pid = 3200] [serial = 124] [outer = 0000000000000000] [url = about:blank]
16:57:36     INFO - PROCESS | 3200 | --DOMWINDOW == 73 (000000DBB7B79000) [pid = 3200] [serial = 34] [outer = 0000000000000000] [url = about:neterror?e=dnsNotFound&u=https%3A//%25%28server%29s/selfsupport-dummy/&c=UTF-8&f=regular&d=Firefox%20can%E2%80%99t%20find%20the%20server%20at%20%25%28server%29s.]
16:57:36     INFO - .
16:57:36     INFO - TEST-OK | /2dcontext/compositing/2d.composite.transparent.destination-in.html | took 1081ms
16:57:36     INFO - TEST-START | /2dcontext/compositing/2d.composite.transparent.destination-out.html
16:57:37     INFO - PROCESS | 3200 | ++DOCSHELL 000000DBB7F5B000 == 34 [pid = 3200] [id = 75]
16:57:37     INFO - PROCESS | 3200 | ++DOMWINDOW == 74 (000000DBB7F5E000) [pid = 3200] [serial = 222] [outer = 0000000000000000]
16:57:37     INFO - PROCESS | 3200 | ++DOMWINDOW == 75 (000000DBB84B0000) [pid = 3200] [serial = 223] [outer = 000000DBB7F5E000]
16:57:37     INFO - PROCESS | 3200 | ++DOMWINDOW == 76 (000000DBBBFA5000) [pid = 3200] [serial = 224] [outer = 000000DBB7F5E000]
16:57:37     INFO - .
16:57:37     INFO - TEST-OK | /2dcontext/compositing/2d.composite.transparent.destination-out.html | took 628ms
16:57:37     INFO - TEST-START | /2dcontext/compositing/2d.composite.transparent.destination-over.html
16:57:37     INFO - PROCESS | 3200 | ++DOCSHELL 000000DBBCF17800 == 35 [pid = 3200] [id = 76]
16:57:37     INFO - PROCESS | 3200 | ++DOMWINDOW == 77 (000000DBBCF1C000) [pid = 3200] [serial = 225] [outer = 0000000000000000]
16:57:37     INFO - PROCESS | 3200 | ++DOMWINDOW == 78 (000000DBBD010000) [pid = 3200] [serial = 226] [outer = 000000DBBCF1C000]
16:57:37     INFO - PROCESS | 3200 | ++DOMWINDOW == 79 (000000DBBD183000) [pid = 3200] [serial = 227] [outer = 000000DBBCF1C000]
16:57:38     INFO - .
16:57:38     INFO - TEST-OK | /2dcontext/compositing/2d.composite.transparent.destination-over.html | took 672ms
16:57:38     INFO - TEST-START | /2dcontext/compositing/2d.composite.transparent.lighter.html
16:57:38     INFO - PROCESS | 3200 | ++DOCSHELL 000000DBBE470800 == 36 [pid = 3200] [id = 77]
16:57:38     INFO - PROCESS | 3200 | ++DOMWINDOW == 80 (000000DBBE471000) [pid = 3200] [serial = 228] [outer = 0000000000000000]
16:57:38     INFO - PROCESS | 3200 | ++DOMWINDOW == 81 (000000DBC085B000) [pid = 3200] [serial = 229] [outer = 000000DBBE471000]
16:57:38     INFO - PROCESS | 3200 | ++DOMWINDOW == 82 (000000DBC2529800) [pid = 3200] [serial = 230] [outer = 000000DBBE471000]
16:57:38     INFO - .
16:57:38     INFO - TEST-OK | /2dcontext/compositing/2d.composite.transparent.lighter.html | took 628ms
16:57:38     INFO - TEST-START | /2dcontext/compositing/2d.composite.transparent.source-atop.html
16:57:39     INFO - PROCESS | 3200 | ++DOCSHELL 000000DBC3A06000 == 37 [pid = 3200] [id = 78]
16:57:39     INFO - PROCESS | 3200 | ++DOMWINDOW == 83 (000000DBC3A07000) [pid = 3200] [serial = 231] [outer = 0000000000000000]
16:57:39     INFO - PROCESS | 3200 | ++DOMWINDOW == 84 (000000DBC3E1B000) [pid = 3200] [serial = 232] [outer = 000000DBC3A07000]
16:57:39     INFO - PROCESS | 3200 | ++DOMWINDOW == 85 (000000DBC4220800) [pid = 3200] [serial = 233] [outer = 000000DBC3A07000]
16:57:39     INFO - .
16:57:39     INFO - TEST-OK | /2dcontext/compositing/2d.composite.transparent.source-atop.html | took 671ms
16:57:39     INFO - TEST-START | /2dcontext/compositing/2d.composite.transparent.source-in.html
16:57:39     INFO - PROCESS | 3200 | ++DOCSHELL 000000DBC44B7000 == 38 [pid = 3200] [id = 79]
16:57:39     INFO - PROCESS | 3200 | ++DOMWINDOW == 86 (000000DBC44B8000) [pid = 3200] [serial = 234] [outer = 0000000000000000]
16:57:39     INFO - PROCESS | 3200 | ++DOMWINDOW == 87 (000000DBC4512000) [pid = 3200] [serial = 235] [outer = 000000DBC44B8000]
16:57:39     INFO - PROCESS | 3200 | ++DOMWINDOW == 88 (000000DBC4DAA800) [pid = 3200] [serial = 236] [outer = 000000DBC44B8000]
16:57:40     INFO - .
16:57:40     INFO - TEST-OK | /2dcontext/compositing/2d.composite.transparent.source-in.html | took 670ms
16:57:40     INFO - TEST-START | /2dcontext/compositing/2d.composite.transparent.source-out.html
16:57:40     INFO - PROCESS | 3200 | ++DOCSHELL 000000DBC6FDA800 == 39 [pid = 3200] [id = 80]
16:57:40     INFO - PROCESS | 3200 | ++DOMWINDOW == 89 (000000DBC6FDB800) [pid = 3200] [serial = 237] [outer = 0000000000000000]
16:57:40     INFO - PROCESS | 3200 | ++DOMWINDOW == 90 (000000DBC7386800) [pid = 3200] [serial = 238] [outer = 000000DBC6FDB800]
16:57:40     INFO - PROCESS | 3200 | ++DOMWINDOW == 91 (000000DBC9531000) [pid = 3200] [serial = 239] [outer = 000000DBC6FDB800]
16:57:40     INFO - PROCESS | 3200 | --DOMWINDOW == 90 (000000DBC0864800) [pid = 3200] [serial = 192] [outer = 0000000000000000] [url = http://web-platform.test:8000/2dcontext/compositing/2d.composite.solid.destination-over.html]
16:57:40     INFO - PROCESS | 3200 | --DOMWINDOW == 89 (000000DBC44B3000) [pid = 3200] [serial = 198] [outer = 0000000000000000] [url = http://web-platform.test:8000/2dcontext/compositing/2d.composite.solid.source-atop.html]
16:57:40     INFO - PROCESS | 3200 | --DOMWINDOW == 88 (000000DBB84BA000) [pid = 3200] [serial = 186] [outer = 0000000000000000] [url = http://web-platform.test:8000/2dcontext/compositing/2d.composite.solid.destination-in.html]
16:57:40     INFO - PROCESS | 3200 | --DOMWINDOW == 87 (000000DBB797D800) [pid = 3200] [serial = 183] [outer = 0000000000000000] [url = http://web-platform.test:8000/2dcontext/compositing/2d.composite.solid.destination-atop.html]
16:57:40     INFO - PROCESS | 3200 | --DOMWINDOW == 86 (000000DBC1C35000) [pid = 3200] [serial = 201] [outer = 0000000000000000] [url = http://web-platform.test:8000/2dcontext/compositing/2d.composite.solid.source-in.html]
16:57:41     INFO - PROCESS | 3200 | --DOMWINDOW == 85 (000000DBBCD47800) [pid = 3200] [serial = 165] [outer = 0000000000000000] [url = http://web-platform.test:8000/2dcontext/compositing/2d.composite.operation.get.html]
16:57:41     INFO - PROCESS | 3200 | --DOMWINDOW == 84 (000000DBC4508000) [pid = 3200] [serial = 168] [outer = 0000000000000000] [url = http://web-platform.test:8000/2dcontext/compositing/2d.composite.operation.highlight.html]
16:57:41     INFO - PROCESS | 3200 | --DOMWINDOW == 83 (000000DBCB606000) [pid = 3200] [serial = 171] [outer = 0000000000000000] [url = http://web-platform.test:8000/2dcontext/compositing/2d.composite.operation.nullsuffix.html]
16:57:41     INFO - PROCESS | 3200 | --DOMWINDOW == 82 (000000DBBD060000) [pid = 3200] [serial = 174] [outer = 0000000000000000] [url = http://web-platform.test:8000/2dcontext/compositing/2d.composite.operation.over.html]
16:57:41     INFO - PROCESS | 3200 | --DOMWINDOW == 81 (000000DBBBF0F000) [pid = 3200] [serial = 177] [outer = 0000000000000000] [url = http://web-platform.test:8000/2dcontext/compositing/2d.composite.operation.unrecognised.html]
16:57:41     INFO - PROCESS | 3200 | --DOMWINDOW == 80 (000000DBC30F0000) [pid = 3200] [serial = 195] [outer = 0000000000000000] [url = http://web-platform.test:8000/2dcontext/compositing/2d.composite.solid.lighter.html]
16:57:41     INFO - PROCESS | 3200 | --DOMWINDOW == 79 (000000DBC5613800) [pid = 3200] [serial = 204] [outer = 0000000000000000] [url = http://web-platform.test:8000/2dcontext/compositing/2d.composite.solid.source-out.html]
16:57:41     INFO - PROCESS | 3200 | --DOMWINDOW == 78 (000000DBBD01E800) [pid = 3200] [serial = 189] [outer = 0000000000000000] [url = http://web-platform.test:8000/2dcontext/compositing/2d.composite.solid.destination-out.html]
16:57:41     INFO - .
16:57:41     INFO - TEST-OK | /2dcontext/compositing/2d.composite.transparent.source-out.html | took 879ms
16:57:41     INFO - TEST-START | /2dcontext/compositing/2d.composite.transparent.source-over.html
16:57:41     INFO - PROCESS | 3200 | ++DOCSHELL 000000DBB670C800 == 40 [pid = 3200] [id = 81]
16:57:41     INFO - PROCESS | 3200 | ++DOMWINDOW == 79 (000000DBC5613800) [pid = 3200] [serial = 240] [outer = 0000000000000000]
16:57:41     INFO - PROCESS | 3200 | ++DOMWINDOW == 80 (000000DBC97D3800) [pid = 3200] [serial = 241] [outer = 000000DBC5613800]
16:57:41     INFO - PROCESS | 3200 | ++DOMWINDOW == 81 (000000DBCAB58000) [pid = 3200] [serial = 242] [outer = 000000DBC5613800]
16:57:41     INFO - .
16:57:41     INFO - TEST-OK | /2dcontext/compositing/2d.composite.transparent.source-over.html | took 587ms
16:57:41     INFO - TEST-START | /2dcontext/compositing/2d.composite.transparent.xor.html
16:57:41     INFO - PROCESS | 3200 | ++DOCSHELL 000000DBCAB60000 == 41 [pid = 3200] [id = 82]
16:57:41     INFO - PROCESS | 3200 | ++DOMWINDOW == 82 (000000DBCAB60800) [pid = 3200] [serial = 243] [outer = 0000000000000000]
16:57:41     INFO - PROCESS | 3200 | ++DOMWINDOW == 83 (000000DBCAB6A800) [pid = 3200] [serial = 244] [outer = 000000DBCAB60800]
16:57:41     INFO - PROCESS | 3200 | ++DOMWINDOW == 84 (000000DBCAFAB800) [pid = 3200] [serial = 245] [outer = 000000DBCAB60800]
16:57:42     INFO - .
16:57:42     INFO - TEST-OK | /2dcontext/compositing/2d.composite.transparent.xor.html | took 587ms
16:57:42     INFO - TEST-START | /2dcontext/compositing/2d.composite.uncovered.fill.copy.html
16:57:42     INFO - PROCESS | 3200 | ++DOCSHELL 000000DBCAFB0000 == 42 [pid = 3200] [id = 83]
16:57:42     INFO - PROCESS | 3200 | ++DOMWINDOW == 85 (000000DBCB603800) [pid = 3200] [serial = 246] [outer = 0000000000000000]
16:57:42     INFO - PROCESS | 3200 | ++DOMWINDOW == 86 (000000DBCB615000) [pid = 3200] [serial = 247] [outer = 000000DBCB603800]
16:57:42     INFO - PROCESS | 3200 | ++DOMWINDOW == 87 (000000DBCBC67800) [pid = 3200] [serial = 248] [outer = 000000DBCB603800]
16:57:42     INFO - .
16:57:42     INFO - TEST-OK | /2dcontext/compositing/2d.composite.uncovered.fill.copy.html | took 566ms
16:57:42     INFO - TEST-START | /2dcontext/compositing/2d.composite.uncovered.fill.destination-atop.html
16:57:42     INFO - PROCESS | 3200 | ++DOCSHELL 000000DBCB61F000 == 43 [pid = 3200] [id = 84]
16:57:42     INFO - PROCESS | 3200 | ++DOMWINDOW == 88 (000000DBCBCDC000) [pid = 3200] [serial = 249] [outer = 0000000000000000]
16:57:43     INFO - PROCESS | 3200 | ++DOMWINDOW == 89 (000000DBCBCE0000) [pid = 3200] [serial = 250] [outer = 000000DBCBCDC000]
16:57:43     INFO - PROCESS | 3200 | ++DOMWINDOW == 90 (000000DBCAC38000) [pid = 3200] [serial = 251] [outer = 000000DBCBCDC000]
16:57:43     INFO - .
16:57:43     INFO - TEST-OK | /2dcontext/compositing/2d.composite.uncovered.fill.destination-atop.html | took 775ms
16:57:43     INFO - TEST-START | /2dcontext/compositing/2d.composite.uncovered.fill.destination-in.html
16:57:43     INFO - PROCESS | 3200 | ++DOCSHELL 000000DBBBF22800 == 44 [pid = 3200] [id = 85]
16:57:43     INFO - PROCESS | 3200 | ++DOMWINDOW == 91 (000000DBBC4D4800) [pid = 3200] [serial = 252] [outer = 0000000000000000]
16:57:43     INFO - PROCESS | 3200 | ++DOMWINDOW == 92 (000000DBBCBBE000) [pid = 3200] [serial = 253] [outer = 000000DBBC4D4800]
16:57:44     INFO - PROCESS | 3200 | ++DOMWINDOW == 93 (000000DBBD9C1800) [pid = 3200] [serial = 254] [outer = 000000DBBC4D4800]
16:57:44     INFO - .
16:57:44     INFO - TEST-OK | /2dcontext/compositing/2d.composite.uncovered.fill.destination-in.html | took 881ms
16:57:44     INFO - TEST-START | /2dcontext/compositing/2d.composite.uncovered.fill.source-in.html
16:57:44     INFO - PROCESS | 3200 | ++DOCSHELL 000000DBC4DB6000 == 45 [pid = 3200] [id = 86]
16:57:44     INFO - PROCESS | 3200 | ++DOMWINDOW == 94 (000000DBC6FE1000) [pid = 3200] [serial = 255] [outer = 0000000000000000]
16:57:44     INFO - PROCESS | 3200 | ++DOMWINDOW == 95 (000000DBC952F800) [pid = 3200] [serial = 256] [outer = 000000DBC6FE1000]
16:57:45     INFO - PROCESS | 3200 | ++DOMWINDOW == 96 (000000DBCAC41000) [pid = 3200] [serial = 257] [outer = 000000DBC6FE1000]
16:57:45     INFO - .
16:57:45     INFO - TEST-OK | /2dcontext/compositing/2d.composite.uncovered.fill.source-in.html | took 880ms
16:57:45     INFO - TEST-START | /2dcontext/compositing/2d.composite.uncovered.fill.source-out.html

command interrupted, attempting to kill
16:57:45     INFO - PROCESS | 3200 | ++DOCSHELL 000000DBCAC53800 == 46 [pid = 3200] [id = 87]
16:57:45     INFO - PROCESS | 3200 | ++DOMWINDOW == 97 (000000DBCAF9E000) [pid = 3200] [serial = 258] [outer = 0000000000000000]
16:57:45     INFO - PROCESS | 3200 | ++DOMWINDOW == 98 (000000DBCBC6F000) [pid = 3200] [serial = 259] [outer = 000000DBCAF9E000]
16:57:45     INFO - PROCESS | 3200 | ++DOMWINDOW == 99 (000000DBCBCF0000) [pid = 3200] [serial = 260] [outer = 000000DBCAF9E000]
program finished with exit code 1
elapsedTime=318.490000
The web-page 'stop build' button was pressed by 'rvandermeulen@mozilla.com': Cancelled via self-serve
========= master_lag: -0.07 =========
========= Finished 'c:/mozilla-build/python27/python -u ...' interrupted (results: 4, elapsed: 5 mins, 18 secs) (at 2018-06-08 16:57:46.159693) =========

========= Started set props: build_url symbols_url (results: 0, elapsed: 0 secs) (at 2018-06-08 16:57:46.160718) =========
'cmd' '/C' 'for' '%f' 'in' '(*)' 'do' '@type' '%f'
 in dir C:\slave\test\properties (timeout 1200 secs)
 watching logfiles {}
 argv: ['cmd', '/C', 'for', '%f', 'in', '(*)', 'do', '@type', '%f']
 environment:
  ALLUSERSPROFILE=C:\ProgramData
  APPDATA=C:\Users\cltbld.T-W864-IX-045\AppData\Roaming
  COMMONPROGRAMFILES=C:\Program Files (x86)\Common Files
  COMMONPROGRAMFILES(X86)=C:\Program Files (x86)\Common Files
  COMMONPROGRAMW6432=C:\Program Files\Common Files
  COMPUTERNAME=T-W864-IX-045
  COMSPEC=C:\windows\system32\cmd.exe
  DCLOCATION=SCL3
  DNSSUFFIX=wintest.releng.scl3.mozilla.com
  FP_NO_HOST_CHECK=NO
  HOMEDRIVE=C:
  HOMEPATH=\Users\cltbld.T-W864-IX-045
  KTS_HOME=C:\Program Files\KTS
  KTS_VERSION=1.19c
  LOCALAPPDATA=C:\Users\cltbld.T-W864-IX-045\AppData\Local
  LOGONSERVER=\\T-W864-IX-045
  MONDIR=C:\Monitor_config\
  MOZBUILDDIR=C:\mozilla-build\
  NUMBER_OF_PROCESSORS=8
  OS=Windows_NT
  OURDRIVE=C:
  PATH=C:\Program Files (x86)\NVIDIA Corporation\PhysX\Common;C:\windows\system32;C:\windows;C:\windows\System32\Wbem;C:\windows\System32\WindowsPowerShell\v1.0\;C:\mozilla-build\python27;C:\mozilla-build\python27\Scripts;C:\mozilla-build\msys\bin;C:\mozilla-build\vim\vim72;C:\mozilla-build\wget;C:\mozilla-build\info-zip;C:\CoreUtils\bin;C:\mozilla-build\buildbotve\scripts;C:\mozilla-build\hg;
  PATHEXT=.COM;.EXE;.BAT;.CMD;.VBS;.VBE;.JS;.JSE;.WSF;.WSH;.MSC
  PROCESSOR_ARCHITECTURE=x86
  PROCESSOR_ARCHITEW6432=AMD64
  PROCESSOR_IDENTIFIER=Intel64 Family 6 Model 30 Stepping 5, GenuineIntel
  PROCESSOR_LEVEL=6
  PROCESSOR_REVISION=1e05
  PROGRAMDATA=C:\ProgramData
  PROGRAMFILES=C:\Program Files (x86)
  PROGRAMFILES(X86)=C:\Program Files (x86)
  PROGRAMW6432=C:\Program Files
  PROMPT=$P$G
  PSMODULEPATH=C:\windows\system32\WindowsPowerShell\v1.0\Modules\
  PUBLIC=C:\Users\Public
  PWD=C:\slave\test\properties
  RUNLOGFILE=C:\slave\\runslave.log
  SLAVEDIR=C:\slave\
  SYSTEMDRIVE=C:
  SYSTEMROOT=C:\windows
  TEMP=C:\Users\CLTBLD~1.T-W\AppData\Local\Temp
  TEST1=testie
  TMP=C:\Users\CLTBLD~1.T-W\AppData\Local\Temp
  USERDOMAIN=T-W864-IX-045
  USERDOMAIN_ROAMINGPROFILE=T-W864-IX-045
  USERNAME=cltbld
  USERPROFILE=C:\Users\cltbld.T-W864-IX-045
  WINDIR=C:\windows
 using PTY: False
build_url:https://queue.taskcluster.net/v1/task/GYm6uScDR968YNKAqw8dYQ/artifacts/public/build/firefox-52.8.2.en-US.win64.zip
symbols_url:https://queue.taskcluster.net/v1/task/GYm6uScDR968YNKAqw8dYQ/artifacts/public/build/firefox-52.8.2.en-US.win64.crashreporter-symbols.zip
program finished with exit code 0
elapsedTime=0.101000
build_url: 'https://queue.taskcluster.net/v1/task/GYm6uScDR968YNKAqw8dYQ/artifacts/public/build/firefox-52.8.2.en-US.win64.zip'
symbols_url: 'https://queue.taskcluster.net/v1/task/GYm6uScDR968YNKAqw8dYQ/artifacts/public/build/firefox-52.8.2.en-US.win64.crashreporter-symbols.zip'
========= master_lag: 0.01 =========
========= Finished set props: build_url symbols_url (results: 0, elapsed: 0 secs) (at 2018-06-08 16:57:46.275584) =========

========= Started 'rm -f ...' (results: 0, elapsed: 0 secs) (at 2018-06-08 16:57:46.275968) =========
'rm' '-f' 'oauth.txt'
 in dir C:\slave\test\. (timeout 1200 secs)
 watching logfiles {}
 argv: ['rm', '-f', 'oauth.txt']
 environment:
  ALLUSERSPROFILE=C:\ProgramData
  APPDATA=C:\Users\cltbld.T-W864-IX-045\AppData\Roaming
  COMMONPROGRAMFILES=C:\Program Files (x86)\Common Files
  COMMONPROGRAMFILES(X86)=C:\Program Files (x86)\Common Files
  COMMONPROGRAMW6432=C:\Program Files\Common Files
  COMPUTERNAME=T-W864-IX-045
  COMSPEC=C:\windows\system32\cmd.exe
  DCLOCATION=SCL3
  DNSSUFFIX=wintest.releng.scl3.mozilla.com
  FP_NO_HOST_CHECK=NO
  HOMEDRIVE=C:
  HOMEPATH=\Users\cltbld.T-W864-IX-045
  KTS_HOME=C:\Program Files\KTS
  KTS_VERSION=1.19c
  LOCALAPPDATA=C:\Users\cltbld.T-W864-IX-045\AppData\Local
  LOGONSERVER=\\T-W864-IX-045
  MONDIR=C:\Monitor_config\
  MOZBUILDDIR=C:\mozilla-build\
  NUMBER_OF_PROCESSORS=8
  OS=Windows_NT
  OURDRIVE=C:
  PATH=C:\Program Files (x86)\NVIDIA Corporation\PhysX\Common;C:\windows\system32;C:\windows;C:\windows\System32\Wbem;C:\windows\System32\WindowsPowerShell\v1.0\;C:\mozilla-build\python27;C:\mozilla-build\python27\Scripts;C:\mozilla-build\msys\bin;C:\mozilla-build\vim\vim72;C:\mozilla-build\wget;C:\mozilla-build\info-zip;C:\CoreUtils\bin;C:\mozilla-build\buildbotve\scripts;C:\mozilla-build\hg;
  PATHEXT=.COM;.EXE;.BAT;.CMD;.VBS;.VBE;.JS;.JSE;.WSF;.WSH;.MSC
  PROCESSOR_ARCHITECTURE=x86
  PROCESSOR_ARCHITEW6432=AMD64
  PROCESSOR_IDENTIFIER=Intel64 Family 6 Model 30 Stepping 5, GenuineIntel
  PROCESSOR_LEVEL=6
  PROCESSOR_REVISION=1e05
  PROGRAMDATA=C:\ProgramData
  PROGRAMFILES=C:\Program Files (x86)
  PROGRAMFILES(X86)=C:\Program Files (x86)
  PROGRAMW6432=C:\Program Files
  PROMPT=$P$G
  PSMODULEPATH=C:\windows\system32\WindowsPowerShell\v1.0\Modules\
  PUBLIC=C:\Users\Public
  PWD=C:\slave\test
  RUNLOGFILE=C:\slave\\runslave.log
  SLAVEDIR=C:\slave\
  SYSTEMDRIVE=C:
  SYSTEMROOT=C:\windows
  TEMP=C:\Users\CLTBLD~1.T-W\AppData\Local\Temp
  TEST1=testie
  TMP=C:\Users\CLTBLD~1.T-W\AppData\Local\Temp
  USERDOMAIN=T-W864-IX-045
  USERDOMAIN_ROAMINGPROFILE=T-W864-IX-045
  USERNAME=cltbld
  USERPROFILE=C:\Users\cltbld.T-W864-IX-045
  WINDIR=C:\windows
 using PTY: False
program finished with exit code 0
elapsedTime=0.101000
========= master_lag: 0.01 =========
========= Finished 'rm -f ...' (results: 0, elapsed: 0 secs) (at 2018-06-08 16:57:46.386799) =========

========= Started reboot slave lost (results: 0, elapsed: 0 secs) (at 2018-06-08 16:57:46.387166) =========

========= Finished reboot slave lost (results: 0, elapsed: 0 secs) (at 2018-06-08 16:57:46.660216) =========

========= Total master_lag: 0.43 =========

