builder: mozilla-esr52_win8_64-debug_test-web-platform-tests-e10s-10
slave: t-w864-ix-042
starttime: 1528502084.08
results: cancelled (6)
buildid: 20180608150819
builduid: b298b373e93d4f8dbf92436c9ed838a2
revision: cbfdf01aac455e0591471201c96b89dee98190b5

========= Started set props: master (results: 0, elapsed: 0 secs) (at 2018-06-08 16:54:44.083341) =========
master: http://buildbot-master110.bb.releng.scl3.mozilla.com:8201/
========= Finished set props: master (results: 0, elapsed: 0 secs) (at 2018-06-08 16:54:44.083856) =========

========= Started downloading to buildprops.json (results: 0, elapsed: 0 secs) (at 2018-06-08 16:54:44.084157) =========
========= Finished downloading to buildprops.json (results: 0, elapsed: 0 secs) (at 2018-06-08 16:54:44.153582) =========

========= Started 'bash -c ...' (results: 0, elapsed: 2 secs) (at 2018-06-08 16:54:44.153979) =========
'bash' '-c' 'wget -Oarchiver_client.py --no-check-certificate --tries=10 --waitretry=3 https://hg.mozilla.org/build/tools/raw-file/default/buildfarm/utils/archiver_client.py'
 in dir C:\slave\test\. (timeout 1200 secs)
 watching logfiles {}
 argv: ['bash', '-c', 'wget -Oarchiver_client.py --no-check-certificate --tries=10 --waitretry=3 https://hg.mozilla.org/build/tools/raw-file/default/buildfarm/utils/archiver_client.py']
 environment:
  ALLUSERSPROFILE=C:\ProgramData
  APPDATA=C:\Users\cltbld.T-W864-IX-042.001\AppData\Roaming
  COMMONPROGRAMFILES=C:\Program Files (x86)\Common Files
  COMMONPROGRAMFILES(X86)=C:\Program Files (x86)\Common Files
  COMMONPROGRAMW6432=C:\Program Files\Common Files
  COMPUTERNAME=T-W864-IX-042
  COMSPEC=C:\windows\system32\cmd.exe
  DCLOCATION=SCL3
  DNSSUFFIX=wintest.releng.scl3.mozilla.com
  FP_NO_HOST_CHECK=NO
  HOMEDRIVE=C:
  HOMEPATH=\Users\cltbld.T-W864-IX-042.001
  KTS_HOME=C:\Program Files\KTS
  KTS_VERSION=1.19c
  LOCALAPPDATA=C:\Users\cltbld.T-W864-IX-042.001\AppData\Local
  LOGONSERVER=\\T-W864-IX-042
  MONDIR=C:\Monitor_config\
  MOZBUILDDIR=C:\mozilla-build\
  NUMBER_OF_PROCESSORS=8
  OS=Windows_NT
  OURDRIVE=C:
  PATH=C:\Program Files (x86)\NVIDIA Corporation\PhysX\Common;C:\windows\system32;C:\windows;C:\windows\System32\Wbem;C:\windows\System32\WindowsPowerShell\v1.0\;C:\mozilla-build\python27;C:\mozilla-build\python27\Scripts;C:\mozilla-build\msys\bin;C:\mozilla-build\vim\vim72;C:\mozilla-build\wget;C:\mozilla-build\info-zip;C:\CoreUtils\bin;C:\mozilla-build\buildbotve\scripts;C:\mozilla-build\hg
  PATHEXT=.COM;.EXE;.BAT;.CMD;.VBS;.VBE;.JS;.JSE;.WSF;.WSH;.MSC
  PROCESSOR_ARCHITECTURE=x86
  PROCESSOR_ARCHITEW6432=AMD64
  PROCESSOR_IDENTIFIER=Intel64 Family 6 Model 30 Stepping 5, GenuineIntel
  PROCESSOR_LEVEL=6
  PROCESSOR_REVISION=1e05
  PROGRAMDATA=C:\ProgramData
  PROGRAMFILES=C:\Program Files (x86)
  PROGRAMFILES(X86)=C:\Program Files (x86)
  PROGRAMW6432=C:\Program Files
  PROMPT=$P$G
  PSMODULEPATH=C:\windows\system32\WindowsPowerShell\v1.0\Modules\
  PUBLIC=C:\Users\Public
  PWD=C:\slave\test
  RUNLOGFILE=C:\slave\\runslave.log
  SLAVEDIR=C:\slave\
  SYSTEMDRIVE=C:
  SYSTEMROOT=C:\windows
  TEMP=C:\Users\CLTBLD~1.001\AppData\Local\Temp
  TEST1=testie
  TMP=C:\Users\CLTBLD~1.001\AppData\Local\Temp
  USERDOMAIN=T-W864-IX-042
  USERDOMAIN_ROAMINGPROFILE=T-W864-IX-042
  USERNAME=cltbld
  USERPROFILE=C:\Users\cltbld.T-W864-IX-042.001
  WINDIR=C:\windows
 using PTY: False
--16:54:45--  https://hg.mozilla.org/build/tools/raw-file/default/buildfarm/utils/archiver_client.py
           => `archiver_client.py'
Resolving hg.mozilla.org... 63.245.215.102, 63.245.215.25
Connecting to hg.mozilla.org|63.245.215.102|:443... connected.
WARNING: Certificate verification error for hg.mozilla.org: certificate signature failure
HTTP request sent, awaiting response... 200 Script output follows
Length: 12,179 (12K) [text/x-python]

    0K .......... .                                          100%   24.22 MB/s

16:54:45 (24.22 MB/s) - `archiver_client.py' saved [12179/12179]

program finished with exit code 0
elapsedTime=2.458000
========= master_lag: 0.05 =========
========= Finished 'bash -c ...' (results: 0, elapsed: 2 secs) (at 2018-06-08 16:54:46.661731) =========

========= Started 'rm -rf ...' (results: 0, elapsed: 4 secs) (at 2018-06-08 16:54:46.662146) =========
'rm' '-rf' 'scripts' 'properties'
 in dir C:\slave\test\. (timeout 1200 secs)
 watching logfiles {}
 argv: ['rm', '-rf', 'scripts', 'properties']
 environment:
  ALLUSERSPROFILE=C:\ProgramData
  APPDATA=C:\Users\cltbld.T-W864-IX-042.001\AppData\Roaming
  COMMONPROGRAMFILES=C:\Program Files (x86)\Common Files
  COMMONPROGRAMFILES(X86)=C:\Program Files (x86)\Common Files
  COMMONPROGRAMW6432=C:\Program Files\Common Files
  COMPUTERNAME=T-W864-IX-042
  COMSPEC=C:\windows\system32\cmd.exe
  DCLOCATION=SCL3
  DNSSUFFIX=wintest.releng.scl3.mozilla.com
  FP_NO_HOST_CHECK=NO
  HOMEDRIVE=C:
  HOMEPATH=\Users\cltbld.T-W864-IX-042.001
  KTS_HOME=C:\Program Files\KTS
  KTS_VERSION=1.19c
  LOCALAPPDATA=C:\Users\cltbld.T-W864-IX-042.001\AppData\Local
  LOGONSERVER=\\T-W864-IX-042
  MONDIR=C:\Monitor_config\
  MOZBUILDDIR=C:\mozilla-build\
  NUMBER_OF_PROCESSORS=8
  OS=Windows_NT
  OURDRIVE=C:
  PATH=C:\Program Files (x86)\NVIDIA Corporation\PhysX\Common;C:\windows\system32;C:\windows;C:\windows\System32\Wbem;C:\windows\System32\WindowsPowerShell\v1.0\;C:\mozilla-build\python27;C:\mozilla-build\python27\Scripts;C:\mozilla-build\msys\bin;C:\mozilla-build\vim\vim72;C:\mozilla-build\wget;C:\mozilla-build\info-zip;C:\CoreUtils\bin;C:\mozilla-build\buildbotve\scripts;C:\mozilla-build\hg
  PATHEXT=.COM;.EXE;.BAT;.CMD;.VBS;.VBE;.JS;.JSE;.WSF;.WSH;.MSC
  PROCESSOR_ARCHITECTURE=x86
  PROCESSOR_ARCHITEW6432=AMD64
  PROCESSOR_IDENTIFIER=Intel64 Family 6 Model 30 Stepping 5, GenuineIntel
  PROCESSOR_LEVEL=6
  PROCESSOR_REVISION=1e05
  PROGRAMDATA=C:\ProgramData
  PROGRAMFILES=C:\Program Files (x86)
  PROGRAMFILES(X86)=C:\Program Files (x86)
  PROGRAMW6432=C:\Program Files
  PROMPT=$P$G
  PSMODULEPATH=C:\windows\system32\WindowsPowerShell\v1.0\Modules\
  PUBLIC=C:\Users\Public
  PWD=C:\slave\test
  RUNLOGFILE=C:\slave\\runslave.log
  SLAVEDIR=C:\slave\
  SYSTEMDRIVE=C:
  SYSTEMROOT=C:\windows
  TEMP=C:\Users\CLTBLD~1.001\AppData\Local\Temp
  TEST1=testie
  TMP=C:\Users\CLTBLD~1.001\AppData\Local\Temp
  USERDOMAIN=T-W864-IX-042
  USERDOMAIN_ROAMINGPROFILE=T-W864-IX-042
  USERNAME=cltbld
  USERPROFILE=C:\Users\cltbld.T-W864-IX-042.001
  WINDIR=C:\windows
 using PTY: False
program finished with exit code 0
elapsedTime=4.824000
========= master_lag: 0.00 =========
========= Finished 'rm -rf ...' (results: 0, elapsed: 4 secs) (at 2018-06-08 16:54:51.489992) =========

========= Started 'bash -c ...' (results: 0, elapsed: 2 secs) (at 2018-06-08 16:54:51.490856) =========
'bash' '-c' u'python archiver_client.py mozharness --repo releases/mozilla-esr52 --rev cbfdf01aac455e0591471201c96b89dee98190b5 --destination scripts --debug'
 in dir C:\slave\test\. (timeout 1200 secs)
 watching logfiles {}
 argv: ['bash', '-c', u'python archiver_client.py mozharness --repo releases/mozilla-esr52 --rev cbfdf01aac455e0591471201c96b89dee98190b5 --destination scripts --debug']
 environment:
  ALLUSERSPROFILE=C:\ProgramData
  APPDATA=C:\Users\cltbld.T-W864-IX-042.001\AppData\Roaming
  COMMONPROGRAMFILES=C:\Program Files (x86)\Common Files
  COMMONPROGRAMFILES(X86)=C:\Program Files (x86)\Common Files
  COMMONPROGRAMW6432=C:\Program Files\Common Files
  COMPUTERNAME=T-W864-IX-042
  COMSPEC=C:\windows\system32\cmd.exe
  DCLOCATION=SCL3
  DNSSUFFIX=wintest.releng.scl3.mozilla.com
  FP_NO_HOST_CHECK=NO
  HOMEDRIVE=C:
  HOMEPATH=\Users\cltbld.T-W864-IX-042.001
  KTS_HOME=C:\Program Files\KTS
  KTS_VERSION=1.19c
  LOCALAPPDATA=C:\Users\cltbld.T-W864-IX-042.001\AppData\Local
  LOGONSERVER=\\T-W864-IX-042
  MONDIR=C:\Monitor_config\
  MOZBUILDDIR=C:\mozilla-build\
  NUMBER_OF_PROCESSORS=8
  OS=Windows_NT
  OURDRIVE=C:
  PATH=C:\Program Files (x86)\NVIDIA Corporation\PhysX\Common;C:\windows\system32;C:\windows;C:\windows\System32\Wbem;C:\windows\System32\WindowsPowerShell\v1.0\;C:\mozilla-build\python27;C:\mozilla-build\python27\Scripts;C:\mozilla-build\msys\bin;C:\mozilla-build\vim\vim72;C:\mozilla-build\wget;C:\mozilla-build\info-zip;C:\CoreUtils\bin;C:\mozilla-build\buildbotve\scripts;C:\mozilla-build\hg
  PATHEXT=.COM;.EXE;.BAT;.CMD;.VBS;.VBE;.JS;.JSE;.WSF;.WSH;.MSC
  PROCESSOR_ARCHITECTURE=x86
  PROCESSOR_ARCHITEW6432=AMD64
  PROCESSOR_IDENTIFIER=Intel64 Family 6 Model 30 Stepping 5, GenuineIntel
  PROCESSOR_LEVEL=6
  PROCESSOR_REVISION=1e05
  PROGRAMDATA=C:\ProgramData
  PROGRAMFILES=C:\Program Files (x86)
  PROGRAMFILES(X86)=C:\Program Files (x86)
  PROGRAMW6432=C:\Program Files
  PROMPT=$P$G
  PSMODULEPATH=C:\windows\system32\WindowsPowerShell\v1.0\Modules\
  PUBLIC=C:\Users\Public
  PWD=C:\slave\test
  RUNLOGFILE=C:\slave\\runslave.log
  SLAVEDIR=C:\slave\
  SYSTEMDRIVE=C:
  SYSTEMROOT=C:\windows
  TEMP=C:\Users\CLTBLD~1.001\AppData\Local\Temp
  TEST1=testie
  TMP=C:\Users\CLTBLD~1.001\AppData\Local\Temp
  USERDOMAIN=T-W864-IX-042
  USERDOMAIN_ROAMINGPROFILE=T-W864-IX-042
  USERNAME=cltbld
  USERPROFILE=C:\Users\cltbld.T-W864-IX-042.001
  WINDIR=C:\windows
 using PTY: False
2018-06-08 16:54:51,306 truncating revision to first 12 chars
2018-06-08 16:54:51,306 Setting DEBUG logging.
2018-06-08 16:54:51,306 attempt 1/10
2018-06-08 16:54:51,306 Getting archive location from https://api.pub.build.mozilla.org/archiver/hgmo/releases/mozilla-esr52/cbfdf01aac45?&preferred_region=us-west-2&suffix=tar.gz&subdir=testing/mozharness
2018-06-08 16:54:51,828 unpacking tar archive at: mozilla-esr52-cbfdf01aac45/testing/mozharness/
2018-06-08 16:54:52,236 skipping symlink on windows: configs/single_locale/linux32.py
program finished with exit code 0
elapsedTime=1.837000
========= master_lag: 0.17 =========
========= Finished 'bash -c ...' (results: 0, elapsed: 2 secs) (at 2018-06-08 16:54:53.494028) =========

========= Started set props: script_repo_revision (results: 0, elapsed: 0 secs) (at 2018-06-08 16:54:53.494436) =========
script_repo_revision: cbfdf01aac455e0591471201c96b89dee98190b5
========= Finished set props: script_repo_revision (results: 0, elapsed: 0 secs) (at 2018-06-08 16:54:53.494928) =========

========= Started downloading to oauth.txt (results: 0, elapsed: 0 secs) (at 2018-06-08 16:54:53.495299) =========
========= Finished downloading to oauth.txt (results: 0, elapsed: 0 secs) (at 2018-06-08 16:54:53.504229) =========

========= Started 'c:/mozilla-build/python27/python -u ...' interrupted (results: 4, elapsed: 3 mins, 11 secs) (at 2018-06-08 16:54:53.504580) =========
'c:/mozilla-build/python27/python' '-u' 'scripts/scripts/web_platform_tests.py' '--cfg' 'web_platform_tests/prod_config_windows.py' '--test-type=testharness' '--e10s' '--total-chunks' '10' '--this-chunk' '10' '--blob-upload-branch' 'mozilla-esr52' '--download-symbols' 'true'
 in dir C:\slave\test\. (timeout 1800 secs) (maxTime 7200 secs)
 watching logfiles {}
 argv: ['c:/mozilla-build/python27/python', '-u', 'scripts/scripts/web_platform_tests.py', '--cfg', 'web_platform_tests/prod_config_windows.py', '--test-type=testharness', '--e10s', '--total-chunks', '10', '--this-chunk', '10', '--blob-upload-branch', 'mozilla-esr52', '--download-symbols', 'true']
 environment:
  ALLUSERSPROFILE=C:\ProgramData
  APPDATA=C:\Users\cltbld.T-W864-IX-042.001\AppData\Roaming
  COMMONPROGRAMFILES=C:\Program Files (x86)\Common Files
  COMMONPROGRAMFILES(X86)=C:\Program Files (x86)\Common Files
  COMMONPROGRAMW6432=C:\Program Files\Common Files
  COMPUTERNAME=T-W864-IX-042
  COMSPEC=C:\windows\system32\cmd.exe
  DCLOCATION=SCL3
  DNSSUFFIX=wintest.releng.scl3.mozilla.com
  FP_NO_HOST_CHECK=NO
  HOMEDRIVE=C:
  HOMEPATH=\Users\cltbld.T-W864-IX-042.001
  KTS_HOME=C:\Program Files\KTS
  KTS_VERSION=1.19c
  LOCALAPPDATA=C:\Users\cltbld.T-W864-IX-042.001\AppData\Local
  LOGONSERVER=\\T-W864-IX-042
  MONDIR=C:\Monitor_config\
  MOZBUILDDIR=C:\mozilla-build\
  MOZ_CRASHREPORTER_NO_REPORT=1
  MOZ_HIDE_RESULTS_TABLE=1
  MOZ_NO_REMOTE=1
  NO_EM_RESTART=1
  NO_FAIL_ON_TEST_ERRORS=1
  NUMBER_OF_PROCESSORS=8
  OS=Windows_NT
  OURDRIVE=C:
  PATH=C:\Program Files (x86)\NVIDIA Corporation\PhysX\Common;C:\windows\system32;C:\windows;C:\windows\System32\Wbem;C:\windows\System32\WindowsPowerShell\v1.0\;C:\mozilla-build\python27;C:\mozilla-build\python27\Scripts;C:\mozilla-build\msys\bin;C:\mozilla-build\vim\vim72;C:\mozilla-build\wget;C:\mozilla-build\info-zip;C:\CoreUtils\bin;C:\mozilla-build\buildbotve\scripts;C:\mozilla-build\hg
  PATHEXT=.COM;.EXE;.BAT;.CMD;.VBS;.VBE;.JS;.JSE;.WSF;.WSH;.MSC
  PROCESSOR_ARCHITECTURE=x86
  PROCESSOR_ARCHITEW6432=AMD64
  PROCESSOR_IDENTIFIER=Intel64 Family 6 Model 30 Stepping 5, GenuineIntel
  PROCESSOR_LEVEL=6
  PROCESSOR_REVISION=1e05
  PROGRAMDATA=C:\ProgramData
  PROGRAMFILES=C:\Program Files (x86)
  PROGRAMFILES(X86)=C:\Program Files (x86)
  PROGRAMW6432=C:\Program Files
  PROMPT=$P$G
  PROPERTIES_FILE=C:\slave\test/buildprops.json
  PSMODULEPATH=C:\windows\system32\WindowsPowerShell\v1.0\Modules\
  PUBLIC=C:\Users\Public
  PWD=C:\slave\test
  RUNLOGFILE=C:\slave\\runslave.log
  SLAVEDIR=C:\slave\
  SYSTEMDRIVE=C:
  SYSTEMROOT=C:\windows
  TEMP=C:\Users\CLTBLD~1.001\AppData\Local\Temp
  TEST1=testie
  TMP=C:\Users\CLTBLD~1.001\AppData\Local\Temp
  USERDOMAIN=T-W864-IX-042
  USERDOMAIN_ROAMINGPROFILE=T-W864-IX-042
  USERNAME=cltbld
  USERPROFILE=C:\Users\cltbld.T-W864-IX-042.001
  WINDIR=C:\windows
  XPCOM_DEBUG_BREAK=warn
 using PTY: False
16:54:53     INFO - MultiFileLogger online at 20180608 16:54:53 in C:\slave\test
16:54:53     INFO - Run as scripts/scripts/web_platform_tests.py --cfg web_platform_tests/prod_config_windows.py --test-type=testharness --e10s --total-chunks 10 --this-chunk 10 --blob-upload-branch mozilla-esr52 --download-symbols true
16:54:53     INFO - Dumping config to C:\slave\test\logs\localconfig.json.
16:54:53     INFO - {'allow_software_gl_layers': False,
16:54:53     INFO -  'append_to_log': False,
16:54:53     INFO -  'base_work_dir': 'C:\\slave\\test',
16:54:53     INFO -  'blob_upload_branch': 'mozilla-esr52',
16:54:53     INFO -  'blob_uploader_auth_file': 'C:\\slave\\test\\oauth.txt',
16:54:53     INFO -  'buildbot_json_path': 'buildprops.json',
16:54:53     INFO -  'config_files': ('web_platform_tests/prod_config_windows.py',),
16:54:53     INFO -  'default_blob_upload_servers': ('https://blobupload.elasticbeanstalk.com',),
16:54:53     INFO -  'download_minidump_stackwalk': True,
16:54:53     INFO -  'download_symbols': 'true',
16:54:53     INFO -  'e10s': True,
16:54:53     INFO -  'exes': {'hg': 'c:/mozilla-build/hg/hg',
16:54:53     INFO -           'mozinstall': ('C:\\slave\\test/build/venv/scripts/python',
16:54:53     INFO -                          'C:\\slave\\test/build/venv/scripts/mozinstall-script.py'),
16:54:53     INFO -           'python': 'c:\\mozilla-build\\python27\\python.exe',
16:54:53     INFO -           'tooltool.py': ('c:\\mozilla-build\\python27\\python.exe',
16:54:53     INFO -                           'C:/mozilla-build/tooltool.py'),
16:54:53     INFO -           'virtualenv': ('c:\\mozilla-build\\python27\\python.exe',
16:54:53     INFO -                          'c:/mozilla-build/buildbotve/virtualenv.py')},
16:54:53     INFO -  'find_links': ('http://pypi.pvt.build.mozilla.org/pub',
16:54:53     INFO -                 'http://pypi.pub.build.mozilla.org/pub'),
16:54:53     INFO -  'log_level': 'info',
16:54:53     INFO -  'log_to_console': True,
16:54:53     INFO -  'opt_config_files': (),
16:54:53     INFO -  'options': ('--prefs-root=%(test_path)s/prefs',
16:54:53     INFO -              '--processes=1',
16:54:53     INFO -              '--config=%(test_path)s/wptrunner.ini',
16:54:53     INFO -              '--ca-cert-path=%(test_path)s/certs/cacert.pem',
16:54:53     INFO -              '--host-key-path=%(test_path)s/certs/web-platform.test.key',
16:54:53     INFO -              '--host-cert-path=%(test_path)s/certs/web-platform.test.pem',
16:54:53     INFO -              '--certutil-binary=%(test_install_path)s/bin/certutil'),
16:54:53     INFO -  'pip_index': False,
16:54:53     INFO -  'require_test_zip': True,
16:54:53     INFO -  'test_type': ('testharness',),
16:54:53     INFO -  'this_chunk': '10',
16:54:53     INFO -  'total_chunks': '10',
16:54:53     INFO -  'virtualenv_path': 'venv',
16:54:53     INFO -  'volatile_config': {'actions': None, 'add_actions': None, 'no_actions': None},
16:54:53     INFO -  'work_dir': 'build'}
16:54:53     INFO - [mozharness: 2018-06-08 23:54:53.173000Z] Running clobber step.
16:54:53     INFO - Running pre-action listener: _resource_record_pre_action
16:54:53     INFO - Running main action method: clobber
16:54:53     INFO - rmtree: C:\slave\test\build
16:54:53     INFO - Using _rmtree_windows ...
16:54:53     INFO - retry: Calling _rmtree_windows with args: ('C:\\slave\\test\\build',), kwargs: {}, attempt #1
16:56:39     INFO - Running post-action listener: _resource_record_post_action
16:56:39     INFO - [mozharness: 2018-06-08 23:56:39.522000Z] Finished clobber step (success)
16:56:39     INFO - [mozharness: 2018-06-08 23:56:39.522000Z] Running read-buildbot-config step.
16:56:39     INFO - Running pre-action listener: _resource_record_pre_action
16:56:39     INFO - Running main action method: read_buildbot_config
16:56:39     INFO - Using buildbot properties:
16:56:39     INFO - {
16:56:39     INFO -     "project": "", 
16:56:39     INFO -     "product": "firefox", 
16:56:39     INFO -     "script_repo_revision": "production", 
16:56:39     INFO -     "scheduler": "tests-mozilla-esr52-win8_64-debug-unittest", 
16:56:39     INFO -     "repository": "", 
16:56:39     INFO -     "buildername": "Windows 8 64-bit mozilla-esr52 debug test web-platform-tests-e10s-10", 
16:56:39     INFO -     "buildid": "20180608150819", 
16:56:39     INFO -     "pgo_build": "False", 
16:56:39     INFO -     "basedir": "C:\\slave\\test", 
16:56:39     INFO -     "buildnumber": 4, 
16:56:39     INFO -     "slavename": "t-w864-ix-042", 
16:56:39     INFO -     "revision": "cbfdf01aac455e0591471201c96b89dee98190b5", 
16:56:39     INFO -     "master": "http://buildbot-master110.bb.releng.scl3.mozilla.com:8201/", 
16:56:39     INFO -     "platform": "win64", 
16:56:39     INFO -     "branch": "mozilla-esr52", 
16:56:39     INFO -     "repo_path": "releases/mozilla-esr52", 
16:56:39     INFO -     "moz_repo_path": "", 
16:56:39     INFO -     "stage_platform": "win64", 
16:56:39     INFO -     "builduid": "b298b373e93d4f8dbf92436c9ed838a2", 
16:56:39     INFO -     "slavebuilddir": "test"
16:56:39     INFO - }
16:56:39     INFO - Found a test packages url https://queue.taskcluster.net/v1/task/GYm6uScDR968YNKAqw8dYQ/artifacts/public/build/firefox-52.8.2.en-US.win64.test_packages.json.
16:56:39     INFO - Found installer url https://queue.taskcluster.net/v1/task/GYm6uScDR968YNKAqw8dYQ/artifacts/public/build/firefox-52.8.2.en-US.win64.zip.
16:56:39     INFO - Running post-action listener: _resource_record_post_action
16:56:39     INFO - [mozharness: 2018-06-08 23:56:39.526000Z] Finished read-buildbot-config step (success)
16:56:39     INFO - [mozharness: 2018-06-08 23:56:39.526000Z] Running download-and-extract step.
16:56:39     INFO - Running pre-action listener: _resource_record_pre_action
16:56:39     INFO - Running main action method: download_and_extract
16:56:39     INFO - mkdir: C:\slave\test\build\tests
16:56:39     INFO - Downloading https://queue.taskcluster.net/v1/task/GYm6uScDR968YNKAqw8dYQ/artifacts/public/build/firefox-52.8.2.en-US.win64.test_packages.json to C:\slave\test\build\firefox-52.8.2.en-US.win64.test_packages.json
16:56:39     INFO - retry: Calling _download_file with args: (), kwargs: {'url': 'https://queue.taskcluster.net/v1/task/GYm6uScDR968YNKAqw8dYQ/artifacts/public/build/firefox-52.8.2.en-US.win64.test_packages.json', 'file_name': 'C:\\slave\\test\\build\\firefox-52.8.2.en-US.win64.test_packages.json'}, attempt #1
16:56:40     INFO - Downloaded 1274 bytes.
16:56:40     INFO - Reading from file C:\slave\test\build\firefox-52.8.2.en-US.win64.test_packages.json
16:56:40     INFO - Using the following test package requirements:
16:56:40     INFO - {u'common': [u'firefox-52.8.2.en-US.win64.common.tests.zip'],
16:56:40     INFO -  u'cppunittest': [u'firefox-52.8.2.en-US.win64.common.tests.zip',
16:56:40     INFO -                   u'firefox-52.8.2.en-US.win64.cppunittest.tests.zip'],
16:56:40     INFO -  u'gtest': [u'firefox-52.8.2.en-US.win64.common.tests.zip',
16:56:40     INFO -             u'firefox-52.8.2.en-US.win64.gtest.tests.zip'],
16:56:40     INFO -  u'jittest': [u'firefox-52.8.2.en-US.win64.common.tests.zip',
16:56:40     INFO -               u'jsshell-win64.zip'],
16:56:40     INFO -  u'mochitest': [u'firefox-52.8.2.en-US.win64.common.tests.zip',
16:56:40     INFO -                 u'firefox-52.8.2.en-US.win64.mochitest.tests.zip'],
16:56:40     INFO -  u'mozbase': [u'firefox-52.8.2.en-US.win64.common.tests.zip'],
16:56:40     INFO -  u'reftest': [u'firefox-52.8.2.en-US.win64.common.tests.zip',
16:56:40     INFO -               u'firefox-52.8.2.en-US.win64.reftest.tests.zip'],
16:56:40     INFO -  u'talos': [u'firefox-52.8.2.en-US.win64.common.tests.zip',
16:56:40     INFO -             u'firefox-52.8.2.en-US.win64.talos.tests.zip'],
16:56:40     INFO -  u'web-platform': [u'firefox-52.8.2.en-US.win64.common.tests.zip',
16:56:40     INFO -                    u'firefox-52.8.2.en-US.win64.web-platform.tests.zip'],
16:56:40     INFO -  u'xpcshell': [u'firefox-52.8.2.en-US.win64.common.tests.zip',
16:56:40     INFO -                u'firefox-52.8.2.en-US.win64.xpcshell.tests.zip']}
16:56:40     INFO - Downloading packages: [u'firefox-52.8.2.en-US.win64.common.tests.zip', u'firefox-52.8.2.en-US.win64.web-platform.tests.zip'] for test suite category: web-platform
16:56:40     INFO - Adding 'mach' for extraction from common.tests zip file
16:56:40     INFO - Adding 'mozinfo.json' for extraction from common.tests zip file
16:56:40     INFO - Downloading and extracting to C:\slave\test\build\tests these dirs bin/*, config/*, mozbase/*, marionette/*, tools/wptserve/*, web-platform/*, mach, mozinfo.json from https://queue.taskcluster.net/v1/task/GYm6uScDR968YNKAqw8dYQ/artifacts/public/build/firefox-52.8.2.en-US.win64.common.tests.zip
16:56:40     INFO - retry: Calling fetch_url_into_memory with args: (), kwargs: {'url': u'https://queue.taskcluster.net/v1/task/GYm6uScDR968YNKAqw8dYQ/artifacts/public/build/firefox-52.8.2.en-US.win64.common.tests.zip'}, attempt #1
16:56:40     INFO - Fetch https://queue.taskcluster.net/v1/task/GYm6uScDR968YNKAqw8dYQ/artifacts/public/build/firefox-52.8.2.en-US.win64.common.tests.zip into memory
16:56:41     INFO - Http code: 200
16:56:41     INFO - via: 1.1 3d3d633d266d05d90a4eea7a6a59b514.cloudfront.net (CloudFront)
16:56:41     INFO - x-amz-cf-id: 40T3MiUiWBeVsgY1dsaY4I7iCk4SXYB0EftHuqaZZRzsoAPdXBdY4g==
16:56:41     INFO - x-amz-version-id: GXeUmcedjVSRuTwtJsxXIwtE5wM89o3K
16:56:41     INFO - Expected file size: 19457836
16:56:41     INFO - Obtained file size: 19457836
16:56:42     INFO - Downloading and extracting to C:\slave\test\build\tests these dirs bin/*, config/*, mozbase/*, marionette/*, tools/wptserve/*, web-platform/*, mach, mozinfo.json from https://queue.taskcluster.net/v1/task/GYm6uScDR968YNKAqw8dYQ/artifacts/public/build/firefox-52.8.2.en-US.win64.web-platform.tests.zip
16:56:42     INFO - retry: Calling fetch_url_into_memory with args: (), kwargs: {'url': u'https://queue.taskcluster.net/v1/task/GYm6uScDR968YNKAqw8dYQ/artifacts/public/build/firefox-52.8.2.en-US.win64.web-platform.tests.zip'}, attempt #1
16:56:42     INFO - Fetch https://queue.taskcluster.net/v1/task/GYm6uScDR968YNKAqw8dYQ/artifacts/public/build/firefox-52.8.2.en-US.win64.web-platform.tests.zip into memory
16:56:42     INFO - Http code: 200
16:56:42     INFO - via: 1.1 4a7b695b8ae560fe9087da065a2b7812.cloudfront.net (CloudFront)
16:56:42     INFO - x-amz-cf-id: oToghne9iq7lLXsA4-8m-t7P-9JN8-Pvc__7umXEnzxQEqeazQ52PA==
16:56:42     INFO - x-amz-version-id: t8LUDMRalAINifNMDsPl_7YYsyRq5l0j
16:56:43     INFO - Expected file size: 43270029
16:56:43     INFO - Obtained file size: 43270029
16:57:28     INFO - Downloading https://queue.taskcluster.net/v1/task/GYm6uScDR968YNKAqw8dYQ/artifacts/public/build/firefox-52.8.2.en-US.win64.zip to C:\slave\test\build\firefox-52.8.2.en-US.win64.zip
16:57:28     INFO - retry: Calling _download_file with args: (), kwargs: {'url': 'https://queue.taskcluster.net/v1/task/GYm6uScDR968YNKAqw8dYQ/artifacts/public/build/firefox-52.8.2.en-US.win64.zip', 'file_name': 'C:\\slave\\test\\build\\firefox-52.8.2.en-US.win64.zip'}, attempt #1
16:57:30     INFO - Downloaded 80512976 bytes.
16:57:30     INFO - Setting buildbot property build_url to https://queue.taskcluster.net/v1/task/GYm6uScDR968YNKAqw8dYQ/artifacts/public/build/firefox-52.8.2.en-US.win64.zip
16:57:30     INFO - mkdir: C:\slave\test\properties
16:57:30     INFO - Writing buildbot properties ['build_url'] to C:\slave\test\properties\build_url
16:57:30     INFO - Writing to file C:\slave\test\properties\build_url
16:57:30     INFO - Contents:
16:57:30     INFO -  build_url:https://queue.taskcluster.net/v1/task/GYm6uScDR968YNKAqw8dYQ/artifacts/public/build/firefox-52.8.2.en-US.win64.zip
16:57:30     INFO - retry: Calling query_symbols_url with args: (), kwargs: {'raise_on_failure': True}, attempt #1
16:57:30     INFO - Setting buildbot property symbols_url to https://queue.taskcluster.net/v1/task/GYm6uScDR968YNKAqw8dYQ/artifacts/public/build/firefox-52.8.2.en-US.win64.crashreporter-symbols.zip
16:57:30     INFO - Writing buildbot properties ['symbols_url'] to C:\slave\test\properties\symbols_url
16:57:30     INFO - Writing to file C:\slave\test\properties\symbols_url
16:57:30     INFO - Contents:
16:57:30     INFO -  symbols_url:https://queue.taskcluster.net/v1/task/GYm6uScDR968YNKAqw8dYQ/artifacts/public/build/firefox-52.8.2.en-US.win64.crashreporter-symbols.zip
16:57:30     INFO - Downloading and extracting to C:\slave\test\build\symbols these dirs * from https://queue.taskcluster.net/v1/task/GYm6uScDR968YNKAqw8dYQ/artifacts/public/build/firefox-52.8.2.en-US.win64.crashreporter-symbols.zip
16:57:30     INFO - retry: Calling fetch_url_into_memory with args: (), kwargs: {'url': 'https://queue.taskcluster.net/v1/task/GYm6uScDR968YNKAqw8dYQ/artifacts/public/build/firefox-52.8.2.en-US.win64.crashreporter-symbols.zip'}, attempt #1
16:57:30     INFO - Fetch https://queue.taskcluster.net/v1/task/GYm6uScDR968YNKAqw8dYQ/artifacts/public/build/firefox-52.8.2.en-US.win64.crashreporter-symbols.zip into memory
16:57:31     INFO - Http code: 200
16:57:31     INFO - via: 1.1 95da1452a75435200220a7075ca3893f.cloudfront.net (CloudFront)
16:57:31     INFO - x-amz-cf-id: 6uZq1tb0ApUpng5BXSk8MDlUhRxOzUQtbVRhDnTjygkt3XKHZcJ41Q==
16:57:31     INFO - x-amz-version-id: ulFZQ.LhR2x4mniqg2Yz5MgvXQwj83dP
16:57:31     INFO - Expected file size: 55003726
16:57:31     INFO - Obtained file size: 55003726
16:57:37     INFO - Running post-action listener: _resource_record_post_action
16:57:37     INFO - Running post-action listener: set_extra_try_arguments
16:57:37     INFO - [mozharness: 2018-06-08 23:57:37.635000Z] Finished download-and-extract step (success)
16:57:37     INFO - [mozharness: 2018-06-08 23:57:37.635000Z] Running fetch-geckodriver step.
16:57:37     INFO - Running pre-action listener: _resource_record_pre_action
16:57:37     INFO - Running main action method: fetch_geckodriver
16:57:37     INFO - Running post-action listener: _resource_record_post_action
16:57:37     INFO - [mozharness: 2018-06-08 23:57:37.636000Z] Finished fetch-geckodriver step (success)
16:57:37     INFO - [mozharness: 2018-06-08 23:57:37.636000Z] Running create-virtualenv step.
16:57:37     INFO - Running pre-action listener: _pre_create_virtualenv
16:57:37     INFO - Running pre-action listener: _resource_record_pre_action
16:57:37     INFO - Running main action method: create_virtualenv
16:57:37     INFO - Creating virtualenv C:\slave\test\build\venv
16:57:37     INFO - Running command: ['c:\\mozilla-build\\python27\\python.exe', 'C:\\slave\\test\\scripts\\external_tools\\virtualenv\\virtualenv.py', '--always-copy', 'C:\\slave\\test\\build\\venv'] in C:\slave\test\build
16:57:37     INFO - Copy/paste: c:\mozilla-build\python27\python.exe C:\slave\test\scripts\external_tools\virtualenv\virtualenv.py --always-copy C:\slave\test\build\venv
16:57:37     INFO - Using partial env: {'VIRTUALENV_NO_DOWNLOAD': '1'}
16:57:44     INFO -  New python executable in C:\slave\test\build\venv\Scripts\python.exe
16:57:55     INFO -  Installing setuptools, pip, wheel...done.
16:57:55     INFO - Return code: 0
16:57:55     INFO - Installing psutil>=3.1.1 into virtualenv C:\slave\test\build\venv
16:57:55     INFO - retry: Calling run_command with args: [['C:\\slave\\test\\build\\venv\\Scripts\\pip', 'install', '--timeout', '120', '--no-index', '--find-links', 'http://pypi.pvt.build.mozilla.org/pub', '--find-links', 'http://pypi.pub.build.mozilla.org/pub', '--trusted-host', 'pypi.pub.build.mozilla.org', '--trusted-host', 'pypi.pvt.build.mozilla.org', 'psutil>=3.1.1']], kwargs: {'error_level': 'warning', 'error_list': [{'substr': 'not found or a compiler error:', 'level': 'warning'}, {'regex': <_sre.SRE_Pattern object at 0x026FA250>, 'level': 'error'}, {'regex': <_sre.SRE_Pattern object at 0x0270E188>, 'level': 'warning'}, {'regex': <_sre.SRE_Pattern object at 0x026AF098>, 'level': 'debug'}, {'substr': 'command not found', 'level': 'error'}, {'regex': <_sre.SRE_Pattern object at 0x01DE8DE8>, 'level': 'warning'}, {'substr': 'Traceback (most recent call last)', 'level': 'error'}, {'substr': 'SyntaxError: ', 'level': 'error'}, {'substr': 'TypeError: ', 'level': 'error'}, {'substr': 'NameError: ', 'level': 'error'}, {'substr': 'ZeroDivisionError: ', 'level': 'error'}, {'regex': <_sre.SRE_Pattern object at 0x02675230>, 'level': 'critical'}, {'regex': <_sre.SRE_Pattern object at 0x02702520>, 'level': 'critical'}], 'cwd': 'C:\\slave\\test\\build', 'env': {'TMP': 'C:\\Users\\CLTBLD~1.001\\AppData\\Local\\Temp', 'TEST1': 'testie', 'COMPUTERNAME': 'T-W864-IX-042', 'USERDOMAIN': 'T-W864-IX-042', 'KTS_VERSION': '1.19c', 'PSMODULEPATH': 'C:\\windows\\system32\\WindowsPowerShell\\v1.0\\Modules\\', 'COMMONPROGRAMFILES': 'C:\\Program Files (x86)\\Common Files', 'PROCESSOR_IDENTIFIER': 'Intel64 Family 6 Model 30 Stepping 5, GenuineIntel', 'PROGRAMFILES': 'C:\\Program Files (x86)', 'PROCESSOR_REVISION': '1e05', 'DNSSUFFIX': 'wintest.releng.scl3.mozilla.com', 'SYSTEMROOT': 'C:\\windows', 'NO_EM_RESTART': '1', 'PROGRAMFILES(X86)': 'C:\\Program Files (x86)', 'OURDRIVE': 'C:', 'MOZ_HIDE_RESULTS_TABLE': '1', 'XPCOM_DEBUG_BREAK': 'warn', 'MONDIR': 'C:\\Monitor_config\\', 'TEMP': 'C:\\Users\\CLTBLD~1.001\\AppData\\Local\\Temp', 'COMMONPROGRAMFILES(X86)': 'C:\\Program Files (x86)\\Common Files', 'RUNLOGFILE': 'C:\\slave\\\\runslave.log', 'PROCESSOR_ARCHITECTURE': 'x86', 'ALLUSERSPROFILE': 'C:\\ProgramData', 'USERPROFILE': 'C:\\Users\\cltbld.T-W864-IX-042.001', 'LOCALAPPDATA': 'C:\\Users\\cltbld.T-W864-IX-042.001\\AppData\\Local', 'HOMEPATH': '\\Users\\cltbld.T-W864-IX-042.001', 'USERDOMAIN_ROAMINGPROFILE': 'T-W864-IX-042', 'MOZBUILDDIR': 'C:\\mozilla-build\\', 'PROGRAMW6432': 'C:\\Program Files', 'USERNAME': 'cltbld', 'LOGONSERVER': '\\\\T-W864-IX-042', 'MOZ_NO_REMOTE': '1', 'COMSPEC': 'C:\\windows\\system32\\cmd.exe', 'PROGRAMDATA': 'C:\\ProgramData', 'PROPERTIES_FILE': 'C:\\slave\\test/buildprops.json', 'PATH': 'C:\\Program Files (x86)\\NVIDIA Corporation\\PhysX\\Common;C:\\windows\\system32;C:\\windows;C:\\windows\\System32\\Wbem;C:\\windows\\System32\\WindowsPowerShell\\v1.0\\;C:\\mozilla-build\\python27;C:\\mozilla-build\\python27\\Scripts;C:\\mozilla-build\\msys\\bin;C:\\mozilla-build\\vim\\vim72;C:\\mozilla-build\\wget;C:\\mozilla-build\\info-zip;C:\\CoreUtils\\bin;C:\\mozilla-build\\buildbotve\\scripts;C:\\mozilla-build\\hg', 'PROMPT': '$P$G', 'NO_FAIL_ON_TEST_ERRORS': '1', 'PATHEXT': '.COM;.EXE;.BAT;.CMD;.VBS;.VBE;.JS;.JSE;.WSF;.WSH;.MSC', 'FP_NO_HOST_CHECK': 'NO', 'DCLOCATION': 'SCL3', 'APPDATA': 'C:\\Users\\cltbld.T-W864-IX-042.001\\AppData\\Roaming', 'HOMEDRIVE': 'C:', 'SYSTEMDRIVE': 'C:', 'SLAVEDIR': 'C:\\slave\\', 'NUMBER_OF_PROCESSORS': '8', 'PWD': 'C:\\slave\\test', 'PROCESSOR_LEVEL': '6', 'KTS_HOME': 'C:\\Program Files\\KTS', 'PROCESSOR_ARCHITEW6432': 'AMD64', 'MOZ_CRASHREPORTER_NO_REPORT': '1', 'COMMONPROGRAMW6432': 'C:\\Program Files\\Common Files', 'OS': 'Windows_NT', 'PUBLIC': 'C:\\Users\\Public', 'WINDIR': 'C:\\windows'}}, attempt #1
16:57:55     INFO - Running command: ['C:\\slave\\test\\build\\venv\\Scripts\\pip', 'install', '--timeout', '120', '--no-index', '--find-links', 'http://pypi.pvt.build.mozilla.org/pub', '--find-links', 'http://pypi.pub.build.mozilla.org/pub', '--trusted-host', 'pypi.pub.build.mozilla.org', '--trusted-host', 'pypi.pvt.build.mozilla.org', 'psutil>=3.1.1'] in C:\slave\test\build
16:57:55     INFO - Copy/paste: C:\slave\test\build\venv\Scripts\pip install --timeout 120 --no-index --find-links http://pypi.pvt.build.mozilla.org/pub --find-links http://pypi.pub.build.mozilla.org/pub --trusted-host pypi.pub.build.mozilla.org --trusted-host pypi.pvt.build.mozilla.org psutil>=3.1.1
16:57:55     INFO - Using env: {'ALLUSERSPROFILE': 'C:\\ProgramData',
16:57:55     INFO -  'APPDATA': 'C:\\Users\\cltbld.T-W864-IX-042.001\\AppData\\Roaming',
16:57:55     INFO -  'COMMONPROGRAMFILES': 'C:\\Program Files (x86)\\Common Files',
16:57:55     INFO -  'COMMONPROGRAMFILES(X86)': 'C:\\Program Files (x86)\\Common Files',
16:57:55     INFO -  'COMMONPROGRAMW6432': 'C:\\Program Files\\Common Files',
16:57:55     INFO -  'COMPUTERNAME': 'T-W864-IX-042',
16:57:55     INFO -  'COMSPEC': 'C:\\windows\\system32\\cmd.exe',
16:57:55     INFO -  'DCLOCATION': 'SCL3',
16:57:55     INFO -  'DNSSUFFIX': 'wintest.releng.scl3.mozilla.com',
16:57:55     INFO -  'FP_NO_HOST_CHECK': 'NO',
16:57:55     INFO -  'HOMEDRIVE': 'C:',
16:57:55     INFO -  'HOMEPATH': '\\Users\\cltbld.T-W864-IX-042.001',
16:57:55     INFO -  'KTS_HOME': 'C:\\Program Files\\KTS',
16:57:55     INFO -  'KTS_VERSION': '1.19c',
16:57:55     INFO -  'LOCALAPPDATA': 'C:\\Users\\cltbld.T-W864-IX-042.001\\AppData\\Local',
16:57:55     INFO -  'LOGONSERVER': '\\\\T-W864-IX-042',
16:57:55     INFO -  'MONDIR': 'C:\\Monitor_config\\',
16:57:55     INFO -  'MOZBUILDDIR': 'C:\\mozilla-build\\',
16:57:55     INFO -  'MOZ_CRASHREPORTER_NO_REPORT': '1',
16:57:55     INFO -  'MOZ_HIDE_RESULTS_TABLE': '1',
16:57:55     INFO -  'MOZ_NO_REMOTE': '1',
16:57:55     INFO -  'NO_EM_RESTART': '1',
16:57:55     INFO -  'NO_FAIL_ON_TEST_ERRORS': '1',
16:57:55     INFO -  'NUMBER_OF_PROCESSORS': '8',
16:57:55     INFO -  'OS': 'Windows_NT',
16:57:55     INFO -  'OURDRIVE': 'C:',
16:57:55     INFO -  'PATH': 'C:\\Program Files (x86)\\NVIDIA Corporation\\PhysX\\Common;C:\\windows\\system32;C:\\windows;C:\\windows\\System32\\Wbem;C:\\windows\\System32\\WindowsPowerShell\\v1.0\\;C:\\mozilla-build\\python27;C:\\mozilla-build\\python27\\Scripts;C:\\mozilla-build\\msys\\bin;C:\\mozilla-build\\vim\\vim72;C:\\mozilla-build\\wget;C:\\mozilla-build\\info-zip;C:\\CoreUtils\\bin;C:\\mozilla-build\\buildbotve\\scripts;C:\\mozilla-build\\hg',
16:57:55     INFO -  'PATHEXT': '.COM;.EXE;.BAT;.CMD;.VBS;.VBE;.JS;.JSE;.WSF;.WSH;.MSC',
16:57:55     INFO -  'PROCESSOR_ARCHITECTURE': 'x86',
16:57:55     INFO -  'PROCESSOR_ARCHITEW6432': 'AMD64',
16:57:55     INFO -  'PROCESSOR_IDENTIFIER': 'Intel64 Family 6 Model 30 Stepping 5, GenuineIntel',
16:57:55     INFO -  'PROCESSOR_LEVEL': '6',
16:57:55     INFO -  'PROCESSOR_REVISION': '1e05',
16:57:55     INFO -  'PROGRAMDATA': 'C:\\ProgramData',
16:57:55     INFO -  'PROGRAMFILES': 'C:\\Program Files (x86)',
16:57:55     INFO -  'PROGRAMFILES(X86)': 'C:\\Program Files (x86)',
16:57:55     INFO -  'PROGRAMW6432': 'C:\\Program Files',
16:57:55     INFO -  'PROMPT': '$P$G',
16:57:55     INFO -  'PROPERTIES_FILE': 'C:\\slave\\test/buildprops.json',
16:57:55     INFO -  'PSMODULEPATH': 'C:\\windows\\system32\\WindowsPowerShell\\v1.0\\Modules\\',
16:57:55     INFO -  'PUBLIC': 'C:\\Users\\Public',
16:57:55     INFO -  'PWD': 'C:\\slave\\test',
16:57:55     INFO -  'RUNLOGFILE': 'C:\\slave\\\\runslave.log',
16:57:55     INFO -  'SLAVEDIR': 'C:\\slave\\',
16:57:55     INFO -  'SYSTEMDRIVE': 'C:',
16:57:55     INFO -  'SYSTEMROOT': 'C:\\windows',
16:57:55     INFO -  'TEMP': 'C:\\Users\\CLTBLD~1.001\\AppData\\Local\\Temp',
16:57:55     INFO -  'TEST1': 'testie',
16:57:55     INFO -  'TMP': 'C:\\Users\\CLTBLD~1.001\\AppData\\Local\\Temp',
16:57:55     INFO -  'USERDOMAIN': 'T-W864-IX-042',
16:57:55     INFO -  'USERDOMAIN_ROAMINGPROFILE': 'T-W864-IX-042',
16:57:55     INFO -  'USERNAME': 'cltbld',
16:57:55     INFO -  'USERPROFILE': 'C:\\Users\\cltbld.T-W864-IX-042.001',
16:57:55     INFO -  'WINDIR': 'C:\\windows',
16:57:55     INFO -  'XPCOM_DEBUG_BREAK': 'warn'}
16:57:55     INFO -  Ignoring indexes: https://pypi.python.org/simple
16:57:55     INFO -  Collecting psutil>=3.1.1
16:57:56     INFO -    Downloading http://pypi.pvt.build.mozilla.org/pub/psutil-5.4.3-cp27-none-win32.whl (220kB)
16:57:56     INFO -  Installing collected packages: psutil
16:57:57     INFO -  Successfully installed psutil-5.4.3
16:57:57     INFO - Return code: 0
16:57:57     INFO - Installing mozsystemmonitor==0.3 into virtualenv C:\slave\test\build\venv
16:57:57     INFO - retry: Calling run_command with args: [['C:\\slave\\test\\build\\venv\\Scripts\\pip', 'install', '--timeout', '120', '--no-index', '--find-links', 'http://pypi.pvt.build.mozilla.org/pub', '--find-links', 'http://pypi.pub.build.mozilla.org/pub', '--trusted-host', 'pypi.pub.build.mozilla.org', '--trusted-host', 'pypi.pvt.build.mozilla.org', 'mozsystemmonitor==0.3']], kwargs: {'error_level': 'warning', 'error_list': [{'substr': 'not found or a compiler error:', 'level': 'warning'}, {'regex': <_sre.SRE_Pattern object at 0x026FA250>, 'level': 'error'}, {'regex': <_sre.SRE_Pattern object at 0x0270E188>, 'level': 'warning'}, {'regex': <_sre.SRE_Pattern object at 0x026AF098>, 'level': 'debug'}, {'substr': 'command not found', 'level': 'error'}, {'regex': <_sre.SRE_Pattern object at 0x01DE8DE8>, 'level': 'warning'}, {'substr': 'Traceback (most recent call last)', 'level': 'error'}, {'substr': 'SyntaxError: ', 'level': 'error'}, {'substr': 'TypeError: ', 'level': 'error'}, {'substr': 'NameError: ', 'level': 'error'}, {'substr': 'ZeroDivisionError: ', 'level': 'error'}, {'regex': <_sre.SRE_Pattern object at 0x02675230>, 'level': 'critical'}, {'regex': <_sre.SRE_Pattern object at 0x02702520>, 'level': 'critical'}], 'cwd': 'C:\\slave\\test\\build', 'env': {'TMP': 'C:\\Users\\CLTBLD~1.001\\AppData\\Local\\Temp', 'TEST1': 'testie', 'COMPUTERNAME': 'T-W864-IX-042', 'USERDOMAIN': 'T-W864-IX-042', 'KTS_VERSION': '1.19c', 'PSMODULEPATH': 'C:\\windows\\system32\\WindowsPowerShell\\v1.0\\Modules\\', 'COMMONPROGRAMFILES': 'C:\\Program Files (x86)\\Common Files', 'PROCESSOR_IDENTIFIER': 'Intel64 Family 6 Model 30 Stepping 5, GenuineIntel', 'PROGRAMFILES': 'C:\\Program Files (x86)', 'PROCESSOR_REVISION': '1e05', 'DNSSUFFIX': 'wintest.releng.scl3.mozilla.com', 'SYSTEMROOT': 'C:\\windows', 'NO_EM_RESTART': '1', 'PROGRAMFILES(X86)': 'C:\\Program Files (x86)', 'OURDRIVE': 'C:', 'MOZ_HIDE_RESULTS_TABLE': '1', 'XPCOM_DEBUG_BREAK': 'warn', 'MONDIR': 'C:\\Monitor_config\\', 'TEMP': 'C:\\Users\\CLTBLD~1.001\\AppData\\Local\\Temp', 'COMMONPROGRAMFILES(X86)': 'C:\\Program Files (x86)\\Common Files', 'RUNLOGFILE': 'C:\\slave\\\\runslave.log', 'PROCESSOR_ARCHITECTURE': 'x86', 'ALLUSERSPROFILE': 'C:\\ProgramData', 'USERPROFILE': 'C:\\Users\\cltbld.T-W864-IX-042.001', 'LOCALAPPDATA': 'C:\\Users\\cltbld.T-W864-IX-042.001\\AppData\\Local', 'HOMEPATH': '\\Users\\cltbld.T-W864-IX-042.001', 'USERDOMAIN_ROAMINGPROFILE': 'T-W864-IX-042', 'MOZBUILDDIR': 'C:\\mozilla-build\\', 'PROGRAMW6432': 'C:\\Program Files', 'USERNAME': 'cltbld', 'LOGONSERVER': '\\\\T-W864-IX-042', 'MOZ_NO_REMOTE': '1', 'COMSPEC': 'C:\\windows\\system32\\cmd.exe', 'PROGRAMDATA': 'C:\\ProgramData', 'PROPERTIES_FILE': 'C:\\slave\\test/buildprops.json', 'PATH': 'C:\\Program Files (x86)\\NVIDIA Corporation\\PhysX\\Common;C:\\windows\\system32;C:\\windows;C:\\windows\\System32\\Wbem;C:\\windows\\System32\\WindowsPowerShell\\v1.0\\;C:\\mozilla-build\\python27;C:\\mozilla-build\\python27\\Scripts;C:\\mozilla-build\\msys\\bin;C:\\mozilla-build\\vim\\vim72;C:\\mozilla-build\\wget;C:\\mozilla-build\\info-zip;C:\\CoreUtils\\bin;C:\\mozilla-build\\buildbotve\\scripts;C:\\mozilla-build\\hg', 'PROMPT': '$P$G', 'NO_FAIL_ON_TEST_ERRORS': '1', 'PATHEXT': '.COM;.EXE;.BAT;.CMD;.VBS;.VBE;.JS;.JSE;.WSF;.WSH;.MSC', 'FP_NO_HOST_CHECK': 'NO', 'DCLOCATION': 'SCL3', 'APPDATA': 'C:\\Users\\cltbld.T-W864-IX-042.001\\AppData\\Roaming', 'HOMEDRIVE': 'C:', 'SYSTEMDRIVE': 'C:', 'SLAVEDIR': 'C:\\slave\\', 'NUMBER_OF_PROCESSORS': '8', 'PWD': 'C:\\slave\\test', 'PROCESSOR_LEVEL': '6', 'KTS_HOME': 'C:\\Program Files\\KTS', 'PROCESSOR_ARCHITEW6432': 'AMD64', 'MOZ_CRASHREPORTER_NO_REPORT': '1', 'COMMONPROGRAMW6432': 'C:\\Program Files\\Common Files', 'OS': 'Windows_NT', 'PUBLIC': 'C:\\Users\\Public', 'WINDIR': 'C:\\windows'}}, attempt #1
16:57:57     INFO - Running command: ['C:\\slave\\test\\build\\venv\\Scripts\\pip', 'install', '--timeout', '120', '--no-index', '--find-links', 'http://pypi.pvt.build.mozilla.org/pub', '--find-links', 'http://pypi.pub.build.mozilla.org/pub', '--trusted-host', 'pypi.pub.build.mozilla.org', '--trusted-host', 'pypi.pvt.build.mozilla.org', 'mozsystemmonitor==0.3'] in C:\slave\test\build
16:57:57     INFO - Copy/paste: C:\slave\test\build\venv\Scripts\pip install --timeout 120 --no-index --find-links http://pypi.pvt.build.mozilla.org/pub --find-links http://pypi.pub.build.mozilla.org/pub --trusted-host pypi.pub.build.mozilla.org --trusted-host pypi.pvt.build.mozilla.org mozsystemmonitor==0.3
16:57:57     INFO - Using env: {'ALLUSERSPROFILE': 'C:\\ProgramData',
16:57:57     INFO -  'APPDATA': 'C:\\Users\\cltbld.T-W864-IX-042.001\\AppData\\Roaming',
16:57:57     INFO -  'COMMONPROGRAMFILES': 'C:\\Program Files (x86)\\Common Files',
16:57:57     INFO -  'COMMONPROGRAMFILES(X86)': 'C:\\Program Files (x86)\\Common Files',
16:57:57     INFO -  'COMMONPROGRAMW6432': 'C:\\Program Files\\Common Files',
16:57:57     INFO -  'COMPUTERNAME': 'T-W864-IX-042',
16:57:57     INFO -  'COMSPEC': 'C:\\windows\\system32\\cmd.exe',
16:57:57     INFO -  'DCLOCATION': 'SCL3',
16:57:57     INFO -  'DNSSUFFIX': 'wintest.releng.scl3.mozilla.com',
16:57:57     INFO -  'FP_NO_HOST_CHECK': 'NO',
16:57:57     INFO -  'HOMEDRIVE': 'C:',
16:57:57     INFO -  'HOMEPATH': '\\Users\\cltbld.T-W864-IX-042.001',
16:57:57     INFO -  'KTS_HOME': 'C:\\Program Files\\KTS',
16:57:57     INFO -  'KTS_VERSION': '1.19c',
16:57:57     INFO -  'LOCALAPPDATA': 'C:\\Users\\cltbld.T-W864-IX-042.001\\AppData\\Local',
16:57:57     INFO -  'LOGONSERVER': '\\\\T-W864-IX-042',
16:57:57     INFO -  'MONDIR': 'C:\\Monitor_config\\',
16:57:57     INFO -  'MOZBUILDDIR': 'C:\\mozilla-build\\',
16:57:57     INFO -  'MOZ_CRASHREPORTER_NO_REPORT': '1',
16:57:57     INFO -  'MOZ_HIDE_RESULTS_TABLE': '1',
16:57:57     INFO -  'MOZ_NO_REMOTE': '1',
16:57:57     INFO -  'NO_EM_RESTART': '1',
16:57:57     INFO -  'NO_FAIL_ON_TEST_ERRORS': '1',
16:57:57     INFO -  'NUMBER_OF_PROCESSORS': '8',
16:57:57     INFO -  'OS': 'Windows_NT',
16:57:57     INFO -  'OURDRIVE': 'C:',
16:57:57     INFO -  'PATH': 'C:\\Program Files (x86)\\NVIDIA Corporation\\PhysX\\Common;C:\\windows\\system32;C:\\windows;C:\\windows\\System32\\Wbem;C:\\windows\\System32\\WindowsPowerShell\\v1.0\\;C:\\mozilla-build\\python27;C:\\mozilla-build\\python27\\Scripts;C:\\mozilla-build\\msys\\bin;C:\\mozilla-build\\vim\\vim72;C:\\mozilla-build\\wget;C:\\mozilla-build\\info-zip;C:\\CoreUtils\\bin;C:\\mozilla-build\\buildbotve\\scripts;C:\\mozilla-build\\hg',
16:57:57     INFO -  'PATHEXT': '.COM;.EXE;.BAT;.CMD;.VBS;.VBE;.JS;.JSE;.WSF;.WSH;.MSC',
16:57:57     INFO -  'PROCESSOR_ARCHITECTURE': 'x86',
16:57:57     INFO -  'PROCESSOR_ARCHITEW6432': 'AMD64',
16:57:57     INFO -  'PROCESSOR_IDENTIFIER': 'Intel64 Family 6 Model 30 Stepping 5, GenuineIntel',
16:57:57     INFO -  'PROCESSOR_LEVEL': '6',
16:57:57     INFO -  'PROCESSOR_REVISION': '1e05',
16:57:57     INFO -  'PROGRAMDATA': 'C:\\ProgramData',
16:57:57     INFO -  'PROGRAMFILES': 'C:\\Program Files (x86)',
16:57:57     INFO -  'PROGRAMFILES(X86)': 'C:\\Program Files (x86)',
16:57:57     INFO -  'PROGRAMW6432': 'C:\\Program Files',
16:57:57     INFO -  'PROMPT': '$P$G',
16:57:57     INFO -  'PROPERTIES_FILE': 'C:\\slave\\test/buildprops.json',
16:57:57     INFO -  'PSMODULEPATH': 'C:\\windows\\system32\\WindowsPowerShell\\v1.0\\Modules\\',
16:57:57     INFO -  'PUBLIC': 'C:\\Users\\Public',
16:57:57     INFO -  'PWD': 'C:\\slave\\test',
16:57:57     INFO -  'RUNLOGFILE': 'C:\\slave\\\\runslave.log',
16:57:57     INFO -  'SLAVEDIR': 'C:\\slave\\',
16:57:57     INFO -  'SYSTEMDRIVE': 'C:',
16:57:57     INFO -  'SYSTEMROOT': 'C:\\windows',
16:57:57     INFO -  'TEMP': 'C:\\Users\\CLTBLD~1.001\\AppData\\Local\\Temp',
16:57:57     INFO -  'TEST1': 'testie',
16:57:57     INFO -  'TMP': 'C:\\Users\\CLTBLD~1.001\\AppData\\Local\\Temp',
16:57:57     INFO -  'USERDOMAIN': 'T-W864-IX-042',
16:57:57     INFO -  'USERDOMAIN_ROAMINGPROFILE': 'T-W864-IX-042',
16:57:57     INFO -  'USERNAME': 'cltbld',
16:57:57     INFO -  'USERPROFILE': 'C:\\Users\\cltbld.T-W864-IX-042.001',
16:57:57     INFO -  'WINDIR': 'C:\\windows',
16:57:57     INFO -  'XPCOM_DEBUG_BREAK': 'warn'}
16:57:57     INFO -  Ignoring indexes: https://pypi.python.org/simple
16:57:57     INFO -  Collecting mozsystemmonitor==0.3
16:57:59     INFO -  Requirement already satisfied (use --upgrade to upgrade): psutil>=3.1.1 in c:\slave\test\build\venv\lib\site-packages (from mozsystemmonitor==0.3)
16:57:59     INFO -  Installing collected packages: mozsystemmonitor
16:57:59     INFO -  Successfully installed mozsystemmonitor-0.3
16:57:59     INFO - Return code: 0
16:57:59     INFO - Installing jsonschema==2.5.1 into virtualenv C:\slave\test\build\venv
16:57:59     INFO - retry: Calling run_command with args: [['C:\\slave\\test\\build\\venv\\Scripts\\pip', 'install', '--timeout', '120', '--no-index', '--find-links', 'http://pypi.pvt.build.mozilla.org/pub', '--find-links', 'http://pypi.pub.build.mozilla.org/pub', '--trusted-host', 'pypi.pub.build.mozilla.org', '--trusted-host', 'pypi.pvt.build.mozilla.org', 'jsonschema==2.5.1']], kwargs: {'error_level': 'warning', 'error_list': [{'substr': 'not found or a compiler error:', 'level': 'warning'}, {'regex': <_sre.SRE_Pattern object at 0x026FA250>, 'level': 'error'}, {'regex': <_sre.SRE_Pattern object at 0x0270E188>, 'level': 'warning'}, {'regex': <_sre.SRE_Pattern object at 0x026AF098>, 'level': 'debug'}, {'substr': 'command not found', 'level': 'error'}, {'regex': <_sre.SRE_Pattern object at 0x01DE8DE8>, 'level': 'warning'}, {'substr': 'Traceback (most recent call last)', 'level': 'error'}, {'substr': 'SyntaxError: ', 'level': 'error'}, {'substr': 'TypeError: ', 'level': 'error'}, {'substr': 'NameError: ', 'level': 'error'}, {'substr': 'ZeroDivisionError: ', 'level': 'error'}, {'regex': <_sre.SRE_Pattern object at 0x02675230>, 'level': 'critical'}, {'regex': <_sre.SRE_Pattern object at 0x02702520>, 'level': 'critical'}], 'cwd': 'C:\\slave\\test\\build', 'env': {'TMP': 'C:\\Users\\CLTBLD~1.001\\AppData\\Local\\Temp', 'TEST1': 'testie', 'COMPUTERNAME': 'T-W864-IX-042', 'USERDOMAIN': 'T-W864-IX-042', 'KTS_VERSION': '1.19c', 'PSMODULEPATH': 'C:\\windows\\system32\\WindowsPowerShell\\v1.0\\Modules\\', 'COMMONPROGRAMFILES': 'C:\\Program Files (x86)\\Common Files', 'PROCESSOR_IDENTIFIER': 'Intel64 Family 6 Model 30 Stepping 5, GenuineIntel', 'PROGRAMFILES': 'C:\\Program Files (x86)', 'PROCESSOR_REVISION': '1e05', 'DNSSUFFIX': 'wintest.releng.scl3.mozilla.com', 'SYSTEMROOT': 'C:\\windows', 'NO_EM_RESTART': '1', 'PROGRAMFILES(X86)': 'C:\\Program Files (x86)', 'OURDRIVE': 'C:', 'MOZ_HIDE_RESULTS_TABLE': '1', 'XPCOM_DEBUG_BREAK': 'warn', 'MONDIR': 'C:\\Monitor_config\\', 'TEMP': 'C:\\Users\\CLTBLD~1.001\\AppData\\Local\\Temp', 'COMMONPROGRAMFILES(X86)': 'C:\\Program Files (x86)\\Common Files', 'RUNLOGFILE': 'C:\\slave\\\\runslave.log', 'PROCESSOR_ARCHITECTURE': 'x86', 'ALLUSERSPROFILE': 'C:\\ProgramData', 'USERPROFILE': 'C:\\Users\\cltbld.T-W864-IX-042.001', 'LOCALAPPDATA': 'C:\\Users\\cltbld.T-W864-IX-042.001\\AppData\\Local', 'HOMEPATH': '\\Users\\cltbld.T-W864-IX-042.001', 'USERDOMAIN_ROAMINGPROFILE': 'T-W864-IX-042', 'MOZBUILDDIR': 'C:\\mozilla-build\\', 'PROGRAMW6432': 'C:\\Program Files', 'USERNAME': 'cltbld', 'LOGONSERVER': '\\\\T-W864-IX-042', 'MOZ_NO_REMOTE': '1', 'COMSPEC': 'C:\\windows\\system32\\cmd.exe', 'PROGRAMDATA': 'C:\\ProgramData', 'PROPERTIES_FILE': 'C:\\slave\\test/buildprops.json', 'PATH': 'C:\\Program Files (x86)\\NVIDIA Corporation\\PhysX\\Common;C:\\windows\\system32;C:\\windows;C:\\windows\\System32\\Wbem;C:\\windows\\System32\\WindowsPowerShell\\v1.0\\;C:\\mozilla-build\\python27;C:\\mozilla-build\\python27\\Scripts;C:\\mozilla-build\\msys\\bin;C:\\mozilla-build\\vim\\vim72;C:\\mozilla-build\\wget;C:\\mozilla-build\\info-zip;C:\\CoreUtils\\bin;C:\\mozilla-build\\buildbotve\\scripts;C:\\mozilla-build\\hg', 'PROMPT': '$P$G', 'NO_FAIL_ON_TEST_ERRORS': '1', 'PATHEXT': '.COM;.EXE;.BAT;.CMD;.VBS;.VBE;.JS;.JSE;.WSF;.WSH;.MSC', 'FP_NO_HOST_CHECK': 'NO', 'DCLOCATION': 'SCL3', 'APPDATA': 'C:\\Users\\cltbld.T-W864-IX-042.001\\AppData\\Roaming', 'HOMEDRIVE': 'C:', 'SYSTEMDRIVE': 'C:', 'SLAVEDIR': 'C:\\slave\\', 'NUMBER_OF_PROCESSORS': '8', 'PWD': 'C:\\slave\\test', 'PROCESSOR_LEVEL': '6', 'KTS_HOME': 'C:\\Program Files\\KTS', 'PROCESSOR_ARCHITEW6432': 'AMD64', 'MOZ_CRASHREPORTER_NO_REPORT': '1', 'COMMONPROGRAMW6432': 'C:\\Program Files\\Common Files', 'OS': 'Windows_NT', 'PUBLIC': 'C:\\Users\\Public', 'WINDIR': 'C:\\windows'}}, attempt #1
16:57:59     INFO - Running command: ['C:\\slave\\test\\build\\venv\\Scripts\\pip', 'install', '--timeout', '120', '--no-index', '--find-links', 'http://pypi.pvt.build.mozilla.org/pub', '--find-links', 'http://pypi.pub.build.mozilla.org/pub', '--trusted-host', 'pypi.pub.build.mozilla.org', '--trusted-host', 'pypi.pvt.build.mozilla.org', 'jsonschema==2.5.1'] in C:\slave\test\build
16:57:59     INFO - Copy/paste: C:\slave\test\build\venv\Scripts\pip install --timeout 120 --no-index --find-links http://pypi.pvt.build.mozilla.org/pub --find-links http://pypi.pub.build.mozilla.org/pub --trusted-host pypi.pub.build.mozilla.org --trusted-host pypi.pvt.build.mozilla.org jsonschema==2.5.1
16:57:59     INFO - Using env: {'ALLUSERSPROFILE': 'C:\\ProgramData',
16:57:59     INFO -  'APPDATA': 'C:\\Users\\cltbld.T-W864-IX-042.001\\AppData\\Roaming',
16:57:59     INFO -  'COMMONPROGRAMFILES': 'C:\\Program Files (x86)\\Common Files',
16:57:59     INFO -  'COMMONPROGRAMFILES(X86)': 'C:\\Program Files (x86)\\Common Files',
16:57:59     INFO -  'COMMONPROGRAMW6432': 'C:\\Program Files\\Common Files',
16:57:59     INFO -  'COMPUTERNAME': 'T-W864-IX-042',
16:57:59     INFO -  'COMSPEC': 'C:\\windows\\system32\\cmd.exe',
16:57:59     INFO -  'DCLOCATION': 'SCL3',
16:57:59     INFO -  'DNSSUFFIX': 'wintest.releng.scl3.mozilla.com',
16:57:59     INFO -  'FP_NO_HOST_CHECK': 'NO',
16:57:59     INFO -  'HOMEDRIVE': 'C:',
16:57:59     INFO -  'HOMEPATH': '\\Users\\cltbld.T-W864-IX-042.001',
16:57:59     INFO -  'KTS_HOME': 'C:\\Program Files\\KTS',
16:57:59     INFO -  'KTS_VERSION': '1.19c',
16:57:59     INFO -  'LOCALAPPDATA': 'C:\\Users\\cltbld.T-W864-IX-042.001\\AppData\\Local',
16:57:59     INFO -  'LOGONSERVER': '\\\\T-W864-IX-042',
16:57:59     INFO -  'MONDIR': 'C:\\Monitor_config\\',
16:57:59     INFO -  'MOZBUILDDIR': 'C:\\mozilla-build\\',
16:57:59     INFO -  'MOZ_CRASHREPORTER_NO_REPORT': '1',
16:57:59     INFO -  'MOZ_HIDE_RESULTS_TABLE': '1',
16:57:59     INFO -  'MOZ_NO_REMOTE': '1',
16:57:59     INFO -  'NO_EM_RESTART': '1',
16:57:59     INFO -  'NO_FAIL_ON_TEST_ERRORS': '1',
16:57:59     INFO -  'NUMBER_OF_PROCESSORS': '8',
16:57:59     INFO -  'OS': 'Windows_NT',
16:57:59     INFO -  'OURDRIVE': 'C:',
16:57:59     INFO -  'PATH': 'C:\\Program Files (x86)\\NVIDIA Corporation\\PhysX\\Common;C:\\windows\\system32;C:\\windows;C:\\windows\\System32\\Wbem;C:\\windows\\System32\\WindowsPowerShell\\v1.0\\;C:\\mozilla-build\\python27;C:\\mozilla-build\\python27\\Scripts;C:\\mozilla-build\\msys\\bin;C:\\mozilla-build\\vim\\vim72;C:\\mozilla-build\\wget;C:\\mozilla-build\\info-zip;C:\\CoreUtils\\bin;C:\\mozilla-build\\buildbotve\\scripts;C:\\mozilla-build\\hg',
16:57:59     INFO -  'PATHEXT': '.COM;.EXE;.BAT;.CMD;.VBS;.VBE;.JS;.JSE;.WSF;.WSH;.MSC',
16:57:59     INFO -  'PROCESSOR_ARCHITECTURE': 'x86',
16:57:59     INFO -  'PROCESSOR_ARCHITEW6432': 'AMD64',
16:57:59     INFO -  'PROCESSOR_IDENTIFIER': 'Intel64 Family 6 Model 30 Stepping 5, GenuineIntel',
16:57:59     INFO -  'PROCESSOR_LEVEL': '6',
16:57:59     INFO -  'PROCESSOR_REVISION': '1e05',
16:57:59     INFO -  'PROGRAMDATA': 'C:\\ProgramData',
16:57:59     INFO -  'PROGRAMFILES': 'C:\\Program Files (x86)',
16:57:59     INFO -  'PROGRAMFILES(X86)': 'C:\\Program Files (x86)',
16:57:59     INFO -  'PROGRAMW6432': 'C:\\Program Files',
16:57:59     INFO -  'PROMPT': '$P$G',
16:57:59     INFO -  'PROPERTIES_FILE': 'C:\\slave\\test/buildprops.json',
16:57:59     INFO -  'PSMODULEPATH': 'C:\\windows\\system32\\WindowsPowerShell\\v1.0\\Modules\\',
16:57:59     INFO -  'PUBLIC': 'C:\\Users\\Public',
16:57:59     INFO -  'PWD': 'C:\\slave\\test',
16:57:59     INFO -  'RUNLOGFILE': 'C:\\slave\\\\runslave.log',
16:57:59     INFO -  'SLAVEDIR': 'C:\\slave\\',
16:57:59     INFO -  'SYSTEMDRIVE': 'C:',
16:57:59     INFO -  'SYSTEMROOT': 'C:\\windows',
16:57:59     INFO -  'TEMP': 'C:\\Users\\CLTBLD~1.001\\AppData\\Local\\Temp',
16:57:59     INFO -  'TEST1': 'testie',
16:57:59     INFO -  'TMP': 'C:\\Users\\CLTBLD~1.001\\AppData\\Local\\Temp',
16:57:59     INFO -  'USERDOMAIN': 'T-W864-IX-042',
16:57:59     INFO -  'USERDOMAIN_ROAMINGPROFILE': 'T-W864-IX-042',
16:57:59     INFO -  'USERNAME': 'cltbld',
16:57:59     INFO -  'USERPROFILE': 'C:\\Users\\cltbld.T-W864-IX-042.001',
16:57:59     INFO -  'WINDIR': 'C:\\windows',
16:57:59     INFO -  'XPCOM_DEBUG_BREAK': 'warn'}
16:57:59     INFO -  Ignoring indexes: https://pypi.python.org/simple
16:57:59     INFO -  Collecting jsonschema==2.5.1
16:58:00     INFO -    Downloading http://pypi.pvt.build.mozilla.org/pub/jsonschema-2.5.1-py2.py3-none-any.whl
16:58:00     INFO -  Collecting functools32; python_version == "2.7" (from jsonschema==2.5.1)
16:58:01     INFO -  Installing collected packages: functools32, jsonschema
16:58:02     INFO -  Successfully installed functools32-3.2.3.post2 jsonschema-2.5.1
16:58:02     INFO - Return code: 0
16:58:02     INFO - Installing functools32==3.2.3-2 into virtualenv C:\slave\test\build\venv
16:58:02     INFO - retry: Calling run_command with args: [['C:\\slave\\test\\build\\venv\\Scripts\\pip', 'install', '--timeout', '120', '--no-index', '--find-links', 'http://pypi.pvt.build.mozilla.org/pub', '--find-links', 'http://pypi.pub.build.mozilla.org/pub', '--trusted-host', 'pypi.pub.build.mozilla.org', '--trusted-host', 'pypi.pvt.build.mozilla.org', 'functools32==3.2.3-2']], kwargs: {'error_level': 'warning', 'error_list': [{'substr': 'not found or a compiler error:', 'level': 'warning'}, {'regex': <_sre.SRE_Pattern object at 0x026FA250>, 'level': 'error'}, {'regex': <_sre.SRE_Pattern object at 0x0270E188>, 'level': 'warning'}, {'regex': <_sre.SRE_Pattern object at 0x026AF098>, 'level': 'debug'}, {'substr': 'command not found', 'level': 'error'}, {'regex': <_sre.SRE_Pattern object at 0x01DE8DE8>, 'level': 'warning'}, {'substr': 'Traceback (most recent call last)', 'level': 'error'}, {'substr': 'SyntaxError: ', 'level': 'error'}, {'substr': 'TypeError: ', 'level': 'error'}, {'substr': 'NameError: ', 'level': 'error'}, {'substr': 'ZeroDivisionError: ', 'level': 'error'}, {'regex': <_sre.SRE_Pattern object at 0x02675230>, 'level': 'critical'}, {'regex': <_sre.SRE_Pattern object at 0x02702520>, 'level': 'critical'}], 'cwd': 'C:\\slave\\test\\build', 'env': {'TMP': 'C:\\Users\\CLTBLD~1.001\\AppData\\Local\\Temp', 'TEST1': 'testie', 'COMPUTERNAME': 'T-W864-IX-042', 'USERDOMAIN': 'T-W864-IX-042', 'KTS_VERSION': '1.19c', 'PSMODULEPATH': 'C:\\windows\\system32\\WindowsPowerShell\\v1.0\\Modules\\', 'COMMONPROGRAMFILES': 'C:\\Program Files (x86)\\Common Files', 'PROCESSOR_IDENTIFIER': 'Intel64 Family 6 Model 30 Stepping 5, GenuineIntel', 'PROGRAMFILES': 'C:\\Program Files (x86)', 'PROCESSOR_REVISION': '1e05', 'DNSSUFFIX': 'wintest.releng.scl3.mozilla.com', 'SYSTEMROOT': 'C:\\windows', 'NO_EM_RESTART': '1', 'PROGRAMFILES(X86)': 'C:\\Program Files (x86)', 'OURDRIVE': 'C:', 'MOZ_HIDE_RESULTS_TABLE': '1', 'XPCOM_DEBUG_BREAK': 'warn', 'MONDIR': 'C:\\Monitor_config\\', 'TEMP': 'C:\\Users\\CLTBLD~1.001\\AppData\\Local\\Temp', 'COMMONPROGRAMFILES(X86)': 'C:\\Program Files (x86)\\Common Files', 'RUNLOGFILE': 'C:\\slave\\\\runslave.log', 'PROCESSOR_ARCHITECTURE': 'x86', 'ALLUSERSPROFILE': 'C:\\ProgramData', 'USERPROFILE': 'C:\\Users\\cltbld.T-W864-IX-042.001', 'LOCALAPPDATA': 'C:\\Users\\cltbld.T-W864-IX-042.001\\AppData\\Local', 'HOMEPATH': '\\Users\\cltbld.T-W864-IX-042.001', 'USERDOMAIN_ROAMINGPROFILE': 'T-W864-IX-042', 'MOZBUILDDIR': 'C:\\mozilla-build\\', 'PROGRAMW6432': 'C:\\Program Files', 'USERNAME': 'cltbld', 'LOGONSERVER': '\\\\T-W864-IX-042', 'MOZ_NO_REMOTE': '1', 'COMSPEC': 'C:\\windows\\system32\\cmd.exe', 'PROGRAMDATA': 'C:\\ProgramData', 'PROPERTIES_FILE': 'C:\\slave\\test/buildprops.json', 'PATH': 'C:\\Program Files (x86)\\NVIDIA Corporation\\PhysX\\Common;C:\\windows\\system32;C:\\windows;C:\\windows\\System32\\Wbem;C:\\windows\\System32\\WindowsPowerShell\\v1.0\\;C:\\mozilla-build\\python27;C:\\mozilla-build\\python27\\Scripts;C:\\mozilla-build\\msys\\bin;C:\\mozilla-build\\vim\\vim72;C:\\mozilla-build\\wget;C:\\mozilla-build\\info-zip;C:\\CoreUtils\\bin;C:\\mozilla-build\\buildbotve\\scripts;C:\\mozilla-build\\hg', 'PROMPT': '$P$G', 'NO_FAIL_ON_TEST_ERRORS': '1', 'PATHEXT': '.COM;.EXE;.BAT;.CMD;.VBS;.VBE;.JS;.JSE;.WSF;.WSH;.MSC', 'FP_NO_HOST_CHECK': 'NO', 'DCLOCATION': 'SCL3', 'APPDATA': 'C:\\Users\\cltbld.T-W864-IX-042.001\\AppData\\Roaming', 'HOMEDRIVE': 'C:', 'SYSTEMDRIVE': 'C:', 'SLAVEDIR': 'C:\\slave\\', 'NUMBER_OF_PROCESSORS': '8', 'PWD': 'C:\\slave\\test', 'PROCESSOR_LEVEL': '6', 'KTS_HOME': 'C:\\Program Files\\KTS', 'PROCESSOR_ARCHITEW6432': 'AMD64', 'MOZ_CRASHREPORTER_NO_REPORT': '1', 'COMMONPROGRAMW6432': 'C:\\Program Files\\Common Files', 'OS': 'Windows_NT', 'PUBLIC': 'C:\\Users\\Public', 'WINDIR': 'C:\\windows'}}, attempt #1
16:58:02     INFO - Running command: ['C:\\slave\\test\\build\\venv\\Scripts\\pip', 'install', '--timeout', '120', '--no-index', '--find-links', 'http://pypi.pvt.build.mozilla.org/pub', '--find-links', 'http://pypi.pub.build.mozilla.org/pub', '--trusted-host', 'pypi.pub.build.mozilla.org', '--trusted-host', 'pypi.pvt.build.mozilla.org', 'functools32==3.2.3-2'] in C:\slave\test\build
16:58:02     INFO - Copy/paste: C:\slave\test\build\venv\Scripts\pip install --timeout 120 --no-index --find-links http://pypi.pvt.build.mozilla.org/pub --find-links http://pypi.pub.build.mozilla.org/pub --trusted-host pypi.pub.build.mozilla.org --trusted-host pypi.pvt.build.mozilla.org functools32==3.2.3-2
16:58:02     INFO - Using env: {'ALLUSERSPROFILE': 'C:\\ProgramData',
16:58:02     INFO -  'APPDATA': 'C:\\Users\\cltbld.T-W864-IX-042.001\\AppData\\Roaming',
16:58:02     INFO -  'COMMONPROGRAMFILES': 'C:\\Program Files (x86)\\Common Files',
16:58:02     INFO -  'COMMONPROGRAMFILES(X86)': 'C:\\Program Files (x86)\\Common Files',
16:58:02     INFO -  'COMMONPROGRAMW6432': 'C:\\Program Files\\Common Files',
16:58:02     INFO -  'COMPUTERNAME': 'T-W864-IX-042',
16:58:02     INFO -  'COMSPEC': 'C:\\windows\\system32\\cmd.exe',
16:58:02     INFO -  'DCLOCATION': 'SCL3',
16:58:02     INFO -  'DNSSUFFIX': 'wintest.releng.scl3.mozilla.com',
16:58:02     INFO -  'FP_NO_HOST_CHECK': 'NO',
16:58:02     INFO -  'HOMEDRIVE': 'C:',
16:58:02     INFO -  'HOMEPATH': '\\Users\\cltbld.T-W864-IX-042.001',
16:58:02     INFO -  'KTS_HOME': 'C:\\Program Files\\KTS',
16:58:02     INFO -  'KTS_VERSION': '1.19c',
16:58:02     INFO -  'LOCALAPPDATA': 'C:\\Users\\cltbld.T-W864-IX-042.001\\AppData\\Local',
16:58:02     INFO -  'LOGONSERVER': '\\\\T-W864-IX-042',
16:58:02     INFO -  'MONDIR': 'C:\\Monitor_config\\',
16:58:02     INFO -  'MOZBUILDDIR': 'C:\\mozilla-build\\',
16:58:02     INFO -  'MOZ_CRASHREPORTER_NO_REPORT': '1',
16:58:02     INFO -  'MOZ_HIDE_RESULTS_TABLE': '1',
16:58:02     INFO -  'MOZ_NO_REMOTE': '1',
16:58:02     INFO -  'NO_EM_RESTART': '1',
16:58:02     INFO -  'NO_FAIL_ON_TEST_ERRORS': '1',
16:58:02     INFO -  'NUMBER_OF_PROCESSORS': '8',
16:58:02     INFO -  'OS': 'Windows_NT',
16:58:02     INFO -  'OURDRIVE': 'C:',
16:58:02     INFO -  'PATH': 'C:\\Program Files (x86)\\NVIDIA Corporation\\PhysX\\Common;C:\\windows\\system32;C:\\windows;C:\\windows\\System32\\Wbem;C:\\windows\\System32\\WindowsPowerShell\\v1.0\\;C:\\mozilla-build\\python27;C:\\mozilla-build\\python27\\Scripts;C:\\mozilla-build\\msys\\bin;C:\\mozilla-build\\vim\\vim72;C:\\mozilla-build\\wget;C:\\mozilla-build\\info-zip;C:\\CoreUtils\\bin;C:\\mozilla-build\\buildbotve\\scripts;C:\\mozilla-build\\hg',
16:58:02     INFO -  'PATHEXT': '.COM;.EXE;.BAT;.CMD;.VBS;.VBE;.JS;.JSE;.WSF;.WSH;.MSC',
16:58:02     INFO -  'PROCESSOR_ARCHITECTURE': 'x86',
16:58:02     INFO -  'PROCESSOR_ARCHITEW6432': 'AMD64',
16:58:02     INFO -  'PROCESSOR_IDENTIFIER': 'Intel64 Family 6 Model 30 Stepping 5, GenuineIntel',
16:58:02     INFO -  'PROCESSOR_LEVEL': '6',
16:58:02     INFO -  'PROCESSOR_REVISION': '1e05',
16:58:02     INFO -  'PROGRAMDATA': 'C:\\ProgramData',
16:58:02     INFO -  'PROGRAMFILES': 'C:\\Program Files (x86)',
16:58:02     INFO -  'PROGRAMFILES(X86)': 'C:\\Program Files (x86)',
16:58:02     INFO -  'PROGRAMW6432': 'C:\\Program Files',
16:58:02     INFO -  'PROMPT': '$P$G',
16:58:02     INFO -  'PROPERTIES_FILE': 'C:\\slave\\test/buildprops.json',
16:58:02     INFO -  'PSMODULEPATH': 'C:\\windows\\system32\\WindowsPowerShell\\v1.0\\Modules\\',
16:58:02     INFO -  'PUBLIC': 'C:\\Users\\Public',
16:58:02     INFO -  'PWD': 'C:\\slave\\test',
16:58:02     INFO -  'RUNLOGFILE': 'C:\\slave\\\\runslave.log',
16:58:02     INFO -  'SLAVEDIR': 'C:\\slave\\',
16:58:02     INFO -  'SYSTEMDRIVE': 'C:',
16:58:02     INFO -  'SYSTEMROOT': 'C:\\windows',
16:58:02     INFO -  'TEMP': 'C:\\Users\\CLTBLD~1.001\\AppData\\Local\\Temp',
16:58:02     INFO -  'TEST1': 'testie',
16:58:02     INFO -  'TMP': 'C:\\Users\\CLTBLD~1.001\\AppData\\Local\\Temp',
16:58:02     INFO -  'USERDOMAIN': 'T-W864-IX-042',
16:58:02     INFO -  'USERDOMAIN_ROAMINGPROFILE': 'T-W864-IX-042',
16:58:02     INFO -  'USERNAME': 'cltbld',
16:58:02     INFO -  'USERPROFILE': 'C:\\Users\\cltbld.T-W864-IX-042.001',
16:58:02     INFO -  'WINDIR': 'C:\\windows',
16:58:02     INFO -  'XPCOM_DEBUG_BREAK': 'warn'}
16:58:02     INFO -  Ignoring indexes: https://pypi.python.org/simple
16:58:02     INFO -  Requirement already satisfied (use --upgrade to upgrade): functools32==3.2.3-2 in c:\slave\test\build\venv\lib\site-packages
16:58:02     INFO - Return code: 0
16:58:02     INFO - Installing blobuploader==1.2.4 into virtualenv C:\slave\test\build\venv
16:58:02     INFO - retry: Calling run_command with args: [['C:\\slave\\test\\build\\venv\\Scripts\\pip', 'install', '--timeout', '120', '--no-index', '--find-links', 'http://pypi.pvt.build.mozilla.org/pub', '--find-links', 'http://pypi.pub.build.mozilla.org/pub', '--trusted-host', 'pypi.pub.build.mozilla.org', '--trusted-host', 'pypi.pvt.build.mozilla.org', 'blobuploader==1.2.4']], kwargs: {'error_level': 'warning', 'error_list': [{'substr': 'not found or a compiler error:', 'level': 'warning'}, {'regex': <_sre.SRE_Pattern object at 0x026FA250>, 'level': 'error'}, {'regex': <_sre.SRE_Pattern object at 0x0270E188>, 'level': 'warning'}, {'regex': <_sre.SRE_Pattern object at 0x026AF098>, 'level': 'debug'}, {'substr': 'command not found', 'level': 'error'}, {'regex': <_sre.SRE_Pattern object at 0x01DE8DE8>, 'level': 'warning'}, {'substr': 'Traceback (most recent call last)', 'level': 'error'}, {'substr': 'SyntaxError: ', 'level': 'error'}, {'substr': 'TypeError: ', 'level': 'error'}, {'substr': 'NameError: ', 'level': 'error'}, {'substr': 'ZeroDivisionError: ', 'level': 'error'}, {'regex': <_sre.SRE_Pattern object at 0x02675230>, 'level': 'critical'}, {'regex': <_sre.SRE_Pattern object at 0x02702520>, 'level': 'critical'}], 'cwd': 'C:\\slave\\test\\build', 'env': {'TMP': 'C:\\Users\\CLTBLD~1.001\\AppData\\Local\\Temp', 'TEST1': 'testie', 'COMPUTERNAME': 'T-W864-IX-042', 'USERDOMAIN': 'T-W864-IX-042', 'KTS_VERSION': '1.19c', 'PSMODULEPATH': 'C:\\windows\\system32\\WindowsPowerShell\\v1.0\\Modules\\', 'COMMONPROGRAMFILES': 'C:\\Program Files (x86)\\Common Files', 'PROCESSOR_IDENTIFIER': 'Intel64 Family 6 Model 30 Stepping 5, GenuineIntel', 'PROGRAMFILES': 'C:\\Program Files (x86)', 'PROCESSOR_REVISION': '1e05', 'DNSSUFFIX': 'wintest.releng.scl3.mozilla.com', 'SYSTEMROOT': 'C:\\windows', 'NO_EM_RESTART': '1', 'PROGRAMFILES(X86)': 'C:\\Program Files (x86)', 'OURDRIVE': 'C:', 'MOZ_HIDE_RESULTS_TABLE': '1', 'XPCOM_DEBUG_BREAK': 'warn', 'MONDIR': 'C:\\Monitor_config\\', 'TEMP': 'C:\\Users\\CLTBLD~1.001\\AppData\\Local\\Temp', 'COMMONPROGRAMFILES(X86)': 'C:\\Program Files (x86)\\Common Files', 'RUNLOGFILE': 'C:\\slave\\\\runslave.log', 'PROCESSOR_ARCHITECTURE': 'x86', 'ALLUSERSPROFILE': 'C:\\ProgramData', 'USERPROFILE': 'C:\\Users\\cltbld.T-W864-IX-042.001', 'LOCALAPPDATA': 'C:\\Users\\cltbld.T-W864-IX-042.001\\AppData\\Local', 'HOMEPATH': '\\Users\\cltbld.T-W864-IX-042.001', 'USERDOMAIN_ROAMINGPROFILE': 'T-W864-IX-042', 'MOZBUILDDIR': 'C:\\mozilla-build\\', 'PROGRAMW6432': 'C:\\Program Files', 'USERNAME': 'cltbld', 'LOGONSERVER': '\\\\T-W864-IX-042', 'MOZ_NO_REMOTE': '1', 'COMSPEC': 'C:\\windows\\system32\\cmd.exe', 'PROGRAMDATA': 'C:\\ProgramData', 'PROPERTIES_FILE': 'C:\\slave\\test/buildprops.json', 'PATH': 'C:\\Program Files (x86)\\NVIDIA Corporation\\PhysX\\Common;C:\\windows\\system32;C:\\windows;C:\\windows\\System32\\Wbem;C:\\windows\\System32\\WindowsPowerShell\\v1.0\\;C:\\mozilla-build\\python27;C:\\mozilla-build\\python27\\Scripts;C:\\mozilla-build\\msys\\bin;C:\\mozilla-build\\vim\\vim72;C:\\mozilla-build\\wget;C:\\mozilla-build\\info-zip;C:\\CoreUtils\\bin;C:\\mozilla-build\\buildbotve\\scripts;C:\\mozilla-build\\hg', 'PROMPT': '$P$G', 'NO_FAIL_ON_TEST_ERRORS': '1', 'PATHEXT': '.COM;.EXE;.BAT;.CMD;.VBS;.VBE;.JS;.JSE;.WSF;.WSH;.MSC', 'FP_NO_HOST_CHECK': 'NO', 'DCLOCATION': 'SCL3', 'APPDATA': 'C:\\Users\\cltbld.T-W864-IX-042.001\\AppData\\Roaming', 'HOMEDRIVE': 'C:', 'SYSTEMDRIVE': 'C:', 'SLAVEDIR': 'C:\\slave\\', 'NUMBER_OF_PROCESSORS': '8', 'PWD': 'C:\\slave\\test', 'PROCESSOR_LEVEL': '6', 'KTS_HOME': 'C:\\Program Files\\KTS', 'PROCESSOR_ARCHITEW6432': 'AMD64', 'MOZ_CRASHREPORTER_NO_REPORT': '1', 'COMMONPROGRAMW6432': 'C:\\Program Files\\Common Files', 'OS': 'Windows_NT', 'PUBLIC': 'C:\\Users\\Public', 'WINDIR': 'C:\\windows'}}, attempt #1
16:58:02     INFO - Running command: ['C:\\slave\\test\\build\\venv\\Scripts\\pip', 'install', '--timeout', '120', '--no-index', '--find-links', 'http://pypi.pvt.build.mozilla.org/pub', '--find-links', 'http://pypi.pub.build.mozilla.org/pub', '--trusted-host', 'pypi.pub.build.mozilla.org', '--trusted-host', 'pypi.pvt.build.mozilla.org', 'blobuploader==1.2.4'] in C:\slave\test\build
16:58:02     INFO - Copy/paste: C:\slave\test\build\venv\Scripts\pip install --timeout 120 --no-index --find-links http://pypi.pvt.build.mozilla.org/pub --find-links http://pypi.pub.build.mozilla.org/pub --trusted-host pypi.pub.build.mozilla.org --trusted-host pypi.pvt.build.mozilla.org blobuploader==1.2.4
16:58:02     INFO - Using env: {'ALLUSERSPROFILE': 'C:\\ProgramData',
16:58:02     INFO -  'APPDATA': 'C:\\Users\\cltbld.T-W864-IX-042.001\\AppData\\Roaming',
16:58:02     INFO -  'COMMONPROGRAMFILES': 'C:\\Program Files (x86)\\Common Files',
16:58:02     INFO -  'COMMONPROGRAMFILES(X86)': 'C:\\Program Files (x86)\\Common Files',
16:58:02     INFO -  'COMMONPROGRAMW6432': 'C:\\Program Files\\Common Files',
16:58:02     INFO -  'COMPUTERNAME': 'T-W864-IX-042',
16:58:02     INFO -  'COMSPEC': 'C:\\windows\\system32\\cmd.exe',
16:58:02     INFO -  'DCLOCATION': 'SCL3',
16:58:02     INFO -  'DNSSUFFIX': 'wintest.releng.scl3.mozilla.com',
16:58:02     INFO -  'FP_NO_HOST_CHECK': 'NO',
16:58:02     INFO -  'HOMEDRIVE': 'C:',
16:58:02     INFO -  'HOMEPATH': '\\Users\\cltbld.T-W864-IX-042.001',
16:58:02     INFO -  'KTS_HOME': 'C:\\Program Files\\KTS',
16:58:02     INFO -  'KTS_VERSION': '1.19c',
16:58:02     INFO -  'LOCALAPPDATA': 'C:\\Users\\cltbld.T-W864-IX-042.001\\AppData\\Local',
16:58:02     INFO -  'LOGONSERVER': '\\\\T-W864-IX-042',
16:58:02     INFO -  'MONDIR': 'C:\\Monitor_config\\',
16:58:02     INFO -  'MOZBUILDDIR': 'C:\\mozilla-build\\',
16:58:02     INFO -  'MOZ_CRASHREPORTER_NO_REPORT': '1',
16:58:02     INFO -  'MOZ_HIDE_RESULTS_TABLE': '1',
16:58:02     INFO -  'MOZ_NO_REMOTE': '1',
16:58:02     INFO -  'NO_EM_RESTART': '1',
16:58:02     INFO -  'NO_FAIL_ON_TEST_ERRORS': '1',
16:58:02     INFO -  'NUMBER_OF_PROCESSORS': '8',
16:58:02     INFO -  'OS': 'Windows_NT',
16:58:02     INFO -  'OURDRIVE': 'C:',
16:58:02     INFO -  'PATH': 'C:\\Program Files (x86)\\NVIDIA Corporation\\PhysX\\Common;C:\\windows\\system32;C:\\windows;C:\\windows\\System32\\Wbem;C:\\windows\\System32\\WindowsPowerShell\\v1.0\\;C:\\mozilla-build\\python27;C:\\mozilla-build\\python27\\Scripts;C:\\mozilla-build\\msys\\bin;C:\\mozilla-build\\vim\\vim72;C:\\mozilla-build\\wget;C:\\mozilla-build\\info-zip;C:\\CoreUtils\\bin;C:\\mozilla-build\\buildbotve\\scripts;C:\\mozilla-build\\hg',
16:58:02     INFO -  'PATHEXT': '.COM;.EXE;.BAT;.CMD;.VBS;.VBE;.JS;.JSE;.WSF;.WSH;.MSC',
16:58:02     INFO -  'PROCESSOR_ARCHITECTURE': 'x86',
16:58:02     INFO -  'PROCESSOR_ARCHITEW6432': 'AMD64',
16:58:02     INFO -  'PROCESSOR_IDENTIFIER': 'Intel64 Family 6 Model 30 Stepping 5, GenuineIntel',
16:58:02     INFO -  'PROCESSOR_LEVEL': '6',
16:58:02     INFO -  'PROCESSOR_REVISION': '1e05',
16:58:02     INFO -  'PROGRAMDATA': 'C:\\ProgramData',
16:58:02     INFO -  'PROGRAMFILES': 'C:\\Program Files (x86)',
16:58:02     INFO -  'PROGRAMFILES(X86)': 'C:\\Program Files (x86)',
16:58:02     INFO -  'PROGRAMW6432': 'C:\\Program Files',
16:58:02     INFO -  'PROMPT': '$P$G',
16:58:02     INFO -  'PROPERTIES_FILE': 'C:\\slave\\test/buildprops.json',
16:58:02     INFO -  'PSMODULEPATH': 'C:\\windows\\system32\\WindowsPowerShell\\v1.0\\Modules\\',
16:58:02     INFO -  'PUBLIC': 'C:\\Users\\Public',
16:58:02     INFO -  'PWD': 'C:\\slave\\test',
16:58:02     INFO -  'RUNLOGFILE': 'C:\\slave\\\\runslave.log',
16:58:02     INFO -  'SLAVEDIR': 'C:\\slave\\',
16:58:02     INFO -  'SYSTEMDRIVE': 'C:',
16:58:02     INFO -  'SYSTEMROOT': 'C:\\windows',
16:58:02     INFO -  'TEMP': 'C:\\Users\\CLTBLD~1.001\\AppData\\Local\\Temp',
16:58:02     INFO -  'TEST1': 'testie',
16:58:02     INFO -  'TMP': 'C:\\Users\\CLTBLD~1.001\\AppData\\Local\\Temp',
16:58:02     INFO -  'USERDOMAIN': 'T-W864-IX-042',
16:58:02     INFO -  'USERDOMAIN_ROAMINGPROFILE': 'T-W864-IX-042',
16:58:02     INFO -  'USERNAME': 'cltbld',
16:58:02     INFO -  'USERPROFILE': 'C:\\Users\\cltbld.T-W864-IX-042.001',
16:58:02     INFO -  'WINDIR': 'C:\\windows',
16:58:02     INFO -  'XPCOM_DEBUG_BREAK': 'warn'}
16:58:03     INFO -  Ignoring indexes: https://pypi.python.org/simple
16:58:03     INFO -  Collecting blobuploader==1.2.4

command interrupted, attempting to kill
program finished with exit code 1
elapsedTime=191.503000
The web-page 'stop build' button was pressed by 'rvandermeulen@mozilla.com': Cancelled via self-serve
========= master_lag: -0.38 =========
========= Finished 'c:/mozilla-build/python27/python -u ...' interrupted (results: 4, elapsed: 3 mins, 11 secs) (at 2018-06-08 16:58:04.629201) =========

========= Started set props: build_url symbols_url (results: 0, elapsed: 0 secs) (at 2018-06-08 16:58:04.630174) =========
'cmd' '/C' 'for' '%f' 'in' '(*)' 'do' '@type' '%f'
 in dir C:\slave\test\properties (timeout 1200 secs)
 watching logfiles {}
 argv: ['cmd', '/C', 'for', '%f', 'in', '(*)', 'do', '@type', '%f']
 environment:
  ALLUSERSPROFILE=C:\ProgramData
  APPDATA=C:\Users\cltbld.T-W864-IX-042.001\AppData\Roaming
  COMMONPROGRAMFILES=C:\Program Files (x86)\Common Files
  COMMONPROGRAMFILES(X86)=C:\Program Files (x86)\Common Files
  COMMONPROGRAMW6432=C:\Program Files\Common Files
  COMPUTERNAME=T-W864-IX-042
  COMSPEC=C:\windows\system32\cmd.exe
  DCLOCATION=SCL3
  DNSSUFFIX=wintest.releng.scl3.mozilla.com
  FP_NO_HOST_CHECK=NO
  HOMEDRIVE=C:
  HOMEPATH=\Users\cltbld.T-W864-IX-042.001
  KTS_HOME=C:\Program Files\KTS
  KTS_VERSION=1.19c
  LOCALAPPDATA=C:\Users\cltbld.T-W864-IX-042.001\AppData\Local
  LOGONSERVER=\\T-W864-IX-042
  MONDIR=C:\Monitor_config\
  MOZBUILDDIR=C:\mozilla-build\
  NUMBER_OF_PROCESSORS=8
  OS=Windows_NT
  OURDRIVE=C:
  PATH=C:\Program Files (x86)\NVIDIA Corporation\PhysX\Common;C:\windows\system32;C:\windows;C:\windows\System32\Wbem;C:\windows\System32\WindowsPowerShell\v1.0\;C:\mozilla-build\python27;C:\mozilla-build\python27\Scripts;C:\mozilla-build\msys\bin;C:\mozilla-build\vim\vim72;C:\mozilla-build\wget;C:\mozilla-build\info-zip;C:\CoreUtils\bin;C:\mozilla-build\buildbotve\scripts;C:\mozilla-build\hg
  PATHEXT=.COM;.EXE;.BAT;.CMD;.VBS;.VBE;.JS;.JSE;.WSF;.WSH;.MSC
  PROCESSOR_ARCHITECTURE=x86
  PROCESSOR_ARCHITEW6432=AMD64
  PROCESSOR_IDENTIFIER=Intel64 Family 6 Model 30 Stepping 5, GenuineIntel
  PROCESSOR_LEVEL=6
  PROCESSOR_REVISION=1e05
  PROGRAMDATA=C:\ProgramData
  PROGRAMFILES=C:\Program Files (x86)
  PROGRAMFILES(X86)=C:\Program Files (x86)
  PROGRAMW6432=C:\Program Files
  PROMPT=$P$G
  PSMODULEPATH=C:\windows\system32\WindowsPowerShell\v1.0\Modules\
  PUBLIC=C:\Users\Public
  PWD=C:\slave\test\properties
  RUNLOGFILE=C:\slave\\runslave.log
  SLAVEDIR=C:\slave\
  SYSTEMDRIVE=C:
  SYSTEMROOT=C:\windows
  TEMP=C:\Users\CLTBLD~1.001\AppData\Local\Temp
  TEST1=testie
  TMP=C:\Users\CLTBLD~1.001\AppData\Local\Temp
  USERDOMAIN=T-W864-IX-042
  USERDOMAIN_ROAMINGPROFILE=T-W864-IX-042
  USERNAME=cltbld
  USERPROFILE=C:\Users\cltbld.T-W864-IX-042.001
  WINDIR=C:\windows
 using PTY: False
build_url:https://queue.taskcluster.net/v1/task/GYm6uScDR968YNKAqw8dYQ/artifacts/public/build/firefox-52.8.2.en-US.win64.zip
symbols_url:https://queue.taskcluster.net/v1/task/GYm6uScDR968YNKAqw8dYQ/artifacts/public/build/firefox-52.8.2.en-US.win64.crashreporter-symbols.zip
program finished with exit code 0
elapsedTime=0.101000
build_url: 'https://queue.taskcluster.net/v1/task/GYm6uScDR968YNKAqw8dYQ/artifacts/public/build/firefox-52.8.2.en-US.win64.zip'
symbols_url: 'https://queue.taskcluster.net/v1/task/GYm6uScDR968YNKAqw8dYQ/artifacts/public/build/firefox-52.8.2.en-US.win64.crashreporter-symbols.zip'
========= master_lag: 0.01 =========
========= Finished set props: build_url symbols_url (results: 0, elapsed: 0 secs) (at 2018-06-08 16:58:04.742356) =========

========= Started 'rm -f ...' (results: 0, elapsed: 0 secs) (at 2018-06-08 16:58:04.742714) =========
'rm' '-f' 'oauth.txt'
 in dir C:\slave\test\. (timeout 1200 secs)
 watching logfiles {}
 argv: ['rm', '-f', 'oauth.txt']
 environment:
  ALLUSERSPROFILE=C:\ProgramData
  APPDATA=C:\Users\cltbld.T-W864-IX-042.001\AppData\Roaming
  COMMONPROGRAMFILES=C:\Program Files (x86)\Common Files
  COMMONPROGRAMFILES(X86)=C:\Program Files (x86)\Common Files
  COMMONPROGRAMW6432=C:\Program Files\Common Files
  COMPUTERNAME=T-W864-IX-042
  COMSPEC=C:\windows\system32\cmd.exe
  DCLOCATION=SCL3
  DNSSUFFIX=wintest.releng.scl3.mozilla.com
  FP_NO_HOST_CHECK=NO
  HOMEDRIVE=C:
  HOMEPATH=\Users\cltbld.T-W864-IX-042.001
  KTS_HOME=C:\Program Files\KTS
  KTS_VERSION=1.19c
  LOCALAPPDATA=C:\Users\cltbld.T-W864-IX-042.001\AppData\Local
  LOGONSERVER=\\T-W864-IX-042
  MONDIR=C:\Monitor_config\
  MOZBUILDDIR=C:\mozilla-build\
  NUMBER_OF_PROCESSORS=8
  OS=Windows_NT
  OURDRIVE=C:
  PATH=C:\Program Files (x86)\NVIDIA Corporation\PhysX\Common;C:\windows\system32;C:\windows;C:\windows\System32\Wbem;C:\windows\System32\WindowsPowerShell\v1.0\;C:\mozilla-build\python27;C:\mozilla-build\python27\Scripts;C:\mozilla-build\msys\bin;C:\mozilla-build\vim\vim72;C:\mozilla-build\wget;C:\mozilla-build\info-zip;C:\CoreUtils\bin;C:\mozilla-build\buildbotve\scripts;C:\mozilla-build\hg
  PATHEXT=.COM;.EXE;.BAT;.CMD;.VBS;.VBE;.JS;.JSE;.WSF;.WSH;.MSC
  PROCESSOR_ARCHITECTURE=x86
  PROCESSOR_ARCHITEW6432=AMD64
  PROCESSOR_IDENTIFIER=Intel64 Family 6 Model 30 Stepping 5, GenuineIntel
  PROCESSOR_LEVEL=6
  PROCESSOR_REVISION=1e05
  PROGRAMDATA=C:\ProgramData
  PROGRAMFILES=C:\Program Files (x86)
  PROGRAMFILES(X86)=C:\Program Files (x86)
  PROGRAMW6432=C:\Program Files
  PROMPT=$P$G
  PSMODULEPATH=C:\windows\system32\WindowsPowerShell\v1.0\Modules\
  PUBLIC=C:\Users\Public
  PWD=C:\slave\test
  RUNLOGFILE=C:\slave\\runslave.log
  SLAVEDIR=C:\slave\
  SYSTEMDRIVE=C:
  SYSTEMROOT=C:\windows
  TEMP=C:\Users\CLTBLD~1.001\AppData\Local\Temp
  TEST1=testie
  TMP=C:\Users\CLTBLD~1.001\AppData\Local\Temp
  USERDOMAIN=T-W864-IX-042
  USERDOMAIN_ROAMINGPROFILE=T-W864-IX-042
  USERNAME=cltbld
  USERPROFILE=C:\Users\cltbld.T-W864-IX-042.001
  WINDIR=C:\windows
 using PTY: False
program finished with exit code 0
elapsedTime=0.101000
========= master_lag: 0.01 =========
========= Finished 'rm -f ...' (results: 0, elapsed: 0 secs) (at 2018-06-08 16:58:04.852801) =========

========= Started reboot slave lost (results: 0, elapsed: 0 secs) (at 2018-06-08 16:58:04.853150) =========

========= Finished reboot slave lost (results: 0, elapsed: 0 secs) (at 2018-06-08 16:58:05.178671) =========

========= Total master_lag: -0.14 =========

